episodes:steps:mean_steps(10):rwd:mean_rwd:rwd_sum:rwd_sum-?*step:iter
      0:   250:     25.0:  3.03952: -0.04000:    -10.0:-260.00000:       250
      1:   134:     38.4:  3.54774: -0.07463:    -10.0:-144.00000:       384
      2:   285:     66.9: -0.40539: -0.03509:    -10.0:-295.00000:       669
      3:   369:    103.8: -1.40587: -0.02710:    -10.0:-379.00000:      1038
      4:   283:    132.1:  2.23294: -0.03534:    -10.0:-293.00000:      1321
      5:   333:    165.4: -0.40585: -0.03003:    -10.0:-343.00000:      1654
      6:   357:    201.1:  0.20202: -0.02801:    -10.0:-367.00000:      2011
      7:   346:    235.7:  1.19763: -0.02890:    -10.0:-356.00000:      2357
      8:   443:    280.0:  0.71276: -0.02257:    -10.0:-453.00000:      2800
      9:   187:    298.7: -0.81595: -0.05348:    -10.0:-197.00000:      2987
     10:   183:    292.0: -0.40214: -0.05464:    -10.0:-193.00000:      3170
     11:   298:    308.4: -0.52447: -0.03356:    -10.0:-308.00000:      3468
     12:   253:    305.2:  6.01162: -0.03953:    -10.0:-263.00000:      3721
     13:   258:    294.1:  1.05475: -0.03876:    -10.0:-268.00000:      3979
     14:   277:    293.5:  0.63608: -0.03610:    -10.0:-287.00000:      4256
     15:   319:    292.1: -0.85827: -0.03135:    -10.0:-329.00000:      4575
     16:   286:    285.0:  2.04817: -0.03497:    -10.0:-296.00000:      4861
     17:   236:    274.0:  0.14049: -0.04237:    -10.0:-246.00000:      5097
     18:   216:    251.3:  2.85240: -0.04630:    -10.0:-226.00000:      5313
     19:   237:    256.3:  2.61920: -0.04219:    -10.0:-247.00000:      5550
     20:   212:    259.2:  3.75190: -0.04717:    -10.0:-222.00000:      5762
     21:   566:    286.0:  1.84409: -0.01767:    -10.0:-576.00000:      6328
     22:   265:    287.2:  1.08860: -0.03774:    -10.0:-275.00000:      6593
     23:   520:    313.4:  1.47252: -0.01923:    -10.0:-530.00000:      7113
     24:   301:    315.8:  0.13081: -0.03322:    -10.0:-311.00000:      7414
     25:   446:    328.5:  0.56399: -0.02242:    -10.0:-456.00000:      7860
     26:   392:    339.1: -0.13295: -0.02551:    -10.0:-402.00000:      8252
     27:   783:    393.8: -2.09367: -0.01277:    -10.0:-793.00000:      9035
     28:   369:    409.1:  2.04350: -0.02710:    -10.0:-379.00000:      9404
     29:   457:    431.1:  0.52762: -0.02188:    -10.0:-467.00000:      9861
     30:   415:    451.4:  1.41655: -0.02410:    -10.0:-425.00000:     10276
     31:   640:    458.8:  0.05503: -0.01562:    -10.0:-650.00000:     10916
     32:   271:    459.4: -0.62728: -0.03690:    -10.0:-281.00000:     11187
     33:   446:    452.0:  2.08828: -0.02242:    -10.0:-456.00000:     11633
     34:   366:    458.5:  1.32494: -0.02732:    -10.0:-376.00000:     11999
     35:   374:    451.3:  0.91548: -0.02674:    -10.0:-384.00000:     12373
     36:   461:    458.2:  0.93136: -0.02169:    -10.0:-471.00000:     12834
     37:   627:    442.6:  0.28936: -0.01595:    -10.0:-637.00000:     13461
     38:   421:    447.8:  1.51086: -0.02375:    -10.0:-431.00000:     13882
     39:   277:    429.8: -0.26346: -0.03610:    -10.0:-287.00000:     14159
     40:   373:    425.6:  0.10407: -0.02681:    -10.0:-383.00000:     14532
     41:   653:    426.9:  4.33088: -0.01531:    -10.0:-663.00000:     15185
     42:   234:    423.2:  1.33930: -0.04274:    -10.0:-244.00000:     15419
     43:   432:    421.8: -0.61065: -0.02315:    -10.0:-442.00000:     15851
     44:   278:    413.0:  0.61708: -0.03597:    -10.0:-288.00000:     16129
     45:   486:    424.2: -0.34350: -0.02058:    -10.0:-496.00000:     16615
     46:   480:    426.1:  0.74418: -0.02083:    -10.0:-490.00000:     17095
     47:   569:    420.3:  1.32674: -0.01757:    -10.0:-579.00000:     17664
     48:   367:    414.9:  1.75874: -0.02725:    -10.0:-377.00000:     18031
     49:   337:    420.9:  2.09985: -0.02967:    -10.0:-347.00000:     18368
     50:   312:    414.8:  1.34703: -0.03205:    -10.0:-322.00000:     18680
     51:   333:    382.8: -0.45116: -0.03003:    -10.0:-343.00000:     19013
     52:   639:    423.3:  0.54933: -0.01565:    -10.0:-649.00000:     19652
     53:   292:    409.3:  1.71536: -0.03425:    -10.0:-302.00000:     19944
     54:   362:    417.7:  0.98036: -0.02762:    -10.0:-372.00000:     20306
     55:   198:    388.9:  0.88388: -0.05051:    -10.0:-208.00000:     20504
     56:   282:    369.1:  0.90892: -0.03546:    -10.0:-292.00000:     20786
     57:   203:    332.5:  0.56286: -0.04926:    -10.0:-213.00000:     20989
     58:   257:    321.5:  1.26818: -0.03891:    -10.0:-267.00000:     21246
     59:   137:    301.5:  0.48614: -0.07299:    -10.0:-147.00000:     21383
     60:   226:    292.9:  1.65450: -0.04425:    -10.0:-236.00000:     21609
     61:   421:    301.7:  3.16681: -0.02375:    -10.0:-431.00000:     22030
     62:   473:    285.1:  0.03907: -0.02114:    -10.0:-483.00000:     22503
     63:   267:    282.6:  3.01475: -0.03745:    -10.0:-277.00000:     22770
     64:   519:    298.3:  3.97983: -0.01927:    -10.0:-529.00000:     23289
     65:   347:    313.2:  1.93964: -0.02882:    -10.0:-357.00000:     23636
     66:   303:    315.3:  1.41704: -0.03300:    -10.0:-313.00000:     23939
     67:   390:    334.0:  0.97000: -0.02564:    -10.0:-400.00000:     24329
     68:   292:    337.5:  0.88102: -0.03425:    -10.0:-302.00000:     24621
     69:   235:    347.3:  1.11954: -0.04255:    -10.0:-245.00000:     24856
     70:   275:    352.2: -0.70871: -0.03636:    -10.0:-285.00000:     25131
     71:   310:    341.1: -0.59557: -0.03226:    -10.0:-320.00000:     25441
     72:   344:    328.2:  0.26960: -0.02907:    -10.0:-354.00000:     25785
     73:   352:    336.7:  1.44584: -0.02841:    -10.0:-362.00000:     26137
     74:   241:    308.9: -0.93361: -0.04149:    -10.0:-251.00000:     26378
     75:   302:    304.4:  1.83561: -0.03311:    -10.0:-312.00000:     26680
     76:   135:    287.6:  1.40144: -0.07407:    -10.0:-145.00000:     26815
     77:   361:    284.7:  1.56391: -0.02770:    -10.0:-371.00000:     27176
     78:   196:    275.1:  0.36017: -0.05102:    -10.0:-206.00000:     27372
     79:   335:    285.1:  1.60955: -0.02985:    -10.0:-345.00000:     27707
     80:   231:    280.7:  1.81392: -0.04329:    -10.0:-241.00000:     27938
     81:   414:    291.1:  0.35998: -0.02415:    -10.0:-424.00000:     28352
     82:   359:    292.6: -1.07790: -0.02786:    -10.0:-369.00000:     28711
     83:   364:    293.8:  4.12220: -0.02747:    -10.0:-374.00000:     29075
     84:   217:    291.4: -0.23309: -0.04608:    -10.0:-227.00000:     29292
     85:   418:    303.0:  1.56241: -0.02392:    -10.0:-428.00000:     29710
     86:   326:    322.1:  0.83232: -0.03067:    -10.0:-336.00000:     30036
     87:   257:    311.7:  0.22270: -0.03891:    -10.0:-267.00000:     30293
     88:   363:    328.4:  1.00109: -0.02755:    -10.0:-373.00000:     30656
     89:   523:    347.2: -0.77324: -0.01912:    -10.0:-533.00000:     31179
     90:   255:    349.6:  0.34228: -0.03922:    -10.0:-265.00000:     31434
     91:   161:    324.3:  1.63046: -0.06211:    -10.0:-171.00000:     31595
     92:   385:    326.9:  0.03557: -0.02597:    -10.0:-395.00000:     31980
     93:   412:    331.7:  1.71191: -0.02427:    -10.0:-422.00000:     32392
     94:   316:    341.6: -0.49708: -0.03165:    -10.0:-326.00000:     32708
     95:   307:    330.5: -1.15922: -0.03257:    -10.0:-317.00000:     33015
     96:   297:    327.6:  3.94741: -0.03367:    -10.0:-307.00000:     33312
     97:   404:    342.3:  1.63022: -0.02475:    -10.0:-414.00000:     33716
     98:   437:    349.7: -0.97941: -0.02288:    -10.0:-447.00000:     34153
     99:   295:    326.9:  0.00720: -0.03390:    -10.0:-305.00000:     34448
    100:   474:    348.8:  1.03549: -0.02110:    -10.0:-484.00000:     34922
    101:   373:    370.0:  0.16270: -0.02681:    -10.0:-383.00000:     35295
    102:   310:    362.5:  1.53162: -0.03226:    -10.0:-320.00000:     35605
    103:   426:    363.9:  2.40635: -0.02347:    -10.0:-436.00000:     36031
    104:   513:    383.6: -0.76194: -0.01949:    -10.0:-523.00000:     36544
    105:   561:    409.0: -0.40179: -0.01783:    -10.0:-571.00000:     37105
    106:   207:    400.0:  0.12075: -0.04831:    -10.0:-217.00000:     37312
    107:   556:    415.2:  1.56306: -0.01799:    -10.0:-566.00000:     37868
    108:   277:    399.2:  1.69746: -0.03610:    -10.0:-287.00000:     38145
    109:   641:    433.8:  0.87649: -0.01560:    -10.0:-651.00000:     38786
    110:   442:    430.6: -0.75652: -0.02262:    -10.0:-452.00000:     39228
    111:   450:    438.3:  1.49349: -0.02222:    -10.0:-460.00000:     39678
    112:   526:    459.9: -0.78149: -0.01901:    -10.0:-536.00000:     40204
    113:   430:    460.3:  1.12733: -0.02326:    -10.0:-440.00000:     40634
    114:   316:    440.6:  0.91894: -0.03165:    -10.0:-326.00000:     40950
    115:   417:    426.2:  3.12772: -0.02398:    -10.0:-427.00000:     41367
    116:   189:    424.4:  2.24428: -0.05291:    -10.0:-199.00000:     41556
    117:   157:    384.5:  1.51999: -0.06369:    -10.0:-167.00000:     41713
    118:   362:    393.0:  0.29665: -0.02762:    -10.0:-372.00000:     42075
    119:   338:    362.7:  1.24525: -0.02959:    -10.0:-348.00000:     42413
    120:   218:    340.3:  0.55860: -0.04587:    -10.0:-228.00000:     42631
    121:   523:    347.6: -0.14538: -0.01912:    -10.0:-533.00000:     43154
    122:   219:    316.9:  1.62396: -0.04566:    -10.0:-229.00000:     43373
    123:   576:    331.5:  1.63789: -0.01736:    -10.0:-586.00000:     43949
    124:   392:    339.1:  0.87264: -0.02551:    -10.0:-402.00000:     44341
    125:   255:    322.9:  2.23864: -0.03922:    -10.0:-265.00000:     44596
    126:   229:    326.9:  0.71711: -0.04367:    -10.0:-239.00000:     44825
