episodes:steps:mean_steps(10):rwd:mean_rwd:rwd_sum:rwd_sum-?*step:iter
      0:   334:     33.4:  3.12829:  0.88402:    295.3: -38.73611:       334
      1:   262:     59.6: -1.38085:  0.78687:    206.2: -55.84041:       596
      2:   458:    105.4:  5.86582:  0.86852:    397.8: -60.21716:      1054
      3:   409:    146.3:  3.03688:  0.91896:    375.9: -33.14691:      1463
      4:   266:    172.9:  1.95200:  0.87361:    232.4: -33.62082:      1729
      5:   248:    197.7:  0.49980:  0.85196:    211.3: -36.71324:      1977
      6:   312:    228.9:  1.21508:  0.87257:    272.2: -39.75806:      2289
      7:   167:    245.6: -1.97252:  0.68314:    114.1: -52.91484:      2456
      8:   327:    278.3:  1.76260:  0.84996:    277.9: -49.06207:      2783
      9:   192:    297.5:  1.93654:  0.77690:    149.2: -42.83424:      2975
     10:   311:    295.2:  2.48484:  0.86994:    270.6: -40.44955:      3286
     11:   443:    313.3:  1.91115:  0.90251:    399.8: -43.18759:      3729
     12:   444:    311.9:  2.01955:  0.90699:    402.7: -41.29846:      4173
     13:   258:    296.8:  0.47561:  0.87210:    225.0: -32.99707:      4431
     14:   259:    296.1: -0.94479:  0.77776:    201.4: -57.56024:      4690
     15:   197:    291.0:  1.22692:  0.82239:    162.0: -34.98909:      4887
     16:   318:    291.6: -0.32267:  0.87235:    277.4: -40.59167:      5205
     17:   382:    313.1:  1.64391:  0.88020:    336.2: -45.76303:      5587
     18:   476:    328.0:  4.41717:  0.90889:    432.6: -43.36713:      6063
     19:   336:    342.4:  2.20959:  0.86975:    292.2: -43.76523:      6399
     20:   215:    332.8:  2.05610:  0.83669:    179.9: -35.11186:      6614
     21:   174:    305.9:  1.70194:  0.87140:    151.6: -22.37700:      6788
     22:   223:    283.8: -0.83168:  0.80432:    179.4: -43.63599:      7011
     23:   461:    304.1:  0.83889:  0.92152:    424.8: -36.18100:      7472
     24:   158:    294.0:  1.28332:  0.74407:    117.6: -40.43737:      7630
     25:   135:    287.8:  0.24230:  0.85586:    115.5: -19.45882:      7765
     26:   305:    286.5:  0.26289:  0.85781:    261.6: -43.36819:      8070
     27:   206:    268.9:  2.28963:  0.84428:    173.9: -32.07919:      8276
     28:   513:    272.6: -1.52175:  0.87751:    450.2: -62.83621:      8789
     29:   502:    289.2:  4.25224:  0.90199:    452.8: -49.20261:      9291
     30:   207:    288.4:  1.51866:  0.73567:    152.3: -54.71587:      9498
     31:   615:    332.5:  1.00963:  0.90125:    554.3: -60.73010:     10113
     32:   436:    353.8:  1.59997:  0.91027:    396.9: -39.12283:     10549
     33:   250:    332.7:  0.20399:  0.78432:    196.1: -53.92094:     10799
     34:   334:    350.3:  2.03938:  0.81820:    273.3: -60.72049:     11133
     35:   540:    390.8:  1.07541:  0.92382:    498.9: -41.13724:     11673
     36:   238:    384.1:  0.53177:  0.84843:    201.9: -36.07338:     11911
     37:   381:    401.6:  1.37821:  0.87613:    333.8: -47.19409:     12292
     38:   549:    405.2: -0.56169:  0.90248:    495.5: -53.53818:     12841
     39:   154:    370.4:  3.03253:  0.72333:    111.4: -42.60666:     12995
     40:   575:    407.2:  2.76711:  0.94859:    545.4: -29.56250:     13570
     41:   331:    378.8:  1.91708:  0.89374:    295.8: -35.17355:     13901
     42:   211:    356.3:  1.13942:  0.80930:    170.8: -40.23741:     14112
     43:   303:    361.6: -0.63701:  0.86362:    261.7: -41.32339:     14415
     44:   273:    355.5: -1.11379:  0.85490:    233.4: -39.61209:     14688
     45:   324:    333.9:  1.46096:  0.90055:    291.8: -32.22144:     15012
     46:   294:    339.5: -0.01179:  0.87378:    256.9: -37.10968:     15306
     47:   433:    344.7:  2.95106:  0.85393:    369.8: -63.24966:     15739
     48:   835:    373.3:  1.92566:  0.95597:    798.2: -36.76306:     16574
     49:   499:    407.8:  1.28468:  0.93086:    464.5: -34.50290:     17073
     50:   474:    397.7:  2.66906:  0.89414:    423.8: -50.17645:     17547
     51:   154:    380.0:  0.75352:  0.84048:    129.4: -24.56541:     17701
     52:   346:    393.5:  0.26787:  0.85792:    296.8: -49.16122:     18047
     53:   423:    405.5:  4.97647:  0.87523:    370.2: -52.77966:     18470
     54:   514:    429.6:  0.58923:  0.92070:    473.2: -40.75891:     18984
     55:   188:    416.0:  2.18307:  0.88384:    166.2: -21.83745:     19172
     56:   216:    408.2:  1.41419:  0.84496:    182.5: -33.48950:     19388
     57:   535:    418.4:  1.06645:  0.94984:    508.2: -26.83698:     19923
     58:   291:    364.0:  0.16763:  0.82882:    241.2: -49.81342:     20214
     59:   621:    376.2:  0.36955:  0.91957:    571.1: -49.94812:     20835
     60:   455:    374.3:  0.95943:  0.92365:    420.3: -34.74063:     21290
     61:   352:    394.1:  0.91112:  0.88467:    311.4: -40.59613:     21642
     62:   225:    382.0: -0.17125:  0.85904:    193.3: -31.71548:     21867
     63:   356:    375.3:  2.69810:  0.86193:    306.8: -49.15460:     22223
     64:   135:    337.4: -0.20991:  0.71433:     96.4: -38.56498:     22358
     65:   416:    360.2:  3.43498:  0.91163:    379.2: -36.76337:     22774
     66:   343:    372.9: -0.44020:  0.86989:    298.4: -44.62848:     23117
     67:   221:    341.5:  1.36973:  0.84829:    187.5: -33.52873:     23338
     68:   361:    348.5:  4.95114:  0.88086:    318.0: -43.00864:     23699
     69:   321:    318.5:  2.21697:  0.89093:    286.0: -35.01093:     24020
     70:   223:    295.3:  1.10020:  0.76175:    169.9: -53.12877:     24243
     71:   452:    305.3: -1.12014:  0.89110:    402.8: -49.22354:     24695
     72:   616:    344.4:  0.31778:  0.91870:    565.9: -50.07825:     25311
     73:   274:    336.2:  0.91502:  0.86889:    238.1: -35.92294:     25585
     74:   312:    353.9:  1.35833:  0.86426:    269.6: -42.35107:     25897
     75:   398:    352.1:  1.49867:  0.91269:    363.3: -34.74948:     26295
     76:   309:    348.7:  0.19318:  0.88117:    272.3: -36.71725:     26604
     77:   493:    375.9:  1.20383:  0.93054:    458.8: -34.24146:     27097
     78:   147:    354.5:  2.86441:  0.82684:    121.5: -25.45403:     27244
     79:   143:    336.7: -0.85471:  0.82614:    118.1: -24.86179:     27387
     80:   292:    343.6:  1.77496:  0.88896:    259.6: -32.42270:     27679
     81:   218:    320.2: -0.51256:  0.80033:    174.5: -43.52905:     27897
     82:   400:    298.6:  0.50672:  0.91108:    364.4: -35.56876:     28297
     83:   265:    297.7:  2.20527:  0.84618:    224.2: -40.76285:     28562
     84:   390:    305.5:  1.57998:  0.86305:    336.6: -53.40924:     28952
     85:   260:    291.7: -1.05410:  0.89971:    233.9: -26.07634:     29212
     86:   137:    274.5:  0.98450:  0.78340:    107.3: -29.67463:     29349
     87:   191:    244.3:  0.09630:  0.85625:    163.5: -27.45699:     29540
     88:   170:    246.6:  1.70804:  0.77543:    131.8: -38.17667:     29710
     89:   177:    250.0: -0.91925:  0.80716:    142.9: -34.13196:     29887
     90:   322:    253.0: -0.25818:  0.88342:    284.5: -37.53717:     30209
     91:   225:    253.7:  3.72316:  0.87752:    197.4: -27.55734:     30434
     92:   284:    242.1:  1.43127:  0.89215:    253.4: -30.62917:     30718
     93:   312:    246.8:  2.79119:  0.88124:    274.9: -37.05453:     31030
     94:   205:    228.3:  0.37556:  0.82013:    168.1: -36.87239:     31235
     95:   128:    215.1:  2.47919:  0.83982:    107.5: -20.50368:     31363
     96:   562:    257.6:  2.03216:  0.94419:    530.6: -31.36438:     31925
     97:   445:    283.0:  1.01332:  0.92274:    410.6: -34.38275:     32370
     98:   124:    278.4:  1.68519:  0.77870:     96.6: -27.44109:     32494
     99:   285:    289.2:  1.61693:  0.90911:    259.1: -25.90286:     32779
    100:   608:    317.8:  4.11905:  0.93310:    567.3: -40.67822:     33387
    101:   207:    316.0:  2.52473:  0.87776:    181.7: -25.30385:     33594
    102:   558:    343.4: -0.04819:  0.91377:    509.9: -48.11395:     34152
    103:   462:    358.4:  0.91684:  0.93263:    430.9: -31.12451:     34614
    104:   356:    373.5: -0.00263:  0.88562:    315.3: -40.71884:     34970
    105:   188:    379.5: -0.13422:  0.82329:    154.8: -33.22150:     35158
    106:   249:    348.2:  0.38614:  0.90246:    224.7: -24.28731:     35407
    107:   507:    354.4:  2.05330:  0.92805:    470.5: -36.47992:     35914
    108:    65:    348.5:  1.62901:  0.80441:     52.3: -12.71330:     35979
    109:   336:    353.6:  1.04488:  0.92237:    309.9: -26.08411:     36315
    110:   343:    327.1:  0.84582:  0.91242:    313.0: -30.03955:     36658
    111:   413:    347.7:  1.69190:  0.91361:    377.3: -35.67999:     37071
    112:   391:    331.0:  1.84617:  0.91756:    358.8: -32.23489:     37462
    113:   256:    310.4:  1.08956:  0.86060:    220.3: -35.68732:     37718
    114:   389:    313.7: -0.45075:  0.92710:    360.6: -28.35934:     38107
    115:   193:    314.2:  3.64219:  0.79918:    154.2: -38.75906:     38300
    116:   563:    345.6: -0.72300:  0.93232:    524.9: -38.10455:     38863
    117:   289:    323.8:  1.49955:  0.90979:    262.9: -26.07022:     39152
    118:   399:    357.2:  0.60612:  0.89503:    357.1: -41.88168:     39551
    119:   176:    341.2:  1.92768:  0.82316:    144.9: -31.12366:     39727
    120:   351:    342.0:  1.30572:  0.90216:    316.7: -34.34091:     40078
    121:   333:    334.0:  0.42398:  0.86707:    288.7: -44.26578:     40411
    122:   300:    324.9:  1.05256:  0.87157:    261.5: -38.53036:     40711
    123:   478:    347.1:  0.71936:  0.92398:    441.7: -36.33856:     41189
    124:   234:    331.6: -0.94288:  0.82994:    194.2: -39.79520:     41423
    125:   206:    332.9:  1.71987:  0.87372:    180.0: -26.01404:     41629
    126:   113:    287.9: -1.01187:  0.68705:     77.6: -35.36354:     41742
    127:   262:    285.2:  4.02450:  0.88073:    230.8: -31.24948:     42004
    128:   123:    257.6:  0.16343:  0.68840:     84.7: -38.32640:     42127
    129:   502:    290.2:  0.44466:  0.91717:    460.4: -41.58267:     42629
    130:   115:    266.6:  0.82947:  0.81802:     94.1: -20.92760:     42744
    131:   106:    243.9: -0.03265:  0.67484:     71.5: -34.46668:     42850
    132:   336:    247.5:  2.93809:  0.89706:    301.4: -34.58887:     43186
    133:   223:    222.0: -1.02315:  0.84155:    187.7: -35.33514:     43409
    134:   175:    216.1:  1.99619:  0.81319:    142.3: -32.69159:     43584
    135:   367:    232.2:  2.01745:  0.88637:    325.3: -41.70126:     43951
    136:   320:    252.9:  2.95484:  0.88699:    283.8: -36.16278:     44271
    137:   100:    236.7: -0.49179:  0.55308:     55.3: -44.69223:     44371
    138:   422:    266.6: -1.55856:  0.88575:    373.8: -48.21332:     44793
    139:   103:    226.7:  0.12061:  0.70484:     72.6: -30.40112:     44896
    140:   181:    233.3: -0.53515:  0.81516:    147.5: -33.45532:     45077
    141:   205:    243.2:  2.26792:  0.80025:    164.1: -40.94864:     45282
    142:   342:    243.8:  0.96198:  0.90493:    309.5: -32.51553:     45624
    143:   243:    245.8:  0.38684:  0.86336:    209.8: -33.20421:     45867
    144:   200:    248.3:  0.95774:  0.80876:    161.8: -38.24724:     46067
    145:   191:    230.7:  0.73179:  0.79155:    151.2: -39.81422:     46258
    146:   389:    237.6:  0.52966:  0.89799:    349.3: -39.68219:     46647
    147:   177:    245.3: -0.13298:  0.84546:    149.6: -27.35300:     46824
    148:   252:    228.3: -0.31350:  0.87678:    220.9: -31.05086:     47076
    149:   189:    236.9:  2.74435:  0.86595:    163.7: -25.33627:     47265
    150:   425:    261.3:  0.76833:  0.92909:    394.9: -30.13474:     47690
    151:   263:    267.1:  0.93498:  0.92240:    242.6: -20.40974:     47953
    152:   481:    281.0:  1.21037:  0.93178:    448.2: -32.81583:     48434
    153:   309:    287.6: -0.76693:  0.90731:    280.4: -28.64139:     48743
    154:   599:    327.5:  1.62798:  0.94306:    564.9: -34.10736:     49342
    155:   485:    356.9:  0.75640:  0.91719:    444.8: -40.16196:     49827
    156:   427:    360.7:  5.43510:  0.92261:    394.0: -33.04724:     50254
    157:   130:    356.0: -1.34965:  0.76178:     99.0: -30.96823:     50384
    158:   189:    349.7:  0.70821:  0.89798:    169.7: -19.28088:     50573
    159:   326:    363.4:  0.33827:  0.90999:    296.7: -29.34305:     50899
    160:   204:    341.3:  2.22781:  0.85383:    174.2: -29.81937:     51103
    161:   839:    398.9:  3.96698:  0.95179:    798.6: -40.44666:     51942
    162:   261:    376.9:  0.38323:  0.88810:    231.8: -29.20593:     52203
    163:   185:    364.5:  1.48429:  0.87672:    162.2: -22.80714:     52388
    164:   579:    362.5:  0.32414:  0.95778:    554.6: -24.44659:     52967
    165:   212:    335.2: -0.01171:  0.89383:    189.5: -22.50897:     53179
    166:   231:    315.6:  3.69126:  0.84338:    194.8: -36.17958:     53410
    167:   127:    315.3:  0.92663:  0.82553:    104.8: -22.15788:     53537
    168:   341:    330.5:  1.47737:  0.83550:    284.9: -56.09564:     53878
    169:   144:    312.3:  1.24767:  0.80305:    115.6: -28.36013:     54022
    170:   588:    350.7:  1.02404:  0.95019:    558.7: -29.28937:     54610
    171:   362:    303.0:  0.99039:  0.86870:    314.5: -47.52966:     54972
    172:   360:    312.9: -1.27223:  0.87904:    316.5: -43.54486:     55332
    173:   276:    322.0:  1.46521:  0.82263:    227.0: -48.95451:     55608
    174:   541:    318.2: -0.88161:  0.89912:    486.4: -54.57495:     56149
    175:   569:    353.9:  3.81395:  0.91488:    520.6: -48.43414:     56718
    176:   464:    377.2:  0.24723:  0.89876:    417.0: -46.97623:     57182
    177:   380:    402.5:  1.05931:  0.89202:    339.0: -41.03177:     57562
    178:   269:    395.3:  1.73647:  0.88976:    239.3: -29.65579:     57831
    179:   348:    415.7:  0.58726:  0.91766:    319.3: -28.65533:     58179
    180:   188:    375.7:  0.95419:  0.82966:    156.0: -32.02463:     58367
    181:   676:    407.1:  1.06377:  0.91643:    619.5: -56.49109:     59043
    182:   401:    411.2:  1.91181:  0.93166:    373.6: -27.40491:     59444
    183:   315:    415.1:  0.28694:  0.86402:    272.2: -42.83267:     59759
    184:   443:    405.3:  3.03254:  0.90806:    402.3: -40.73160:     60202
    185:   341:    382.5:  1.84764:  0.92931:    316.9: -24.10373:     60543
    186:   204:    356.5:  0.31254:  0.90610:    184.8: -19.15459:     60747
    187:   654:    383.9:  1.31985:  0.94312:    616.8: -37.19830:     61401
    188:   140:    371.0:  1.15552:  0.75716:    106.0: -33.99812:     61541
    189:   245:    360.7:  3.42251:  0.84732:    207.6: -37.40605:     61786
    190:   821:    424.0:  0.46201:  0.96058:    788.6: -32.36401:     62607
    191:   643:    420.7: -2.09972:  0.93399:    600.6: -42.44489:     63250
    192:   317:    412.3:  4.42113:  0.82739:    262.3: -54.71823:     63567
    193:   253:    406.1:  1.33285:  0.90880:    229.9: -23.07445:     63820
    194:   478:    409.6:  4.67713:  0.91171:    435.8: -42.20041:     64298
    195:   514:    426.9:  2.21007:  0.93442:    480.3: -33.70901:     64812
    196:   477:    454.2:  1.22244:  0.89789:    428.3: -48.70428:     65289
    197:   906:    479.4:  0.09515:  0.94800:    858.9: -47.11517:     66195
    198:   220:    487.4:  2.03713:  0.71375:    157.0: -62.97461:     66415
    199:   502:    513.1:  0.37287:  0.92974:    466.7: -35.27048:     66917
    200:   483:    479.3:  2.20667:  0.91614:    442.5: -40.50446:     67400
    201:   419:    456.9: -0.32820:  0.89093:    373.3: -45.69983:     67819
    202:   270:    452.2:  1.44956:  0.85876:    231.9: -38.13472:     68089
    203:   791:    506.0:  2.28963:  0.96296:    761.7: -29.29858:     68880
    204:   381:    496.3:  2.51555:  0.91631:    349.1: -31.88458:     69261
    205:    96:    454.5:  1.09857:  0.79119:     76.0: -20.04614:     69357
    206:   452:    452.0:  1.04746:  0.91820:    415.0: -36.97269:     69809
    207:   138:    375.2:  3.29337:  0.74192:    102.4: -35.61462:     69947
    208:    76:    360.8:  2.15256:  0.57440:     43.7: -32.34528:     70023
    209:   410:    351.6:  1.83316:  0.89379:    366.5: -43.54623:     70433
    210:   201:    323.4:  2.03539:  0.81859:    164.5: -36.46384:     70634
    211:   145:    296.0:  1.13484:  0.74594:    108.2: -36.83923:     70779
    212:   160:    285.0: -0.84980:  0.82262:    131.6: -28.38116:     70939
    213:   239:    229.8:  1.14185:  0.84268:    201.4: -37.59846:     71178
    214:    97:    201.4:  0.92017:  0.78289:     75.9: -21.05991:     71275
    215:   114:    203.2: -0.25406:  0.61294:     69.9: -44.12512:     71389
    216:   175:    175.5: -0.01195:  0.74479:    130.3: -44.66113:     71564
    217:   352:    196.9:  1.89008:  0.90737:    319.4: -32.60577:     71916
    218:   236:    212.9:  0.92880:  0.79005:    186.5: -49.54799:     72152
    219:   853:    257.2:  1.47662:  0.94070:    802.4: -50.58453:     73005
    220:   153:    252.4:  0.76542:  0.80234:    122.8: -30.24200:     73158
    221:   321:    270.0:  5.18029:  0.82061:    263.4: -57.58298:     73479
    222:   157:    269.7:  1.39727:  0.81628:    128.2: -28.84445:     73636
    223:   941:    339.9:  0.11611:  0.95600:    899.6: -41.40149:     74577
    224:   532:    383.4: -0.15844:  0.89205:    474.6: -57.42987:     75109
    225:   236:    395.6: -0.72532:  0.75795:    178.9: -57.12349:     75345
    226:   176:    395.7: -0.66922:  0.61200:    107.7: -68.28808:     75521
    227:   143:    374.8:  0.78727:  0.58794:     84.1: -58.92479:     75664
    228:   104:    361.6: -0.20666:  0.62998:     65.5: -38.48157:     75768
    229:   143:    290.6: -1.11914:  0.66788:     95.5: -47.49349:     75911
    230:   232:    298.5: -0.40937:  0.78555:    182.2: -49.75319:     76143
    231:   115:    277.9:  1.60755:  0.74493:     85.7: -29.33308:     76258
    232:   191:    281.3:  1.68054:  0.77109:    147.3: -43.72141:     76449
    233:   102:    197.4:  0.92771:  0.78349:     79.9: -22.08417:     76551
    234:   127:    156.9: -0.73669:  0.79417:    100.9: -26.14079:     76678
    235:   149:    148.2: -0.08210:  0.70158:    104.5: -44.46525:     76827
    236:   144:    145.0:  1.86021:  0.67652:     97.4: -46.58041:     76971
    237:   100:    140.7: -1.61905:  0.50501:     50.5: -49.49923:     77071
    238:   164:    146.7:  0.80757:  0.75906:    124.5: -39.51405:     77235
    239:   127:    145.1:  0.27069:  0.65110:     82.7: -44.31012:     77362
    240:   140:    135.9:  1.61446:  0.44169:     61.8: -78.16305:     77502
    241:   144:    138.8:  1.30544:  0.75906:    109.3: -34.69553:     77646
    242:   192:    138.9: -1.29073:  0.75029:    144.1: -47.94485:     77838
    243:   177:    146.4: -0.19102:  0.75018:    132.8: -44.21841:     78015
    244:   452:    178.9:  3.23325:  0.84879:    383.7: -68.34601:     78467
    245:   158:    179.8: -0.10655:  0.77463:    122.4: -35.60859:     78625
    246:   137:    179.1:  0.75163:  0.70432:     96.5: -40.50792:     78762
    247:   137:    182.8:  1.29289:  0.71167:     97.5: -39.50104:     78899
    248:   150:    181.4:  0.59283:  0.79481:    119.2: -30.77847:     79049
    249:   202:    188.9: -0.07883:  0.83334:    168.3: -33.66449:     79251
    250:   136:    188.5: -0.63444:  0.72101:     98.1: -37.94279:     79387
    251:    87:    182.8: -0.84699:  0.43395:     37.8: -49.24609:     79474
    252:   103:    173.9:  0.19377:  0.72951:     75.1: -27.86011:     79577
    253:   164:    172.6: -1.25090:  0.71236:    116.8: -47.17287:     79741
    254:    84:    135.8: -0.97672:  0.68705:     57.7: -26.28800:     79825
    255:   198:    139.8:  3.36854:  0.76938:    152.3: -45.66362:     80023
    256:   140:    140.1: -0.42118:  0.65297:     91.4: -48.58380:     80163
    257:   243:    150.7:  6.15781:  0.73039:    177.5: -65.51503:     80406
    258:   123:    148.0:  3.22840:  0.64024:     78.7: -44.25024:     80529
    259:   198:    147.6:  0.25949:  0.76304:    151.1: -46.91711:     80727
    260:   151:    149.1:  0.78188:  0.76202:    115.1: -35.93513:     80878
    261:   312:    171.6: -1.68422:  0.70751:    220.7: -91.25761:     81190
    262:   135:    174.8:  2.58907:  0.62245:     84.0: -50.96985:     81325
    263:   159:    174.3: -0.38914:  0.66712:    106.1: -52.92787:     81484
    264:   173:    183.2: -0.13425:  0.65716:    113.7: -59.31190:     81657
    265:   177:    181.1:  0.54986:  0.84710:    149.9: -27.06409:     81834
    266:   141:    181.2:  2.70708:  0.80420:    113.4: -27.60738:     81975
    267:   133:    170.2:  1.22519:  0.72202:     96.0: -36.97135:     82108
    268:   143:    172.2:  0.16590:  0.63796:     91.2: -51.77134:     82251
    269:   113:    163.7:  0.63621:  0.53927:     60.9: -52.06304:     82364
    270:   114:    160.0:  0.37353:  0.79000:     90.1: -23.94038:     82478
    271:   157:    144.5: -0.47066:  0.66821:    104.9: -52.09153:     82635
    272:   171:    148.1: -0.02258:  0.69427:    118.7: -52.27992:     82806
    273:   171:    149.3:  2.41802:  0.71078:    121.5: -49.45638:     82977
    274:   189:    150.9:  0.86052:  0.81148:    153.4: -35.63058:     83166
    275:   113:    144.5:  0.24605:  0.76457:     86.4: -26.60406:     83279
    276:   133:    143.7:  3.68891:  0.74492:     99.1: -33.92608:     83412
    277:   210:    151.4:  1.43038:  0.74623:    156.7: -53.29152:     83622
    278:   116:    148.7:  1.08890:  0.77173:     89.5: -26.47944:     83738
    279:   121:    149.5:  6.06903:  0.64071:     77.5: -43.47461:     83859
    280:   209:    159.0: -0.33511:  0.74405:    155.5: -53.49312:     84068
    281:    95:    152.8:  0.82098:  0.53043:     50.4: -44.60956:     84163
    282:   119:    147.6:  1.01887:  0.51611:     61.4: -57.58294:     84282
    283:   372:    167.7:  1.99721:  0.90062:    335.0: -36.96924:     84654
    284:   155:    164.3:  1.96292:  0.79871:    123.8: -31.20062:     84809
    285:   294:    182.4:  0.17255:  0.89329:    262.6: -31.37195:     85103
    286:   194:    188.5: -0.39968:  0.71733:    139.2: -54.83861:     85297
    287:   140:    181.5: -0.69285:  0.82301:    115.2: -24.77827:     85437
    288:   151:    185.0: -0.41994:  0.80727:    121.9: -29.10149:     85588
    289:   362:    209.1: -0.56623:  0.86167:    311.9: -50.07529:     85950
    290:   270:    215.2:  1.62684:  0.82505:    222.8: -47.23524:     86220
    291:   386:    244.3: -0.59296:  0.91157:    351.9: -34.13409:     86606
    292:   171:    249.5:  1.44551:  0.74063:    126.6: -44.35192:     86777
    293:   184:    230.7: -0.23869:  0.76930:    141.6: -42.44806:     86961
    294:   108:    226.0:  3.45151:  0.64401:     69.6: -38.44689:     87069
    295:   234:    220.0: -1.04418:  0.79875:    186.9: -47.09206:     87303
    296:   117:    212.3:  1.40393:  0.61810:     72.3: -44.68213:     87420
    297:   104:    208.7:  0.94681:  0.73841:     76.8: -27.20580:     87524
    298:   436:    237.2:  2.14523:  0.87779:    382.7: -53.28372:     87960
    299:   140:    215.0:  0.59493:  0.72169:    101.0: -38.96322:     88100
    300:   246:    212.6: -0.95436:  0.89807:    220.9: -25.07449:     88346
    301:   124:    186.4:  0.99214:  0.74068:     91.8: -32.15536:     88470
    302:   167:    186.0:  1.26393:  0.78021:    130.3: -36.70465:     88637
    303:   862:    253.8:  0.31084:  0.93009:    801.7: -60.26184:     89499
    304:   350:    278.0: -0.03799:  0.86948:    304.3: -45.68335:     89849
    305:   336:    288.2: -0.84561:  0.90718:    304.8: -31.18875:     90185
    306:   313:    307.8:  0.74158:  0.90889:    284.5: -28.51736:     90498
    307:   310:    328.4:  1.52559:  0.91745:    284.4: -25.59164:     90808
    308:   442:    329.0:  2.68140:  0.88808:    392.5: -49.46994:     91250
    309:   205:    335.5:  2.22500:  0.77802:    159.5: -45.50490:     91455
    310:   279:    338.8:  0.07326:  0.84979:    237.1: -41.90868:     91734
    311:   150:    341.4:  1.80906:  0.70166:    105.2: -44.75064:     91884
    312:   177:    342.4:  2.54333:  0.84811:    150.1: -26.88405:     92061
    313:   319:    288.1:  4.65415:  0.88707:    283.0: -36.02441:     92380
    314:   222:    275.3:  2.78905:  0.92533:    205.4: -16.57613:     92602
    315:   188:    260.5:  1.99829:  0.77033:    144.8: -43.17795:     92790
    316:   447:    273.9:  2.55783:  0.93846:    419.5: -27.50848:     93237
    317:   215:    264.4:  1.08545:  0.82795:    178.0: -36.99040:     93452
    318:   426:    262.8:  1.36079:  0.88516:    377.1: -48.92102:     93878
    319:   512:    293.5:  5.20854:  0.92608:    474.2: -37.84882:     94390
    320:   555:    321.1:  0.95836:  0.95659:    530.9: -24.09436:     94945
    321:   715:    377.6:  1.51273:  0.95699:    684.2: -30.75494:     95660
    322:   183:    378.2:  1.27166:  0.87431:    160.0: -23.00195:     95843
    323:   673:    413.6:  1.27443:  0.95963:    645.8: -27.17114:     96516
    324:   115:    402.9:  1.20136:  0.67102:     77.2: -37.83260:     96631
    325:   142:    398.3:  0.58597:  0.88138:    125.2: -16.84365:     96773
    326:   158:    369.4: -0.23509:  0.83385:    131.7: -26.25131:     96931
    327:   173:    365.2:  1.61473:  0.88995:    154.0: -19.03825:     97104
    328:   105:    333.1: -0.81113:  0.54198:     56.9: -48.09246:     97209
    329:   339:    315.8:  1.38011:  0.91321:    309.6: -29.42166:     97548
    330:   275:    287.8:  1.70231:  0.89048:    244.9: -30.11784:     97823
    331:   339:    250.2:  1.47200:  0.90271:    306.0: -32.98285:     98162
    332:   378:    269.7:  3.37599:  0.91815:    347.1: -30.94052:     98540
    333:   551:    257.5:  1.53837:  0.94247:    519.3: -31.69855:     99091
    334:   630:    309.0:  3.32096:  0.93759:    590.7: -39.32092:     99721
    335:   286:    323.4:  0.79687:  0.89310:    255.4: -30.57309:    100007
    336:   439:    351.5:  3.64751:  0.88987:    390.7: -48.34689:    100446
    337:  1330:    467.2:  2.22472:  0.97933:   1302.5: -27.48743:    101776
    338:   237:    480.4:  1.32623:  0.87381:    207.1: -29.90625:    102013
    339:   187:    465.2:  3.23669:  0.81297:    152.0: -34.97388:    102200
    340:   260:    463.7:  2.66884:  0.87408:    227.3: -32.73949:    102460
    341:   220:    451.8:  1.15787:  0.90410:    198.9: -21.09846:    102680
    342:   239:    437.9: -0.78594:  0.88334:    211.1: -27.88098:    102919
    343:   313:    414.1:  1.61361:  0.89618:    280.5: -32.49612:    103232
    344:   229:    374.0:  0.31881:  0.87108:    199.5: -29.52251:    103461
    345:   148:    360.2:  0.77628:  0.83062:    122.9: -25.06771:    103609
    346:   365:    352.8: -0.31883:  0.87286:    318.6: -46.40475:    103974
    347:   192:    239.0:  0.89962:  0.81766:    157.0: -35.00833:    104166
    348:   228:    238.1:  0.85056:  0.88230:    201.2: -26.83585:    104394
    349:   135:    232.9:  0.44589:  0.80231:    108.3: -26.68777:    104529
    350:   170:    223.9: -0.37428:  0.82792:    140.7: -29.25304:    104699
    351:   203:    222.2:  0.57189:  0.84469:    171.5: -31.52852:    104902
    352:   141:    212.4:  0.10749:  0.83966:    118.4: -22.60735:    105043
    353:   202:    201.3:  3.79857:  0.81226:    164.1: -37.92259:    105245
    354:   244:    202.8:  1.52724:  0.80963:    197.5: -46.45071:    105489
    355:   180:    206.0:  1.83349:  0.85087:    153.2: -26.84335:    105669
    356:   192:    188.7:  2.60622:  0.82589:    158.6: -33.42859:    105861
    357:   409:    210.4:  4.30247:  0.87652:    358.5: -50.50479:    106270
    358:   533:    240.9:  0.74499:  0.92654:    493.8: -39.15289:    106803
    359:   154:    242.8:  3.94671:  0.86397:    133.1: -20.94824:    106957
    360:   283:    254.1: -0.85560:  0.88081:    249.3: -33.72975:    107240
    361:   187:    252.5:  0.81889:  0.78794:    147.3: -39.65450:    107427
    362:   281:    266.5: -0.07180:  0.88904:    249.8: -31.18063:    107708
    363:   229:    269.2: -0.24463:  0.85665:    196.2: -32.82707:    107937
    364:   945:    339.3:  1.08486:  0.95429:    901.8: -43.19403:    108882
    365:   749:    396.2:  1.48152:  0.94679:    709.1: -39.85645:    109631
    366:   378:    414.8:  2.83170:  0.88970:    336.3: -41.69214:    110009
    367:   422:    416.1:  3.92697:  0.94460:    398.6: -23.38049:    110431
    368:   248:    387.6: -1.97273:  0.78182:    193.9: -54.10872:    110679
    369:   255:    397.7: -0.59625:  0.81020:    206.6: -48.39796:    110934
    370:    97:    379.1:  0.58885:  0.54360:     52.7: -44.27071:    111031
    371:   247:    385.1:  1.18677:  0.88804:    219.3: -27.65366:    111278
    372:   222:    379.2:  0.51610:  0.89367:    198.4: -23.60536:    111500
    373:   280:    384.3:  0.09628:  0.89970:    251.9: -28.08351:    111780
    374:   809:    370.7:  0.52299:  0.95099:    769.3: -39.65027:    112589
    375:   738:    369.6:  5.15017:  0.94800:    699.6: -38.37866:    113327
    376:  1000:    431.8:  1.80232:  0.96607:    966.1: -33.92755:    114327
    377:   740:    463.6: -0.24695:  0.96810:    716.4: -23.60413:    115067
    378:   991:    537.9:  0.91472:  0.97327:    964.5: -26.48676:    116058
    379:   532:    565.6:  1.33976:  0.94854:    504.6: -27.37436:    116590
    380:   338:    589.7:  0.03348:  0.89388:    302.1: -35.87021:    116928
    381:   539:    618.9:  4.99188:  0.95244:    513.4: -25.63324:    117467
    382:  1307:    727.4: -1.23267:  0.96272:   1258.3: -48.73145:    118774
    383:   414:    740.8: -0.26565:  0.92618:    383.4: -30.56223:    119188
    384:   425:    702.4:  2.63280:  0.93608:    397.8: -27.16702:    119613
    385:   188:    647.4:  1.61020:  0.84607:    159.1: -28.93817:    119801
    386:   224:    569.8:  0.45107:  0.87417:    195.8: -28.18585:    120025
    387:   300:    525.8:  0.43665:  0.87928:    263.8: -36.21561:    120325
    388:   218:    448.5:  2.06246:  0.87963:    191.8: -26.23978:    120543
    389:   262:    421.5:  1.06099:  0.90202:    236.3: -25.66957:    120805
    390:   371:    424.8:  2.95568:  0.89858:    333.4: -37.62576:    121176
    391:   264:    397.3:  2.05547:  0.85536:    225.8: -38.18390:    121440
    392:   394:    306.0:  3.80307:  0.93617:    368.9: -25.14987:    121834
    393:   177:    282.3:  2.66182:  0.78511:    139.0: -38.03555:    122011
    394:   648:    304.6:  2.00307:  0.96388:    624.6: -23.40369:    122659
    395:   406:    326.4:  1.60387:  0.94285:    382.8: -23.20447:    123065
    396:   210:    325.0:  0.19020:  0.86953:    182.6: -27.39845:    123275
    397:   208:    315.8:  0.67532:  0.88875:    184.9: -23.14084:    123483
    398:   676:    361.6:  2.37460:  0.94517:    638.9: -37.06476:    124159
    399:   275:    362.9:  0.74529:  0.91272:    251.0: -24.00308:    124434
    400:   433:    369.1: -0.25769:  0.88154:    381.7: -51.29492:    124867
    401:  2052:    547.9:  1.46428:  0.98139:   2013.8: -38.18225:    126919
    402:  3828:    891.3:  1.05061:  0.99069:   3792.3: -35.65234:    130747
    403:  2368:   1110.4: -0.32127:  0.98924:   2342.5: -25.47656:    133115
    404:  1055:   1151.1: -0.35170:  0.95899:   1011.7: -43.27057:    134170
    405:  2032:   1313.7:  1.88361:  0.99008:   2011.8: -20.15161:    136202
    406:   876:   1380.3:  1.10689:  0.96337:    843.9: -32.08722:    137078
    407:  3751:   1734.6: -0.09264:  0.98835:   3707.3: -43.70264:    140829
    408:   752:   1742.2:  2.11096:  0.96870:    728.5: -23.53760:    141581
    409:   484:   1763.1: -0.00929:  0.94943:    459.5: -24.47412:    142065
    410:  3763:   2096.1: -0.95403:  0.99231:   3734.1: -28.94043:    145828
    411:  2190:   2109.9:  2.04644:  0.98836:   2164.5: -25.49414:    148018
    412:   846:   1811.7:  0.98701:  0.96849:    819.3: -26.65961:    148864
    413:  1355:   1710.4:  2.58161:  0.97759:   1324.6: -30.36951:    150219
    414:   401:   1645.0:  2.47229:  0.94721:    379.8: -21.16721:    150620
    415:  2757:   1717.5:  0.99674:  0.98802:   2724.0: -33.03320:    153377
    416:  1017:   1731.6:  0.08516:  0.97110:    987.6: -29.38971:    154394
    417:   942:   1450.7:  0.41348:  0.97056:    914.3: -27.73468:    155336
    418:   638:   1439.3:  0.08686:  0.96436:    615.3: -22.74139:    155974
    419:   611:   1452.0:  1.83660:  0.95406:    582.9: -28.06702:    156585
    420:  1140:   1189.7:  1.65156:  0.96491:   1100.0: -40.00549:    157725
    421:   475:   1018.2:  0.73884:  0.94142:    447.2: -27.82520:    158200
    422:  1207:   1054.3:  0.39130:  0.97328:   1174.8: -32.24939:    159407
    423:   281:    946.9: -0.26300:  0.89943:    252.7: -28.25917:    159688
    424:   837:    990.5:  1.25192:  0.95469:    799.1: -37.92566:    160525
    425:  4361:   1150.9:  2.26414:  0.99470:   4337.9: -23.09961:    164886
    426:   612:   1110.4: -0.31805:  0.93738:    573.7: -38.32465:    165498
    427:   352:   1051.4:  3.32404:  0.91124:    320.8: -31.24429:    165850
    428:   476:   1035.2:  1.04181:  0.95711:    455.6: -20.41656:    166326
    429:   606:   1034.7:  0.22955:  0.96243:    583.2: -22.76538:    166932
    430:  1181:   1038.8:  0.16954:  0.95877:   1132.3: -48.69287:    168113
    431:  1827:   1174.0:  1.28448:  0.98193:   1794.0: -33.01807:    169940
    432:  1202:   1173.5: -0.37504:  0.97171:   1168.0: -34.00525:    171142
    433:  2648:   1410.2:  0.40914:  0.98639:   2612.0: -36.04028:    173790
    434:  1012:   1427.7:  2.41323:  0.96182:    973.4: -38.63684:    174802
    435:   829:   1074.5: -0.17473:  0.95952:    795.4: -33.56152:    175631
    436:   654:   1078.7:  1.09852:  0.96624:    631.9: -22.07660:    176285
    437:  1340:   1177.5:  1.91285:  0.97925:   1312.2: -27.80798:    177625
    438:  1398:   1269.7:  0.95683:  0.97107:   1357.6: -40.44116:    179023
    439:   924:   1301.5:  0.67468:  0.98290:    908.2: -15.79999:    179947
    440:  3493:   1532.7: -1.01060:  0.98914:   3455.1: -37.93579:    183440
    441:  2668:   1616.8:  2.26430:  0.98808:   2636.2: -31.79028:    186108
    442:   290:   1525.6: -0.90944:  0.87961:    255.1: -34.91399:    186398
    443:   583:   1319.1:  0.36839:  0.96188:    560.8: -22.22485:    186981
    444:  2232:   1441.1:  1.62696:  0.99010:   2209.9: -22.10059:    189213
    445:  3321:   1690.3:  1.46575:  0.99059:   3289.7: -31.25952:    192534
    446:  1323:   1757.2:  1.06246:  0.98256:   1299.9: -23.07324:    193857
    447:   471:   1670.3: -0.29316:  0.93719:    441.4: -29.58212:    194328
    448:  2273:   1757.8: -0.80154:  0.98148:   2230.9: -42.09326:    196601
    449:  1520:   1817.4:  1.61214:  0.97804:   1486.6: -33.38501:    198121
    450:  4675:   1935.6:  0.45666:  0.99221:   4638.6: -36.41748:    202796
    451:  1588:   1827.6:  2.31892:  0.98578:   1565.4: -22.57434:    204384
    452:  1920:   1990.6: -0.48972:  0.98860:   1898.1: -21.89355:    206304
    453:   369:   1969.2:  1.50042:  0.92697:    342.1: -26.94702:    206673
    454:   415:   1787.5:  4.36846:  0.93245:    387.0: -28.03516:    207088
    455:   765:   1531.9:  0.07461:  0.95232:    728.5: -36.47449:    207853
    456:   826:   1482.2:  1.32353:  0.96452:    796.7: -29.30988:    208679
    457:   515:   1486.6:  1.43852:  0.94063:    484.4: -30.57608:    209194
    458:  1021:   1361.4: -0.27461:  0.97184:    992.2: -28.75116:    210215
    459:   248:   1234.2:  1.13688:  0.89648:    222.3: -25.67415:    210463
    460:  1094:    876.1:  4.27710:  0.96995:   1061.1: -32.87524:    211557
    461:   901:    807.4:  0.94944:  0.96292:    867.6: -33.41302:    212458
    462:  1248:    740.2:  1.56905:  0.97854:   1221.2: -26.78430:    213706
    463:  1439:    847.2:  2.30499:  0.98478:   1417.1: -21.90820:    215145
    464:   997:    905.4: -0.74069:  0.97738:    974.4: -22.55048:    216142
    465:  3059:   1134.8:  3.36581:  0.98685:   3018.8: -40.21167:    219201
    466:   977:   1149.9:  0.18970:  0.97486:    952.4: -24.55975:    220178
    467:   528:   1151.2:  0.76911:  0.95301:    503.2: -24.81039:    220706
    468:  3724:   1421.5:  1.21610:  0.99172:   3693.2: -30.84521:    224430
    469:  3785:   1775.2: -0.82271:  0.99140:   3752.5: -32.53564:    228215
    470:   507:   1716.5:  2.29572:  0.95631:    484.8: -22.15222:    228722
    471:   423:   1668.7:  1.43023:  0.93166:    394.1: -28.90814:    229145
    472:   513:   1595.2: -0.06732:  0.92581:    474.9: -38.05969:    229658
    473:   405:   1491.8: -0.79367:  0.94884:    384.3: -20.71915:    230063
    474:   265:   1418.6:  2.76523:  0.90849:    240.7: -24.25070:    230328
    475:   524:   1165.1:  0.78009:  0.96039:    503.2: -20.75345:    230852
    476:  1432:   1210.6:  0.28243:  0.98291:   1407.5: -24.47766:    232284
    477:   984:   1256.2:  1.21851:  0.97766:    962.0: -21.98224:    233268
    478:   304:    914.2:  2.09568:  0.94353:    286.8: -17.16812:    233572
    479:   381:    573.8:  0.43985:  0.95219:    362.8: -18.21384:    233953
    480:  1336:    656.7:  0.68619:  0.98134:   1311.1: -24.93542:    235289
    481:   288:    643.2: -0.14875:  0.93565:    269.5: -18.53183:    235577
    482:   413:    633.2:  1.06450:  0.94181:    389.0: -24.03317:    235990
    483:   975:    690.2:  2.51004:  0.97247:    948.2: -26.84454:    236965
    484:  1344:    798.1:  0.94359:  0.97789:   1314.3: -29.71106:    238309
    485:  1384:    884.1:  0.72420:  0.97620:   1351.1: -32.94067:    239693
    486:   297:    770.6:  0.53695:  0.90383:    268.4: -28.56244:    239990
    487:   222:    694.4: -0.11981:  0.88393:    196.2: -25.76727:    240212
    488:   174:    681.4:  5.62995:  0.85531:    148.8: -25.17575:    240386
    489:   356:    678.9:  1.80880:  0.94026:    334.7: -21.26834:    240742
    490:   437:    589.0:  1.72319:  0.94339:    412.3: -24.73721:    241179
    491:   556:    615.8:  2.17438:  0.96808:    538.3: -17.74799:    241735
    492:   667:    641.2: -0.39631:  0.95964:    640.1: -26.92053:    242402
    493:   885:    632.2:  1.55647:  0.97112:    859.4: -25.56122:    243287
    494:   815:    579.3:  2.95278:  0.97435:    794.1: -20.90155:    244102
    495:  5024:    943.3:  1.46589:  0.99685:   5008.2: -15.81445:    249126
    496:  1749:   1088.5:  0.05171:  0.98095:   1715.7: -33.31177:    250875
    497:   474:   1113.7:  2.43420:  0.92353:    437.8: -36.24643:    251349
    498:   902:   1186.5: -0.72489:  0.97003:    875.0: -27.03156:    252251
    499:   853:   1236.2:  1.59412:  0.97529:    831.9: -21.07538:    253104
    500:   604:   1252.9:  1.52107:  0.95285:    575.5: -28.48004:    253708
    501:   331:   1230.4:  2.36866:  0.91193:    301.8: -29.15057:    254039
    502:  1197:   1283.4: -0.40449:  0.97296:   1164.6: -32.36169:    255236
    503:   255:   1220.4:  0.57694:  0.88728:    226.3: -28.74376:    255491
    504:  1380:   1276.9:  1.75215:  0.98794:   1363.4: -16.63794:    256871
    505:   955:    870.0:  0.70790:  0.97165:    927.9: -27.07196:    257826
    506:   601:    755.2:  0.19592:  0.96864:    582.2: -18.84674:    258427
    507:   512:    759.0:  2.92404:  0.94751:    485.1: -26.87643:    258939
    508:  1115:    780.3:  3.13790:  0.97558:   1087.8: -27.23035:    260054
    509:   667:    761.7:  0.65353:  0.96692:    644.9: -22.06635:    260721
    510:   903:    791.6:  2.83919:  0.97440:    879.9: -23.11542:    261624
    511:  4694:   1227.9:  0.22953:  0.97795:   4590.5:-103.48828:    266318
    512:   298:   1138.0:  1.16886:  0.94820:    282.6: -15.43677:    266616
    513:   503:   1162.8:  1.44044:  0.91890:    462.2: -40.79526:    267119
    514:   414:   1066.2:  0.73339:  0.82439:    341.3: -72.70343:    267533
    515:  1349:   1105.6:  0.61301:  0.94414:   1273.7: -75.34998:    268882
    516:   646:   1110.1:  2.13920:  0.97260:    628.3: -17.69934:    269528
    517:   491:   1108.0:  0.66325:  0.93268:    457.9: -33.05426:    270019
    518:   810:   1077.5:  2.30942:  0.97292:    788.1: -21.93506:    270829
    519:   528:   1063.6:  0.63609:  0.96021:    507.0: -21.01083:    271357
    520:   304:   1003.7:  1.91992:  0.93108:    283.0: -20.95096:    271661
    521:   574:    591.7:  0.51224:  0.96069:    551.4: -22.56390:    272235
    522:   512:    613.1:  2.84793:  0.95594:    489.4: -22.55627:    272747
    523:   913:    654.1:  1.04353:  0.97068:    886.2: -26.77002:    273660
    524:   525:    665.2:  2.16220:  0.94402:    495.6: -29.39160:    274185
    525:   375:    567.8:  1.57216:  0.95152:    356.8: -18.17914:    274560
    526:   710:    574.2: -0.45148:  0.94068:    667.9: -42.11975:    275270
    527:    94:    534.5:  2.44261:  0.80169:     75.4: -18.64083:    275364
    528:  1466:    600.1:  0.06434:  0.97246:   1425.6: -40.36755:    276830
    529:   826:    629.9:  1.67192:  0.96645:    798.3: -27.70990:    277656
    530:  1330:    732.5: -0.09326:  0.96733:   1286.5: -43.45215:    278986
    531:   718:    746.9:  0.91506:  0.95945:    688.9: -29.11292:    279704
    532:  2526:    948.3:  2.11936:  0.98608:   2490.8: -35.16528:    282230
    533:   787:    935.7:  0.44578:  0.95223:    749.4: -37.59564:    283017
    534:   975:    980.7:  0.75839:  0.96093:    936.9: -38.09198:    283992
    535:   601:   1003.3:  0.97636:  0.93045:    559.2: -41.79865:    284593
    536:  1248:   1057.1:  1.75163:  0.97647:   1218.6: -29.36438:    285841
    537:   799:   1127.6:  0.74007:  0.97175:    776.4: -22.56915:    286640
    538:   429:   1023.9:  0.61561:  0.94835:    406.8: -22.15903:    287069
    539:   921:   1033.4:  2.67879:  0.96456:    888.4: -32.63751:    287990
    540:   327:    933.1:  1.47891:  0.93700:    306.4: -20.59973:    288317
    541:   674:    928.7:  1.52513:  0.95334:    642.6: -31.44891:    288991
    542:   799:    756.0:  0.35765:  0.95362:    761.9: -37.05402:    289790
    543:  1127:    790.0:  0.60437:  0.97544:   1099.3: -27.68457:    290917
    544:   653:    757.8: -0.02176:  0.95947:    626.5: -26.46405:    291570
    545:  1045:    802.2:  3.39630:  0.97032:   1014.0: -31.01398:    292615
    546:  1253:    802.7:  0.93121:  0.98229:   1230.8: -22.19580:    293868
    547:  2371:    959.9:  0.15241:  0.98812:   2342.8: -28.17090:    296239
    548:   899:   1006.9: -0.34009:  0.96926:    871.4: -27.63489:    297138
    549:   693:    984.1: -0.20974:  0.96404:    668.1: -24.91992:    297831
    550:   239:    975.3: -0.13484:  0.89435:    213.7: -25.25148:    298070
    551:   910:    998.9:  2.35297:  0.98370:    895.2: -14.83374:    298980
    552:  1254:   1044.4: -2.06115:  0.96360:   1208.4: -45.63940:    300234
    553:  1097:   1041.4:  2.73471:  0.97509:   1069.7: -27.32544:    301331
    554:   392:   1015.3:  0.16144:  0.93577:    366.8: -25.17975:    301723
    555:  1591:   1069.9:  2.03596:  0.98448:   1566.3: -24.69629:    303314
    556:   688:   1013.4: -0.23666:  0.96071:    661.0: -27.02911:    304002
    557:   418:    818.1:  2.84143:  0.92982:    388.7: -29.33435:    304420
    558:   760:    804.2:  1.32005:  0.96063:    730.1: -29.91992:    305180
    559:   643:    799.2:  1.38057:  0.96663:    621.5: -21.45984:    305823
    560:   817:    857.0:  1.08933:  0.95865:    783.2: -33.78247:    306640
    561:   567:    822.7:  1.29557:  0.96127:    545.0: -21.96185:    307207
    562:   731:    770.4:  1.66610:  0.96100:    702.5: -28.50995:    307938
    563:   437:    704.4:  1.27797:  0.94021:    410.9: -26.12799:    308375
    564:  2082:    873.4:  1.48461:  0.98515:   2051.1: -30.90747:    310457
