episodes:steps:mean_steps(10):rwd:mean_rwd:rwd_sum:rwd_sum-?*step:iter
      0:   185:     18.5: -0.77022:  0.69358:    128.3: -56.68819:       185
      1:   146:     33.1:  1.72644:  0.78730:    114.9: -31.05433:       331
      2:   218:     54.9:  0.38900:  0.80103:    174.6: -43.37624:       549
      3:   434:     98.3:  0.91265:  0.87574:    380.1: -53.92838:       983
      4:   370:    135.3:  1.40048:  0.85407:    316.0: -53.99420:      1353
      5:   283:    163.6:  2.14463:  0.80109:    226.7: -56.29283:      1636
      6:   410:    204.6:  2.07067:  0.91113:    373.6: -36.43787:      2046
      7:   411:    245.7: -2.70970:  0.86273:    354.6: -56.41650:      2457
      8:   356:    281.3:  0.14460:  0.89077:    317.1: -38.88708:      2813
      9:   248:    306.1: -0.16751:  0.86060:    213.4: -34.57132:      3061
     10:   426:    330.2:  1.82309:  0.89472:    381.1: -44.85062:      3487
     11:   454:    361.0:  0.39028:  0.87964:    399.4: -54.64423:      3941
     12:   248:    364.0:  1.10069:  0.81105:    201.1: -46.86040:      4189
     13:   314:    352.0:  0.01371:  0.82445:    258.9: -55.12408:      4503
     14:   136:    328.6:  0.05655:  0.77710:    105.7: -30.31379:      4639
     15:   226:    322.9: -1.57172:  0.75398:    170.4: -55.60101:      4865
     16:   254:    307.3:  1.18188:  0.88242:    224.1: -29.86453:      5119
     17:   456:    311.8:  2.03359:  0.88949:    405.6: -50.39377:      5575
     18:   408:    317.0:  4.58186:  0.89602:    365.6: -42.42554:      5983
     19:   220:    314.2:  3.68133:  0.82872:    182.3: -37.68098:      6203
     20:   209:    292.5:  1.35769:  0.78128:    163.3: -45.71288:      6412
     21:   419:    289.0: -0.20931:  0.90439:    378.9: -40.06027:      6831
     22:   367:    300.9:  1.50281:  0.91992:    337.6: -29.38837:      7198
     23:   320:    301.5:  1.27249:  0.84743:    271.2: -48.82224:      7518
     24:   507:    338.6: -1.91611:  0.89611:    454.3: -52.66971:      8025
     25:   240:    340.0:  0.36479:  0.64984:    156.0: -84.03941:      8265
     26:   426:    357.2: -0.26762:  0.87255:    371.7: -54.29520:      8691
     27:   386:    350.2:  1.03407:  0.86198:    332.7: -53.27380:      9077
     28:   555:    364.9:  0.53823:  0.87887:    487.8: -67.22809:      9632
     29:   403:    383.2:  2.67930:  0.84100:    338.9: -64.07538:     10035
     30:   276:    389.9:  1.64495:  0.85262:    235.3: -40.67644:     10311
     31:   275:    375.5:  2.11210:  0.87388:    240.3: -34.68430:     10586
     32:   507:    389.5:  1.50157:  0.92275:    467.8: -39.16708:     11093
     33:   268:    384.3:  1.37962:  0.87567:    234.7: -33.32066:     11361
     34:   367:    370.3:  0.80796:  0.87202:    320.0: -46.96698:     11728
     35:   163:    362.6: -0.37845:  0.74661:    121.7: -41.30288:     11891
     36:   273:    347.3: -1.01116:  0.80758:    220.5: -52.53111:     12164
     37:   405:    349.2:  1.41202:  0.88520:    358.5: -46.49402:     12569
     38:   266:    320.3: -0.28850:  0.82419:    219.2: -46.76591:     12835
     39:   570:    337.0:  1.65770:  0.92940:    529.8: -40.24475:     13405
     40:   407:    350.1:  1.85936:  0.91613:    372.9: -34.13431:     13812
     41:   365:    359.1:  1.88364:  0.89700:    327.4: -37.59381:     14177
     42:   600:    368.4:  1.69967:  0.90758:    544.5: -55.45001:     14777
     43:   555:    397.1:  2.41980:  0.93185:    517.2: -37.82513:     15332
     44:   326:    393.0:  1.07782:  0.86301:    281.3: -44.65875:     15658
     45:   642:    440.9:  0.95473:  0.89770:    576.3: -65.67639:     16300
     46:   700:    483.6: -0.27722:  0.93089:    651.6: -48.37524:     17000
     47:   503:    493.4:  0.08702:  0.88223:    443.8: -59.23666:     17503
     48:   379:    504.7:  1.08320:  0.88353:    334.9: -44.14056:     17882
     49:   339:    481.6:  1.15644:  0.88068:    298.6: -40.44879:     18221
     50:   436:    484.5:  0.04160:  0.89625:    390.8: -45.23477:     18657
     51:   246:    472.6:  2.37582:  0.84366:    207.5: -38.45963:     18903
     52:   417:    454.3:  3.23358:  0.90136:    375.9: -41.13367:     19320
     53:   371:    435.9:  1.94978:  0.91921:    341.0: -29.97345:     19691
     54:   291:    432.4:  2.57752:  0.84165:    244.9: -46.07858:     19982
     55:   371:    405.3:  0.60798:  0.87507:    324.7: -46.34824:     20353
     56:   493:    384.6:  3.17059:  0.90515:    446.2: -46.75958:     20846
     57:   517:    386.0:  1.65793:  0.92264:    477.0: -39.99738:     21363
     58:   289:    377.0:  0.59284:  0.88689:    256.3: -32.68784:     21652
     59:   596:    402.7: -0.85795:  0.92912:    553.8: -42.24182:     22248
     60:   187:    377.8:  1.14299:  0.80141:    149.9: -37.13568:     22435
     61:   146:    367.8:  0.45448:  0.73484:    107.3: -38.71397:     22581
     62:   480:    374.1:  1.63916:  0.92711:    445.0: -34.98801:     23061
     63:   298:    366.8:  0.07649:  0.88071:    262.5: -35.54889:     23359
     64:   594:    397.1:  2.81072:  0.90433:    537.2: -56.83087:     23953
     65:   237:    383.7:  0.55381:  0.85906:    203.6: -33.40240:     24190
     66:   121:    346.5:  4.30760:  0.67388:     81.5: -39.46052:     24311
     67:   456:    340.4:  1.54220:  0.93762:    427.6: -28.44400:     24767
     68:   168:    328.3:  1.92794:  0.84222:    141.5: -26.50708:     24935
     69:   243:    293.0:  0.44654:  0.85518:    207.8: -35.19221:     25178
     70:   173:    291.6:  0.14474:  0.83740:    144.9: -28.12990:     25351
     71:   114:    288.4:  1.51227:  0.75290:     85.8: -28.16890:     25465
     72:   191:    259.5:  0.70820:  0.75107:    143.5: -47.54526:     25656
     73:   193:    249.0:  1.16996:  0.84647:    163.4: -29.63190:     25849
     74:   305:    220.1:  1.07444:  0.86850:    264.9: -40.10748:     26154
     75:   368:    233.2:  0.47580:  0.84520:    311.0: -56.96674:     26522
     76:   279:    249.0:  0.03879:  0.90439:    252.3: -26.67540:     26801
     77:   196:    223.0:  0.54366:  0.84368:    165.4: -30.63892:     26997
     78:   175:    223.7: -0.28801:  0.74416:    130.2: -44.77252:     27172
     79:   195:    218.9:  0.29567:  0.81668:    159.3: -35.74658:     27367
     80:   244:    226.0: -0.68019:  0.83623:    204.0: -39.95892:     27611
     81:   270:    241.6:  1.66675:  0.86269:    232.9: -37.07312:     27881
     82:   231:    245.6:  1.20715:  0.86410:    199.6: -31.39320:     28112
     83:   425:    268.8:  1.32641:  0.91995:    391.0: -34.02295:     28537
     84:   297:    268.0:  0.00872:  0.87144:    258.8: -38.18292:     28834
     85:   176:    248.8:  0.86516:  0.87507:    154.0: -21.98747:     29010
     86:   250:    245.9:  1.03539:  0.88265:    220.7: -29.33646:     29260
     87:   428:    269.1:  0.11709:  0.90755:    388.4: -39.56866:     29688
     88:   282:    279.8:  0.53760:  0.90609:    255.5: -26.48264:     29970
     89:   190:    279.3:  0.61508:  0.86388:    164.1: -25.86243:     30160
     90:   290:    283.9: -0.98969:  0.81738:    237.0: -52.96025:     30450
     91:   327:    289.6:  5.66188:  0.87870:    287.3: -39.66644:     30777
     92:   379:    304.4:  0.47455:  0.89597:    339.6: -39.42593:     31156
     93:   170:    278.9:  1.76851:  0.86335:    146.8: -23.23048:     31326
     94:   248:    274.0:  2.55778:  0.88416:    219.3: -28.72807:     31574
     95:   293:    285.7: -1.00949:  0.87280:    255.7: -37.26938:     31867
     96:   187:    279.4: -0.05653:  0.87373:    163.4: -23.61261:     32054
     97:   304:    267.0:  1.01462:  0.87958:    267.4: -36.60669:     32358
     98:   256:    264.4: -0.44538:  0.86763:    222.1: -33.88733:     32614
     99:   244:    269.8:  1.42063:  0.79852:    194.8: -49.16200:     32858
    100:   276:    268.4:  3.91468:  0.84291:    232.6: -43.35808:     33134
    101:   201:    255.8:  0.03513:  0.74886:    150.5: -50.47990:     33335
    102:   366:    254.5:  2.05359:  0.86708:    317.4: -48.64941:     33701
    103:   122:    249.7: -0.11973:  0.65434:     79.8: -42.17024:     33823
    104:   436:    268.5:  1.02159:  0.92803:    404.6: -31.37988:     34259
    105:   384:    277.6:  3.94498:  0.87580:    336.3: -47.69308:     34643
    106:   262:    285.1:  0.64430:  0.87944:    230.4: -31.58681:     34905
    107:   590:    313.7: -0.57716:  0.88937:    524.7: -65.27155:     35495
    108:   428:    330.9:  3.77085:  0.89814:    384.4: -43.59525:     35923
    109:   339:    340.4:  0.25725:  0.93032:    315.4: -23.62305:     36262
    110:   189:    331.7:  0.16980:  0.84030:    158.8: -30.18382:     36451
    111:   278:    339.4:  1.30550:  0.83714:    232.7: -45.27449:     36729
    112:   538:    356.6:  1.11154:  0.94568:    508.8: -29.22260:     37267
    113:   208:    365.2: -0.18621:  0.75867:    157.8: -50.19594:     37475
    114:   247:    346.3:  2.91336:  0.89135:    220.2: -26.83774:     37722
    115:   432:    351.1:  0.97108:  0.94092:    406.5: -25.52078:     38154
    116:   298:    354.7:  2.88387:  0.85459:    254.7: -43.33228:     38452
    117:   245:    320.2:  0.08243:  0.86301:    211.4: -33.56329:     38697
    118:   355:    312.9:  4.25690:  0.85789:    304.6: -50.44916:     39052
    119:   221:    301.1:  1.93216:  0.83948:    185.5: -35.47563:     39273
    120:   356:    317.8:  1.44821:  0.90540:    322.3: -33.67892:     39629
    121:   215:    311.5:  0.02723:  0.85461:    183.7: -31.25850:     39844
    122:   505:    308.2:  2.61620:  0.92118:    465.2: -39.80560:     40349
    123:   561:    343.5:  1.78217:  0.93925:    526.9: -34.07990:     40910
    124:   700:    388.8:  2.88276:  0.93603:    655.2: -44.77911:     41610
    125:   302:    375.8:  3.04767:  0.88608:    267.6: -34.40433:     41912
    126:   666:    412.6:  2.54720:  0.94962:    632.4: -33.55035:     42578
    127:   434:    431.5:  1.66598:  0.91773:    398.3: -35.70325:     43012
    128:   547:    450.7:  2.54836:  0.93571:    511.8: -35.16675:     43559
    129:   300:    458.6: -0.56070:  0.87619:    262.9: -37.14157:     43859
    130:   433:    466.3:  2.67785:  0.91555:    396.4: -36.56522:     44292
    131:   250:    469.8:  0.68646:  0.87662:    219.2: -30.84509:     44542
    132:   295:    448.8:  1.38238:  0.86469:    255.1: -39.91631:     44837
    133:   713:    464.0:  5.47840:  0.93819:    668.9: -44.07159:     45550
    134:   799:    473.9:  4.83796:  0.94589:    755.8: -43.23419:     46349
    135:   293:    473.0:  1.40012:  0.88515:    259.3: -33.65240:     46642
    136:   176:    424.0:  2.02687:  0.76977:    135.5: -40.52106:     46818
    137:   197:    400.3:  3.10247:  0.82276:    162.1: -34.91608:     47015
    138:   195:    365.1: -1.14730:  0.76954:    150.1: -44.93944:     47210
    139:   203:    355.4: -0.83646:  0.80211:    162.8: -40.17233:     47413
    140:   203:    332.4:  2.23786:  0.84730:    172.0: -30.99832:     47616
    141:   120:    319.4: -0.14776:  0.66123:     79.3: -40.65244:     47736
    142:   126:    302.5:  2.32758:  0.80337:    101.2: -24.77525:     47862
    143:   267:    257.9:  1.17989:  0.86201:    230.2: -36.84351:     48129
    144:   175:    195.5:  0.18066:  0.75494:    132.1: -42.88577:     48304
    145:   474:    213.6:  3.38934:  0.92956:    440.6: -33.38654:     48778
    146:   706:    266.6:  2.34917:  0.94687:    668.5: -37.50677:     49484
    147:   270:    273.9:  2.36088:  0.83539:    225.6: -44.44440:     49754
    148:   208:    275.2:  0.56544:  0.80667:    167.8: -40.21277:     49962
    149:   437:    298.6:  1.37645:  0.92942:    406.2: -30.84442:     50399
    150:   120:    290.3:  2.12505:  0.69705:     83.6: -36.35424:     50519
    151:   107:    289.0:  2.58477:  0.71116:     76.1: -30.90541:     50626
    152:   351:    311.5:  0.16450:  0.88793:    311.7: -39.33737:     50977
    153:   326:    317.4:  0.75837:  0.87581:    285.5: -40.48639:     51303
    154:   219:    321.8: -1.46380:  0.79714:    174.6: -44.42699:     51522
    155:   161:    290.5: -0.43916:  0.77248:    124.4: -36.63136:     51683
    156:   214:    241.3:  0.15606:  0.80391:    172.0: -41.96405:     51897
    157:   190:    233.3:  2.28125:  0.72776:    138.3: -51.72652:     52087
    158:   257:    238.2: -0.28526:  0.80458:    206.8: -50.22395:     52344
    159:   147:    209.2:  0.17037:  0.75914:    111.6: -35.40693:     52491
    160:   124:    209.6: -0.18058:  0.75403:     93.5: -30.50062:     52615
    161:   137:    212.6:  0.68945:  0.75449:    103.4: -33.63498:     52752
    162:   120:    189.5:  0.00056:  0.70009:     84.0: -35.98957:     52872
    163:   115:    168.4:  0.63775:  0.65653:     75.5: -39.49874:     52987
    164:    89:    155.4: -0.65640:  0.67763:     60.3: -28.69088:     53076
    165:   136:    152.9: -0.63190:  0.73473:     99.9: -36.07715:     53212
    166:   288:    160.3: -1.46545:  0.82746:    238.3: -49.69173:     53500
    167:   175:    158.8:  1.74874:  0.81898:    143.3: -31.67906:     53675
    168:   178:    150.9: -1.37102:  0.79982:    142.4: -35.63118:     53853
    169:   141:    150.3: -0.86226:  0.67939:     95.8: -45.20620:     53994
    170:   100:    147.9:  1.28415:  0.61350:     61.3: -38.65003:     54094
    171:   279:    162.1: -0.99494:  0.82529:    230.3: -48.74547:     54373
    172:   235:    173.6:  1.46896:  0.85617:    201.2: -33.79932:     54608
    173:   118:    173.9:  1.31382:  0.70799:     83.5: -34.45756:     54726
    174:   139:    178.9:  0.99810:  0.66548:     92.5: -46.49844:     54865
    175:   271:    192.4:  0.80986:  0.87385:    236.8: -34.18547:     55136
    176:   211:    184.7:  1.59572:  0.77366:    163.2: -47.75856:     55347
    177:   177:    184.9:  2.53871:  0.82197:    145.5: -31.51195:     55524
    178:   175:    184.6:  2.69396:  0.71755:    125.6: -49.42843:     55699
    179:   126:    183.1:  1.13193:  0.62917:     79.3: -46.72406:     55825
    180:   200:    193.1:  1.57499:  0.76215:    152.4: -47.56931:     56025
    181:   209:    186.1:  2.13686:  0.82287:    172.0: -37.02014:     56234
    182:   175:    180.1:  0.50659:  0.77443:    135.5: -39.47433:     56409
    183:   140:    182.3:  4.55066:  0.73432:    102.8: -37.19548:     56549
    184:   113:    179.7:  1.79933:  0.72760:     82.2: -30.78157:     56662
    185:   209:    173.5:  0.42073:  0.71309:    149.0: -59.96396:     56871
    186:   242:    176.6:  2.66652:  0.88712:    214.7: -27.31703:     57113
    187:   243:    183.2: -1.21503:  0.78306:    190.3: -52.71721:     57356
    188:   189:    184.6: -1.12069:  0.78053:    147.5: -41.47968:     57545
    189:   155:    187.5:  0.03495:  0.69817:    108.2: -46.78374:     57700
    190:   327:    200.2:  4.04473:  0.87752:    286.9: -40.05017:     58027
    191:   112:    190.5:  1.31014:  0.73252:     82.0: -29.95795:     58139
    192:   142:    187.2:  2.18078:  0.72744:    103.3: -38.70325:     58281
    193:   109:    184.1: -0.18474:  0.64950:     70.8: -38.20477:     58390
    194:   136:    186.4:  5.17856:  0.72731:     98.9: -37.08568:     58526
    195:   208:    186.3:  0.38653:  0.83895:    174.5: -33.49774:     58734
    196:   136:    175.7: -0.44952:  0.70801:     96.3: -39.71039:     58870
    197:   189:    170.3:  1.59152:  0.83370:    157.6: -31.43010:     59059
    198:   125:    163.9:  2.17069:  0.72803:     91.0: -33.99624:     59184
    199:   167:    165.1:  1.31300:  0.77496:    129.4: -37.58086:     59351
    200:   174:    149.8: -0.60336:  0.74834:    130.2: -43.78828:     59525
    201:   133:    151.9:  1.30527:  0.70146:     93.3: -39.70543:     59658
    202:    90:    146.7: -0.82257:  0.70727:     63.7: -26.34538:     59748
    203:   147:    150.5: -0.90954:  0.78312:    115.1: -31.88205:     59895
    204:    99:    146.8:  0.41000:  0.66407:     65.7: -33.25658:     59994
    205:   163:    142.3:  1.47186:  0.80931:    131.9: -31.08247:     60157
    206:   139:    142.6:  0.16891:  0.66154:     92.0: -47.04566:     60296
    207:   214:    145.1:  2.30018:  0.77123:    165.0: -48.95694:     60510
    208:   118:    144.4: -0.19188:  0.64909:     76.6: -41.40707:     60628
    209:   167:    144.4:  0.85451:  0.80209:    133.9: -33.05043:     60795
    210:   136:    140.6:  1.03990:  0.78103:    106.2: -29.77979:     60931
    211:   200:    147.3:  0.70467:  0.79583:    159.2: -40.83342:     61131
    212:   126:    150.9:  5.09260:  0.63431:     79.9: -46.07689:     61257
    213:   140:    150.2:  0.06585:  0.74270:    104.0: -36.02206:     61397
    214:   212:    161.5:  0.95758:  0.81088:    171.9: -40.09319:     61609
    215:   127:    157.9:  4.79016:  0.65379:     83.0: -43.96816:     61736
    216:   184:    162.4: -0.60459:  0.80002:    147.2: -36.79587:     61920
    217:   205:    161.5:  0.11257:  0.85140:    174.5: -30.46390:     62125
    218:   131:    162.8:  1.80683:  0.77599:    101.7: -29.34577:     62256
    219:    93:    155.4: -0.53807:  0.52265:     48.6: -44.39399:     62349
    220:   112:    153.0:  0.52753:  0.72857:     81.6: -30.39983:     62461
    221:   181:    151.1:  0.91056:  0.73061:    132.2: -48.75941:     62642
    222:   127:    151.2: -0.53793:  0.72222:     91.7: -35.27808:     62769
    223:   115:    148.7: -0.09018:  0.68818:     79.1: -35.85905:     62884
    224:   139:    141.4: -0.70236:  0.79528:    110.5: -28.45539:     63023
    225:   175:    146.2:  5.31267:  0.77781:    136.1: -38.88409:     63198
    226:   199:    147.7:  0.11701:  0.80545:    160.3: -38.71623:     63397
    227:   123:    139.5: -0.18390:  0.67263:     82.7: -40.26643:     63520
    228:   121:    138.5: -0.26897:  0.66347:     80.3: -40.72023:     63641
    229:   173:    146.5:  1.28485:  0.80699:    139.6: -33.39139:     63814
    230:    93:    144.6:  4.28995:  0.68636:     63.8: -29.16864:     63907
    231:   129:    139.4:  1.57391:  0.75366:     97.2: -31.77734:     64036
    232:   152:    141.9: -0.50815:  0.70674:    107.4: -44.57513:     64188
    233:   147:    145.1:  0.52844:  0.78894:    116.0: -31.02622:     64335
    234:   106:    141.8:  0.52998:  0.62077:     65.8: -40.19812:     64441
    235:   115:    135.8:  0.39083:  0.67908:     78.1: -36.90603:     64556
    236:   108:    126.7:  2.80814:  0.69106:     74.6: -33.36606:     64664
    237:   159:    130.3:  2.36241:  0.72676:    115.6: -43.44473:     64823
    238:   171:    135.3:  2.46014:  0.79883:    136.6: -34.40091:     64994
    239:   190:    137.0: -0.15613:  0.68644:    130.4: -59.57562:     65184
    240:   142:    141.9: -1.91977:  0.63701:     90.5: -51.54411:     65326
    241:   151:    144.1:  1.12132:  0.71045:    107.3: -43.72153:     65477
    242:   194:    148.3:  1.05195:  0.80287:    155.8: -38.24257:     65671
    243:   177:    151.3: -1.18784:  0.80453:    142.4: -34.59805:     65848
    244:   121:    152.8: -0.34409:  0.71845:     86.9: -34.06744:     65969
    245:   192:    160.5: -0.40776:  0.76023:    146.0: -46.03606:     66161
    246:   166:    166.3:  1.45257:  0.80083:    132.9: -33.06235:     66327
    247:   106:    161.0:  1.14582:  0.60744:     64.4: -41.61137:     66433
    248:   163:    160.2:  0.91496:  0.74056:    120.7: -42.28902:     66596
    249:   183:    159.5:  0.55606:  0.79219:    145.0: -38.02948:     66779
    250:   150:    160.3:  0.23055:  0.67151:    100.7: -49.27382:     66929
    251:   134:    158.6:  0.61334:  0.70014:     93.8: -40.18180:     67063
    252:   169:    156.1: -0.09661:  0.79743:    134.8: -34.23410:     67232
    253:   171:    155.5:  0.34388:  0.83523:    142.8: -28.17555:     67403
    254:   105:    153.9:  0.26891:  0.60402:     63.4: -41.57785:     67508
    255:   238:    158.5:  1.84373:  0.79073:    188.2: -49.80603:     67746
    256:   203:    162.2:  2.79901:  0.75313:    152.9: -50.11546:     67949
    257:   149:    166.5:  4.46270:  0.75687:    112.8: -36.22668:     68098
    258:   130:    163.2: -0.00700:  0.75107:     97.6: -32.36060:     68228
    259:   121:    157.0:  0.04216:  0.64858:     78.5: -42.52224:     68349
    260:    89:    150.9:  0.96603:  0.74104:     66.0: -23.04707:     68438
    261:   136:    151.1:  0.46196:  0.76499:    104.0: -31.96114:     68574
    262:   146:    148.8:  2.78284:  0.81081:    118.4: -27.62246:     68720
    263:   275:    159.2: -0.79420:  0.83653:    230.0: -44.95454:     68995
    264:   108:    159.5:  1.76241:  0.59658:     64.4: -43.56973:     69103
    265:   117:    147.4: -1.31367:  0.68131:     79.7: -37.28622:     69220
    266:   158:    142.9: -0.79548:  0.80403:    127.0: -30.96275:     69378
    267:   165:    144.5:  1.09817:  0.82159:    135.6: -29.43707:     69543
    268:   127:    144.2:  1.18061:  0.69129:     87.8: -39.20569:     69670
    269:   121:    144.2:  3.04120:  0.73035:     88.4: -32.62819:     69791
    270:   110:    146.3:  0.23504:  0.61965:     68.2: -41.83801:     69901
    271:   216:    154.3:  0.69161:  0.78443:    169.4: -46.56313:     70117
    272:   118:    151.5:  0.01368:  0.67710:     79.9: -38.10211:     70235
    273:   272:    151.2:  4.54936:  0.85333:    232.1: -39.89325:     70507
    274:   125:    152.9: -0.59421:  0.77995:     97.5: -27.50684:     70632
    275:   106:    151.8:  5.77278:  0.45416:     48.1: -57.85935:     70738
    276:   174:    153.4: -0.51228:  0.75988:    132.2: -41.78136:     70912
    277:   141:    151.0:  1.03881:  0.73276:    103.3: -37.68056:     71053
    278:   110:    149.3:  0.06052:  0.74934:     82.4: -27.57208:     71163
    279:   101:    147.3:  0.29860:  0.66571:     67.2: -33.76365:     71264
    280:   143:    150.6:  3.58675:  0.66610:     95.3: -47.74789:     71407
    281:   129:    141.9: -0.14586:  0.78730:    101.6: -27.43801:     71536
    282:   117:    141.8:  0.08411:  0.72569:     84.9: -32.09457:     71653
    283:   224:    137.0:  0.61240:  0.81916:    183.5: -40.50900:     71877
    284:   160:    140.5: -0.00520:  0.77959:    124.7: -35.26566:     72037
    285:   204:    150.3:  0.87765:  0.83754:    170.9: -33.14197:     72241
    286:   209:    153.8:  0.42488:  0.80457:    168.2: -40.84586:     72450
    287:   299:    169.6: -1.31480:  0.84876:    253.8: -45.22079:     72749
    288:   141:    172.7:  0.26245:  0.74998:    105.7: -35.25247:     72890
    289:   140:    176.6:  1.22436:  0.80832:    113.2: -26.83533:     73030
    290:   124:    174.7:  0.71714:  0.68258:     84.6: -39.36021:     73154
    291:   140:    175.8: -0.82014:  0.67902:     95.1: -44.93774:     73294
    292:   136:    177.7:  2.47741:  0.76274:    103.7: -32.26675:     73430
    293:   139:    169.2:  1.78538:  0.75516:    105.0: -34.03288:     73569
    294:   167:    169.9:  0.44912:  0.79470:    132.7: -34.28516:     73736
    295:   144:    163.9:  0.90718:  0.72906:    105.0: -39.01466:     73880
    296:   128:    155.8:  1.94041:  0.74515:     95.4: -32.62048:     74008
    297:   145:    140.4: -0.12206:  0.75384:    109.3: -35.69324:     74153
    298:   161:    142.4: -0.93452:  0.69016:    111.1: -49.88430:     74314
    299:   241:    152.5:  2.98652:  0.81031:    195.3: -45.71509:     74555
    300:   120:    152.1:  5.20175:  0.52849:     63.4: -56.58136:     74675
    301:   130:    151.1:  3.91138:  0.71846:     93.4: -36.60027:     74805
    302:   168:    154.3: -1.44064:  0.70336:    118.2: -49.83602:     74973
    303:   127:    153.1:  2.55308:  0.58437:     74.2: -52.78486:     75100
    304:   169:    153.3: -0.90352:  0.69330:    117.2: -51.83165:     75269
    305:   125:    151.4: -0.11637:  0.66137:     82.7: -42.32824:     75394
    306:   176:    156.2:  1.56942:  0.64792:    114.0: -61.96588:     75570
    307:   124:    154.1: -1.64021:  0.61605:     76.4: -47.61017:     75694
    308:   127:    150.7:  0.81575:  0.66014:     83.8: -43.16173:     75821
    309:   144:    141.0:  4.27973:  0.70668:    101.8: -42.23745:     75965
    310:   161:    145.1:  0.23880:  0.55938:     90.1: -70.93961:     76126
    311:    77:    139.8:  3.50198:  0.71312:     54.9: -22.08963:     76203
    312:   238:    146.8:  0.55780:  0.77400:    184.2: -53.78831:     76441
    313:   156:    149.7: -0.59856:  0.65350:    101.9: -54.05421:     76597
    314:   135:    146.3:  0.09504:  0.67424:     91.0: -43.97751:     76732
    315:   199:    153.7:  0.81325:  0.83962:    167.1: -31.91565:     76931
    316:   137:    149.8:  1.84227:  0.65934:     90.3: -46.67100:     77068
    317:   143:    151.7:  1.44009:  0.67256:     96.2: -46.82336:     77211
    318:   153:    154.3: -0.57021:  0.73304:    112.2: -40.84419:     77364
    319:   187:    158.6:  2.03445:  0.75653:    141.5: -45.52852:     77551
    320:   140:    156.5:  1.11036:  0.58592:     82.0: -57.97050:     77691
    321:   120:    160.8:  4.94392:  0.64502:     77.4: -42.59709:     77811
    322:    92:    146.2:  2.11333:  0.64341:     59.2: -32.80624:     77903
    323:   155:    146.1:  3.44017:  0.70534:    109.3: -45.67171:     78058
    324:   160:    148.6: -1.25595:  0.54077:     86.5: -73.47659:     78218
    325:   229:    151.6:  0.04841:  0.81268:    186.1: -42.89694:     78447
    326:   116:    149.5:  0.04219:  0.65711:     76.2: -39.77509:     78563
    327:   142:    149.4: -0.67641:  0.63760:     90.5: -51.46049:     78705
    328:   219:    156.0:  0.95881:  0.86056:    188.5: -30.53790:     78924
    329:    95:    146.8:  0.62102:  0.62830:     59.7: -35.31108:     79019
    330:   251:    157.9:  3.72283:  0.73899:    185.5: -65.51334:     79270
    331:   126:    158.5:  0.87394:  0.69147:     87.1: -38.87508:     79396
    332:   167:    166.0: -1.40491:  0.70759:    118.2: -48.83207:     79563
    333:   166:    167.1: -1.37749:  0.70985:    117.8: -48.16501:     79729
    334:   110:    162.1:  1.98507:  0.71115:     78.2: -31.77332:     79839
    335:    84:    147.6:  1.30309:  0.53125:     44.6: -39.37529:     79923
    336:   139:    149.9:  1.81794:  0.74961:    104.2: -34.80432:     80062
    337:   145:    150.2:  1.30734:  0.75642:    109.7: -35.31898:     80207
    338:   222:    150.5:  0.60822:  0.74795:    166.0: -55.95526:     80429
    339:   105:    151.5: -0.40236:  0.61956:     65.1: -39.94627:     80534
    340:    95:    135.9: -1.11670:  0.52003:     49.4: -45.59726:     80629
    341:   168:    140.1: -1.02758:  0.68173:    114.5: -53.47002:     80797
    342:   140:    137.4:  1.26559:  0.77234:    108.1: -31.87227:     80937
    343:   437:    164.5:  0.58837:  0.91058:    397.9: -39.07596:     81374
    344:   197:    173.2: -0.51733:  0.79801:    157.2: -39.79208:     81571
    345:   281:    192.9:  1.67516:  0.89348:    251.1: -29.93179:     81852
    346:   242:    203.2:  1.64199:  0.83329:    201.7: -40.34326:     82094
    347:   101:    198.8:  4.31900:  0.62063:     62.7: -38.31673:     82195
    348:   103:    186.9:  3.29498:  0.60019:     61.8: -41.18013:     82298
    349:   379:    214.3: -1.08266:  0.88913:    337.0: -42.02115:     82677
    350:   233:    228.1: -0.44294:  0.68419:    159.4: -73.58432:     82910
    351:   180:    229.3:  0.34493:  0.72342:    130.2: -49.78491:     83090
    352:   130:    228.3:  4.87802:  0.65652:     85.3: -44.65224:     83220
    353:   274:    212.0:  0.54224:  0.84686:    232.0: -41.96048:     83494
    354:   208:    213.1:  0.61222:  0.72133:    150.0: -57.96236:     83702
    355:   253:    210.3: -0.39097:  0.86559:    219.0: -34.00517:     83955
    356:   581:    244.2:  0.84449:  0.94113:    546.8: -34.20264:     84536
    357:   159:    250.0:  3.77878:  0.81107:    129.0: -30.03952:     84695
    358:   297:    269.4: -0.63326:  0.85718:    254.6: -42.41811:     84992
    359:   159:    247.4:  0.40371:  0.70650:    112.3: -46.66573:     85151
    360:   136:    237.7: -1.14501:  0.72254:     98.3: -37.73484:     85287
    361:   420:    261.7:  0.10953:  0.90578:    380.4: -39.57129:     85707
    362:   104:    259.1: -0.52406:  0.69944:     72.7: -31.25836:     85811
    363:   246:    256.3:  7.17437:  0.87211:    214.5: -31.45981:     86057
    364:   274:    262.9: -0.79858:  0.80616:    220.9: -53.11296:     86331
    365:   237:    261.3:  2.13675:  0.79433:    188.3: -48.74336:     86568
    366:   305:    233.7:  0.09093:  0.87182:    265.9: -39.09601:     86873
    367:   117:    229.5:  0.45572:  0.79877:     93.5: -23.54350:     86990
    368:   171:    216.9:  1.07759:  0.77038:    131.7: -39.26582:     87161
    369:   314:    232.4:  2.35939:  0.86615:    272.0: -42.03040:     87475
    370:   297:    248.5:  0.18261:  0.86051:    255.6: -41.42781:     87772
    371:   124:    218.9: -1.11935:  0.72941:     90.4: -33.55270:     87896
    372:   250:    233.5:  0.10397:  0.84108:    210.3: -39.73122:     88146
    373:   226:    231.5:  1.38330:  0.88031:    199.0: -27.04926:     88372
    374:   176:    221.7:  2.03159:  0.71198:    125.3: -50.69106:     88548
    375:   379:    235.9:  0.91723:  0.87864:    333.0: -45.99612:     88927
    376:   634:    268.8:  3.76241:  0.95558:    605.8: -28.16028:     89561
    377:   591:    316.2:  1.31607:  0.93265:    551.2: -39.80194:     90152
    378:   522:    351.3:  0.20143:  0.92432:    482.5: -39.50253:     90674
    379:   393:    359.2:  1.53177:  0.90640:    356.2: -36.78540:     91067
    380:   223:    351.8:  1.57243:  0.88116:    196.5: -26.50072:     91290
    381:   668:    406.2: -0.02260:  0.94623:    632.1: -35.91870:     91958
    382:   146:    395.8:  1.73370:  0.72498:    105.8: -40.15270:     92104
    383:  1103:    483.5: -0.64692:  0.96758:   1067.2: -35.75854:     93207
    384:   692:    535.1:  0.94450:  0.95799:    662.9: -29.07312:     93899
    385:   904:    587.6:  2.15979:  0.97073:    877.5: -26.46021:     94803
    386:   338:    558.0:  1.73623:  0.89265:    301.7: -36.28275:     95141
    387:   261:    525.0:  1.76944:  0.90007:    234.9: -26.08301:     95402
    388:   172:    490.0:  0.95878:  0.84238:    144.9: -27.11092:     95574
    389:   289:    479.6: -1.77143:  0.87424:    252.7: -36.34602:     95863
    390:   289:    486.2:  1.89043:  0.88476:    255.7: -33.30533:     96152
    391:   240:    443.4:  0.59736:  0.84746:    203.4: -36.61005:     96392
    392:   296:    458.4:  4.93265:  0.87049:    257.7: -38.33499:     96688
    393:   565:    404.6:  2.92886:  0.93970:    530.9: -34.07031:     97253
    394:   408:    376.2: -0.15589:  0.90038:    367.4: -40.64545:     97661
    395:   516:    337.4:  2.63932:  0.94584:    488.1: -27.94769:     98177
    396:   163:    319.9: -0.37527:  0.78009:    127.2: -35.84501:     98340
    397:   339:    327.7:  0.67008:  0.91313:    309.6: -29.44724:     98679
    398:   419:    352.4:  1.41629:  0.92578:    387.9: -31.09943:     99098
    399:   984:    421.9:  1.37963:  0.96099:    945.6: -38.38965:    100082
    400:   306:    423.6:  1.56046:  0.87622:    268.1: -37.87631:    100388
    401:   272:    426.8: -0.55715:  0.84925:    231.0: -41.00534:    100660
    402:   134:    410.6: -0.74494:  0.73128:     98.0: -36.00787:    100794
    403:   314:    385.5:  1.82082:  0.89886:    282.2: -31.75671:    101108
    404:   226:    367.3:  2.76317:  0.86234:    194.9: -31.11172:    101334
    405:   337:    349.4:  2.88680:  0.92752:    312.6: -24.42511:    101671
    406:   561:    389.2:  2.50277:  0.94978:    532.8: -28.17395:    102232
    407:   273:    382.6:  2.91912:  0.90445:    246.9: -26.08452:    102505
    408:   410:    381.7: -0.03556:  0.91769:    376.3: -33.74728:    102915
    409:   636:    346.9:  2.38216:  0.96180:    611.7: -24.29431:    103551
    410:   308:    347.1:  1.50432:  0.91355:    281.4: -26.62756:    103859
    411:   355:    355.4:  0.83447:  0.87759:    311.5: -43.45657:    104214
    412:   135:    355.5: -0.20244:  0.80662:    108.9: -26.10679:    104349
    413:   160:    340.1: -0.04432:  0.82918:    132.7: -27.33121:    104509
    414:   238:    341.3: -0.14034:  0.88565:    210.8: -27.21602:    104747
    415:   154:    323.0:  1.29050:  0.81975:    126.2: -27.75898:    104901
    416:   151:    282.0:  0.42285:  0.80072:    120.9: -30.09153:    105052
    417:   164:    271.1:  0.52320:  0.86293:    141.5: -22.47984:    105216
    418:   204:    250.5:  3.54638:  0.88103:    179.7: -24.26889:    105420
    419:   149:    201.8: -0.29323:  0.77558:    115.6: -33.43913:    105569
    420:   191:    190.1:  0.49726:  0.86793:    165.8: -25.22542:    105760
    421:   219:    176.5:  0.76370:  0.85113:    186.4: -32.60161:    105979
    422:   173:    180.3:  0.78207:  0.74332:    128.6: -44.40620:    106152
    423:   261:    190.4:  1.20620:  0.88820:    231.8: -29.17958:    106413
    424:   185:    185.1:  3.49189:  0.85320:    157.8: -27.15773:    106598
    425:   195:    189.2: -0.31751:  0.84579:    164.9: -30.07158:    106793
    426:   182:    192.3:  2.02910:  0.87080:    158.5: -23.51514:    106975
    427:   261:    202.0:  1.82652:  0.89554:    233.7: -27.26343:    107236
    428:   432:    224.8:  2.45156:  0.94336:    407.5: -24.47021:    107668
    429:   151:    225.0:  2.83231:  0.82992:    125.3: -25.68282:    107819
    430:   481:    254.0:  0.62234:  0.92366:    444.3: -36.72116:    108300
    431:   440:    276.1: -0.18749:  0.92664:    407.7: -32.27972:    108740
    432:   203:    279.1:  0.24835:  0.86056:    174.7: -28.30638:    108943
    433:   491:    302.1:  1.31446:  0.95061:    466.7: -24.25076:    109434
    434:   409:    324.5:  0.93107:  0.93800:    383.6: -25.35892:    109843
    435:  1296:    434.6: -0.19385:  0.96352:   1248.7: -47.27930:    111139
    436:   770:    493.4:  2.43768:  0.95307:    733.9: -36.13849:    111909
    437:   723:    539.6:  4.87480:  0.94489:    683.2: -39.84283:    112632
    438:   482:    544.6:  1.10042:  0.95680:    461.2: -20.82336:    113114
    439:  1023:    631.8:  0.91919:  0.96738:    989.6: -33.37067:    114137
    440:   817:    665.4:  2.08233:  0.95311:    778.7: -38.30560:    114954
    441:   485:    669.9:  1.23605:  0.90493:    438.9: -46.10938:    115439
    442:  2021:    851.7:  2.57292:  0.98119:   1983.0: -38.01440:    117460
    443:   628:    865.4:  0.16814:  0.95017:    596.7: -31.29016:    118088
    444:   678:    892.3:  2.25538:  0.94860:    643.2: -34.84723:    118766
    445:   544:    817.1: -0.30631:  0.94412:    513.6: -30.40137:    119310
    446:   176:    757.7:  0.25160:  0.82042:    144.4: -31.60608:    119486
    447:   433:    728.7:  3.75178:  0.94145:    407.6: -25.35345:    119919
    448:  1580:    838.5: -0.74884:  0.98248:   1552.3: -27.68762:    121499
    449:   810:    817.2:  0.00434:  0.96857:    784.5: -25.45984:    122309
    450:  1400:    875.5:  0.06025:  0.97811:   1369.4: -30.64075:    123709
    451:   956:    922.6:  0.03047:  0.97295:    930.1: -25.85931:    124665
    452:  1644:    884.9:  0.60163:  0.98524:   1619.7: -24.26697:    126309
    453:   567:    878.8:  0.90371:  0.93816:    531.9: -35.06458:    126876
    454:   390:    850.0:  0.88094:  0.93117:    363.2: -26.84244:    127266
    455:   289:    824.5:  1.02144:  0.90839:    262.5: -26.47504:    127555
    456:   322:    839.1:  1.55448:  0.91396:    294.3: -27.70465:    127877
    457:   371:    832.9:  1.82157:  0.93516:    346.9: -24.05508:    128248
    458:   246:    699.5:  1.05681:  0.88484:    217.7: -28.33034:    128494
    459:   132:    631.7:  2.10921:  0.80660:    106.5: -25.52854:    128626
    460:   733:    565.0:  1.51752:  0.95930:    703.2: -29.83466:    129359
    461:   612:    530.6:  0.89500:  0.95462:    584.2: -27.77191:    129971
    462:  1700:    536.2:  2.12001:  0.97948:   1665.1: -34.88611:    131671
    463:   524:    531.9:  2.84911:  0.94649:    496.0: -28.03842:    132195
    464:   322:    525.1:  2.44329:  0.92090:    296.5: -25.47101:    132517
    465:  1670:    663.2:  1.08956:  0.98823:   1650.3: -19.66064:    134187
    466:  1727:    803.7:  2.33674:  0.98443:   1700.1: -26.88806:    135914
    467:   790:    845.6:  1.97810:  0.96606:    763.2: -26.80951:    136704
    468:   920:    913.0:  2.28578:  0.96002:    883.2: -36.77765:    137624
    469:   360:    935.8:  0.78945:  0.95335:    343.2: -16.79434:    137984
    470:   180:    880.5:  0.65249:  0.84752:    152.6: -27.44588:    138164
    471:   832:    902.5: -0.04877:  0.94895:    789.5: -42.47003:    138996
    472:   492:    781.7:  2.03376:  0.95496:    469.8: -22.16162:    139488
    473:   261:    755.4:  0.76602:  0.89124:    232.6: -28.38547:    139749
    474:   977:    820.9: -0.30499:  0.96746:    945.2: -31.78955:    140726
    475:   379:    691.8:  2.57691:  0.91500:    346.8: -32.21362:    141105
    476:  2047:    723.8: -0.43972:  0.98338:   2013.0: -34.03064:    143152
    477:   786:    723.4: -0.09591:  0.97113:    763.3: -22.69110:    143938
    478:   283:    659.7:  2.68248:  0.92567:    262.0: -21.03598:    144221
    479:   388:    662.5:  0.53576:  0.95721:    371.4: -16.60315:    144609
    480:   906:    735.1: -0.24940:  0.96883:    877.8: -28.23615:    145515
    481:   883:    740.2:  1.83093:  0.95890:    846.7: -36.28967:    146398
    482:   560:    747.0:  0.42481:  0.96877:    542.5: -17.49072:    146958
    483:  4233:   1144.2:  0.02089:  0.99296:   4203.2: -29.81885:    151191
    484:  1462:   1192.7:  1.95705:  0.97635:   1427.4: -34.57056:    152653
    485:   795:   1234.3:  2.58806:  0.96650:    768.4: -26.63037:    153448
    486:  4865:   1516.1: -0.87380:  0.99256:   4828.8: -36.21094:    158313
    487:   308:   1468.3:  1.45632:  0.87646:    269.9: -38.05066:    158621
    488:  1062:   1546.2: -0.28176:  0.97434:   1034.7: -27.25208:    159683
    489:  1793:   1686.7: -0.27407:  0.98686:   1769.4: -23.55627:    161476
    490:   299:   1626.0:  2.07401:  0.91314:    273.0: -25.97232:    161775
    491:  2923:   1830.0: -0.09483:  0.99278:   2901.9: -21.11426:    164698
    492:   425:   1816.5:  1.58130:  0.94344:    401.0: -24.03796:    165123
    493:   317:   1424.9:  0.62882:  0.94895:    300.8: -16.18231:    165440
    494:   399:   1318.6:  2.50842:  0.93357:    372.5: -26.50629:    165839
    495:  1219:   1361.0:  1.11381:  0.97835:   1192.6: -26.39648:    167058
    496:   655:    940.0:  0.14148:  0.95576:    626.0: -28.97479:    167713
    497:   761:    985.3: -0.06112:  0.97023:    738.3: -22.65839:    168474
    498:   925:    971.6:  1.18215:  0.96947:    896.8: -28.23828:    169399
    499:  2247:   1017.0: -0.36495:  0.98684:   2217.4: -29.57324:    171646
    500:   444:   1031.5: -0.94308:  0.85854:    381.2: -62.80951:    172090
    501:   509:    790.1:  0.24494:  0.87051:    443.1: -65.90961:    172599
    502:  3406:   1088.2: -0.33244:  0.99371:   3384.6: -21.43115:    176005
    503:  1186:   1175.1:  0.79026:  0.97103:   1151.6: -34.36316:    177191
    504:  1009:   1236.1:  0.34414:  0.97425:    983.0: -25.98047:    178200
    505:   428:   1157.0:  1.98137:  0.93678:    400.9: -27.05707:    178628
    506:   999:   1191.4:  0.06716:  0.96998:    969.0: -29.98560:    179627
    507:  5453:   1660.6:  1.43819:  0.99640:   5433.3: -19.65771:    185080
    508:   527:   1620.8:  2.02104:  0.96859:    510.4: -16.55127:    185607
    509:   410:   1437.1:  1.64832:  0.96100:    394.0: -15.98819:    186017
    510:   725:   1465.2:  0.93986:  0.95527:    692.6: -32.42780:    186742
    511:  1854:   1599.7:  2.14506:  0.98930:   1834.2: -19.84485:    188596
    512:   363:   1295.4:  2.39323:  0.91932:    333.7: -29.28845:    188959
    513:  1778:   1354.6:  2.07848:  0.98593:   1753.0: -25.00830:    190737
    514:  5687:   1822.4:  1.32597:  0.99616:   5665.1: -21.85693:    196424
    515:  3935:   2173.1:  1.65755:  0.99446:   3913.2: -21.80737:    200359
    516:  4610:   2534.2:  1.50045:  0.99549:   4589.2: -20.76904:    204969
    517:   841:   2073.0: -0.15006:  0.97149:    817.0: -23.97931:    205810
    518:  1965:   2216.8: -0.11862:  0.98749:   1940.4: -24.57874:    207775
    519:  2073:   2383.1:  1.48736:  0.98907:   2050.3: -22.65552:    209848
    520:   204:   2331.0:  2.69415:  0.89442:    182.5: -21.53757:    210052
    521:   701:   2215.7: -0.24715:  0.95237:    667.6: -33.38733:    210753
    522:  3440:   2523.4:  3.04721:  0.99035:   3406.8: -33.19116:    214193
    523:  1998:   2545.4:  0.76624:  0.98733:   1972.7: -25.30859:    216191
    524:   343:   2011.0:  1.07418:  0.93541:    320.8: -22.15433:    216534
    525:   387:   1656.2:  1.75138:  0.94490:    365.7: -21.32278:    216921
    526:   576:   1252.8:  1.77929:  0.97551:    561.9: -14.10852:    217497
    527:   506:   1219.3:  0.33093:  0.95613:    483.8: -22.19730:    218003
    528:   933:   1116.1:  0.81303:  0.96809:    903.2: -29.76971:    218936
    529:  1133:   1022.1:  1.18135:  0.98296:   1113.7: -19.30603:    220069
    530:   759:   1077.6:  1.52098:  0.97749:    741.9: -17.08185:    220828
    531:   591:   1066.6:  3.43626:  0.96910:    572.7: -18.26245:    221419
    532:   463:    768.9:  1.08572:  0.94213:    436.2: -26.79599:    221882
    533:  1253:    694.4:  1.56830:  0.97317:   1219.4: -33.62134:    223135
    534:  1451:    805.2:  0.54963:  0.97809:   1419.2: -31.78638:    224586
    535:  1457:    912.2: -0.00095:  0.98574:   1436.2: -20.78052:    226043
    536:   940:    948.6:  1.51533:  0.97538:    916.9: -23.13831:    226983
    537:  1002:    998.2: -0.42545:  0.97386:    975.8: -26.18951:    227985
    538:  1917:   1096.6:  3.10455:  0.99274:   1903.1: -13.91113:    229902
    539:  1813:   1164.6:  0.91783:  0.98067:   1778.0: -35.03638:    231715
    540:  2946:   1383.3:  1.57337:  0.99065:   2918.5: -27.54126:    234661
    541:  1301:   1454.3:  1.81911:  0.98571:   1282.4: -18.59045:    235962
    542:  1015:   1509.5:  0.01801:  0.97844:    993.1: -21.88696:    236977
    543:  1707:   1554.9:  1.40158:  0.98700:   1684.8: -22.18921:    238684
    544:  1044:   1514.2:  0.75359:  0.97799:   1021.0: -22.97791:    239728
    545:   412:   1409.7:  3.06627:  0.94263:    388.4: -23.63846:    240140
    546:   352:   1350.9: -0.75360:  0.91941:    323.6: -28.36804:    240492
    547:  2064:   1457.1:  0.56709:  0.98652:   2036.2: -27.81860:    242556
    548:  1511:   1416.5: -0.11444:  0.97730:   1476.7: -34.30432:    244067
    549:  2827:   1517.9:  1.29934:  0.99314:   2807.6: -19.38062:    246894
    550:   272:   1250.5:  1.42783:  0.92004:    250.2: -21.75005:    247166
    551:  3917:   1512.1:  1.49496:  0.99390:   3893.1: -23.87671:    251083
    552:  2692:   1679.8:  2.11327:  0.98643:   2655.5: -36.51733:    253775
    553:  1383:   1647.4:  0.78313:  0.98391:   1360.8: -22.24963:    255158
    554:   323:   1575.3:  0.35482:  0.90269:    291.6: -31.43204:    255481
    555:   682:   1602.3:  0.88118:  0.95681:    652.5: -29.45709:    256163
    556:  3900:   1957.1:  2.23242:  0.99362:   3875.1: -24.88477:    260063
    557:   874:   1838.1:  1.70167:  0.96796:    846.0: -28.00067:    260937
    558:   794:   1766.4:  1.99840:  0.97139:    771.3: -22.71954:    261731
    559:   592:   1542.9:  0.00376:  0.95550:    565.7: -26.34467:    262323
    560:  4763:   1992.0:  1.46213:  0.99671:   4747.3: -15.65381:    267086
    561:   512:   1651.5:  1.26665:  0.95941:    491.2: -20.78000:    267598
    562:   265:   1408.8:  0.44575:  0.88548:    234.7: -30.34875:    267863
    563:   256:   1296.1:  1.18237:  0.93559:    239.5: -16.48853:    268119
    564:   501:   1313.9:  1.50281:  0.96426:    483.1: -17.90576:    268620
    565:  9753:   2221.0:  0.62278:  0.99807:   9734.2: -18.81934:    278373
    566:  2330:   2064.0:  3.09246:  0.98962:   2305.8: -24.19043:    280703
    567:  9112:   2887.8:  2.68384:  0.99663:   9081.3: -30.69141:    289815
    568:   429:   2851.3:  0.00548:  0.94390:    404.9: -24.06812:    290244
    569:  1354:   2927.5:  1.33532:  0.98228:   1330.0: -23.99683:    291598
    570:  1029:   2554.1:  1.81265:  0.98242:   1010.9: -18.08789:    292627
    571:  3935:   2896.4:  1.42077:  0.99204:   3903.7: -31.31104:    296562
    572:  1503:   3020.2:  0.65895:  0.98116:   1474.7: -28.31067:    298065
    573:   459:   3040.5: -0.81610:  0.92913:    426.5: -32.52798:    298524
    574:  1331:   3123.5:  1.54609:  0.98121:   1306.0: -25.00293:    299855
    575:   662:   2214.4: -0.38097:  0.95621:    633.0: -28.98737:    300517
    576:  1431:   2124.5:  1.51354:  0.98084:   1403.6: -27.41809:    301948
    577:   739:   1287.2:  2.87496:  0.97071:    717.4: -21.64221:    302687
    578:  3435:   1587.8:  1.40163:  0.99108:   3404.3: -30.65137:    306122
    579:   277:   1480.1:  1.17145:  0.90983:    252.0: -24.97633:    306399
    580:   508:   1428.0:  1.06065:  0.95209:    483.7: -24.33578:    306907
    581:   497:   1084.2:  0.34099:  0.96248:    478.4: -18.64636:    307404
    582:   960:   1029.9:  1.45915:  0.96936:    930.6: -29.40985:    308364
    583:   733:   1057.3:  3.54614:  0.96589:    708.0: -25.00012:    309097
    584:  1723:   1096.5:  1.48707:  0.98470:   1696.6: -26.36523:    310820
    585:  1188:   1149.1:  1.03616:  0.98056:   1164.9: -23.09692:    312008
    586:  1362:   1142.2:  3.20371:  0.97928:   1333.8: -28.22546:    313370
    587:  1077:   1176.0:  2.42427:  0.98180:   1057.4: -19.59778:    314447
    588:  1886:   1021.1:  0.56640:  0.98685:   1861.2: -24.80188:    316333
    589:  1598:   1153.2:  0.08767:  0.97793:   1562.7: -35.27051:    317931
    590:   597:   1162.1:  1.19503:  0.94401:    563.6: -33.42310:    318528
    591:  1930:   1305.4: -0.09815:  0.97986:   1891.1: -38.86365:    320458
    592:  1451:   1354.5:  2.64133:  0.97420:   1413.6: -37.44299:    321909
    593:   288:   1310.0:  0.60438:  0.88825:    255.8: -32.18265:    322197
    594:   480:   1185.7:  3.54365:  0.93279:    447.7: -32.26099:    322677
    595:  1315:   1198.4:  3.06156:  0.97665:   1284.3: -30.71069:    323992
    596:   818:   1144.0: -0.95628:  0.95204:    778.8: -39.22894:    324810
    597:  3394:   1375.7:  4.06179:  0.99207:   3367.1: -26.91113:    328204
    598:   673:   1254.4:  1.03579:  0.95522:    642.9: -30.13788:    328877
    599:  1326:   1227.2:  1.27565:  0.97197:   1288.8: -37.16296:    330203
    600:   583:   1225.8:  1.34510:  0.95460:    556.5: -26.46918:    330786
    601:   326:   1065.4:  2.01925:  0.92045:    300.1: -25.93457:    331112
    602:   336:    953.9:  3.88644:  0.89093:    299.4: -36.64896:    331448
    603:  1318:   1056.9:  1.27110:  0.97469:   1284.6: -33.36365:    332766
    604:  1261:   1135.0: -0.46148:  0.97836:   1233.7: -27.28784:    334027
    605:   932:   1096.7:  0.41491:  0.96516:    899.5: -32.47302:    334959
    606:   481:   1063.0:  0.35376:  0.95112:    457.5: -23.51114:    335440
    607:  6012:   1324.8:  0.62473:  0.99569:   5986.1: -25.89307:    341452
    608:  1644:   1421.9:  0.68662:  0.98560:   1620.3: -23.67554:    343096
    609:  6966:   1985.9:  1.06687:  0.99503:   6931.4: -34.61670:    350062
    610:  3021:   2229.7:  0.58622:  0.98969:   2989.9: -31.14453:    353083
    611:  3231:   2520.2:  0.30488:  0.98899:   3195.4: -35.56860:    356314
    612:   357:   2522.3:  1.04574:  0.92871:    331.5: -25.45178:    356671
    613:  1662:   2556.7: -0.45719:  0.97682:   1623.5: -38.52161:    358333
    614:   695:   2500.1:  0.77288:  0.95650:    664.8: -30.23285:    359028
    615:  2601:   2667.0:  0.74637:  0.98911:   2572.7: -28.31885:    361629
    616:  1733:   2792.2:  0.78505:  0.98951:   1714.8: -18.18591:    363362
    617:  3755:   2566.5:  1.58093:  0.99299:   3728.7: -26.31909:    367117
    618:  3310:   2733.1:  0.95888:  0.98727:   3267.8: -42.15186:    370427
    619:   764:   2112.9:  0.22198:  0.96679:    738.6: -25.36890:    371191
    620:   995:   1910.3:  1.41956:  0.97025:    965.4: -29.60602:    372186
    621:  1669:   1754.1:  2.35350:  0.98437:   1642.9: -26.08472:    373855
    622:   258:   1744.2:  0.39324:  0.89661:    231.3: -26.67424:    374113
    623:   471:   1625.1:  0.72694:  0.93453:    440.2: -30.83508:    374584
    624:  1052:   1660.8:  1.39116:  0.97537:   1026.1: -25.91309:    375636
    625:   890:   1489.7:  1.27682:  0.95788:    852.5: -37.48688:    376526
    626:   814:   1397.8:  2.79571:  0.97560:    794.1: -19.86115:    377340
    627:  1052:   1127.5:  1.90313:  0.97407:   1024.7: -27.28186:    378392
    628:   386:    835.1:  1.19526:  0.95109:    367.1: -18.87936:    378778
    629:  2010:    959.7:  1.45624:  0.98856:   1987.0: -22.99634:    380788
    630:   567:    916.9:  0.55683:  0.94920:    538.2: -28.80133:    381355
    631:   426:    792.6:  2.17385:  0.94991:    404.7: -21.33670:    381781
    632:  3968:   1163.6:  2.56692:  0.99431:   3945.4: -22.58423:    385749
    633:   413:   1157.8:  0.04966:  0.95735:    395.4: -17.61603:    386162
    634:  1284:   1181.0:  2.73313:  0.97553:   1252.6: -31.41541:    387446
    635:  2417:   1333.7:  1.01673:  0.98977:   2392.3: -24.73560:    389863
    636:  1563:   1408.6:  1.52653:  0.98557:   1540.4: -22.55359:    391426
    637:  1501:   1453.5: -0.05792:  0.98529:   1478.9: -22.07373:    392927
    638:   766:   1491.5:  2.10096:  0.95969:    735.1: -30.87756:    393693
    639:   204:   1310.9:  0.93417:  0.90146:    183.9: -20.10182:    393897
    640:   469:   1301.1:  0.99792:  0.94825:    444.7: -24.27167:    394366
    641:   697:   1328.2:  1.37238:  0.95943:    668.7: -28.27881:    395063
    642:   236:    955.0:  1.26183:  0.88208:    208.2: -27.82860:    395299
    643:  1907:   1104.4:  0.68201:  0.99261:   1892.9: -14.09912:    397206
    644:  1831:   1159.1:  0.41430:  0.98345:   1800.7: -30.30530:    399037
    645:   589:    976.3: -0.17695:  0.96172:    566.5: -22.54529:    399626
    646:   353:    855.3:  0.59936:  0.95035:    335.5: -17.52655:    399979
    647:  1725:    877.7:  0.75266:  0.99167:   1710.6: -14.36755:    401704
    648:   559:    857.0:  2.25127:  0.96904:    541.7: -17.30804:    402263
    649:   375:    874.1:  0.29486:  0.94184:    353.2: -21.80911:    402638
    650:   429:    870.1:  0.33072:  0.94112:    403.7: -25.25803:    403067
    651:   204:    820.8:  3.09384:  0.87700:    178.9: -25.09125:    403271
