episodes:steps:mean_steps(10):rwd:mean_rwd:rwd_sum:rwd_sum-?*step:iter
      0:   256:     25.6:-10.00000:  0.76414:    195.6: -60.37901:       256
      1:   327:     58.3:-10.00000:  0.81437:    266.3: -60.69980:       583
      2:   389:     97.2:-10.00000:  0.79873:    310.7: -78.29544:       972
      3:   151:    112.3:-10.00000:  0.72010:    108.7: -42.26537:      1123
      4:   217:    134.0:-10.00000:  0.66500:    144.3: -72.69473:      1340
      5:   325:    166.5:-10.00000:  0.81595:    265.2: -59.81711:      1665
      6:   292:    195.7:-10.00000:  0.82459:    240.8: -51.22037:      1957
      7:   356:    231.3:-10.00000:  0.83372:    296.8: -59.19669:      2313
      8:   129:    244.2:-10.00000:  0.65400:     84.4: -44.63418:      2442
      9:   448:    289.0:-10.00000:  0.83098:    372.3: -75.72223:      2890
     10:   268:    290.2:-10.00000:  0.74983:    201.0: -67.04483:      3158
     11:   142:    271.7:-10.00000:  0.67011:     95.2: -46.84459:      3300
     12:   263:    259.1:-10.00000:  0.80954:    212.9: -50.09117:      3563
     13:   307:    274.7:-10.00000:  0.76366:    234.4: -72.55511:      3870
     14:   260:    279.0:-10.00000:  0.83677:    217.6: -42.43910:      4130
     15:   687:    315.2:-10.00000:  0.91499:    628.6: -58.39874:      4817
     16:   281:    314.1:-10.00000:  0.81781:    229.8: -51.19633:      5098
     17:   184:    296.9:-10.00000:  0.74890:    137.8: -46.20232:      5282
     18:   265:    310.5:-10.00000:  0.75800:    200.9: -64.12886:      5547
     19:   287:    294.4:-10.00000:  0.82027:    235.4: -51.58177:      5834
     20:   313:    298.9:-10.00000:  0.83899:    262.6: -50.39462:      6147
     21:   283:    313.0:-10.00000:  0.82473:    233.4: -49.60257:      6430
     22:   351:    321.8:-10.00000:  0.80808:    283.6: -67.36282:      6781
     23:   380:    329.1:-10.00000:  0.84937:    322.8: -57.23975:      7161
     24:   353:    338.4:-10.00000:  0.84959:    299.9: -53.09363:      7514
     25:   194:    289.1:-10.00000:  0.64930:    126.0: -68.03543:      7708
     26:   176:    278.6:-10.00000:  0.71237:    125.4: -50.62314:      7884
     27:   399:    300.1:-10.00000:  0.85997:    343.1: -55.87085:      8283
     28:   313:    304.9:-10.00000:  0.80443:    251.8: -61.21240:      8596
     29:   127:    288.9:-10.00000:  0.54935:     69.8: -57.23315:      8723
     30:   211:    278.7:-10.00000:  0.78427:    165.5: -45.51877:      8934
     31:   278:    278.2:-10.00000:  0.82191:    228.5: -49.50935:      9212
     32:   778:    320.9:-10.00000:  0.91093:    708.7: -69.29639:      9990
     33:   196:    302.5:-10.00000:  0.82599:    161.9: -34.10678:     10186
     34:   249:    292.1:-10.00000:  0.81168:    202.1: -46.89124:     10435
     35:   498:    322.5:-10.00000:  0.89783:    447.1: -50.88257:     10933
     36:   718:    376.7:-10.00000:  0.93233:    669.4: -48.58429:     11651
     37:   243:    361.1:-10.00000:  0.81290:    197.5: -45.46613:     11894
     38:   693:    399.1:-10.00000:  0.91823:    636.3: -56.66541:     12587
     39:   268:    413.2:-10.00000:  0.84747:    227.1: -40.87721:     12855
     40:   233:    415.4:-10.00000:  0.78280:    182.4: -50.60776:     13088
     41:   747:    462.3:-10.00000:  0.94718:    707.5: -39.45435:     13835
     42:   560:    440.5:-10.00000:  0.89228:    499.7: -60.32571:     14395
     43:   792:    500.1:-10.00000:  0.92661:    733.9: -58.12311:     15187
     44:   365:    511.7:-10.00000:  0.84094:    306.9: -58.05576:     15552
     45:   382:    500.1:-10.00000:  0.86399:    330.0: -51.95477:     15934
     46:   474:    475.7:-10.00000:  0.89264:    423.1: -50.88779:     16408
     47:   186:    470.0:-10.00000:  0.80147:    149.1: -36.92601:     16594
     48:   261:    426.8:-10.00000:  0.76331:    199.2: -61.77602:     16855
     49:   716:    471.6:-10.00000:  0.93827:    671.8: -44.20203:     17571
     50:   744:    522.7:-10.00000:  0.93858:    698.3: -45.69843:     18315
     51:   181:    466.1:-10.00000:  0.77402:    140.1: -40.90320:     18496
     52:   527:    462.8:-10.00000:  0.92345:    486.7: -40.34109:     19023
     53:   445:    428.1:-10.00000:  0.87243:    388.2: -56.76791:     19468
     54:   629:    454.5:-10.00000:  0.93071:    585.4: -43.58105:     20097
     55:   362:    452.5:-10.00000:  0.87821:    317.9: -44.08881:     20459
     56:   243:    429.4:-10.00000:  0.80057:    194.5: -48.46194:     20702
     57:   273:    438.1:-10.00000:  0.85017:    232.1: -40.90488:     20975
     58:   587:    470.7:-10.00000:  0.92165:    541.0: -45.99133:     21562
     59:   670:    466.1:-10.00000:  0.91869:    615.5: -54.47705:     22232
     60:   309:    422.6:-10.00000:  0.78806:    243.5: -65.48839:     22541
     61:   150:    419.5:-10.00000:  0.75388:    113.1: -36.91831:     22691
     62:   372:    404.0:-10.00000:  0.82215:    305.8: -66.16006:     23063
     63:   880:    447.5:-10.00000:  0.94071:    827.8: -52.17133:     23943
     64:   238:    408.4:-10.00000:  0.82326:    195.9: -42.06447:     24181
     65:   180:    390.2:-10.00000:  0.70698:    127.3: -52.74405:     24361
     66:   227:    388.6:-10.00000:  0.80334:    182.4: -44.64232:     24588
     67:   292:    390.5:-10.00000:  0.80067:    233.8: -58.20332:     24880
     68:   222:    354.0:-10.00000:  0.73538:    163.3: -58.74666:     25102
     69:   310:    318.0:-10.00000:  0.85283:    264.4: -45.62363:     25412
     70:   106:    297.7:-10.00000:  0.62629:     66.4: -39.61338:     25518
     71:   256:    308.3:-10.00000:  0.80855:    207.0: -49.01035:     25774
     72:   185:    289.6:-10.00000:  0.76184:    140.9: -44.05939:     25959
     73:   443:    245.9:-10.00000:  0.86920:    385.1: -57.94507:     26402
     74:   130:    235.1:-10.00000:  0.60027:     78.0: -51.96508:     26532
     75:   226:    239.7:-10.00000:  0.82923:    187.4: -38.59297:     26758
     76:   392:    256.2:-10.00000:  0.85379:    334.7: -57.31268:     27150
     77:   485:    275.5:-10.00000:  0.92049:    446.4: -38.56335:     27635
     78:   205:    273.8:-10.00000:  0.75549:    154.9: -50.12440:     27840
     79:   155:    258.3:-10.00000:  0.77385:    119.9: -35.05318:     27995
     80:   179:    265.6:-10.00000:  0.75909:    135.9: -43.12222:     28174
     81:   183:    258.3:-10.00000:  0.79969:    146.3: -36.65718:     28357
     82:   128:    252.6:-10.00000:  0.73763:     94.4: -33.58312:     28485
     83:   462:    254.5:-10.00000:  0.87325:    403.4: -58.55768:     28947
     84:   170:    258.5:-10.00000:  0.78938:    134.2: -35.80577:     29117
     85:   330:    268.9:-10.00000:  0.82516:    272.3: -57.69644:     29447
     86:   216:    251.3:-10.00000:  0.83498:    180.4: -35.64505:     29663
     87:   188:    221.6:-10.00000:  0.73893:    138.9: -49.08168:     29851
     88:   221:    223.2:-10.00000:  0.86397:    190.9: -30.06354:     30072
     89:   185:    226.2:-10.00000:  0.78193:    144.7: -40.34241:     30257
     90:   166:    224.9:-10.00000:  0.68830:    114.3: -51.74300:     30423
     91:   167:    223.3:-10.00000:  0.65095:    108.7: -58.29197:     30590
     92:   333:    243.8:-10.00000:  0.87616:    291.8: -41.24017:     30923
     93:   178:    215.4:-10.00000:  0.73411:    130.7: -47.32901:     31101
     94:   233:    221.7:-10.00000:  0.83289:    194.1: -38.93680:     31334
     95:   193:    208.0:-10.00000:  0.78681:    151.9: -41.14618:     31527
     96:   284:    214.8:-10.00000:  0.84103:    238.9: -45.14871:     31811
     97:   210:    217.0:-10.00000:  0.82011:    172.2: -37.77789:     32021
     98:   375:    232.4:-10.00000:  0.88273:    331.0: -43.97794:     32396
     99:   176:    231.5:-10.00000:  0.72198:    127.1: -48.93130:     32572
    100:   145:    229.4:-10.00000:  0.70984:    102.9: -42.07327:     32717
    101:   212:    233.9:-10.00000:  0.81710:    173.2: -38.77582:     32929
    102:   144:    215.0:-10.00000:  0.60664:     87.4: -56.64388:     33073
    103:   246:    221.8:-10.00000:  0.83214:    204.7: -41.29234:     33319
    104:   221:    220.6:-10.00000:  0.82086:    181.4: -39.58931:     33540
    105:   161:    217.4:-10.00000:  0.78459:    126.3: -34.68060:     33701
    106:   246:    213.6:-10.00000:  0.78155:    192.3: -53.73914:     33947
    107:   170:    209.6:-10.00000:  0.80320:    136.5: -33.45615:     34117
    108:   190:    191.1:-10.00000:  0.79429:    150.9: -39.08438:     34307
    109:   182:    191.7:-10.00000:  0.74958:    136.4: -45.57719:     34489
    110:   517:    228.9:-10.00000:  0.89912:    464.8: -52.15613:     35006
    111:   248:    232.5:-10.00000:  0.80901:    200.6: -47.36450:     35254
    112:   227:    240.8:-10.00000:  0.77393:    175.7: -51.31888:     35481
    113:   167:    232.9:-10.00000:  0.78343:    130.8: -36.16702:     35648
    114:    98:    220.6:-10.00000:  0.55531:     54.4: -43.57989:     35746
    115:   181:    222.6:-10.00000:  0.71597:    129.6: -51.40985:     35927
    116:   327:    230.7:-10.00000:  0.87432:    285.9: -41.09805:     36254
    117:   204:    234.1:-10.00000:  0.79333:    161.8: -42.16121:     36458
    118:   206:    235.7:-10.00000:  0.80906:    166.7: -39.33348:     36664
    119:   177:    235.2:-10.00000:  0.76350:    135.1: -41.86024:     36841
    120:   299:    213.4:-10.00000:  0.87997:    263.1: -35.88861:     37140
    121:   171:    205.7:-10.00000:  0.72582:    124.1: -46.88420:     37311
    122:   177:    200.7:-10.00000:  0.72900:    129.0: -47.96666:     37488
    123:   203:    204.3:-10.00000:  0.73658:    149.5: -53.47430:     37691
    124:   194:    213.9:-10.00000:  0.78074:    151.5: -42.53688:     37885
    125:   173:    213.1:-10.00000:  0.74113:    128.2: -44.78429:     38058
    126:   436:    224.0:-10.00000:  0.85030:    370.7: -65.27097:     38494
    127:   167:    220.3:-10.00000:  0.74904:    125.1: -41.91058:     38661
    128:   289:    228.6:-10.00000:  0.87061:    251.6: -37.39273:     38950
    129:   495:    260.4:-10.00000:  0.89709:    444.1: -50.93970:     39445
    130:   450:    275.5:-10.00000:  0.88547:    398.5: -51.53690:     39895
    131:   428:    301.2:-10.00000:  0.88357:    378.2: -49.83371:     40323
    132:   258:    309.3:-10.00000:  0.84313:    217.5: -40.47215:     40581
    133:   774:    366.4:-10.00000:  0.95365:    738.1: -35.87738:     41355
    134:   159:    362.9:-10.00000:  0.77593:    123.4: -35.62732:     41514
    135:   215:    367.1:-10.00000:  0.82859:    178.1: -36.85292:     41729
    136:   225:    346.0:-10.00000:  0.82663:    186.0: -39.00911:     41954
    137:   195:    348.8:-10.00000:  0.80060:    156.1: -38.88329:     42149
    138:   383:    358.2:-10.00000:  0.91351:    349.9: -33.12564:     42532
    139:   195:    328.2:-10.00000:  0.82036:    160.0: -35.02960:     42727
    140:   374:    320.6:-10.00000:  0.89073:    333.1: -40.86630:     43101
    141:   156:    293.4:-10.00000:  0.78580:    122.6: -33.41579:     43257
    142:   210:    288.6:-10.00000:  0.81817:    171.8: -38.18407:     43467
    143:   329:    244.1:-10.00000:  0.89186:    293.4: -35.57910:     43796
    144:   169:    245.1:-10.00000:  0.73716:    124.6: -44.41985:     43965
    145:   328:    256.4:-10.00000:  0.85804:    281.4: -46.56137:     44293
    146:   331:    267.0:-10.00000:  0.85860:    284.2: -46.80191:     44624
    147:   317:    279.2:-10.00000:  0.87676:    277.9: -39.06641:     44941
    148:   302:    271.1:-10.00000:  0.86852:    262.3: -39.70792:     45243
    149:   246:    276.2:-10.00000:  0.81571:    200.7: -45.33632:     45489
    150:   224:    261.2:-10.00000:  0.82389:    184.6: -39.44839:     45713
    151:   488:    294.4:-10.00000:  0.91860:    448.3: -39.72318:     46201
    152:   536:    327.0:-10.00000:  0.89545:    480.0: -56.04102:     46737
    153:   343:    328.4:-10.00000:  0.86407:    296.4: -46.62405:     47080
    154:   360:    347.5:-10.00000:  0.89184:    321.1: -38.93750:     47440
    155:   127:    327.4:-10.00000:  0.69238:     87.9: -39.06809:     47567
    156:   402:    334.5:-10.00000:  0.91681:    368.6: -33.44260:     47969
    157:   225:    325.3:-10.00000:  0.82998:    186.7: -38.25343:     48194
    158:   524:    347.5:-10.00000:  0.91698:    480.5: -43.50342:     48718
    159:   362:    359.1:-10.00000:  0.85734:    310.4: -51.64279:     49080
    160:   293:    366.0:-10.00000:  0.83693:    245.2: -47.78023:     49373
    161:   328:    350.0:-10.00000:  0.88031:    288.7: -39.25955:     49701
    162:   229:    319.3:-10.00000:  0.81497:    186.6: -42.37212:     49930
    163:   448:    329.8:-10.00000:  0.89249:    399.8: -48.16672:     50378
    164:   186:    312.4:-10.00000:  0.78723:    146.4: -39.57434:     50564
    165:   815:    381.2:-10.00000:  0.96336:    785.1: -29.86029:     51379
    166:   367:    377.7:-10.00000:  0.84324:    309.5: -57.52930:     51746
    167:   753:    430.5:-10.00000:  0.93647:    705.2: -47.83685:     52499
    168:  1026:    480.7:-10.00000:  0.95170:    976.4: -49.55310:     53525
    169:  1042:    548.7:-10.00000:  0.95128:    991.2: -50.76678:     54567
    170:   428:    562.2:-10.00000:  0.88104:    377.1: -50.91281:     54995
    171:  1140:    643.4:-10.00000:  0.94067:   1072.4: -67.63953:     56135
    172:  1379:    758.4:-10.00000:  0.96947:   1336.9: -42.09607:     57514
    173:   219:    735.5:-10.00000:  0.77166:    169.0: -50.00555:     57733
    174:   459:    762.8:-10.00000:  0.92019:    422.4: -36.63330:     58192
    175:   592:    740.5:-10.00000:  0.91614:    542.4: -49.64630:     58784
    176:   928:    796.6:-10.00000:  0.95499:    886.2: -41.77081:     59712
    177:   482:    769.5:-10.00000:  0.90771:    437.5: -44.48386:     60194
    178:   424:    709.3:-10.00000:  0.89265:    378.5: -45.51624:     60618
    179:   224:    627.5:-10.00000:  0.79036:    177.0: -46.95903:     60842
    180:   586:    643.3:-10.00000:  0.92957:    544.7: -41.27112:     61428
    181:   485:    577.8:-10.00000:  0.90926:    441.0: -44.00702:     61913
    182:   321:    472.0:-10.00000:  0.89515:    287.3: -33.65784:     62234
    183:   864:    536.5:-10.00000:  0.92670:    800.7: -63.33502:     63098
    184:   258:    516.4:-10.00000:  0.82711:    213.4: -44.60568:     63356
    185:  1363:    593.5:-10.00000:  0.96790:   1319.2: -43.75366:     64719
    186:   441:    544.8:-10.00000:  0.85560:    377.3: -63.68082:     65160
    187:  1618:    658.4:-10.00000:  0.96219:   1556.8: -61.16858:     66778
    188:   264:    642.4:-10.00000:  0.86399:    228.1: -35.90753:     67042
    189:   452:    665.2:-10.00000:  0.88501:    400.0: -51.97385:     67494
    190:   507:    657.3:-10.00000:  0.86039:    436.2: -70.78427:     68001
    191:   322:    641.0:-10.00000:  0.90745:    292.2: -29.80228:     68323
    192:  1543:    763.2:-10.00000:  0.94256:   1454.4: -88.63391:     69866
    193:  1154:    792.2:-10.00000:  0.94293:   1088.1: -65.86279:     71020
    194:   931:    859.5:-10.00000:  0.88884:    827.5:-103.49213:     71951
    195:   513:    774.5:-10.00000:  0.91261:    468.2: -44.83008:     72464
    196:   406:    771.0:-10.00000:  0.89442:    363.1: -42.86673:     72870
    197:   460:    655.2:-10.00000:  0.88818:    408.6: -51.43881:     73330
    198:  1071:    735.9:-10.00000:  0.90566:    970.0:-101.03748:     74401
    199:   453:    736.0:-10.00000:  0.79313:    359.3: -93.71112:     74854
    200:   355:    720.8:-10.00000:  0.82215:    291.9: -63.13696:     75209
    201:   329:    721.5:-10.00000:  0.87307:    287.2: -41.76138:     75538
    202:   528:    620.0:-10.00000:  0.89595:    473.1: -54.93823:     76066
    203:   421:    546.7:-10.00000:  0.83796:    352.8: -68.21848:     76487
    204:   340:    487.6:-10.00000:  0.78745:    267.7: -72.26730:     76827
    205:   265:    462.8:-10.00000:  0.85478:    226.5: -38.48221:     77092
    206:   123:    434.5:-10.00000:  0.64691:     79.6: -43.42966:     77215
    207:  1381:    526.6:-10.00000:  0.92747:   1280.8:-100.16870:     78596
    208:   407:    460.2:-10.00000:  0.83119:    338.3: -68.70480:     79003
    209:   380:    452.9:-10.00000:  0.85973:    326.7: -53.30307:     79383
    210:   762:    493.6:-10.00000:  0.92867:    707.6: -54.35217:     80145
    211:  1084:    569.1:-10.00000:  0.93454:   1013.0: -70.95886:     81229
    212:   613:    577.6:-10.00000:  0.92364:    566.2: -46.80743:     81842
    213:   114:    546.9:-10.00000:  0.44767:     51.0: -62.96555:     81956
    214:   605:    573.4:-10.00000:  0.91591:    554.1: -50.87347:     82561
    215:   603:    607.2:-10.00000:  0.88579:    534.1: -68.86902:     83164
    216:   488:    643.7:-10.00000:  0.88616:    432.4: -55.55185:     83652
    217:   295:    535.1:-10.00000:  0.86547:    255.3: -39.68698:     83947
    218:   883:    582.7:-10.00000:  0.92846:    819.8: -63.17358:     84830
    219:   565:    601.2:-10.00000:  0.90214:    509.7: -55.29333:     85395
    220:   880:    613.0:-10.00000:  0.88205:    776.2:-103.79755:     86275
    221:   497:    554.3:-10.00000:  0.86269:    428.8: -68.24551:     86772
    222:   796:    572.6:-10.00000:  0.92686:    737.8: -58.21973:     87568
    223:   902:    651.4:-10.00000:  0.90610:    817.3: -84.69452:     88470
    224:   711:    662.0:-10.00000:  0.91645:    651.6: -59.40070:     89181
    225:   409:    642.6:-10.00000:  0.85107:    348.1: -60.91162:     89590
    226:   705:    664.3:-10.00000:  0.92348:    651.1: -53.94714:     90295
    227:   696:    704.4:-10.00000:  0.88445:    615.6: -80.42139:     90991
    228:  1435:    759.6:-10.00000:  0.94812:   1360.6: -74.44604:     92426
    229:   661:    769.2:-10.00000:  0.90907:    600.9: -60.10614:     93087
    230:   409:    722.1:-10.00000:  0.86264:    352.8: -56.17841:     93496
    231:   769:    749.3:-10.00000:  0.93512:    719.1: -49.89655:     94265
    232:   225:    692.2:-10.00000:  0.38779:     87.3:-137.74830:     94490
    233:   482:    650.2:-10.00000:  0.91670:    441.8: -40.15088:     94972
    234:   689:    648.0:-10.00000:  0.92526:    637.5: -51.49750:     95661
    235:   356:    642.7:-10.00000:  0.84461:    300.7: -55.32004:     96017
    236:   203:    592.5:-10.00000:  0.77121:    156.6: -46.44379:     96220
    237:   432:    566.1:-10.00000:  0.88298:    381.4: -50.55176:     96652
    238:   130:    435.6:-10.00000:  0.69175:     89.9: -40.07230:     96782
    239:   257:    395.2:-10.00000:  0.82796:    212.8: -44.21307:     97039
    240:   419:    396.2:-10.00000:  0.88829:    372.2: -46.80576:     97458
    241:   160:    335.3:-10.00000:  0.68652:    109.8: -50.15644:     97618
    242:   135:    326.3:-10.00000:  0.51456:     69.5: -65.53399:     97753
    243:   185:    296.6:-10.00000:  0.78322:    144.9: -40.10396:     97938
    244:   243:    252.0:-10.00000:  0.76226:    185.2: -57.77121:     98181
    245:   222:    238.6:-10.00000:  0.82624:    183.4: -38.57426:     98403
    246:   141:    232.4:-10.00000:  0.48902:     69.0: -72.04776:     98544
    247:   252:    214.4:-10.00000:  0.83190:    209.6: -42.36142:     98796
    248:   198:    221.2:-10.00000:  0.81487:    161.3: -36.65535:     98994
    249:   369:    232.4:-10.00000:  0.86337:    318.6: -50.41788:     99363
    250:   173:    207.8:-10.00000:  0.73728:    127.5: -45.45003:     99536
    251:   246:    216.4:-10.00000:  0.73224:    180.1: -65.86917:     99782
    252:   278:    230.7:-10.00000:  0.83549:    232.3: -45.73289:    100060
    253:   259:    238.1:-10.00000:  0.80026:    207.3: -51.73138:    100319
    254:   132:    227.0:-10.00000:  0.72415:     95.6: -36.41157:    100451
    255:   331:    237.9:-10.00000:  0.85691:    283.6: -47.36267:    100782
    256:   336:    257.4:-10.00000:  0.83655:    281.1: -54.92059:    101118
    257:   230:    255.2:-10.00000:  0.80767:    185.8: -44.23563:    101348
    258:   349:    270.3:-10.00000:  0.84340:    294.3: -54.65228:    101697
    259:   289:    262.3:-10.00000:  0.86870:    251.1: -37.94446:    101986
    260:   199:    264.9:-10.00000:  0.78968:    157.1: -41.85393:    102185
    261:   136:    253.9:-10.00000:  0.63537:     86.4: -49.58990:    102321
    262:   241:    250.2:-10.00000:  0.84067:    202.6: -38.39900:    102562
    263:   287:    253.0:-10.00000:  0.85619:    245.7: -41.27295:    102849
    264:   347:    274.5:-10.00000:  0.86068:    298.7: -48.34351:    103196
    265:   968:    338.2:-10.00000:  0.94499:    914.7: -53.25134:    104164
    266:   823:    386.9:-10.00000:  0.95596:    786.8: -36.24506:    104987
    267:   235:    387.4:-10.00000:  0.79820:    187.6: -47.42201:    105222
    268:  1772:    529.7:-10.00000:  0.97612:   1729.7: -42.31360:    106994
    269:  1177:    618.5:-10.00000:  0.96252:   1132.9: -44.11511:    108171
    270:  2429:    841.5:-10.00000:  0.98283:   2387.3: -41.71558:    110600
    271:  1148:    942.7:-10.00000:  0.96412:   1106.8: -41.19360:    111748
    272:   582:    976.8:-10.00000:  0.92865:    540.5: -41.52448:    112330
    273:   396:    987.7:-10.00000:  0.89982:    356.3: -39.67093:    112726
    274:   556:   1008.6:-10.00000:  0.92507:    514.3: -41.66229:    113282
    275:   357:    947.5:-10.00000:  0.83778:    299.1: -57.91113:    113639
    276:  1824:   1047.6:-10.00000:  0.98052:   1788.5: -35.52539:    115463
    277:   526:   1076.7:-10.00000:  0.94211:    495.6: -30.44931:    115989
    278:   422:    941.7:-10.00000:  0.89408:    377.3: -44.69705:    116411
    279:   190:    843.0:-10.00000:  0.82153:    156.1: -33.90874:    116601
    280:   203:    620.4:-10.00000:  0.83993:    170.5: -32.49423:    116804
    281:   213:    526.9:-10.00000:  0.84266:    179.5: -33.51355:    117017
    282:   213:    490.0:-10.00000:  0.82019:    174.7: -38.29991:    117230
    283:   399:    490.3:-10.00000:  0.92487:    369.0: -29.97775:    117629
    284:   208:    455.5:-10.00000:  0.82199:    171.0: -37.02679:    117837
    285:   415:    461.3:-10.00000:  0.92113:    382.3: -32.73019:    118252
    286:   322:    311.1:-10.00000:  0.87285:    281.1: -40.94229:    118574
    287:   541:    312.6:-10.00000:  0.89973:    486.8: -54.24466:    119115
    288:   215:    291.9:-10.00000:  0.73474:    158.0: -57.03127:    119330
    289:   355:    308.4:-10.00000:  0.89380:    317.3: -37.70068:    119685
    290:   126:    300.7:-10.00000:  0.63118:     79.5: -46.47131:    119811
    291:   119:    291.3:-10.00000:  0.71906:     85.6: -33.43160:    119930
    292:   775:    347.5:-10.00000:  0.94816:    734.8: -40.17371:    120705
    293:   268:    334.4:-10.00000:  0.78322:    209.9: -58.09790:    120973
    294:   200:    333.6:-10.00000:  0.81208:    162.4: -37.58444:    121173
    295:   155:    307.6:-10.00000:  0.79708:    123.5: -31.45195:    121328
    296:   244:    299.8:-10.00000:  0.78246:    190.9: -53.07962:    121572
    297:   271:    272.8:-10.00000:  0.86146:    233.5: -37.54361:    121843
    298:   372:    288.5:-10.00000:  0.89130:    331.6: -40.43729:    122215
    299:   221:    275.1:-10.00000:  0.84026:    185.7: -35.30312:    122436
    300:   235:    286.0:-10.00000:  0.82884:    194.8: -40.22285:    122671
    301:   121:    286.2:-10.00000:  0.62222:     75.3: -45.71119:    122792
    302:   243:    233.0:-10.00000:  0.88191:    214.3: -28.69678:    123035
    303:   173:    223.5:-10.00000:  0.73622:    127.4: -45.63452:    123208
    304:   210:    224.5:-10.00000:  0.83553:    175.5: -34.53885:    123418
    305:   594:    268.4:-10.00000:  0.92281:    548.1: -45.85156:    124012
    306:   575:    301.5:-10.00000:  0.92580:    532.3: -42.66425:    124587
    307:   292:    303.6:-10.00000:  0.89252:    260.6: -31.38315:    124879
    308:  1589:    425.3:-10.00000:  0.98024:   1557.6: -31.39087:    126468
    309:   102:    413.4:-10.00000:  0.68255:     69.6: -32.38029:    126570
    310:   143:    404.2:-10.00000:  0.70950:    101.5: -41.54176:    126713
    311:   171:    409.2:-10.00000:  0.76340:    130.5: -40.45937:    126884
    312:   402:    425.1:-10.00000:  0.89626:    360.3: -41.70480:    127286
    313:   377:    445.5:-10.00000:  0.85338:    321.7: -55.27429:    127663
    314:    98:    434.3:-10.00000:  0.69213:     67.8: -30.17120:    127761
    315:   313:    406.2:-10.00000:  0.87849:    275.0: -38.03134:    128074
    316:   202:    368.9:-10.00000:  0.83267:    168.2: -33.79965:    128276
    317:   191:    358.8:-10.00000:  0.79361:    151.6: -39.42030:    128467
    318:   767:    276.6:-10.00000:  0.94891:    727.8: -39.18970:    129234
    319:  1348:    401.2:-10.00000:  0.96990:   1307.4: -40.57544:    130582
    320:   164:    403.3:-10.00000:  0.78389:    128.6: -35.44211:    130746
    321:   299:    416.1:-10.00000:  0.87875:    262.7: -36.25391:    131045
    322:  1255:    501.4:-10.00000:  0.97570:   1224.5: -30.49109:    132300
    323:  4053:    869.0:-10.00000:  0.99222:   4021.5: -31.53955:    136353
    324:  2841:   1143.3:-10.00000:  0.98344:   2793.9: -47.05713:    139194
    325:  3516:   1463.6:-10.00000:  0.98716:   3470.9: -45.13574:    142710
    326:   493:   1492.7:-10.00000:  0.92590:    456.5: -36.52939:    143203
    327:   584:   1532.0:-10.00000:  0.94087:    549.5: -34.53333:    143787
    328:  3843:   1839.6:-10.00000:  0.98374:   3780.5: -62.48022:    147630
    329:   667:   1771.5:-10.00000:  0.90353:    602.7: -64.34650:    148297
    330:   706:   1825.7:-10.00000:  0.91113:    643.3: -62.74475:    149003
    331:  1564:   1952.2:-10.00000:  0.97790:   1529.4: -34.55847:    150567
    332:  3042:   2130.9:-10.00000:  0.98687:   3002.1: -39.94580:    153609
    333:  1409:   1866.5:-10.00000:  0.87843:   1237.7:-171.29907:    155018
    334:   936:   1676.0:-10.00000:  0.94986:    889.1: -46.93549:    155954
    335:  2926:   1617.0:-10.00000:  0.98739:   2889.1: -36.89160:    158880
    336:  2285:   1796.2:-10.00000:  0.98491:   2250.5: -34.47485:    161165
    337:  2472:   1985.0:-10.00000:  0.98138:   2426.0: -46.01660:    163637
    338:  2275:   1828.2:-10.00000:  0.98480:   2240.4: -34.58691:    165912
    339:   387:   1800.2:-10.00000:  0.91192:    352.9: -34.08868:    166299
    340:  3927:   2122.3:-10.00000:  0.98960:   3886.2: -40.83545:    170226
    341:  1631:   2129.0:-10.00000:  0.97604:   1591.9: -39.07654:    171857
    342:   344:   1859.2:-10.00000:  0.82536:    283.9: -60.07697:    172201
    343:   302:   1748.5:-10.00000:  0.86791:    262.1: -39.89084:    172503
    344:  1105:   1765.4:-10.00000:  0.96709:   1068.6: -36.36743:    173608
    345:   776:   1550.4:-10.00000:  0.93259:    723.7: -52.31232:    174384
    346:   615:   1383.4:-10.00000:  0.93695:    576.2: -38.77521:    174999
    347:   313:   1167.5:-10.00000:  0.88582:    277.3: -35.73990:    175312
    348:   418:    981.8:-10.00000:  0.91411:    382.1: -35.90063:    175730
    349:  2779:   1221.0:-10.00000:  0.98758:   2744.5: -34.52783:    178509
    350:  1115:    939.8:-10.00000:  0.97105:   1082.7: -32.27722:    179624
    351:   780:    854.7:-10.00000:  0.93464:    729.0: -50.97754:    180404
    352:   202:    840.5:-10.00000:  0.78366:    158.3: -43.70129:    180606
    353:  2133:   1023.6:-10.00000:  0.97603:   2081.9: -51.11865:    182739
    354:  3203:   1233.4:-10.00000:  0.98969:   3170.0: -33.01294:    185942
    355:  2189:   1374.7:-10.00000:  0.98283:   2151.4: -37.59229:    188131
    356:  1873:   1500.5:-10.00000:  0.98095:   1837.3: -35.68713:    190004
    357:  1089:   1578.1:-10.00000:  0.97002:   1056.4: -32.64355:    191093
    358:   553:   1591.6:-10.00000:  0.93116:    514.9: -38.06854:    191646
    359:   955:   1409.2:-10.00000:  0.95700:    913.9: -41.06329:    192601
    360:   169:   1314.6:-10.00000:  0.79170:    133.8: -35.20245:    192770
    361:   581:   1294.7:-10.00000:  0.93721:    544.5: -36.47925:    193351
    362:   250:   1299.5:-10.00000:  0.84411:    211.0: -38.97372:    193601
    363:   511:   1137.3:-10.00000:  0.93227:    476.4: -34.60788:    194112
    364:   305:    847.5:-10.00000:  0.89799:    273.9: -31.11435:    194417
    365:  1439:    772.5:-10.00000:  0.97097:   1397.2: -41.78076:    195856
    366:  1804:    765.6:-10.00000:  0.97978:   1767.5: -36.47974:    197660
    367:   767:    733.4:-10.00000:  0.92687:    710.9: -56.09247:    198427
    368:   632:    741.3:-10.00000:  0.93240:    589.3: -42.72510:    199059
    369:  2640:    909.8:-10.00000:  0.98561:   2602.0: -37.98291:    201699
    370:  1283:   1021.2:-10.00000:  0.96339:   1236.0: -46.96436:    202982
    371:   260:    989.1:-10.00000:  0.87300:    227.0: -33.01930:    203242
    372:   546:   1018.7:-10.00000:  0.93624:    511.2: -34.81158:    203788
    373:   239:    991.5:-10.00000:  0.87200:    208.4: -30.59169:    204027
    374:  1769:   1137.9:-10.00000:  0.97835:   1730.7: -38.30493:    205796
    375:  2844:   1278.4:-10.00000:  0.99157:   2820.0: -23.97974:    208640
    376:  1037:   1201.7:-10.00000:  0.96922:   1005.1: -31.92383:    209677
    377:   836:   1208.6:-10.00000:  0.95856:    801.4: -34.64014:    210513
    378:   827:   1228.1:-10.00000:  0.94485:    781.4: -45.60718:    211340
    379:   241:    988.2:-10.00000:  0.89696:    216.2: -24.83171:    211581
    380:   799:    939.8:-10.00000:  0.94975:    758.9: -40.14691:    212380
    381:  3023:   1216.1:-10.00000:  0.98910:   2990.0: -32.95679:    215403
    382:   605:   1222.0:-10.00000:  0.94417:    571.2: -33.77673:    216008
    383:  1366:   1334.7:-10.00000:  0.97120:   1326.7: -39.33691:    217374
    384:   513:   1209.1:-10.00000:  0.92833:    476.2: -36.76523:    217887
    385:  1090:   1033.7:-10.00000:  0.94345:   1028.4: -61.63831:    218977
    386:   378:    967.8:-10.00000:  0.87964:    332.5: -45.49689:    219355
    387:  1434:   1027.6:-10.00000:  0.97281:   1395.0: -38.98645:    220789
    388:   665:   1011.4:-10.00000:  0.94372:    627.6: -37.42700:    221454
    389:   306:   1017.9:-10.00000:  0.81379:    249.0: -56.98148:    221760
    390:   279:    965.9:-10.00000:  0.77233:    215.5: -63.51999:    222039
    391:   474:    711.0:-10.00000:  0.91311:    432.8: -41.18692:    222513
    392:   681:    718.6:-10.00000:  0.94746:    645.2: -35.77863:    223194
    393:   553:    637.3:-10.00000:  0.92374:    510.8: -42.16968:    223747
    394:   543:    640.3:-10.00000:  0.90763:    492.8: -50.15640:    224290
    395:   248:    556.1:-10.00000:  0.88455:    219.4: -28.63078:    224538
    396:   853:    603.6:-10.00000:  0.95077:    811.0: -41.99274:    225391
    397:   755:    535.7:-10.00000:  0.94554:    713.9: -41.11377:    226146
    398:  1059:    575.1:-10.00000:  0.94836:   1004.3: -54.68793:    227205
    399:   343:    578.8:-10.00000:  0.88626:    304.0: -39.01215:    227548
    400:   440:    594.9:-10.00000:  0.90980:    400.3: -39.68710:    227988
    401:   814:    628.9:-10.00000:  0.93943:    764.7: -49.30597:    228802
    402:   312:    592.0:-10.00000:  0.89334:    278.7: -33.27817:    229114
    403:   530:    589.7:-10.00000:  0.93940:    497.9: -32.11563:    229644
    404:   452:    580.6:-10.00000:  0.88562:    400.3: -51.69876:    230096
    405:   718:    627.6:-10.00000:  0.93336:    670.1: -47.85059:    230814
    406:  3831:    925.4:-10.00000:  0.99072:   3795.4: -35.55396:    234645
    407:   134:    863.3:-10.00000:  0.64027:     85.8: -48.20438:    234779
    408:   323:    789.7:-10.00000:  0.82811:    267.5: -55.51941:    235102
    409:  1423:    897.7:-10.00000:  0.96452:   1372.5: -50.48950:    236525
    410:   477:    901.4:-10.00000:  0.91960:    438.6: -38.35098:    237002
    411:   397:    859.7:-10.00000:  0.86398:    343.0: -53.99835:    237399
    412:   935:    922.0:-10.00000:  0.96510:    902.4: -32.63525:    238334
    413:  1043:    973.3:-10.00000:  0.94856:    989.3: -53.65509:    239377
    414:   212:    949.3:-10.00000:  0.84098:    178.3: -33.71249:    239589
    415:   355:    913.0:-10.00000:  0.86895:    308.5: -46.52109:    239944
    416:   613:    591.2:-10.00000:  0.90432:    554.3: -58.65027:    240557
    417:   268:    604.6:-10.00000:  0.76047:    203.8: -64.19534:    240825
    418:   338:    606.1:-10.00000:  0.88342:    298.6: -39.40366:    241163
    419:  2407:    704.5:-10.00000:  0.98095:   2361.2: -45.84692:    243570
    420:   650:    721.8:-10.00000:  0.94879:    616.7: -33.28564:    244220
    421:   275:    709.6:-10.00000:  0.86697:    238.4: -36.58203:    244495
    422:   453:    661.4:-10.00000:  0.91661:    415.2: -37.77505:    244948
    423:   738:    630.9:-10.00000:  0.93690:    691.4: -46.56445:    245686
    424:   413:    651.0:-10.00000:  0.91740:    378.9: -34.11368:    246099
    425:   550:    670.5:-10.00000:  0.92162:    506.9: -43.10748:    246649
    426:   173:    626.5:-10.00000:  0.78690:    136.1: -36.86618:    246822
    427:   195:    619.2:-10.00000:  0.86291:    168.3: -26.73329:    247017
    428:  1030:    688.4:-10.00000:  0.95350:    982.1: -47.89398:    248047
    429:  1988:    646.5:-10.00000:  0.98039:   1949.0: -38.98511:    250035
    430:   270:    608.5:-10.00000:  0.85212:    230.1: -39.92871:    250305
    431:   673:    648.3:-10.00000:  0.93483:    629.1: -43.85687:    250978
    432:   321:    635.1:-10.00000:  0.90473:    290.4: -30.58310:    251299
    433:   519:    613.2:-10.00000:  0.94160:    488.7: -30.31107:    251818
    434:   739:    645.8:-10.00000:  0.93735:    692.7: -46.29926:    252557
    435:   398:    630.6:-10.00000:  0.88139:    350.8: -47.20587:    252955
    436:   418:    655.1:-10.00000:  0.90819:    379.6: -38.37466:    253373
    437:  1100:    745.6:-10.00000:  0.96592:   1062.5: -37.48608:    254473
    438:   273:    669.9:-10.00000:  0.86917:    237.3: -35.71756:    254746
    439:   910:    562.1:-10.00000:  0.94981:    864.3: -45.67218:    255656
    440:   184:    553.5:-10.00000:  0.72142:    132.7: -51.25916:    255840
    441:   579:    544.1:-10.00000:  0.93288:    540.1: -38.85968:    256419
    442:  1231:    635.1:-10.00000:  0.96652:   1189.8: -41.21716:    257650
    443:   666:    649.8:-10.00000:  0.92049:    613.0: -52.95056:    258316
    444:   808:    656.7:-10.00000:  0.94218:    761.3: -46.72168:    259124
    445:   798:    696.7:-10.00000:  0.95323:    760.7: -37.32172:    259922
    446:   385:    693.4:-10.00000:  0.90730:    349.3: -35.69037:    260307
    447:   544:    637.8:-10.00000:  0.92725:    504.4: -39.57727:    260851
    448:   450:    655.5:-10.00000:  0.92125:    414.6: -35.43915:    261301
    449:  2107:    775.2:-10.00000:  0.98522:   2075.9: -31.14160:    263408
    450:   509:    807.7:-10.00000:  0.92770:    472.2: -36.80164:    263917
    451:   953:    845.1:-10.00000:  0.95372:    908.9: -44.10028:    264870
    452:   659:    787.9:-10.00000:  0.91959:    606.0: -52.98712:    265529
    453:   613:    782.6:-10.00000:  0.92213:    565.3: -47.73682:    266142
    454:   465:    748.3:-10.00000:  0.91601:    425.9: -39.05371:    266607
    455:   860:    754.5:-10.00000:  0.95876:    824.5: -35.46399:    267467
    456:   645:    780.5:-10.00000:  0.94108:    607.0: -38.00146:    268112
    457:   372:    763.3:-10.00000:  0.88291:    328.4: -43.55762:    268484
    458:   857:    804.0:-10.00000:  0.94109:    806.5: -50.48657:    269341
    459:   398:    633.1:-10.00000:  0.91689:    364.9: -33.07938:    269739
    460:  1631:    745.3:-10.00000:  0.97441:   1589.3: -41.72937:    271370
    461:   583:    708.3:-10.00000:  0.93301:    543.9: -39.05585:    271953
    462:   427:    685.1:-10.00000:  0.90165:    385.0: -41.99661:    272380
    463:   731:    696.9:-10.00000:  0.94074:    687.7: -43.31555:    273111
    464:   435:    693.9:-10.00000:  0.90795:    395.0: -40.03967:    273546
    465:   372:    645.1:-10.00000:  0.90339:    336.1: -35.93985:    273918
    466:  1107:    691.3:-10.00000:  0.96278:   1065.8: -41.20251:    275025
    467:   430:    697.1:-10.00000:  0.91945:    395.4: -34.63510:    275455
    468:   630:    674.4:-10.00000:  0.93903:    591.6: -38.40979:    276085
    469:   961:    730.7:-10.00000:  0.95571:    918.4: -42.56146:    277046
    470:  1643:    731.9:-10.00000:  0.97561:   1602.9: -40.07629:    278689
    471:   365:    710.1:-10.00000:  0.92415:    337.3: -27.68567:    279054
    472:  1464:    813.8:-10.00000:  0.97222:   1423.3: -40.66882:    280518
    473:   861:    826.8:-10.00000:  0.96297:    829.1: -31.88654:    281379
    474:   266:    809.9:-10.00000:  0.85446:    227.3: -38.71408:    281645
    475:  1717:    944.4:-10.00000:  0.97596:   1675.7: -41.27026:    283362
    476:   515:    885.2:-10.00000:  0.92350:    475.6: -39.39719:    283877
    477:   636:    905.8:-10.00000:  0.94521:    601.2: -34.84412:    284513
    478:   688:    911.6:-10.00000:  0.93292:    641.9: -46.14911:    285201
    479:   704:    885.9:-10.00000:  0.95289:    670.8: -33.16394:    285905
    480:  1639:    885.5:-10.00000:  0.97891:   1604.4: -34.57190:    287544
    481:  1114:    960.4:-10.00000:  0.96973:   1080.3: -33.72473:    288658
    482:   895:    903.5:-10.00000:  0.95421:    854.0: -40.98627:    289553
    483:   377:    855.1:-10.00000:  0.88317:    333.0: -44.04572:    289930
    484:   438:    872.3:-10.00000:  0.91908:    402.6: -35.44208:    290368
    485:   627:    763.3:-10.00000:  0.92895:    582.5: -44.54700:    290995
    486:  1413:    853.1:-10.00000:  0.97234:   1373.9: -39.08875:    292408
    487:  1635:    953.0:-10.00000:  0.98170:   1605.1: -29.92432:    294043
    488:   320:    916.2:-10.00000:  0.84650:    270.9: -49.11865:    294363
    489:  1008:    946.6:-10.00000:  0.96911:    976.9: -31.13452:    295371
    490:   656:    848.3:-10.00000:  0.93869:    615.8: -40.22168:    296027
    491:  1133:    850.2:-10.00000:  0.96497:   1093.3: -39.69226:    297160
    492:   458:    806.5:-10.00000:  0.93837:    429.8: -28.22610:    297618
    493:   388:    807.6:-10.00000:  0.86302:    334.9: -53.14938:    298006
    494:   391:    802.9:-10.00000:  0.89989:    351.9: -39.14435:    298397
    495:   223:    762.5:-10.00000:  0.84879:    189.3: -33.72054:    298620
    496:   276:    648.8:-10.00000:  0.83626:    230.8: -45.19333:    298896
    497:   210:    506.3:-10.00000:  0.87873:    184.5: -25.46646:    299106
    498:   408:    515.1:-10.00000:  0.92456:    377.2: -30.78027:    299514
    499:   549:    469.2:-10.00000:  0.92792:    509.4: -39.57312:    300063
    500:   317:    435.3:-10.00000:  0.83457:    264.6: -52.44238:    300380
    501:   426:    364.6:-10.00000:  0.92710:    394.9: -31.05511:    300806
    502:   505:    369.3:-10.00000:  0.88622:    447.5: -57.45895:    301311
    503:   624:    392.9:-10.00000:  0.95683:    597.1: -26.93756:    301935
    504:   345:    388.3:-10.00000:  0.90932:    313.7: -31.28616:    302280
    505:  1231:    489.1:-10.00000:  0.97173:   1196.2: -34.79810:    303511
    506:  1018:    563.3:-10.00000:  0.96665:    984.0: -33.95038:    304529
    507:   216:    563.9:-10.00000:  0.85716:    185.1: -30.85292:    304745
    508:   684:    591.5:-10.00000:  0.94461:    646.1: -37.88885:    305429
    509:  1508:    687.4:-10.00000:  0.97276:   1466.9: -41.07739:    306937
    510:   299:    685.6:-10.00000:  0.90779:    271.4: -27.56937:    307236
    511:   582:    701.2:-10.00000:  0.93866:    546.3: -35.69708:    307818
    512:   470:    697.7:-10.00000:  0.93021:    437.2: -32.79941:    308288
    513:  2591:    894.4:-10.00000:  0.98799:   2559.9: -31.12622:    310879
    514:   448:    904.7:-10.00000:  0.94433:    423.1: -24.93958:    311327
    515:   193:    800.9:-10.00000:  0.87973:    169.8: -23.21187:    311520
    516:  1237:    822.8:-10.00000:  0.97186:   1202.2: -34.81238:    312757
    517:  1559:    957.1:-10.00000:  0.97470:   1519.6: -39.44287:    314316
    518:   419:    930.6:-10.00000:  0.89351:    374.4: -44.61731:    314735
    519:   534:    833.2:-10.00000:  0.92529:    494.1: -39.89584:    315269
    520:   235:    826.8:-10.00000:  0.88454:    207.9: -27.13310:    315504
    521:   539:    822.5:-10.00000:  0.92074:    496.3: -42.72180:    316043
    522:   304:    805.9:-10.00000:  0.87466:    265.9: -38.10214:    316347
    523:   313:    578.1:-10.00000:  0.91204:    285.5: -27.53110:    316660
    524:   476:    580.9:-10.00000:  0.92586:    440.7: -35.29141:    317136
    525:   293:    590.9:-10.00000:  0.87333:    255.9: -37.11365:    317429
    526:   276:    494.8:-10.00000:  0.87567:    241.7: -34.31525:    317705
    527:   423:    381.2:-10.00000:  0.91384:    386.6: -36.44519:    318128
    528:   491:    388.4:-10.00000:  0.88988:    436.9: -54.06891:    318619
    529:   480:    383.0:-10.00000:  0.91806:    440.7: -39.33224:    319099
    530:   731:    432.6:-10.00000:  0.95271:    696.4: -34.56958:    319830
    531:   516:    430.3:-10.00000:  0.92344:    476.5: -39.50482:    320346
    532:   406:    440.5:-10.00000:  0.89242:    362.3: -43.67563:    320752
    533:   350:    444.2:-10.00000:  0.85371:    298.8: -51.20120:    321102
    534:   996:    496.2:-10.00000:  0.96944:    965.6: -30.43506:    322098
    535:  1357:    602.6:-10.00000:  0.96926:   1315.3: -41.71558:    323455
    536:   749:    649.9:-10.00000:  0.94295:    706.3: -42.73328:    324204
    537:   465:    654.1:-10.00000:  0.90687:    421.7: -43.30655:    324669
    538:   298:    634.8:-10.00000:  0.86991:    259.2: -38.76776:    324967
    539:  1776:    764.4:-10.00000:  0.97648:   1734.2: -41.76965:    326743
    540:  1031:    794.4:-10.00000:  0.96761:    997.6: -33.39398:    327774
    541:   441:    786.9:-10.00000:  0.91600:    404.0: -37.04272:    328215
    542:   585:    804.8:-10.00000:  0.92503:    541.1: -43.85553:    328800
    543:   461:    815.9:-10.00000:  0.90666:    418.0: -43.03015:    329261
    544:   721:    788.4:-10.00000:  0.93681:    675.4: -45.55798:    329982
    545:  4531:   1105.8:-10.00000:  0.99052:   4488.1: -42.94531:    334513
    546:   450:   1075.9:-10.00000:  0.91705:    412.7: -37.32605:    334963
    547:   826:   1112.0:-10.00000:  0.94660:    781.9: -44.10791:    335789
    548:  1002:   1182.4:-10.00000:  0.95171:    953.6: -48.39099:    336791
    549:   771:   1081.9:-10.00000:  0.94980:    732.3: -38.70227:    337562
    550:   882:   1067.0:-10.00000:  0.96036:    847.0: -34.96552:    338444
    551:  1297:   1152.6:-10.00000:  0.96548:   1252.2: -44.76807:    339741
    552:   740:   1168.1:-10.00000:  0.96034:    710.7: -29.34772:    340481
    553:   407:   1162.7:-10.00000:  0.90293:    367.5: -39.50949:    340888
    554:   628:   1153.4:-10.00000:  0.95145:    597.5: -30.48804:    341516
    555:  2016:    901.9:-10.00000:  0.98377:   1983.3: -32.71167:    343532
    556:  1710:   1027.9:-10.00000:  0.97386:   1665.3: -44.70374:    345242
    557:  5839:   1529.2:-10.00000:  0.99302:   5798.2: -40.76855:    351081
    558:   332:   1462.2:-10.00000:  0.89965:    298.7: -33.31589:    351413
    559:   580:   1443.1:-10.00000:  0.93569:    542.7: -37.30115:    351993
    560:  3096:   1664.5:-10.00000:  0.98881:   3061.3: -34.65503:    355089
    561:  1103:   1645.1:-10.00000:  0.96152:   1060.6: -42.44849:    356192
    562:   505:   1621.6:-10.00000:  0.94617:    477.8: -27.18640:    356697
    563:  1525:   1733.4:-10.00000:  0.97775:   1491.1: -33.93127:    358222
    564:  1423:   1812.9:-10.00000:  0.97835:   1392.2: -30.80212:    359645
    565:  1725:   1783.8:-10.00000:  0.97605:   1683.7: -41.31458:    361370
    566:  1170:   1729.8:-10.00000:  0.97244:   1137.8: -32.24036:    362540
    567:   752:   1221.1:-10.00000:  0.95390:    717.3: -34.66791:    363292
    568:   554:   1243.3:-10.00000:  0.93446:    517.7: -36.30811:    363846
    569:   249:   1210.2:-10.00000:  0.87225:    217.2: -31.80983:    364095
    570:  1255:   1026.1:-10.00000:  0.96923:   1216.4: -38.61963:    365350
    571:   288:    944.6:-10.00000:  0.88626:    255.2: -32.75732:    365638
    572:   247:    918.8:-10.00000:  0.84955:    209.8: -37.16010:    365885
    573:   191:    785.4:-10.00000:  0.84701:    161.8: -29.22057:    366076
    574:   246:    667.7:-10.00000:  0.87550:    215.4: -30.62723:    366322
    575:   679:    563.1:-10.00000:  0.94076:    638.8: -40.22278:    367001
    576:  1841:    630.2:-10.00000:  0.98260:   1809.0: -32.03442:    368842
    577:   765:    631.5:-10.00000:  0.95924:    733.8: -31.18042:    369607
    578:   358:    611.9:-10.00000:  0.91671:    328.2: -29.81665:    369965
    579:   206:    607.6:-10.00000:  0.80813:    166.5: -39.52562:    370171
    580:   342:    516.3:-10.00000:  0.89722:    306.8: -35.15164:    370513
    581:   669:    554.4:-10.00000:  0.94276:    630.7: -38.29230:    371182
    582:   973:    627.0:-10.00000:  0.95887:    933.0: -40.02301:    372155
    583:   807:    688.6:-10.00000:  0.95827:    773.3: -33.67267:    372962
    584:  1681:    832.1:-10.00000:  0.97557:   1639.9: -41.07361:    374643
    585:   421:    806.3:-10.00000:  0.90619:    381.5: -39.49585:    375064
    586:   785:    700.7:-10.00000:  0.94092:    738.6: -46.37714:    375849
    587:   724:    696.6:-10.00000:  0.93820:    679.3: -44.73962:    376573
    588:   403:    701.1:-10.00000:  0.89907:    362.3: -40.67358:    376976
    589:  1493:    829.8:-10.00000:  0.96865:   1446.2: -46.80127:    378469
    590:   248:    820.4:-10.00000:  0.89767:    222.6: -25.37749:    378717
    591:   355:    789.0:-10.00000:  0.91039:    323.2: -31.81088:    379072
    592:   651:    756.8:-10.00000:  0.95578:    622.2: -28.78748:    379723
    593:   295:    705.6:-10.00000:  0.89109:    262.9: -32.12888:    380018
    594:   749:    612.4:-10.00000:  0.93030:    696.8: -52.20679:    380767
    595:   617:    632.0:-10.00000:  0.95373:    588.5: -28.54926:    381384
    596:   301:    583.6:-10.00000:  0.91211:    274.5: -26.45392:    381685
    597:   580:    569.2:-10.00000:  0.94028:    545.4: -34.63892:    382265
    598:   786:    607.5:-10.00000:  0.92549:    727.4: -58.56525:    383051
    599:   290:    487.2:-10.00000:  0.87985:    255.2: -34.84488:    383341
    600:   571:    519.5:-10.00000:  0.93540:    534.1: -36.88745:    383912
    601:   227:    506.7:-10.00000:  0.85990:    195.2: -31.80325:    384139
    602:   714:    513.0:-10.00000:  0.95762:    683.7: -30.25647:    384853
    603:   251:    508.6:-10.00000:  0.88106:    221.1: -29.85426:    385104
    604:  1702:    603.9:-10.00000:  0.96615:   1644.4: -57.60693:    386806
    605:  1505:    692.7:-10.00000:  0.96695:   1455.3: -49.73853:    388311
    606:   234:    686.0:-10.00000:  0.84162:    196.9: -37.06029:    388545
    607:   428:    670.8:-10.00000:  0.85217:    364.7: -63.26965:    388973
    608:   276:    619.8:-10.00000:  0.80964:    223.5: -52.53983:    389249
    609:   410:    631.8:-10.00000:  0.85083:    348.8: -61.15985:    389659
    610:   529:    627.6:-10.00000:  0.92175:    487.6: -41.39178:    390188
    611:  2731:    878.0:-10.00000:  0.98189:   2681.5: -49.45532:    392919
    612:   729:    879.5:-10.00000:  0.94959:    692.3: -36.74982:    393648
    613:   911:    945.5:-10.00000:  0.96868:    882.5: -28.53174:    394559
    614:  1372:    912.5:-10.00000:  0.96008:   1317.2: -54.76428:    395931
    615:   867:    848.7:-10.00000:  0.95461:    827.7: -39.34949:    396798
    616:  1149:    940.2:-10.00000:  0.97536:   1120.7: -28.31372:    397947
    617:   426:    940.0:-10.00000:  0.91814:    391.1: -34.87247:    398373
    618:   590:    971.4:-10.00000:  0.94150:    555.5: -34.51697:    398963
    619:   252:    955.6:-10.00000:  0.85594:    215.7: -36.30424:    399215
    620:   121:    914.8:-10.00000:  0.71253:     86.2: -34.78353:    399336
    621:   583:    700.0:-10.00000:  0.93228:    543.5: -39.48108:    399919
    622:   463:    673.4:-10.00000:  0.89406:    413.9: -49.05118:    400382
    623:   454:    627.7:-10.00000:  0.90610:    411.4: -42.63208:    400836
    624:  1703:    660.8:-10.00000:  0.97666:   1663.2: -39.75378:    402539
    625:   628:    636.9:-10.00000:  0.94509:    593.5: -34.48163:    403167
    626:   357:    557.7:-10.00000:  0.88924:    317.5: -39.53967:    403524
    627:   458:    560.9:-10.00000:  0.89327:    409.1: -48.88406:    403982
    628:   353:    537.2:-10.00000:  0.91072:    321.5: -31.51465:    404335
    629:   272:    539.2:-10.00000:  0.87115:    237.0: -35.04721:    404607
    630:   698:    596.9:-10.00000:  0.94651:    660.7: -37.33630:    405305
    631:   440:    582.6:-10.00000:  0.92039:    405.0: -35.02863:    405745
    632:   596:    595.9:-10.00000:  0.93009:    554.3: -41.66754:    406341
    633:   318:    582.3:-10.00000:  0.89123:    283.4: -34.58871:    406659
    634:   896:    501.6:-10.00000:  0.95625:    856.8: -39.20300:    407555
    635:   614:    500.2:-10.00000:  0.95136:    584.1: -29.86401:    408169
    636:   919:    556.4:-10.00000:  0.93868:    862.6: -56.35767:    409088
    637:   725:    583.1:-10.00000:  0.95392:    691.6: -33.41064:    409813
    638:   543:    602.1:-10.00000:  0.93699:    508.8: -34.21497:    410356
    639:   482:    623.1:-10.00000:  0.90988:    438.6: -43.43784:    410838
    640:   307:    584.0:-10.00000:  0.88159:    270.6: -36.35281:    411145
    641:   345:    574.5:-10.00000:  0.92422:    318.9: -26.14325:    411490
    642:  1037:    618.6:-10.00000:  0.96206:    997.7: -39.34210:    412527
    643:   461:    632.9:-10.00000:  0.92396:    425.9: -35.05228:    412988
    644:  1423:    685.6:-10.00000:  0.97428:   1386.4: -36.60364:    414411
    645:   227:    646.9:-10.00000:  0.84177:    191.1: -35.91858:    414638
    646:   356:    590.6:-10.00000:  0.92029:    327.6: -28.37677:    414994
    647:   651:    583.2:-10.00000:  0.94723:    616.6: -34.35138:    415645
    648:   614:    590.3:-10.00000:  0.92391:    567.3: -46.72119:    416259
    649:   478:    589.9:-10.00000:  0.84179:    402.4: -75.62573:    416737
    650:   198:    579.0:-10.00000:  0.85814:    169.9: -28.08817:    416935
    651:   508:    595.3:-10.00000:  0.94397:    479.5: -28.46338:    417443
    652:   767:    568.3:-10.00000:  0.93177:    714.7: -52.33026:    418210
    653:   356:    557.8:-10.00000:  0.92987:    331.0: -24.96628:    418566
    654:   514:    466.9:-10.00000:  0.86963:    447.0: -67.00980:    419080
    655:  1265:    570.7:-10.00000:  0.96278:   1217.9: -47.08264:    420345
    656:  1337:    668.8:-10.00000:  0.98114:   1311.8: -25.20935:    421682
    657:   694:    673.1:-10.00000:  0.93766:    650.7: -43.26501:    422376
    658:  1305:    742.2:-10.00000:  0.96455:   1258.7: -46.25830:    423681
    659:  1151:    809.5:-10.00000:  0.90805:   1045.2:-105.83301:    424832
    660:   219:    811.6:-10.00000:  0.60535:    132.6: -86.42825:    425051
    661:   581:    818.9:-10.00000:  0.88023:    511.4: -69.58838:    425632
    662:   274:    769.6:-10.00000:  0.85265:    233.6: -40.37328:    425906
    663:   168:    750.8:-10.00000:  0.79313:    133.2: -34.75359:    426074
    664:  1251:    824.5:-10.00000:  0.97209:   1216.1: -34.91663:    427325
    665:   741:    772.1:-10.00000:  0.95398:    706.9: -34.09930:    428066
    666:  1325:    770.9:-10.00000:  0.96869:   1283.5: -41.48108:    429391
    667:   186:    720.1:-10.00000:  0.86168:    160.3: -25.72798:    429577
    668:   657:    655.3:-10.00000:  0.94439:    620.5: -36.53418:    430234
    669:   216:    561.8:-10.00000:  0.87125:    188.2: -27.80971:    430450
    670:   233:    563.2:-10.00000:  0.85550:    199.3: -33.66826:    430683
    671:   582:    563.3:-10.00000:  0.94796:    551.7: -30.28540:    431265
    672:   270:    562.9:-10.00000:  0.90495:    244.3: -25.66373:    431535
    673:   530:    599.1:-10.00000:  0.91619:    485.6: -44.41739:    432065
    674:   354:    509.4:-10.00000:  0.90168:    319.2: -34.80563:    432419
    675:   257:    461.0:-10.00000:  0.83717:    215.2: -41.84720:    432676
    676:   276:    356.1:-10.00000:  0.88446:    244.1: -31.88892:    432952
    677:   289:    366.4:-10.00000:  0.87712:    253.5: -35.51279:    433241
    678:   607:    361.4:-10.00000:  0.94285:    572.3: -34.69006:    433848
    679:  1041:    443.9:-10.00000:  0.95521:    994.4: -46.62482:    434889
    680:   375:    458.1:-10.00000:  0.89244:    334.7: -40.33484:    435264
    681:   300:    429.9:-10.00000:  0.85137:    255.4: -44.58826:    435564
    682:   484:    451.3:-10.00000:  0.93168:    450.9: -33.06613:    436048
    683:   248:    423.1:-10.00000:  0.85005:    210.8: -37.18709:    436296
    684:   387:    426.4:-10.00000:  0.89356:    345.8: -41.19254:    436683
    685:   343:    435.0:-10.00000:  0.88964:    305.1: -37.85440:    437026
    686:  1312:    538.6:-10.00000:  0.97378:   1277.6: -34.40503:    438338
    687:   536:    563.3:-10.00000:  0.92208:    494.2: -41.76273:    438874
    688:   263:    528.9:-10.00000:  0.89545:    235.5: -27.49553:    439137
    689:   641:    488.9:-10.00000:  0.95591:    612.7: -28.25891:    439778
    690:   187:    470.1:-10.00000:  0.83244:    155.7: -31.33430:    439965
    691:   333:    473.4:-10.00000:  0.90740:    302.2: -30.83716:    440298
    692:   456:    470.6:-10.00000:  0.92570:    422.1: -33.88205:    440754
    693:   373:    483.1:-10.00000:  0.92785:    346.1: -26.91098:    441127
    694:   265:    470.9:-10.00000:  0.88665:    235.0: -30.03706:    441392
    695:   382:    474.8:-10.00000:  0.91428:    349.3: -32.74585:    441774
    696:   634:    407.0:-10.00000:  0.94257:    597.6: -36.41339:    442408
    697:  1389:    492.3:-10.00000:  0.97585:   1355.5: -33.54126:    443797
    698:   179:    483.9:-10.00000:  0.86212:    154.3: -24.68082:    443976
    699:   298:    449.6:-10.00000:  0.89236:    265.9: -32.07529:    444274
    700:  1541:    585.0:-10.00000:  0.96657:   1489.5: -51.52307:    445815
    701:   305:    582.2:-10.00000:  0.89645:    273.4: -31.58395:    446120
    702:  1907:    727.3:-10.00000:  0.97377:   1857.0: -50.01477:    448027
    703:  1277:    817.7:-10.00000:  0.96890:   1237.3: -39.71143:    449304
    704:  1199:    911.1:-10.00000:  0.97321:   1166.9: -32.12195:    450503
    705:   353:    908.2:-10.00000:  0.88107:    311.0: -41.98251:    450856
    706:  1008:    945.6:-10.00000:  0.97184:    979.6: -28.38635:    451864
    707:   426:    849.3:-10.00000:  0.91028:    387.8: -38.22162:    452290
    708:   375:    868.9:-10.00000:  0.87518:    328.2: -46.80750:    452665
    709:  1443:    983.4:-10.00000:  0.97929:   1413.1: -29.88965:    454108
    710:   836:    912.9:-10.00000:  0.95534:    798.7: -37.33502:    454944
    711:  1777:   1060.1:-10.00000:  0.98613:   1752.4: -24.63965:    456721
    712:   764:    945.8:-10.00000:  0.95432:    729.1: -34.90326:    457485
    713:   451:    863.2:-10.00000:  0.91580:    413.0: -37.97626:    457936
    714:   698:    813.1:-10.00000:  0.93936:    655.7: -42.32654:    458634
    715:   769:    854.7:-10.00000:  0.96176:    739.6: -29.40356:    459403
    716:  2265:    980.4:-10.00000:  0.98417:   2229.1: -35.86499:    461668
    717:   794:   1017.2:-10.00000:  0.95423:    757.7: -36.33801:    462462
    718:   664:   1046.1:-10.00000:  0.95234:    632.4: -31.64490:    463126
    719:   259:    927.7:-10.00000:  0.86541:    224.1: -34.85852:    463385
    720:  1310:    975.1:-10.00000:  0.97995:   1283.7: -26.26587:    464695
    721:   419:    839.3:-10.00000:  0.92054:    385.7: -33.29196:    465114
    722:   426:    805.5:-10.00000:  0.86461:    368.3: -57.67612:    465540
    723:  1073:    867.7:-10.00000:  0.96170:   1031.9: -41.09277:    466613
    724:   531:    851.0:-10.00000:  0.91529:    486.0: -44.97983:    467144
    725:   666:    840.7:-10.00000:  0.93360:    621.8: -44.22461:    467810
    726:   607:    674.9:-10.00000:  0.94593:    574.2: -32.82001:    468417
    727:   772:    672.7:-10.00000:  0.95057:    733.8: -38.16339:    469189
    728:   153:    621.6:-10.00000:  0.79038:    120.9: -32.07120:    469342
    729:   564:    652.1:-10.00000:  0.94067:    530.5: -33.46381:    469906
    730:   533:    574.4:-10.00000:  0.93012:    495.8: -37.24365:    470439
    731:   758:    608.3:-10.00000:  0.93653:    709.9: -48.11328:    471197
    732:  1215:    687.2:-10.00000:  0.97282:   1182.0: -33.02026:    472412
    733:   510:    630.9:-10.00000:  0.92961:    474.1: -35.89822:    472922
    734:   260:    603.8:-10.00000:  0.81042:    210.7: -49.29193:    473182
    735:   994:    636.6:-10.00000:  0.95402:    948.3: -45.70374:    474176
    736:   646:    640.5:-10.00000:  0.95820:    619.0: -27.00098:    474822
    737:   351:    598.4:-10.00000:  0.92406:    324.3: -26.65472:    475173
    738:   643:    647.4:-10.00000:  0.93626:    602.0: -40.98645:    475816
    739:   872:    678.2:-10.00000:  0.95355:    831.5: -40.50220:    476688
    740:  1214:    746.3:-10.00000:  0.96193:   1167.8: -46.21191:    477902
    741:   410:    711.5:-10.00000:  0.90578:    371.4: -38.62979:    478312
    742:   465:    636.5:-10.00000:  0.92047:    428.0: -36.98083:    478777
    743:  1425:    728.0:-10.00000:  0.97458:   1388.8: -36.21729:    480202
    744:   409:    742.9:-10.00000:  0.92084:    376.6: -32.37515:    480611
    745:  1556:    799.1:-10.00000:  0.98283:   1529.3: -26.71802:    482167
    746:   414:    775.9:-10.00000:  0.92928:    384.7: -29.27963:    482581
    747:   399:    780.7:-10.00000:  0.89427:    356.8: -42.18494:    482980
    748:   234:    739.8:-10.00000:  0.86785:    203.1: -30.92410:    483214
    749:   798:    732.4:-10.00000:  0.96660:    771.3: -26.65472:    484012
    750:   293:    640.3:-10.00000:  0.87746:    257.1: -35.90427:    484305
    751:   631:    662.4:-10.00000:  0.93199:    588.1: -42.91339:    484936
    752:   657:    681.6:-10.00000:  0.95446:    627.1: -29.92157:    485593
    753:  1047:    643.8:-10.00000:  0.96462:   1010.0: -37.04535:    486640
    754:   286:    631.5:-10.00000:  0.86314:    246.9: -39.14114:    486926
    755:  1338:    609.7:-10.00000:  0.97403:   1303.3: -34.74390:    488264
    756:   384:    606.7:-10.00000:  0.89304:    342.9: -41.07349:    488648
    757:   906:    657.4:-10.00000:  0.87947:    796.8:-109.19812:    489554
    758:   599:    693.9:-10.00000:  0.92922:    556.6: -42.39636:    490153
    759:   467:    660.8:-10.00000:  0.64000:    298.9:-168.12115:    490620
    760:   371:    668.6:-10.00000:  0.91927:    341.1: -29.94907:    490991
    761:   689:    674.4:-10.00000:  0.94728:    652.7: -36.32520:    491680
    762:   194:    628.1:-10.00000:  0.84227:    163.4: -30.59998:    491874
    763:   464:    569.8:-10.00000:  0.94325:    437.7: -26.33401:    492338
    764:   785:    619.7:-10.00000:  0.96268:    755.7: -29.29993:    493123
    765:  1797:    665.6:-10.00000:  0.97254:   1747.7: -49.33899:    494920
    766:   383:    665.5:-10.00000:  0.89290:    342.0: -41.01797:    495303
    767:   356:    610.5:-10.00000:  0.87933:    313.0: -42.95898:    495659
    768:   483:    598.9:-10.00000:  0.92155:    445.1: -37.89169:    496142
    769:   614:    613.6:-10.00000:  0.94297:    579.0: -35.01703:    496756
    770:   437:    620.2:-10.00000:  0.92832:    405.7: -31.32486:    497193
    771:   460:    597.3:-10.00000:  0.93303:    429.2: -30.80429:    497653
    772:   759:    653.8:-10.00000:  0.95392:    724.0: -34.97717:    498412
    773:   567:    664.1:-10.00000:  0.94443:    535.5: -31.51074:    498979
    774:   696:    655.2:-10.00000:  0.94951:    660.9: -35.14282:    499675
    775:   383:    513.8:-10.00000:  0.91781:    351.5: -31.47736:    500058
    776:   804:    555.9:-10.00000:  0.95851:    770.6: -33.36017:    500862
    777:  1841:    704.4:-10.00000:  0.98312:   1809.9: -31.08423:    502703
    778:   556:    711.7:-10.00000:  0.92087:    512.0: -43.99402:    503259
    779:   536:    703.9:-10.00000:  0.92102:    493.7: -42.33115:    503795
    780:   635:    723.7:-10.00000:  0.94038:    597.1: -37.85675:    504430
    781:   396:    717.3:-10.00000:  0.90474:    358.3: -37.72281:    504826
    782:   252:    666.6:-10.00000:  0.85195:    214.7: -37.30772:    505078
    783:   637:    673.6:-10.00000:  0.93575:    596.1: -40.92639:    505715
    784:   327:    636.7:-10.00000:  0.86011:    281.3: -45.74518:    506042
    785:   746:    673.0:-10.00000:  0.96107:    717.0: -29.03894:    506788
    786:   907:    683.3:-10.00000:  0.96898:    878.9: -28.13397:    507695
    787:   284:    527.6:-10.00000:  0.84816:    240.9: -43.12210:    507979
    788:   465:    518.5:-10.00000:  0.93863:    436.5: -28.53937:    508444
    789:   319:    496.8:-10.00000:  0.91145:    290.8: -28.24686:    508763
    790:   464:    479.7:-10.00000:  0.91305:    423.7: -40.34399:    509227
    791:   314:    471.5:-10.00000:  0.88673:    278.4: -35.56784:    509541
    792:   662:    512.5:-10.00000:  0.94733:    627.1: -34.86884:    510203
    793:   603:    509.1:-10.00000:  0.93835:    565.8: -37.17505:    510806
    794:  1066:    583.0:-10.00000:  0.97019:   1034.2: -31.77551:    511872
    795:   562:    564.6:-10.00000:  0.93124:    523.4: -38.64429:    512434
    796:   508:    524.7:-10.00000:  0.93266:    473.8: -34.20831:    512942
    797:   441:    540.4:-10.00000:  0.90951:    401.1: -39.90695:    513383
    798:   216:    515.5:-10.00000:  0.86879:    187.7: -28.34082:    513599
    799:   308:    514.4:-10.00000:  0.85395:    263.0: -44.98203:    513907
    800:   492:    517.2:-10.00000:  0.94318:    464.0: -27.95642:    514399
    801:   581:    543.9:-10.00000:  0.93171:    541.3: -39.67926:    514980
    802:   487:    526.4:-10.00000:  0.75111:    365.8:-121.21075:    515467
    803:   885:    554.6:-10.00000:  0.88387:    782.2:-102.77808:    516352
    804:   234:    471.4:-10.00000:  0.58711:    137.4: -96.61729:    516586
    805:   222:    437.4:-10.00000:  0.55542:    123.3: -98.69739:    516808
    806:   300:    416.6:-10.00000:  0.68513:    205.5: -94.46152:    517108
    807:   255:    398.0:-10.00000:  0.47970:    122.3:-132.67741:    517363
    808:   209:    397.3:-10.00000:  0.59198:    123.7: -85.27710:    517572
    809:   295:    396.0:-10.00000:  0.69902:    206.2: -88.79048:    517867
    810:   230:    369.8:-10.00000:  0.53548:    123.2:-106.83876:    518097
    811:   245:    336.2:-10.00000:  0.52143:    127.7:-117.25037:    518342
    812:   181:    305.6:-10.00000:  0.64286:    116.4: -64.64284:    518523
    813:   207:    237.8:-10.00000:  0.62313:    129.0: -78.01295:    518730
    814:   207:    235.1:-10.00000:  0.64834:    134.2: -72.79416:    518937
    815:   294:    242.3:-10.00000:  0.55386:    162.8:-131.16454:    519231
    816:   279:    240.2:-10.00000:  0.59129:    165.0:-114.02916:    519510
    817:   219:    236.6:-10.00000:  0.57225:    125.3: -93.67781:    519729
    818:   198:    235.5:-10.00000:  0.63306:    125.3: -72.65338:    519927
    819:   189:    224.9:-10.00000:  0.57227:    108.2: -80.84132:    520116
    820:   207:    222.6:-10.00000:  0.58314:    120.7: -86.28918:    520323
    821:   279:    226.0:-10.00000:  0.62930:    175.6:-103.42426:    520602
    822:   252:    233.1:-10.00000:  0.45036:    113.5:-138.50867:    520854
    823:   251:    237.5:-10.00000:  0.55596:    139.5:-111.45343:    521105
    824:   204:    237.2:-10.00000:  0.56762:    115.8: -88.20468:    521309
    825:   287:    236.5:-10.00000:  0.63721:    182.9:-104.12088:    521596
    826:   335:    242.1:-10.00000:  0.62994:    211.0:-123.96927:    521931
    827:   205:    240.7:-10.00000:  0.62925:    129.0: -76.00368:    522136
    828:   213:    242.2:-10.00000:  0.57178:    121.8: -91.21068:    522349
    829:   210:    244.3:-10.00000:  0.60704:    127.5: -82.52235:    522559
    830:   227:    246.3:-10.00000:  0.62635:    142.2: -84.81786:    522786
