episodes:steps:mean_steps(10):rwd:mean_rwd:rwd_sum:rwd_sum-?*step:iter
      0:    61:      6.1: -0.10000:  0.01039:      0.6:  -5.46627:        61
      1:    59:     12.0: -0.10000:  0.00674:      0.4:  -5.50235:       120
      2:    96:     21.6: -0.10000:  0.02029:      1.9:  -7.65194:       216
      3:    82:     29.8: -0.10000:  0.02368:      1.9:  -6.25842:       298
      4:    69:     36.7: -0.10000:  0.00821:      0.6:  -6.33318:       367
      5:   113:     48.0: -0.10000: -0.01021:     -1.2: -12.45410:       480
      6:    77:     55.7: -0.10000:  0.03110:      2.4:  -5.30504:       557
      7:    64:     62.1: -0.10000:  0.02944:      1.9:  -4.51567:       621
      8:   239:     86.0: -0.10000:  0.05641:     13.5: -10.41740:       860
      9:    74:     93.4: -0.10000:  0.02353:      1.7:  -5.65854:       934
     10:   159:    103.2: -0.10000:  0.04117:      6.5:  -9.35401:      1093
     11:    79:    105.2: -0.10000:  0.00696:      0.5:  -7.35000:      1172
     12:    81:    103.7: -0.10000:  0.04199:      3.4:  -4.69847:      1253
     13:    57:    101.2: -0.10000: -0.00104:     -0.1:  -5.75922:      1310
     14:    87:    103.0: -0.10000:  0.01357:      1.2:  -7.51928:      1397
     15:    71:     98.8: -0.10000:  0.00967:      0.7:  -6.41345:      1468
     16:   142:    105.3: -0.10000:  0.01154:      1.6: -12.56198:      1610
     17:    80:    106.9: -0.10000:  0.00762:      0.6:  -7.39009:      1690
     18:    58:     88.8: -0.10000:  0.00122:      0.1:  -5.72908:      1748
     19:    61:     87.5: -0.10000:  0.00772:      0.5:  -5.62927:      1809
     20:    64:     78.0: -0.10000:  0.01096:      0.7:  -5.69837:      1873
     21:    66:     76.7: -0.10000: -0.00105:     -0.1:  -6.66951:      1939
     22:   160:     84.6: -0.10000:  0.02742:      4.4: -11.61279:      2099
     23:    65:     85.4: -0.10000:  0.01954:      1.3:  -5.23021:      2164
     24:    73:     84.0: -0.10000: -0.00282:     -0.2:  -7.50593:      2237
     25:    90:     85.9: -0.10000:  0.03614:      3.3:  -5.74749:      2327
     26:    68:     78.5: -0.10000:  0.00258:      0.2:  -6.62485:      2395
     27:    68:     77.3: -0.10000:  0.02544:      1.7:  -5.07004:      2463
     28:    82:     79.7: -0.10000:  0.02672:      2.2:  -6.00889:      2545
     29:    53:     78.9: -0.10000:  0.00445:      0.2:  -5.06396:      2598
     30:    67:     79.2: -0.10000:  0.00987:      0.7:  -6.03845:      2665
     31:    82:     80.8: -0.10000:  0.00624:      0.5:  -7.68811:      2747
     32:    55:     70.3: -0.10000:  0.00274:      0.2:  -5.34939:      2802
     33:    86:     72.4: -0.10000: -0.00962:     -0.8:  -9.42741:      2888
     34:   147:     79.8: -0.10000:  0.02739:      4.0: -10.67299:      3035
     35:   124:     83.2: -0.10000: -0.03259:     -4.0: -16.44109:      3159
     36:    55:     81.9: -0.10000: -0.01592:     -0.9:  -6.37585:      3214
     37:    90:     84.1: -0.10000:  0.02703:      2.4:  -6.56739:      3304
     38:    82:     84.1: -0.10000:  0.03249:      2.7:  -5.53622:      3386
     39:    89:     87.7: -0.10000:  0.02929:      2.6:  -6.29332:      3475
     40:    85:     89.5: -0.10000:  0.01993:      1.7:  -6.80597:      3560
     41:    70:     88.3: -0.10000: -0.03507:     -2.5:  -9.45525:      3630
     42:    79:     90.7: -0.10000:  0.03344:      2.6:  -5.25853:      3709
     43:    86:     90.7: -0.10000:  0.02130:      1.8:  -6.76780:      3795
     44:    78:     83.8: -0.10000:  0.02231:      1.7:  -6.06010:      3873
     45:   192:     90.6: -0.10000:  0.06274:     12.0:  -7.15339:      4065
     46:    70:     92.1: -0.10000:  0.01296:      0.9:  -6.09307:      4135
     47:    55:     88.6: -0.10000: -0.00189:     -0.1:  -5.60399:      4190
     48:   105:     90.9: -0.10000:  0.02131:      2.2:  -8.26234:      4295
     49:    65:     88.5: -0.10000:  0.01606:      1.0:  -5.45640:      4360
     50:    78:     87.8: -0.10000:  0.01378:      1.1:  -6.72551:      4438
     51:    88:     89.6: -0.10000:  0.01198:      1.1:  -7.74583:      4526
     52:    82:     89.9: -0.10000:  0.01543:      1.3:  -6.93457:      4608
     53:    84:     89.7: -0.10000:  0.02782:      2.3:  -6.06337:      4692
     54:    74:     89.3: -0.10000:  0.01929:      1.4:  -5.97236:      4766
     55:   100:     80.1: -0.10000:  0.01013:      1.0:  -8.98680:      4866
     56:    92:     82.3: -0.10000:  0.02670:      2.5:  -6.74332:      4958
     57:    86:     85.4: -0.10000:  0.01193:      1.0:  -7.57409:      5044
     58:    75:     82.4: -0.10000:  0.00842:      0.6:  -6.86836:      5119
     59:    64:     82.3: -0.10000:  0.00687:      0.4:  -5.96022:      5183
     60:    52:     79.7: -0.10000:  0.02718:      1.4:  -3.78664:      5235
     61:    64:     77.3: -0.10000: -0.00080:     -0.1:  -6.45103:      5299
     62:   117:     80.8: -0.10000:  0.00335:      0.4: -11.30852:      5416
     63:   102:     82.6: -0.10000:  0.01515:      1.5:  -8.65482:      5518
     64:    69:     82.1: -0.10000:  0.00954:      0.7:  -6.24141:      5587
     65:    74:     79.5: -0.10000:  0.02518:      1.9:  -5.53699:      5661
     66:    57:     76.0: -0.10000:  0.00104:      0.1:  -5.64065:      5718
     67:    70:     74.4: -0.10000:  0.00361:      0.3:  -6.74757:      5788
     68:    96:     76.5: -0.10000:  0.01997:      1.9:  -7.68322:      5884
     69:    95:     79.6: -0.10000:  0.03004:      2.9:  -6.64659:      5979
     70:    99:     84.3: -0.10000:  0.03080:      3.0:  -6.85053:      6078
     71:    74:     85.3: -0.10000:  0.02050:      1.5:  -5.88304:      6152
     72:    73:     80.9: -0.10000:  0.00543:      0.4:  -6.90379:      6225
     73:   159:     86.6: -0.10000:  0.05517:      8.8:  -7.12829:      6384
     74:    57:     85.4: -0.10000: -0.00021:     -0.0:  -5.71223:      6441
     75:    53:     83.3: -0.10000: -0.01060:     -0.6:  -5.86162:      6494
     76:   121:     89.7: -0.10000:  0.03006:      3.6:  -8.46301:      6615
     77:   114:     94.1: -0.10000:  0.00779:      0.9: -10.51242:      6729
     78:   134:     97.9: -0.10000:  0.00109:      0.1: -13.25336:      6863
     79:    76:     96.0: -0.10000:  0.01658:      1.3:  -6.33978:      6939
     80:    77:     93.8: -0.10000:  0.00986:      0.8:  -6.94061:      7016
     81:    84:     94.8: -0.10000:  0.02915:      2.4:  -5.95098:      7100
     82:    56:     93.1: -0.10000:  0.00769:      0.4:  -5.16950:      7156
     83:   141:     91.3: -0.10000:  0.01401:      2.0: -12.12398:      7297
     84:    72:     92.8: -0.10000:  0.01298:      0.9:  -6.26534:      7369
     85:    80:     95.5: -0.10000:  0.02536:      2.0:  -5.97156:      7449
     86:    70:     90.4: -0.10000:  0.01758:      1.2:  -5.76971:      7519
     87:    77:     86.7: -0.10000:  0.02156:      1.7:  -6.04016:      7596
     88:   171:     90.4: -0.10000:  0.04175:      7.1:  -9.96054:      7767
     89:    61:     88.9: -0.10000: -0.01291:     -0.8:  -6.88733:      7828
     90:    64:     87.6: -0.10000:  0.01985:      1.3:  -5.12970:      7892
     91:    75:     86.7: -0.10000:  0.02564:      1.9:  -5.57665:      7967
     92:    73:     88.4: -0.10000:  0.00393:      0.3:  -7.01329:      8040
     93:    59:     80.2: -0.10000: -0.00704:     -0.4:  -6.31537:      8099
     94:    73:     80.3: -0.10000:  0.02493:      1.8:  -5.48017:      8172
     95:    62:     78.5: -0.10000:  0.00425:      0.3:  -5.93672:      8234
     96:    62:     77.7: -0.10000:  0.00383:      0.2:  -5.96260:      8296
     97:    63:     76.3: -0.10000:  0.00396:      0.2:  -6.05024:      8359
     98:    67:     65.9: -0.10000: -0.00517:     -0.3:  -7.04652:      8426
     99:    65:     66.3: -0.10000:  0.00693:      0.5:  -6.04942:      8491
    100:   107:     70.6: -0.10000:  0.02061:      2.2:  -8.49496:      8598
    101:    53:     68.4: -0.10000: -0.00266:     -0.1:  -5.44106:      8651
    102:   114:     72.5: -0.10000:  0.00196:      0.2: -11.17670:      8765
    103:    69:     73.5: -0.10000:  0.01604:      1.1:  -5.79292:      8834
    104:    91:     75.3: -0.10000:  0.01763:      1.6:  -7.49532:      8925
    105:   106:     79.7: -0.10000:  0.03237:      3.4:  -7.16834:      9031
    106:   126:     86.1: -0.10000:  0.02214:      2.8:  -9.81049:      9157
    107:    72:     87.0: -0.10000: -0.00888:     -0.6:  -7.83940:      9229
    108:   107:     91.0: -0.10000:  0.01452:      1.6:  -9.14607:      9336
    109:    56:     90.1: -0.10000: -0.00988:     -0.6:  -6.15305:      9392
    110:    74:     86.8: -0.10000:  0.01507:      1.1:  -6.28476:      9466
    111:    94:     90.9: -0.10000: -0.00883:     -0.8: -10.22996:      9560
    112:    62:     85.7: -0.10000:  0.00883:      0.5:  -5.65223:      9622
    113:   125:     91.3: -0.10000:  0.01964:      2.5: -10.04509:      9747
    114:    82:     90.4: -0.10000:  0.01725:      1.4:  -6.78526:      9829
    115:   100:     89.8: -0.10000:  0.01827:      1.8:  -8.17279:      9929
    116:    67:     83.9: -0.10000:  0.01856:      1.2:  -5.45662:      9996
    117:   166:     93.3: -0.10000:  0.02885:      4.8: -11.81146:     10162
    118:    59:     88.5: -0.10000: -0.01138:     -0.7:  -6.57114:     10221
    119:    65:     89.4: -0.10000: -0.00989:     -0.6:  -7.14301:     10286
    120:    69:     88.9: -0.10000:  0.00099:      0.1:  -6.83161:     10355
    121:    98:     89.3: -0.10000:  0.01830:      1.8:  -8.00692:     10453
    122:    72:     90.3: -0.10000:  0.00960:      0.7:  -6.50856:     10525
    123:    57:     83.5: -0.10000:  0.01569:      0.9:  -4.80593:     10582
    124:    98:     85.1: -0.10000:  0.03938:      3.9:  -5.94082:     10680
    125:   180:     93.1: -0.10000:  0.04066:      7.3: -10.68127:     10860
    126:    93:     95.7: -0.10000:  0.02709:      2.5:  -6.78077:     10953
    127:    61:     85.2: -0.10000: -0.01048:     -0.6:  -6.73951:     11014
    128:    74:     86.7: -0.10000:  0.00824:      0.6:  -6.79022:     11088
    129:    69:     87.1: -0.10000: -0.00324:     -0.2:  -7.12378:     11157
    130:    96:     89.8: -0.10000:  0.00426:      0.4:  -9.19139:     11253
    131:    65:     86.5: -0.10000: -0.01654:     -1.1:  -7.57534:     11318
    132:    59:     85.2: -0.10000:  0.00165:      0.1:  -5.80282:     11377
    133:    59:     85.4: -0.10000:  0.02228:      1.3:  -4.58576:     11436
    134:    58:     81.4: -0.10000:  0.00220:      0.1:  -5.67253:     11494
    135:    59:     69.3: -0.10000: -0.01836:     -1.1:  -6.98313:     11553
    136:    70:     67.0: -0.10000:  0.01360:      1.0:  -6.04809:     11623
    137:    83:     69.2: -0.10000:  0.00821:      0.7:  -7.61861:     11706
    138:    68:     68.6: -0.10000:  0.01515:      1.0:  -5.76986:     11774
    139:    60:     67.7: -0.10000: -0.00181:     -0.1:  -6.10842:     11834
    140:    65:     64.6: -0.10000: -0.00226:     -0.1:  -6.64712:     11899
    141:   105:     68.6: -0.10000:  0.00140:      0.1: -10.35268:     12004
    142:    74:     70.1: -0.10000:  0.01827:      1.4:  -6.04795:     12078
    143:    95:     73.7: -0.10000:  0.01106:      1.1:  -8.44909:     12173
    144:    73:     75.2: -0.10000:  0.01135:      0.8:  -6.47111:     12246
    145:    93:     78.6: -0.10000:  0.01967:      1.8:  -7.47044:     12339
    146:    97:     81.3: -0.10000:  0.02009:      1.9:  -7.75164:     12436
    147:    78:     80.8: -0.10000:  0.03152:      2.5:  -5.34112:     12514
    148:    85:     82.5: -0.10000:  0.01853:      1.6:  -6.92490:     12599
    149:    78:     84.3: -0.10000:  0.01331:      1.0:  -6.76219:     12677
    150:   105:     88.3: -0.10000:  0.02514:      2.6:  -7.85982:     12782
    151:    55:     83.3: -0.10000: -0.00705:     -0.4:  -5.88786:     12837
    152:   145:     90.4: -0.10000:  0.02663:      3.9: -10.63834:     12982
    153:    79:     88.8: -0.10000:  0.01736:      1.4:  -6.52868:     13061
    154:    77:     89.2: -0.10000:  0.01373:      1.1:  -6.64295:     13138
    155:   179:     97.8: -0.10000:  0.05594:     10.0:  -7.88702:     13317
    156:    93:     97.4: -0.10000: -0.00747:     -0.7:  -9.99505:     13410
    157:    95:     99.1: -0.10000:  0.02191:      2.1:  -7.41821:     13505
    158:    69:     97.5: -0.10000:  0.00808:      0.6:  -6.34272:     13574
    159:    60:     95.7: -0.10000: -0.00271:     -0.2:  -6.16231:     13634
    160:    80:     93.2: -0.10000:  0.01501:      1.2:  -6.79947:     13714
    161:    91:     96.8: -0.10000:  0.02625:      2.4:  -6.71086:     13805
    162:    85:     90.8: -0.10000:  0.01339:      1.1:  -7.36162:     13890
    163:   110:     93.9: -0.10000: -0.01859:     -2.0: -13.04545:     14000
    164:    92:     95.4: -0.10000: -0.00033:     -0.0:  -9.23029:     14092
    165:    88:     86.3: -0.10000:  0.01477:      1.3:  -7.50062:     14180
    166:    76:     84.6: -0.10000:  0.01369:      1.0:  -6.55991:     14256
    167:    79:     83.0: -0.10000:  0.01200:      0.9:  -6.95212:     14335
    168:    97:     85.8: -0.10000:  0.02568:      2.5:  -7.20867:     14432
    169:    57:     85.5: -0.10000: -0.01479:     -0.8:  -6.54331:     14489
    170:    74:     84.9: -0.10000:  0.02129:      1.6:  -5.82474:     14563
    171:    59:     81.7: -0.10000: -0.00448:     -0.3:  -6.16438:     14622
    172:    65:     79.7: -0.10000:  0.00586:      0.4:  -6.11897:     14687
    173:    73:     76.0: -0.10000:  0.02563:      1.9:  -5.42889:     14760
    174:    82:     75.0: -0.10000: -0.00038:     -0.0:  -8.23077:     14842
    175:    53:     71.5: -0.10000:  0.00177:      0.1:  -5.20612:     14895
    176:    73:     71.2: -0.10000: -0.02382:     -1.7:  -9.03921:     14968
    177:    69:     70.2: -0.10000:  0.01161:      0.8:  -6.09893:     15037
    178:    78:     68.3: -0.10000: -0.03966:     -3.1: -10.89352:     15115
    179:   102:     72.8: -0.10000:  0.02907:      3.0:  -7.23490:     15217
    180:    79:     73.3: -0.10000:  0.01954:      1.5:  -6.35669:     15296
    181:   139:     81.3: -0.10000:  0.02575:      3.6: -10.32125:     15435
    182:    62:     81.0: -0.10000:  0.01076:      0.7:  -5.53287:     15497
    183:    71:     80.8: -0.10000: -0.00268:     -0.2:  -7.29030:     15568
    184:   120:     84.6: -0.10000:  0.01335:      1.6: -10.39829:     15688
    185:   115:     90.8: -0.10000:  0.04254:      4.9:  -6.60763:     15803
    186:    78:     91.3: -0.10000:  0.01650:      1.3:  -6.51335:     15881
    187:    72:     91.6: -0.10000:  0.02758:      2.0:  -5.21393:     15953
    188:    56:     89.4: -0.10000:  0.00152:      0.1:  -5.51478:     16009
    189:    63:     85.5: -0.10000: -0.01009:     -0.6:  -6.93578:     16072
    190:    57:     83.3: -0.10000:  0.01866:      1.1:  -4.63630:     16129
    191:    66:     76.0: -0.10000:  0.00966:      0.6:  -5.96216:     16195
    192:   100:     79.8: -0.10000:  0.02616:      2.6:  -7.38355:     16295
    193:   117:     84.4: -0.10000:  0.01299:      1.5: -10.18045:     16412
    194:    93:     81.7: -0.10000:  0.02742:      2.5:  -6.75032:     16505
    195:    67:     76.9: -0.10000: -0.04950:     -3.3: -10.01681:     16572
    196:    53:     74.4: -0.10000: -0.01040:     -0.6:  -5.85132:     16625
    197:    63:     73.5: -0.10000:  0.00473:      0.3:  -6.00195:     16688
    198:    69:     74.8: -0.10000: -0.00350:     -0.2:  -7.14177:     16757
    199:    73:     75.8: -0.10000:  0.01459:      1.1:  -6.23521:     16830
    200:    68:     76.9: -0.10000:  0.02251:      1.5:  -5.26907:     16898
    201:    63:     76.6: -0.10000:  0.00199:      0.1:  -6.17455:     16961
    202:    89:     75.5: -0.10000:  0.02010:      1.8:  -7.11098:     17050
    203:    73:     71.1: -0.10000:  0.00664:      0.5:  -6.81559:     17123
    204:    94:     71.2: -0.10000:  0.02295:      2.2:  -7.24231:     17217
    205:   113:     75.8: -0.10000:  0.00940:      1.1: -10.23757:     17330
    206:    92:     79.7: -0.10000:  0.01533:      1.4:  -7.79003:     17422
    207:    95:     82.9: -0.10000:  0.01380:      1.3:  -8.18901:     17517
    208:    95:     85.5: -0.10000:  0.03353:      3.2:  -6.31472:     17612
    209:    73:     85.5: -0.10000:  0.03086:      2.3:  -5.04732:     17685
    210:    81:     86.8: -0.10000:  0.01370:      1.1:  -6.99002:     17766
    211:    82:     88.7: -0.10000:  0.02662:      2.2:  -6.01745:     17848
    212:   115:     91.3: -0.10000:  0.00927:      1.1: -10.43428:     17963
    213:    72:     91.2: -0.10000:  0.02146:      1.5:  -5.65483:     18035
    214:    61:     87.9: -0.10000: -0.01593:     -1.0:  -7.07164:     18096
    215:    63:     82.9: -0.10000:  0.00280:      0.2:  -6.12376:     18159
    216:    69:     80.6: -0.10000:  0.01414:      1.0:  -5.92454:     18228
    217:    69:     78.0: -0.10000: -0.01668:     -1.2:  -8.05061:     18297
    218:    57:     74.2: -0.10000: -0.00946:     -0.5:  -6.23948:     18354
    219:    81:     75.0: -0.10000:  0.03527:      2.9:  -5.24335:     18435
    220:    74:     74.3: -0.10000:  0.01722:      1.3:  -6.12603:     18509
    221:    56:     71.7: -0.10000: -0.00872:     -0.5:  -6.08851:     18565
    222:    58:     66.0: -0.10000:  0.00157:      0.1:  -5.70922:     18623
    223:   164:     75.2: -0.10000:  0.02457:      4.0: -12.37006:     18787
    224:    59:     75.0: -0.10000:  0.01038:      0.6:  -5.28758:     18846
    225:    68:     75.5: -0.10000:  0.00193:      0.1:  -6.66857:     18914
    226:    64:     75.0: -0.10000:  0.00662:      0.4:  -5.97641:     18978
    227:   131:     81.2: -0.10000:  0.02205:      2.9: -10.21122:     19109
    228:    68:     82.3: -0.10000:  0.00235:      0.2:  -6.64021:     19177
    229:    66:     80.8: -0.10000:  0.02452:      1.6:  -4.98176:     19243
    230:    89:     82.3: -0.10000:  0.01575:      1.4:  -7.49786:     19332
    231:   138:     90.5: -0.10000:  0.02332:      3.2: -10.58251:     19470
    232:    75:     92.2: -0.10000: -0.02279:     -1.7:  -9.20920:     19545
    233:   123:     88.1: -0.10000: -0.00245:     -0.3: -12.60140:     19668
    234:    62:     88.4: -0.10000: -0.01782:     -1.1:  -7.30510:     19730
    235:    61:     87.7: -0.10000: -0.02947:     -1.8:  -7.89786:     19791
    236:    65:     87.8: -0.10000:  0.02284:      1.5:  -5.01515:     19856
    237:    94:     84.1: -0.10000:  0.00345:      0.3:  -9.07602:     19950
    238:   134:     90.7: -0.10000:  0.01666:      2.2: -11.16775:     20084
    239:    63:     90.4: -0.10000:  0.01033:      0.7:  -5.64897:     20147
    240:    68:     88.3: -0.10000:  0.00926:      0.6:  -6.17030:     20215
    241:   141:     88.6: -0.10000:  0.03451:      4.9:  -9.23380:     20356
    242:    91:     90.2: -0.10000: -0.01867:     -1.7: -10.79878:     20447
    243:    66:     84.5: -0.10000:  0.00974:      0.6:  -5.95710:     20513
    244:   117:     90.0: -0.10000:  0.02576:      3.0:  -8.68651:     20630
    245:   154:     99.3: -0.10000:  0.04910:      7.6:  -7.83832:     20784
    246:   100:    102.8: -0.10000:  0.01332:      1.3:  -8.66790:     20884
    247:    66:    100.0: -0.10000:  0.02113:      1.4:  -5.20539:     20950
    248:    78:     94.4: -0.10000:  0.01863:      1.5:  -6.34660:     21028
    249:    97:     97.8: -0.10000:  0.02445:      2.4:  -7.32845:     21125
    250:    74:     98.4: -0.10000:  0.01677:      1.2:  -6.15907:     21199
    251:    75:     91.8: -0.10000:  0.00763:      0.6:  -6.92785:     21274
    252:    62:     88.9: -0.10000:  0.01000:      0.6:  -5.58021:     21336
    253:   100:     92.3: -0.10000:  0.03036:      3.0:  -6.96399:     21436
    254:   104:     91.0: -0.10000:  0.02736:      2.8:  -7.55422:     21540
    255:    72:     82.8: -0.10000: -0.01979:     -1.4:  -8.62496:     21612
    256:    92:     82.0: -0.10000:  0.03763:      3.5:  -5.73775:     21704
    257:    53:     80.7: -0.10000: -0.00520:     -0.3:  -5.57581:     21757
    258:    71:     80.0: -0.10000:  0.00133:      0.1:  -7.00592:     21828
    259:    98:     80.1: -0.10000:  0.02981:      2.9:  -6.87901:     21926
    260:    69:     79.6: -0.10000:  0.02808:      1.9:  -4.96275:     21995
    261:    58:     77.9: -0.10000: -0.00145:     -0.1:  -5.88428:     22053
    262:    92:     80.9: -0.10000:  0.02114:      1.9:  -7.25520:     22145
    263:   105:     81.4: -0.10000:  0.00164:      0.2: -10.32811:     22250
    264:    70:     78.0: -0.10000:  0.01880:      1.3:  -5.68395:     22320
    265:    62:     77.0: -0.10000:  0.00747:      0.5:  -5.73715:     22382
    266:   110:     78.8: -0.10000:  0.00330:      0.4: -10.63682:     22492
    267:    54:     78.9: -0.10000: -0.00539:     -0.3:  -5.69103:     22546
    268:    73:     79.1: -0.10000:  0.00670:      0.5:  -6.81085:     22619
    269:   101:     79.4: -0.10000:  0.00279:      0.3:  -9.81790:     22720
    270:    63:     78.8: -0.10000: -0.00621:     -0.4:  -6.69131:     22783
    271:    68:     79.8: -0.10000: -0.00895:     -0.6:  -7.40894:     22851
    272:   135:     84.1: -0.10000:  0.02388:      3.2: -10.27591:     22986
    273:   102:     83.8: -0.10000:  0.02252:      2.3:  -7.90282:     23088
    274:    98:     86.6: -0.10000:  0.02614:      2.6:  -7.23848:     23186
    275:    91:     89.5: -0.10000:  0.03417:      3.1:  -5.99023:     23277
    276:    67:     85.2: -0.10000:  0.02393:      1.6:  -5.09691:     23344
    277:   156:     95.4: -0.10000:  0.02175:      3.4: -12.20713:     23500
    278:    84:     96.5: -0.10000:  0.00130:      0.1:  -8.29057:     23584
    279:    73:     93.7: -0.10000:  0.00314:      0.2:  -7.07106:     23657
    280:    84:     95.8: -0.10000:  0.01958:      1.6:  -6.75528:     23741
    281:    92:     98.2: -0.10000: -0.01227:     -1.1: -10.32845:     23833
    282:    63:     91.0: -0.10000:  0.00501:      0.3:  -5.98443:     23896
    283:    54:     86.2: -0.10000:  0.00855:      0.5:  -4.93806:     23950
    284:   157:     92.1: -0.10000:  0.02259:      3.5: -12.15310:     24107
    285:    65:     89.5: -0.10000:  0.00841:      0.5:  -5.95356:     24172
    286:    73:     90.1: -0.10000:  0.03275:      2.4:  -4.90919:     24245
    287:    67:     81.2: -0.10000:  0.00238:      0.2:  -6.54070:     24312
    288:    81:     80.9: -0.10000:  0.01605:      1.3:  -6.79956:     24393
    289:   116:     85.2: -0.10000:  0.01949:      2.3:  -9.33869:     24509
    290:    61:     82.9: -0.10000: -0.00990:     -0.6:  -6.70376:     24570
    291:    84:     82.1: -0.10000:  0.02446:      2.1:  -6.34527:     24654
    292:    65:     82.3: -0.10000: -0.00806:     -0.5:  -7.02411:     24719
    293:    54:     82.3: -0.10000: -0.01365:     -0.7:  -6.13699:     24773
    294:    63:     72.9: -0.10000:  0.00685:      0.4:  -5.86861:     24836
    295:   236:     90.0: -0.10000:  0.05822:     13.7:  -9.85952:     25072
    296:    87:     91.4: -0.10000:  0.02487:      2.2:  -6.53641:     25159
    297:    65:     91.2: -0.10000: -0.01112:     -0.7:  -7.22295:     25224
    298:   133:     96.4: -0.10000:  0.01385:      1.8: -11.45812:     25357
    299:    93:     94.1: -0.10000:  0.02056:      1.9:  -7.38821:     25450
    300:   179:    105.9: -0.10000:  0.02911:      5.2: -12.68854:     25629
    301:    79:    105.4: -0.10000:  0.01931:      1.5:  -6.37485:     25708
    302:    73:    106.2: -0.10000: -0.01833:     -1.3:  -8.63792:     25781
    303:   166:    117.4: -0.10000:  0.04619:      7.7:  -8.93205:     25947
    304:    59:    117.0: -0.10000:  0.00046:      0.0:  -5.87276:     26006
    305:   156:    109.0: -0.10000:  0.03407:      5.3: -10.28562:     26162
    306:    60:    106.3: -0.10000:  0.00299:      0.2:  -5.82072:     26222
    307:   127:    112.5: -0.10000:  0.02277:      2.9:  -9.80868:     26349
    308:    72:    106.4: -0.10000:  0.02318:      1.7:  -5.53072:     26421
    309:   100:    107.1: -0.10000:  0.01198:      1.2:  -8.80227:     26521
    310:    77:     96.9: -0.10000: -0.00735:     -0.6:  -8.26576:     26598
    311:    96:     98.6: -0.10000:  0.03008:      2.9:  -6.71194:     26694
    312:    74:     98.7: -0.10000:  0.02186:      1.6:  -5.78266:     26768
    313:    74:     89.5: -0.10000:  0.02523:      1.9:  -5.53335:     26842
    314:    71:     90.7: -0.10000:  0.00296:      0.2:  -6.89014:     26913
    315:    72:     82.3: -0.10000:  0.00385:      0.3:  -6.92271:     26985
    316:   109:     87.2: -0.10000: -0.00424:     -0.5: -11.36185:     27094
    317:    86:     83.1: -0.10000:  0.01556:      1.3:  -7.26206:     27180
    318:    83:     84.2: -0.10000:  0.01118:      0.9:  -7.37214:     27263
    319:   117:     85.9: -0.10000:  0.01066:      1.2: -10.45315:     27380
    320:    90:     87.2: -0.10000: -0.00078:     -0.1:  -9.06980:     27470
    321:   203:     97.9: -0.10000:  0.05778:     11.7:  -8.57037:     27673
    322:    82:     98.7: -0.10000:  0.01003:      0.8:  -7.37718:     27755
    323:    71:     98.4: -0.10000:  0.00869:      0.6:  -6.48296:     27826
    324:    58:     97.1: -0.10000: -0.02685:     -1.6:  -7.35753:     27884
    325:    72:     97.1: -0.10000:  0.01344:      1.0:  -6.23210:     27956
    326:    90:     95.2: -0.10000:  0.03045:      2.7:  -6.25990:     28046
    327:    58:     92.4: -0.10000:  0.01930:      1.1:  -4.68077:     28104
    328:    82:     92.3: -0.10000:  0.02933:      2.4:  -5.79526:     28186
    329:    85:     89.1: -0.10000:  0.01926:      1.6:  -6.86317:     28271
    330:   106:     90.7: -0.10000:  0.00312:      0.3: -10.26943:     28377
    331:    58:     76.2: -0.10000:  0.00617:      0.4:  -5.44192:     28435
    332:   161:     84.1: -0.10000:  0.03164:      5.1: -11.00583:     28596
    333:   172:     94.2: -0.10000:  0.04700:      8.1:  -9.11579:     28768
    334:   150:    103.4: -0.10000:  0.02461:      3.7: -11.30826:     28918
    335:    79:    104.1: -0.10000:  0.01954:      1.5:  -6.35608:     28997
    336:    88:    103.9: -0.10000:  0.02740:      2.4:  -6.38892:     29085
    337:    62:    104.3: -0.10000: -0.00817:     -0.5:  -6.70628:     29147
    338:    76:    103.7: -0.10000:  0.00913:      0.7:  -6.90622:     29223
    339:    73:    102.5: -0.10000: -0.00765:     -0.6:  -7.85844:     29296
    340:    62:     98.1: -0.10000: -0.00067:     -0.0:  -6.24144:     29358
    341:    54:     97.7: -0.10000:  0.01801:      1.0:  -4.42773:     29412
    342:    71:     88.7: -0.10000:  0.00146:      0.1:  -6.99619:     29483
    343:    89:     80.4: -0.10000:  0.03555:      3.2:  -5.73635:     29572
    344:    73:     72.7: -0.10000:  0.01939:      1.4:  -5.88429:     29645
    345:   100:     74.8: -0.10000:  0.02792:      2.8:  -7.20810:     29745
    346:    72:     73.2: -0.10000:  0.00996:      0.7:  -6.48281:     29817
    347:   152:     82.2: -0.10000:  0.03584:      5.4:  -9.75179:     29969
    348:    71:     81.7: -0.10000:  0.01753:      1.2:  -5.85507:     30040
    349:    68:     81.2: -0.10000: -0.01491:     -1.0:  -7.81362:     30108
    350:   123:     87.3: -0.10000:  0.00937:      1.2: -11.14705:     30231
    351:   148:     96.7: -0.10000:  0.03127:      4.6: -10.17212:     30379
    352:   105:    100.1: -0.10000: -0.01572:     -1.7: -12.15030:     30484
    353:    57:     96.9: -0.10000:  0.00524:      0.3:  -5.40118:     30541
    354:    81:     97.7: -0.10000:  0.00720:      0.6:  -7.51668:     30622
    355:    83:     96.0: -0.10000:  0.01868:      1.6:  -6.74929:     30705
    356:    74:     96.2: -0.10000:  0.02808:      2.1:  -5.32228:     30779
    357:    72:     88.2: -0.10000:  0.01262:      0.9:  -6.29103:     30851
    358:    86:     89.7: -0.10000:  0.01526:      1.3:  -7.28732:     30937
    359:    91:     92.0: -0.10000:  0.02420:      2.2:  -6.89824:     31028
    360:   113:     91.0: -0.10000:  0.01170:      1.3:  -9.97793:     31141
    361:    73:     83.5: -0.10000: -0.00273:     -0.2:  -7.49897:     31214
    362:    55:     78.5: -0.10000:  0.00154:      0.1:  -5.41516:     31269
    363:    63:     79.1: -0.10000:  0.01482:      0.9:  -5.36659:     31332
    364:   126:     83.6: -0.10000:  0.01472:      1.9: -10.74522:     31458
    365:   139:     89.2: -0.10000:  0.00535:      0.7: -13.15593:     31597
    366:   134:     95.2: -0.10000:  0.02513:      3.4: -10.03274:     31731
    367:    54:     93.4: -0.10000:  0.00472:      0.3:  -5.14526:     31785
    368:    56:     90.4: -0.10000: -0.03196:     -1.8:  -7.38970:     31841
    369:   119:     93.2: -0.10000:  0.00108:      0.1: -11.77165:     31960
    370:    90:     90.9: -0.10000:  0.03303:      3.0:  -6.02745:     32050
    371:    59:     89.5: -0.10000:  0.01385:      0.8:  -5.08299:     32109
    372:    91:     93.1: -0.10000:  0.01026:      0.9:  -8.16645:     32200
    373:    62:     93.0: -0.10000:  0.00550:      0.3:  -5.85931:     32262
    374:   113:     91.7: -0.10000:  0.01194:      1.3:  -9.95059:     32375
    375:    62:     84.0: -0.10000: -0.03376:     -2.1:  -8.29309:     32437
    376:    64:     77.0: -0.10000: -0.01678:     -1.1:  -7.47389:     32501
    377:    81:     79.7: -0.10000:  0.02555:      2.1:  -6.03063:     32582
    378:    79:     82.0: -0.10000:  0.02144:      1.7:  -6.20639:     32661
    379:   105:     80.6: -0.10000:  0.01125:      1.2:  -9.31901:     32766
    380:   105:     82.1: -0.10000:  0.03316:      3.5:  -7.01839:     32871
    381:    54:     81.6: -0.10000:  0.00855:      0.5:  -4.93813:     32925
    382:    90:     81.5: -0.10000:  0.02552:      2.3:  -6.70365:     33015
    383:    90:     84.3: -0.10000:  0.04265:      3.8:  -5.16173:     33105
    384:    58:     78.8: -0.10000: -0.00419:     -0.2:  -6.04318:     33163
    385:   154:     88.0: -0.10000:  0.04488:      6.9:  -8.48871:     33317
    386:    53:     86.9: -0.10000: -0.01016:     -0.5:  -5.83835:     33370
    387:   118:     90.6: -0.10000:  0.03786:      4.5:  -7.33225:     33488
    388:   186:    101.3: -0.10000:  0.04656:      8.7:  -9.94027:     33674
    389:   117:    102.5: -0.10000:  0.02672:      3.1:  -8.57355:     33791
    390:    69:     98.9: -0.10000:  0.01864:      1.3:  -5.61409:     33860
    391:    57:     99.2: -0.10000:  0.00248:      0.1:  -5.55877:     33917
    392:   111:    101.3: -0.10000: -0.01122:     -1.2: -12.34549:     34028
    393:   133:    105.6: -0.10000: -0.00044:     -0.1: -13.35791:     34161
    394:   107:    110.5: -0.10000:  0.01026:      1.1:  -9.60242:     34268
    395:    94:    104.5: -0.10000:  0.01768:      1.7:  -7.73763:     34362
    396:   104:    109.6: -0.10000:  0.01824:      1.9:  -8.50323:     34466
    397:    65:    104.3: -0.10000: -0.01052:     -0.7:  -7.18392:     34531
    398:    78:     93.5: -0.10000: -0.01308:     -1.0:  -8.82016:     34609
    399:    65:     88.3: -0.10000:  0.00240:      0.2:  -6.34372:     34674
    400:    64:     87.8: -0.10000: -0.00361:     -0.2:  -6.63091:     34738
    401:   105:     92.6: -0.10000:  0.00304:      0.3: -10.18049:     34843
    402:   181:     99.6: -0.10000:  0.05843:     10.6:  -7.52428:     35024
    403:   160:    102.3: -0.10000:  0.01751:      2.8: -13.19812:     35184
    404:   203:    111.9: -0.10000:  0.04556:      9.2: -11.05106:     35387
    405:   115:    114.0: -0.10000: -0.00548:     -0.6: -12.12999:     35502
    406:    65:    110.1: -0.10000: -0.00590:     -0.4:  -6.88330:     35567
    407:    64:    110.0: -0.10000: -0.02836:     -1.8:  -8.21486:     35631
    408:   108:    113.0: -0.10000: -0.00243:     -0.3: -11.06270:     35739
    409:    88:    115.3: -0.10000:  0.04117:      3.6:  -5.17717:     35827
    410:    93:    118.2: -0.10000: -0.01807:     -1.7: -10.98022:     35920
    411:    74:    115.1: -0.10000: -0.01174:     -0.9:  -8.26870:     35994
    412:    73:    104.3: -0.10000:  0.00817:      0.6:  -6.70353:     36067
    413:    64:     94.7: -0.10000: -0.03153:     -2.0:  -8.41824:     36131
    414:    62:     80.6: -0.10000:  0.02592:      1.6:  -4.59322:     36193
    415:    59:     75.0: -0.10000:  0.00416:      0.2:  -5.65445:     36252
    416:    83:     76.8: -0.10000:  0.01552:      1.3:  -7.01196:     36335
    417:   120:     82.4: -0.10000:  0.00833:      1.0: -11.00038:     36455
    418:    67:     78.3: -0.10000:  0.02042:      1.4:  -5.33183:     36522
    419:    88:     78.3: -0.10000:  0.03691:      3.2:  -5.55197:     36610
    420:    80:     77.0: -0.10000:  0.02291:      1.8:  -6.16757:     36690
    421:    78:     77.4: -0.10000:  0.01855:      1.4:  -6.35308:     36768
    422:    70:     77.1: -0.10000:  0.01336:      0.9:  -6.06453:     36838
    423:   145:     85.2: -0.10000:  0.03754:      5.4:  -9.05655:     36983
    424:    84:     87.4: -0.10000:  0.02674:      2.2:  -6.15411:     37067
    425:    65:     88.0: -0.10000:  0.00865:      0.6:  -5.93744:     37132
    426:   134:     93.1: -0.10000: -0.01675:     -2.2: -15.64387:     37266
    427:    95:     90.6: -0.10000:  0.01372:      1.3:  -8.19628:     37361
    428:   103:     94.2: -0.10000:  0.01972:      2.0:  -8.26862:     37464
    429:    95:     94.9: -0.10000:  0.00545:      0.5:  -8.98246:     37559
    430:    86:     95.5: -0.10000:  0.02673:      2.3:  -6.30099:     37645
    431:   108:     98.5: -0.10000:  0.01539:      1.7:  -9.13786:     37753
    432:    57:     97.2: -0.10000: -0.00448:     -0.3:  -5.95545:     37810
    433:    56:     88.3: -0.10000: -0.00752:     -0.4:  -6.02120:     37866
    434:    62:     86.1: -0.10000:  0.00534:      0.3:  -5.86917:     37928
    435:    74:     87.0: -0.10000:  0.03820:      2.8:  -4.57321:     38002
    436:    87:     82.3: -0.10000:  0.01583:      1.4:  -7.32289:     38089
    437:   172:     90.0: -0.10000:  0.05045:      8.7:  -8.52279:     38261
    438:    62:     85.9: -0.10000:  0.00491:      0.3:  -5.89558:     38323
    439:    97:     86.1: -0.10000: -0.00278:     -0.3:  -9.96997:     38420
    440:    86:     86.1: -0.10000:  0.02783:      2.4:  -6.20701:     38506
    441:   124:     87.7: -0.10000:  0.00250:      0.3: -12.09009:     38630
    442:    76:     89.6: -0.10000:  0.00860:      0.7:  -6.94604:     38706
    443:    69:     90.9: -0.10000:  0.00071:      0.0:  -6.85091:     38775
    444:    83:     93.0: -0.10000:  0.01324:      1.1:  -7.20084:     38858
    445:    68:     92.4: -0.10000:  0.00514:      0.3:  -6.45055:     38926
    446:    73:     91.0: -0.10000: -0.00867:     -0.6:  -7.93327:     38999
    447:    58:     79.6: -0.10000:  0.02331:      1.4:  -4.44809:     39057
    448:    87:     82.1: -0.10000:  0.04113:      3.6:  -5.12160:     39144
    449:    79:     80.3: -0.10000:  0.02893:      2.3:  -5.61461:     39223
    450:    69:     78.6: -0.10000:  0.00362:      0.2:  -6.65056:     39292
    451:   148:     81.0: -0.10000:  0.02568:      3.8: -10.99932:     39440
    452:   108:     84.2: -0.10000:  0.00252:      0.3: -10.52767:     39548
    453:   152:     92.5: -0.10000:  0.02888:      4.4: -10.81056:     39700
    454:    77:     91.9: -0.10000:  0.01350:      1.0:  -6.66069:     39777
    455:    56:     90.7: -0.10000:  0.00009:      0.0:  -5.59477:     39833
    456:    73:     90.7: -0.10000: -0.01059:     -0.8:  -8.07338:     39906
    457:    98:     94.7: -0.10000:  0.00010:      0.0:  -9.79033:     40004
    458:    72:     93.2: -0.10000: -0.01465:     -1.1:  -8.25466:     40076
    459:    72:     92.5: -0.10000:  0.00298:      0.2:  -6.98576:     40148
    460:    68:     92.4: -0.10000:  0.01518:      1.0:  -5.76805:     40216
    461:    59:     83.5: -0.10000: -0.02136:     -1.3:  -7.16001:     40275
    462:    56:     78.3: -0.10000:  0.00740:      0.4:  -5.18586:     40331
    463:    74:     70.5: -0.10000:  0.02292:      1.7:  -5.70413:     40405
    464:    76:     70.4: -0.10000:  0.00374:      0.3:  -7.31555:     40481
    465:    78:     72.6: -0.10000:  0.02465:      1.9:  -5.87760:     40559
    466:    62:     71.5: -0.10000:  0.01265:      0.8:  -5.41581:     40621
    467:   102:     71.9: -0.10000:  0.03430:      3.5:  -6.70096:     40723
    468:   148:     79.5: -0.10000:  0.03401:      5.0:  -9.76611:     40871
    469:   151:     87.4: -0.10000:  0.01639:      2.5: -12.62570:     41022
    470:    54:     86.0: -0.10000: -0.03390:     -1.8:  -7.23077:     41076
    471:   207:    100.8: -0.10000:  0.03989:      8.3: -12.44176:     41283
    472:    72:    102.4: -0.10000:  0.02552:      1.8:  -5.36260:     41355
    473:   140:    109.0: -0.10000:  0.00652:      0.9: -13.08784:     41495
    474:    67:    108.1: -0.10000: -0.00169:     -0.1:  -6.81345:     41562
    475:    64:    106.7: -0.10000:  0.02181:      1.4:  -5.00418:     41626
    476:   111:    111.6: -0.10000:  0.01493:      1.7:  -9.44261:     41737
    477:    82:    109.6: -0.10000:  0.01719:      1.4:  -6.79020:     41819
    478:    64:    101.2: -0.10000:  0.01060:      0.7:  -5.72167:     41883
    479:    67:     92.8: -0.10000:  0.00168:      0.1:  -6.58731:     41950
    480:    80:     95.4: -0.10000:  0.02525:      2.0:  -5.97962:     42030
    481:    77:     82.4: -0.10000:  0.03947:      3.0:  -4.66110:     42107
    482:    78:     83.0: -0.10000:  0.01643:      1.3:  -6.51840:     42185
    483:    87:     77.7: -0.10000:  0.00874:      0.8:  -7.93940:     42272
    484:   107:     81.7: -0.10000:  0.00536:      0.6: -10.12633:     42379
    485:    58:     81.1: -0.10000:  0.00634:      0.4:  -5.43240:     42437
    486:    65:     76.5: -0.10000:  0.02056:      1.3:  -5.16340:     42502
    487:    60:     74.3: -0.10000:  0.00543:      0.3:  -5.67409:     42562
    488:    76:     75.5: -0.10000:  0.01677:      1.3:  -6.32536:     42638
    489:    89:     77.7: -0.10000:  0.02844:      2.5:  -6.36879:     42727
    490:    89:     78.6: -0.10000:  0.03301:      2.9:  -5.96248:     42816
    491:    67:     77.6: -0.10000: -0.00029:     -0.0:  -6.71914:     42883
    492:    97:     79.5: -0.10000:  0.03944:      3.8:  -5.87388:     42980
    493:    91:     79.9: -0.10000:  0.01709:      1.6:  -7.54465:     43071
    494:    66:     75.8: -0.10000:  0.01451:      1.0:  -5.64263:     43137
    495:   118:     81.8: -0.10000:  0.01943:      2.3:  -9.50727:     43255
    496:    72:     82.5: -0.10000:  0.00116:      0.1:  -7.11668:     43327
    497:   164:     92.9: -0.10000:  0.02374:      3.9: -12.50702:     43491
    498:    81:     93.4: -0.10000:  0.02722:      2.2:  -5.89516:     43572
    499:    86:     93.1: -0.10000:  0.02477:      2.1:  -6.46986:     43658
    500:   135:     97.7: -0.10000:  0.00738:      1.0: -12.50402:     43793
    501:    59:     96.9: -0.10000: -0.01511:     -0.9:  -6.79173:     43852
    502:    72:     94.4: -0.10000:  0.00854:      0.6:  -6.58534:     43924
    503:    87:     94.0: -0.10000:  0.00860:      0.7:  -7.95195:     44011
    504:    66:     94.0: -0.10000: -0.00473:     -0.3:  -6.91214:     44077
    505:    67:     88.9: -0.10000: -0.00167:     -0.1:  -6.81168:     44144
    506:    75:     89.2: -0.10000: -0.00082:     -0.1:  -7.56175:     44219
    507:    61:     78.9: -0.10000: -0.00700:     -0.4:  -6.52711:     44280
    508:    57:     76.5: -0.10000: -0.00599:     -0.3:  -6.04134:     44337
    509:   114:     79.3: -0.10000:  0.02038:      2.3:  -9.07725:     44451
    510:    84:     74.2: -0.10000: -0.00298:     -0.3:  -8.65040:     44535
    511:    89:     77.2: -0.10000:  0.01641:      1.5:  -7.43917:     44624
    512:    77:     77.7: -0.10000:  0.01006:      0.8:  -6.92504:     44701
    513:   125:     81.5: -0.10000:  0.01387:      1.7: -10.76632:     44826
    514:   116:     86.5: -0.10000: -0.04532:     -5.3: -16.85718:     44942
    515:   118:     91.6: -0.10000:  0.01565:      1.8:  -9.95278:     45060
    516:    61:     90.2: -0.10000: -0.00088:     -0.1:  -6.15365:     45121
    517:   120:     96.1: -0.10000:  0.02664:      3.2:  -8.80260:     45241
    518:    66:     97.0: -0.10000:  0.00796:      0.5:  -6.07458:     45307
    519:    61:     91.7: -0.10000:  0.01372:      0.8:  -5.26297:     45368
    520:    66:     89.9: -0.10000: -0.01079:     -0.7:  -7.31186:     45434
    521:    87:     89.7: -0.10000:  0.00945:      0.8:  -7.87777:     45521
    522:   120:     94.0: -0.10000:  0.01262:      1.5: -10.48506:     45641
    523:    80:     89.5: -0.10000:  0.01535:      1.2:  -6.77167:     45721
    524:    63:     84.2: -0.10000:  0.00964:      0.6:  -5.69260:     45784
    525:    93:     81.7: -0.10000:  0.01852:      1.7:  -7.57723:     45877
    526:   135:     89.1: -0.10000:  0.04282:      5.8:  -7.71978:     46012
    527:   183:     95.4: -0.10000:  0.05119:      9.4:  -8.93277:     46195
    528:    84:     97.2: -0.10000:  0.01202:      1.0:  -7.39024:     46279
    529:    59:     97.0: -0.10000:  0.00225:      0.1:  -5.76738:     46338
    530:    59:     96.3: -0.10000: -0.01099:     -0.6:  -6.54826:     46397
    531:    65:     94.1: -0.10000:  0.02622:      1.7:  -4.79559:     46462
    532:    71:     89.2: -0.10000:  0.00329:      0.2:  -6.86636:     46533
    533:    57:     86.9: -0.10000: -0.01756:     -1.0:  -6.70118:     46590
    534:    65:     87.1: -0.10000:  0.00230:      0.1:  -6.35071:     46655
    535:    84:     86.2: -0.10000:  0.03575:      3.0:  -5.39678:     46739
    536:    75:     80.2: -0.10000:  0.01215:      0.9:  -6.58844:     46814
    537:    89:     70.8: -0.10000:  0.03490:      3.1:  -5.79403:     46903
    538:    89:     71.3: -0.10000:  0.02795:      2.5:  -6.41218:     46992
    539:    80:     73.4: -0.10000:  0.02154:      1.7:  -6.27715:     47072
    540:   161:     83.6: -0.10000:  0.04502:      7.2:  -8.85156:     47233
    541:    79:     85.0: -0.10000:  0.02607:      2.1:  -5.84035:     47312
    542:    57:     83.6: -0.10000: -0.00722:     -0.4:  -6.11137:     47369
    543:   212:     99.1: -0.10000:  0.03187:      6.8: -14.44357:     47581
    544:    67:     99.3: -0.10000:  0.02507:      1.7:  -5.02058:     47648
    545:    75:     98.4: -0.10000:  0.00776:      0.6:  -6.91793:     47723
    546:    81:     99.0: -0.10000:  0.02271:      1.8:  -6.26035:     47804
    547:   102:    100.3: -0.10000:  0.00563:      0.6:  -9.62601:     47906
    548:    78:     99.2: -0.10000:  0.00131:      0.1:  -7.69750:     47984
    549:   110:    102.2: -0.10000:  0.00908:      1.0: -10.00085:     48094
    550:    58:     91.9: -0.10000:  0.00541:      0.3:  -5.48642:     48152
    551:   104:     94.4: -0.10000:  0.03335:      3.5:  -6.93174:     48256
    552:   148:    103.5: -0.10000:  0.04056:      6.0:  -8.79679:     48404
    553:   192:    101.5: -0.10000:  0.05327:     10.2:  -8.97310:     48596
    554:    90:    103.8: -0.10000:  0.00032:      0.0:  -8.97151:     48686
    555:   122:    108.5: -0.10000:  0.02699:      3.3:  -8.90712:     48808
    556:    70:    107.4: -0.10000: -0.00178:     -0.1:  -7.12463:     48878
    557:    66:    103.8: -0.10000:  0.00932:      0.6:  -5.98467:     48944
    558:    79:    103.9: -0.10000:  0.02974:      2.3:  -5.55092:     49023
    559:    86:    101.5: -0.10000:  0.01890:      1.6:  -6.97479:     49109
    560:    57:    101.4: -0.10000:  0.01846:      1.1:  -4.64757:     49166
    561:   104:    101.4: -0.10000:  0.01208:      1.3:  -9.14391:     49270
    562:    65:     93.1: -0.10000:  0.00915:      0.6:  -5.90553:     49335
    563:    57:     79.6: -0.10000:  0.00367:      0.2:  -5.49090:     49392
    564:    64:     77.0: -0.10000:  0.01588:      1.0:  -5.38362:     49456
    565:    98:     74.6: -0.10000:  0.02071:      2.0:  -7.77006:     49554
    566:    76:     75.2: -0.10000: -0.01925:     -1.5:  -9.06288:     49630
    567:    76:     76.2: -0.10000:  0.00467:      0.4:  -7.24478:     49706
    568:    80:     76.3: -0.10000:  0.03557:      2.8:  -5.15476:     49786
    569:    75:     75.2: -0.10000:  0.01067:      0.8:  -6.69944:     49861
    570:    70:     76.5: -0.10000: -0.00990:     -0.7:  -7.69331:     49931
    571:    58:     71.9: -0.10000:  0.00778:      0.5:  -5.34884:     49989
    572:   118:     77.2: -0.10000:  0.01093:      1.3: -10.51030:     50107
    573:    81:     79.6: -0.10000:  0.00396:      0.3:  -7.77916:     50188
    574:    78:     81.0: -0.10000:  0.01270:      1.0:  -6.80972:     50266
    575:   111:     82.3: -0.10000: -0.00807:     -0.9: -11.99523:     50377
    576:    84:     83.1: -0.10000:  0.01478:      1.2:  -7.15840:     50461
    577:    98:     85.3: -0.10000:  0.01261:      1.2:  -8.56449:     50559
    578:    96:     86.9: -0.10000:  0.01161:      1.1:  -8.48540:     50655
    579:    56:     85.0: -0.10000:  0.01104:      0.6:  -4.98182:     50711
    580:    90:     87.0: -0.10000:  0.01850:      1.7:  -7.33539:     50801
    581:    55:     86.7: -0.10000: -0.00468:     -0.3:  -5.75720:     50856
    582:    73:     82.2: -0.10000: -0.01610:     -1.2:  -8.47532:     50929
    583:    79:     82.0: -0.10000:  0.00901:      0.7:  -7.18784:     51008
    584:    60:     80.2: -0.10000: -0.01424:     -0.9:  -6.85464:     51068
    585:    80:     77.1: -0.10000:  0.03478:      2.8:  -5.21752:     51148
    586:    60:     74.7: -0.10000:  0.01441:      0.9:  -5.13551:     51208
    587:    71:     72.0: -0.10000: -0.00512:     -0.4:  -7.46361:     51279
    588:    74:     69.8: -0.10000: -0.01381:     -1.0:  -8.42172:     51353
    589:    79:     72.1: -0.10000:  0.00539:      0.4:  -7.47440:     51432
    590:    97:     72.8: -0.10000:  0.02704:      2.6:  -7.07732:     51529
    591:    59:     73.2: -0.10000:  0.00328:      0.2:  -5.70639:     51588
    592:    93:     75.2: -0.10000:  0.02252:      2.1:  -7.20578:     51681
    593:    61:     73.4: -0.10000: -0.01160:     -0.7:  -6.80748:     51742
    594:    89:     76.3: -0.10000:  0.02680:      2.4:  -6.51436:     51831
    595:    72:     75.5: -0.10000:  0.02572:      1.9:  -5.34838:     51903
    596:   121:     81.6: -0.10000:  0.03337:      4.0:  -8.06188:     52024
    597:    59:     80.4: -0.10000:  0.00484:      0.3:  -5.61471:     52083
    598:   105:     83.5: -0.10000: -0.00385:     -0.4: -10.90390:     52188
    599:    56:     81.2: -0.10000: -0.00064:     -0.0:  -5.63609:     52244
    600:    65:     78.0: -0.10000: -0.01368:     -0.9:  -7.38907:     52309
    601:   100:     82.1: -0.10000:  0.00842:      0.8:  -9.15845:     52409
    602:    83:     81.1: -0.10000:  0.01822:      1.5:  -6.78782:     52492
    603:    94:     84.4: -0.10000: -0.00644:     -0.6: -10.00517:     52586
    604:    62:     81.7: -0.10000:  0.00451:      0.3:  -5.92066:     52648
    605:    57:     80.2: -0.10000:  0.01480:      0.8:  -4.85659:     52705
    606:    58:     73.9: -0.10000: -0.01559:     -0.9:  -6.70411:     52763
    607:    70:     75.0: -0.10000:  0.02837:      2.0:  -5.01408:     52833
    608:   151:     79.6: -0.10000:  0.00595:      0.9: -14.20214:     52984
    609:    66:     80.6: -0.10000: -0.01830:     -1.2:  -7.80812:     53050
    610:    77:     81.8: -0.10000:  0.00102:      0.1:  -7.62184:     53127
    611:    93:     81.1: -0.10000:  0.02412:      2.2:  -7.05696:     53220
    612:    75:     80.3: -0.10000: -0.02055:     -1.5:  -9.04130:     53295
    613:    67:     77.6: -0.10000: -0.00496:     -0.3:  -7.03262:     53362
    614:    61:     77.5: -0.10000:  0.00504:      0.3:  -5.79227:     53423
    615:   139:     85.7: -0.10000:  0.03116:      4.3:  -9.56872:     53562
    616:   101:     90.0: -0.10000: -0.01735:     -1.8: -11.85222:     53663
    617:    80:     91.0: -0.10000:  0.01494:      1.2:  -6.80471:     53743
    618:    57:     81.6: -0.10000:  0.01157:      0.7:  -5.04069:     53800
    619:    82:     83.2: -0.10000:  0.03339:      2.7:  -5.46183:     53882
    620:   131:     88.6: -0.10000:  0.03775:      4.9:  -8.15515:     54013
    621:    64:     85.7: -0.10000: -0.00928:     -0.6:  -6.99364:     54077
    622:   119:     90.1: -0.10000: -0.00103:     -0.1: -12.02303:     54196
    623:    76:     91.0: -0.10000:  0.01733:      1.3:  -6.28289:     54272
    624:    65:     91.4: -0.10000: -0.01069:     -0.7:  -7.19466:     54337
    625:   101:     87.6: -0.10000:  0.01289:      1.3:  -8.79812:     54438
    626:    78:     85.3: -0.10000:  0.01343:      1.0:  -6.75273:     54516
    627:    95:     86.8: -0.10000:  0.03380:      3.2:  -6.28911:     54611
    628:    66:     87.7: -0.10000:  0.02893:      1.9:  -4.69092:     54677
    629:    95:     89.0: -0.10000:  0.01766:      1.7:  -7.82213:     54772
    630:    55:     81.4: -0.10000: -0.00408:     -0.2:  -5.72459:     54827
    631:    68:     81.8: -0.10000: -0.00037:     -0.0:  -6.82485:     54895
    632:    82:     78.1: -0.10000:  0.00985:      0.8:  -7.39230:     54977
    633:    68:     77.3: -0.10000:  0.01458:      1.0:  -5.80859:     55045
    634:    75:     78.3: -0.10000: -0.02299:     -1.7:  -9.22430:     55120
    635:    88:     77.0: -0.10000:  0.04032:      3.5:  -5.25207:     55208
    636:    79:     77.1: -0.10000:  0.01382:      1.1:  -6.80833:     55287
    637:    78:     75.4: -0.10000: -0.00450:     -0.4:  -8.15134:     55365
    638:    58:     74.6: -0.10000: -0.00939:     -0.5:  -6.34468:     55423
    639:    60:     71.1: -0.10000:  0.00253:      0.2:  -5.84837:     55483
    640:    55:     71.1: -0.10000:  0.01189:      0.7:  -4.84629:     55538
    641:   123:     76.6: -0.10000:  0.01352:      1.7: -10.63655:     55661
    642:   105:     78.9: -0.10000:  0.00414:      0.4: -10.06544:     55766
    643:   162:     88.3: -0.10000:  0.05228:      8.5:  -7.72984:     55928
    644:    56:     86.4: -0.10000:  0.01291:      0.7:  -4.87722:     55984
    645:    63:     83.9: -0.10000:  0.01560:      1.0:  -5.31703:     56047
    646:    91:     85.1: -0.10000:  0.02485:      2.3:  -6.83893:     56138
    647:    86:     85.9: -0.10000:  0.03240:      2.8:  -5.81390:     56224
    648:    54:     85.5: -0.10000: -0.00833:     -0.4:  -5.84963:     56278
    649:    62:     85.7: -0.10000:  0.00477:      0.3:  -5.90407:     56340
    650:    84:     88.6: -0.10000:  0.03194:      2.7:  -5.71688:     56424
    651:   110:     87.3: -0.10000:  0.00758:      0.8: -10.16581:     56534
    652:    62:     83.0: -0.10000:  0.01865:      1.2:  -5.04360:     56596
    653:    66:     73.4: -0.10000: -0.02412:     -1.6:  -8.19213:     56662
    654:    76:     75.4: -0.10000:  0.02059:      1.6:  -6.03495:     56738
    655:    72:     76.3: -0.10000:  0.01861:      1.3:  -5.86039:     56810
    656:    85:     75.7: -0.10000: -0.00113:     -0.1:  -8.59601:     56895
    657:   114:     78.5: -0.10000:  0.01858:      2.1:  -9.28171:     57009
    658:    89:     82.0: -0.10000:  0.02099:      1.9:  -7.03202:     57098
    659:    64:     82.2: -0.10000:  0.01623:      1.0:  -5.36150:     57162
    660:    58:     79.6: -0.10000: -0.02059:     -1.2:  -6.99406:     57220
    661:    79:     76.5: -0.10000:  0.01814:      1.4:  -6.46720:     57299
    662:   104:     80.7: -0.10000: -0.00424:     -0.4: -10.84055:     57403
    663:    80:     82.1: -0.10000:  0.02168:      1.7:  -6.26542:     57483
    664:   101:     84.6: -0.10000: -0.03019:     -3.0: -13.14898:     57584
    665:   117:     89.1: -0.10000:  0.02359:      2.8:  -8.93997:     57701
    666:    90:     89.6: -0.10000:  0.02141:      1.9:  -7.07329:     57791
    667:    63:     84.5: -0.10000: -0.00741:     -0.5:  -6.76711:     57854
    668:    96:     85.2: -0.10000:  0.03402:      3.3:  -6.33373:     57950
    669:    62:     85.0: -0.10000: -0.00193:     -0.1:  -6.31992:     58012
    670:    78:     87.0: -0.10000:  0.00023:      0.0:  -7.78243:     58090
    671:   108:     89.9: -0.10000:  0.02436:      2.6:  -8.16935:     58198
    672:   116:     91.1: -0.10000:  0.00958:      1.1: -10.48918:     58314
    673:    86:     91.7: -0.10000:  0.02337:      2.0:  -6.58989:     58400
    674:    78:     89.4: -0.10000:  0.01963:      1.5:  -6.26852:     58478
    675:    94:     87.1: -0.10000:  0.03391:      3.2:  -6.21280:     58572
    676:    95:     87.6: -0.10000:  0.00835:      0.8:  -8.70696:     58667
    677:   106:     91.9: -0.10000:  0.02138:      2.3:  -8.33424:     58773
    678:    74:     89.7: -0.10000:  0.01696:      1.3:  -6.14511:     58847
    679:    80:     91.5: -0.10000: -0.01734:     -1.4:  -9.38733:     58927
    680:    56:     89.3: -0.10000: -0.02208:     -1.2:  -6.83674:     58983
    681:    63:     84.8: -0.10000: -0.02010:     -1.3:  -7.56620:     59046
    682:    96:     82.8: -0.10000: -0.00288:     -0.3:  -9.87679:     59142
    683:    86:     82.8: -0.10000:  0.02048:      1.8:  -6.83878:     59228
    684:   106:     85.6: -0.10000:  0.02850:      3.0:  -7.57918:     59334
    685:    55:     81.7: -0.10000:  0.00998:      0.5:  -4.95101:     59389
    686:    77:     79.9: -0.10000:  0.01365:      1.1:  -6.64915:     59466
    687:    92:     78.5: -0.10000:  0.01482:      1.4:  -7.83624:     59558
    688:    95:     80.6: -0.10000:  0.01814:      1.7:  -7.77680:     59653
    689:    75:     80.1: -0.10000:  0.03251:      2.4:  -5.06165:     59728
    690:    83:     82.8: -0.10000:  0.01726:      1.4:  -6.86746:     59811
    691:    61:     82.6: -0.10000: -0.00323:     -0.2:  -6.29678:     59872
    692:    66:     79.6: -0.10000: -0.01028:     -0.7:  -7.27829:     59938
    693:    82:     79.2: -0.10000:  0.02315:      1.9:  -6.30206:     60020
    694:    78:     76.4: -0.10000:  0.02940:      2.3:  -5.50689:     60098
    695:   103:     81.2: -0.10000: -0.03806:     -3.9: -14.22065:     60201
    696:    73:     80.8: -0.10000: -0.00878:     -0.6:  -7.94103:     60274
    697:    73:     78.9: -0.10000:  0.00403:      0.3:  -7.00574:     60347
    698:    78:     77.2: -0.10000:  0.01404:      1.1:  -6.70519:     60425
    699:    67:     76.4: -0.10000:  0.00354:      0.2:  -6.46309:     60492
    700:    76:     75.7: -0.10000:  0.01348:      1.0:  -6.57577:     60568
    701:    89:     78.5: -0.10000: -0.02135:     -1.9: -10.80011:     60657
    702:   100:     81.9: -0.10000:  0.00888:      0.9:  -9.11188:     60757
    703:   138:     87.5: -0.10000:  0.03511:      4.8:  -8.95422:     60895
    704:    68:     86.5: -0.10000:  0.00954:      0.6:  -6.15098:     60963
    705:    72:     83.4: -0.10000: -0.00793:     -0.6:  -7.77094:     61035
    706:    75:     83.6: -0.10000:  0.02681:      2.0:  -5.48959:     61110
    707:    63:     82.6: -0.10000:  0.00673:      0.4:  -5.87615:     61173
    708:   142:     89.0: -0.10000:  0.03426:      4.9:  -9.33534:     61315
    709:   163:     98.6: -0.10000:  0.04054:      6.6:  -9.69164:     61478
    710:    82:     99.2: -0.10000:  0.02618:      2.1:  -6.05321:     61560
    711:    82:     98.5: -0.10000:  0.01776:      1.5:  -6.74407:     61642
    712:    70:     95.5: -0.10000:  0.00799:      0.6:  -6.44080:     61712
    713:    82:     89.9: -0.10000:  0.01351:      1.1:  -7.09250:     61794
    714:   109:     94.0: -0.10000:  0.01676:      1.8:  -9.07326:     61903
    715:   105:     97.3: -0.10000:  0.02241:      2.4:  -8.14703:     62008
    716:    90:     98.8: -0.10000:  0.03469:      3.1:  -5.87818:     62098
    717:    71:     99.6: -0.10000: -0.01542:     -1.1:  -8.19447:     62169
    718:    57:     91.1: -0.10000: -0.01376:     -0.8:  -6.48417:     62226
    719:    69:     81.7: -0.10000:  0.01629:      1.1:  -5.77600:     62295
    720:    74:     80.9: -0.10000:  0.01365:      1.0:  -6.38969:     62369
    721:    57:     78.4: -0.10000: -0.01814:     -1.0:  -6.73424:     62426
    722:    70:     78.4: -0.10000:  0.02093:      1.5:  -5.53466:     62496
    723:    90:     79.2: -0.10000:  0.01148:      1.0:  -7.96688:     62586
    724:    66:     74.9: -0.10000:  0.01580:      1.0:  -5.55741:     62652
    725:    72:     71.6: -0.10000:  0.02488:      1.8:  -5.40891:     62724
    726:    58:     68.4: -0.10000:  0.02759:      1.6:  -4.19959:     62782
    727:    71:     68.4: -0.10000:  0.00779:      0.6:  -6.54669:     62853
    728:    75:     70.2: -0.10000:  0.02675:      2.0:  -5.49372:     62928
    729:   174:     80.7: -0.10000:  0.04561:      7.9:  -9.46438:     63102
    730:    74:     80.7: -0.10000:  0.02313:      1.7:  -5.68823:     63176
    731:   115:     86.5: -0.10000:  0.01617:      1.9:  -9.63998:     63291
    732:    59:     85.4: -0.10000: -0.00742:     -0.4:  -6.33751:     63350
    733:    70:     83.4: -0.10000:  0.01251:      0.9:  -6.12458:     63420
    734:    54:     82.2: -0.10000:  0.00747:      0.4:  -4.99637:     63474
    735:    92:     84.2: -0.10000:  0.02263:      2.1:  -7.11804:     63566
    736:    93:     87.7: -0.10000:  0.01096:      1.0:  -8.28108:     63659
    737:    96:     90.2: -0.10000:  0.03986:      3.8:  -5.77312:     63755
    738:    91:     91.8: -0.10000:  0.01167:      1.1:  -8.03794:     63846
    739:    59:     80.3: -0.10000: -0.00464:     -0.3:  -6.17400:     63905
    740:    96:     82.5: -0.10000:  0.00295:      0.3:  -9.31719:     64001
    741:    64:     77.4: -0.10000:  0.01261:      0.8:  -5.59292:     64065
    742:    72:     78.7: -0.10000:  0.00514:      0.4:  -6.82985:     64137
    743:    59:     77.6: -0.10000:  0.00814:      0.5:  -5.41994:     64196
    744:    67:     78.9: -0.10000:  0.01990:      1.3:  -5.36646:     64263
    745:   138:     83.5: -0.10000: -0.00480:     -0.7: -14.46252:     64401
    746:    66:     80.8: -0.10000: -0.01010:     -0.7:  -7.26631:     64467
    747:    54:     76.6: -0.10000:  0.00994:      0.5:  -4.86318:     64521
    748:   141:     81.6: -0.10000:  0.02809:      4.0: -10.13880:     64662
    749:    92:     84.9: -0.10000:  0.01482:      1.4:  -7.83664:     64754
    750:    84:     83.7: -0.10000:  0.02518:      2.1:  -6.28489:     64838
    751:   105:     87.8: -0.10000:  0.02783:      2.9:  -7.57743:     64943
    752:    89:     89.5: -0.10000:  0.01544:      1.4:  -7.52576:     65032
    753:    65:     90.1: -0.10000:  0.01592:      1.0:  -5.46510:     65097
    754:    73:     90.7: -0.10000:  0.02736:      2.0:  -5.30239:     65170
    755:   127:     89.6: -0.10000:  0.01817:      2.3: -10.39193:     65297
    756:    59:     88.9: -0.10000: -0.01295:     -0.8:  -6.66382:     65356
    757:    53:     88.8: -0.10000: -0.00035:     -0.0:  -5.31865:     65409
    758:   148:     89.5: -0.10000:  0.02083:      3.1: -11.71771:     65557
    759:   199:    100.2: -0.10000:  0.04917:      9.8: -10.11572:     65756
    760:   101:    101.9: -0.10000:  0.00710:      0.7:  -9.38270:     65857
    761:    95:    100.9: -0.10000:  0.02070:      2.0:  -7.53389:     65952
    762:    61:     98.1: -0.10000: -0.00291:     -0.2:  -6.27721:     66013
    763:    72:     98.8: -0.10000:  0.02343:      1.7:  -5.51305:     66085
    764:   120:    103.5: -0.10000:  0.00891:      1.1: -10.93070:     66205
    765:   103:    101.1: -0.10000:  0.02725:      2.8:  -7.49296:     66308
    766:   112:    106.4: -0.10000:  0.02506:      2.8:  -8.39367:     66420
    767:    84:    109.5: -0.10000:  0.02361:      2.0:  -6.41675:     66504
    768:    58:    100.5: -0.10000: -0.00023:     -0.0:  -5.81360:     66562
    769:   117:     92.3: -0.10000:  0.01921:      2.2:  -9.45294:     66679
    770:    62:     88.4: -0.10000:  0.00289:      0.2:  -6.02094:     66741
    771:    72:     86.1: -0.10000:  0.01005:      0.7:  -6.47630:     66813
    772:    53:     85.3: -0.10000: -0.00085:     -0.0:  -5.34524:     66866
    773:    62:     84.3: -0.10000: -0.00503:     -0.3:  -6.51213:     66928
    774:    68:     79.1: -0.10000:  0.02095:      1.4:  -5.37534:     66996
    775:    65:     75.3: -0.10000: -0.00006:     -0.0:  -6.50379:     67061
    776:    64:     70.5: -0.10000:  0.02169:      1.4:  -5.01169:     67125
    777:    65:     68.6: -0.10000: -0.00302:     -0.2:  -6.69662:     67190
    778:    57:     68.5: -0.10000:  0.00753:      0.4:  -5.27098:     67247
    779:    87:     65.5: -0.10000:  0.01460:      1.3:  -7.43023:     67334
    780:    98:     69.1: -0.10000:  0.00603:      0.6:  -9.20865:     67432
    781:   108:     72.7: -0.10000:  0.01230:      1.3:  -9.47131:     67540
    782:    85:     75.9: -0.10000:  0.03638:      3.1:  -5.40731:     67625
    783:    62:     75.9: -0.10000:  0.01502:      0.9:  -5.26859:     67687
    784:    71:     76.2: -0.10000:  0.02880:      2.0:  -5.05526:     67758
    785:    88:     78.5: -0.10000:  0.01323:      1.2:  -7.63548:     67846
    786:    53:     77.4: -0.10000: -0.00071:     -0.0:  -5.33777:     67899
    787:    80:     78.9: -0.10000: -0.02052:     -1.6:  -9.64125:     67979
    788:    62:     79.4: -0.10000:  0.01424:      0.9:  -5.31714:     68041
    789:    73:     78.0: -0.10000: -0.01320:     -1.0:  -8.26382:     68114
    790:    96:     77.8: -0.10000:  0.01874:      1.8:  -7.80129:     68210
    791:   129:     79.9: -0.10000:  0.03351:      4.3:  -8.57784:     68339
    792:    74:     78.8: -0.10000:  0.02680:      2.0:  -5.41689:     68413
    793:    61:     78.7: -0.10000:  0.00566:      0.3:  -5.75495:     68474
    794:   102:     81.8: -0.10000:  0.00912:      0.9:  -9.26973:     68576
    795:    80:     81.0: -0.10000:  0.03226:      2.6:  -5.41947:     68656
    796:    66:     82.3: -0.10000:  0.01585:      1.0:  -5.55411:     68722
    797:   107:     85.0: -0.10000:  0.02043:      2.2:  -8.51400:     68829
    798:    70:     85.8: -0.10000:  0.00592:      0.4:  -6.58588:     68899
    799:    81:     86.6: -0.10000:  0.03012:      2.4:  -5.65997:     68980
    800:   139:     90.9: -0.10000: -0.01362:     -1.9: -15.79345:     69119
    801:   112:     89.2: -0.10000: -0.00102:     -0.1: -11.31378:     69231
    802:    72:     89.0: -0.10000: -0.02050:     -1.5:  -8.67591:     69303
    803:    57:     88.6: -0.10000: -0.00682:     -0.4:  -6.08858:     69360
    804:    67:     85.1: -0.10000:  0.01845:      1.2:  -5.46387:     69427
    805:    89:     86.0: -0.10000:  0.03584:      3.2:  -5.71010:     69516
    806:   107:     90.1: -0.10000:  0.00679:      0.7:  -9.97315:     69623
    807:    74:     86.8: -0.10000:  0.00529:      0.4:  -7.00855:     69697
    808:    57:     85.5: -0.10000: -0.01640:     -0.9:  -6.63507:     69754
    809:    82:     85.6: -0.10000:  0.01706:      1.4:  -6.80087:     69836
    810:    64:     78.1: -0.10000:  0.01642:      1.1:  -5.34888:     69900
    811:    78:     74.7: -0.10000:  0.02463:      1.9:  -5.87847:     69978
    812:    62:     73.7: -0.10000:  0.02201:      1.4:  -4.83566:     70040
    813:    87:     76.7: -0.10000:  0.02561:      2.2:  -6.47154:     70127
    814:    55:     75.5: -0.10000: -0.00944:     -0.5:  -6.01919:     70182
    815:   107:     77.3: -0.10000: -0.00046:     -0.0: -10.74914:     70289
    816:   122:     78.8: -0.10000:  0.02215:      2.7:  -9.49768:     70411
    817:    69:     78.3: -0.10000:  0.02334:      1.6:  -5.28926:     70480
    818:    78:     80.4: -0.10000:  0.02533:      2.0:  -5.82460:     70558
    819:    69:     79.1: -0.10000:  0.01168:      0.8:  -6.09386:     70627
    820:    68:     79.5: -0.10000:  0.02243:      1.5:  -5.27448:     70695
    821:    83:     80.0: -0.10000:  0.01857:      1.5:  -6.75867:     70778
    822:    88:     82.6: -0.10000:  0.02385:      2.1:  -6.70083:     70866
    823:    77:     81.6: -0.10000:  0.02434:      1.9:  -5.82564:     70943
    824:    58:     81.9: -0.10000:  0.01422:      0.8:  -4.97514:     71001
    825:   109:     82.1: -0.10000: -0.00008:     -0.0: -10.90889:     71110
    826:   107:     80.6: -0.10000:  0.03013:      3.2:  -7.47572:     71217
    827:    58:     79.5: -0.10000:  0.00622:      0.4:  -5.43921:     71275
    828:    61:     77.8: -0.10000: -0.01227:     -0.7:  -6.84865:     71336
    829:    71:     78.0: -0.10000:  0.01406:      1.0:  -6.10150:     71407
    830:    72:     78.4: -0.10000:  0.01557:      1.1:  -6.07887:     71479
    831:    63:     76.4: -0.10000: -0.00813:     -0.5:  -6.81190:     71542
    832:   105:     78.1: -0.10000:  0.00599:      0.6:  -9.87100:     71647
    833:   103:     80.7: -0.10000:  0.01348:      1.4:  -8.91121:     71750
    834:    64:     81.3: -0.10000: -0.00848:     -0.5:  -6.94292:     71814
    835:    58:     76.2: -0.10000:  0.00061:      0.0:  -5.76482:     71872
    836:    98:     75.3: -0.10000:  0.00482:      0.5:  -9.32794:     71970
    837:    90:     78.5: -0.10000:  0.01848:      1.7:  -7.33688:     72060
    838:    78:     80.2: -0.10000:  0.01934:      1.5:  -6.29139:     72138
    839:    93:     82.4: -0.10000:  0.00890:      0.8:  -8.47194:     72231
    840:   115:     86.7: -0.10000:  0.01703:      2.0:  -9.54102:     72346
    841:    58:     86.2: -0.10000: -0.00965:     -0.6:  -6.35952:     72404
    842:    88:     84.5: -0.10000:  0.02530:      2.2:  -6.57349:     72492
    843:    86:     82.8: -0.10000:  0.01696:      1.5:  -7.14121:     72578
    844:    65:     82.9: -0.10000:  0.00763:      0.5:  -6.00404:     72643
    845:    53:     82.4: -0.10000:  0.01577:      0.8:  -4.46430:     72696
    846:   121:     84.7: -0.10000:  0.01356:      1.6: -10.45944:     72817
    847:   107:     86.4: -0.10000: -0.00081:     -0.1: -10.78713:     72924
    848:    91:     87.7: -0.10000: -0.00062:     -0.1:  -9.15662:     73015
    849:    78:     86.2: -0.10000:  0.01007:      0.8:  -7.01459:     73093
    850:    71:     81.8: -0.10000:  0.02006:      1.4:  -5.67594:     73164
    851:    72:     83.2: -0.10000: -0.00875:     -0.6:  -7.82982:     73236
    852:   115:     85.9: -0.10000:  0.01016:      1.2: -10.33211:     73351
    853:   116:     88.9: -0.10000:  0.02175:      2.5:  -9.07649:     73467
    854:    79:     90.3: -0.10000:  0.03001:      2.4:  -5.52887:     73546
    855:    67:     91.7: -0.10000: -0.03273:     -2.2:  -8.89321:     73613
    856:    88:     88.4: -0.10000: -0.00316:     -0.3:  -9.07788:     73701
    857:    70:     84.7: -0.10000:  0.00395:      0.3:  -6.72317:     73771
    858:    55:     81.1: -0.10000:  0.01605:      0.9:  -4.61736:     73826
    859:    90:     82.3: -0.10000: -0.01035:     -0.9:  -9.93109:     73916
    860:    63:     81.5: -0.10000: -0.00932:     -0.6:  -6.88736:     73979
    861:    85:     82.8: -0.10000:  0.02086:      1.8:  -6.72693:     74064
    862:    80:     79.3: -0.10000:  0.02174:      1.7:  -6.26071:     74144
    863:    52:     72.9: -0.10000:  0.01161:      0.6:  -4.59646:     74196
    864:    77:     72.7: -0.10000:  0.01220:      0.9:  -6.76081:     74273
    865:    82:     74.2: -0.10000:  0.02144:      1.8:  -6.44155:     74355
    866:   119:     77.3: -0.10000:  0.02813:      3.3:  -8.55215:     74474
    867:    68:     77.1: -0.10000: -0.00505:     -0.3:  -7.14364:     74542
    868:    55:     77.1: -0.10000:  0.02152:      1.2:  -4.31653:     74597
    869:    66:     74.7: -0.10000: -0.00399:     -0.3:  -6.86312:     74663
    870:    84:     76.8: -0.10000:  0.01330:      1.1:  -7.28259:     74747
    871:   178:     86.1: -0.10000:  0.03534:      6.3: -11.50925:     74925
    872:    90:     87.1: -0.10000:  0.02341:      2.1:  -6.89354:     75015
    873:   126:     94.5: -0.10000: -0.00276:     -0.3: -12.94717:     75141
    874:    89:     95.7: -0.10000:  0.02708:      2.4:  -6.48982:     75230
    875:    61:     93.6: -0.10000:  0.00631:      0.4:  -5.71482:     75291
    876:    59:     87.6: -0.10000: -0.00246:     -0.1:  -6.04504:     75350
    877:    64:     87.2: -0.10000:  0.01548:      1.0:  -5.40958:     75414
    878:    96:     91.3: -0.10000:  0.02219:      2.1:  -7.46963:     75510
    879:    82:     92.9: -0.10000:  0.01277:      1.0:  -7.15294:     75592
    880:    86:     93.1: -0.10000:  0.02726:      2.3:  -6.25561:     75678
    881:   191:     94.4: -0.10000:  0.03517:      6.7: -12.38227:     75869
    882:    68:     92.2: -0.10000:  0.01896:      1.3:  -5.51039:     75937
    883:    94:     89.0: -0.10000:  0.02021:      1.9:  -7.50060:     76031
    884:   122:     92.3: -0.10000:  0.02570:      3.1:  -9.06513:     76153
    885:    65:     92.7: -0.10000:  0.02062:      1.3:  -5.15973:     76218
    886:    93:     96.1: -0.10000:  0.03487:      3.2:  -6.05739:     76311
    887:   102:     99.9: -0.10000: -0.00997:     -1.0: -11.21683:     76413
    888:    69:     97.2: -0.10000:  0.02136:      1.5:  -5.42622:     76482
    889:   124:    101.4: -0.10000:  0.03507:      4.3:  -8.05168:     76606
    890:    59:     98.7: -0.10000: -0.01492:     -0.9:  -6.78012:     76665
    891:    92:     88.8: -0.10000:  0.01293:      1.2:  -8.01052:     76757
    892:    61:     88.1: -0.10000: -0.00145:     -0.1:  -6.18828:     76818
    893:    67:     85.4: -0.10000:  0.01511:      1.0:  -5.68760:     76885
    894:    94:     82.6: -0.10000:  0.02669:      2.5:  -6.89146:     76979
    895:    91:     85.2: -0.10000: -0.00535:     -0.5:  -9.58677:     77070
    896:    66:     82.5: -0.10000:  0.00729:      0.5:  -6.11881:     77136
    897:   120:     84.3: -0.10000:  0.02423:      2.9:  -9.09287:     77256
    898:   106:     88.0: -0.10000: -0.00419:     -0.4: -11.04415:     77362
    899:    90:     84.6: -0.10000:  0.01526:      1.4:  -7.62698:     77452
    900:    56:     84.3: -0.10000: -0.00297:     -0.2:  -5.76607:     77508
    901:   198:     94.9: -0.10000:  0.03532:      7.0: -12.80674:     77706
    902:    89:     97.7: -0.10000:  0.00380:      0.3:  -8.56146:     77795
    903:    53:     96.3: -0.10000: -0.00225:     -0.1:  -5.41910:     77848
    904:   114:     98.3: -0.10000:  0.01052:      1.2: -10.20126:     77962
    905:    85:     97.7: -0.10000:  0.02799:      2.4:  -6.12098:     78047
    906:   103:    101.4: -0.10000:  0.01581:      1.6:  -8.67117:     78150
    907:    67:     96.1: -0.10000:  0.01251:      0.8:  -5.86176:     78217
    908:    77:     93.2: -0.10000:  0.02109:      1.6:  -6.07642:     78294
    909:    63:     90.5: -0.10000:  0.00787:      0.5:  -5.80403:     78357
    910:    79:     92.8: -0.10000:  0.00430:      0.3:  -7.55997:     78436
    911:    83:     81.3: -0.10000:  0.02754:      2.3:  -6.01453:     78519
    912:   120:     84.4: -0.10000:  0.02953:      3.5:  -8.45655:     78639
    913:   122:     91.3: -0.10000: -0.00059:     -0.1: -12.27216:     78761
    914:    70:     86.9: -0.10000:  0.01995:      1.4:  -5.60328:     78831
    915:    55:     83.9: -0.10000:  0.01619:      0.9:  -4.60955:     78886
    916:    83:     81.9: -0.10000:  0.02663:      2.2:  -6.08984:     78969
    917:    71:     82.3: -0.10000: -0.00048:     -0.0:  -7.13384:     79040
    918:   117:     86.3: -0.10000:  0.02451:      2.9:  -8.83272:     79157
    919:    92:     89.2: -0.10000:  0.03776:      3.5:  -5.72635:     79249
    920:    92:     90.5: -0.10000:  0.00610:      0.6:  -8.63884:     79341
    921:    58:     88.0: -0.10000: -0.00000:     -0.0:  -5.80002:     79399
    922:    89:     84.9: -0.10000:  0.01738:      1.5:  -7.35293:     79488
    923:    64:     79.1: -0.10000:  0.00082:      0.1:  -6.34739:     79552
    924:    93:     81.4: -0.10000:  0.00568:      0.5:  -8.77156:     79645
    925:    64:     82.3: -0.10000:  0.00832:      0.5:  -5.86737:     79709
    926:    77:     81.7: -0.10000:  0.01886:      1.5:  -6.24799:     79786
    927:    68:     81.4: -0.10000: -0.00393:     -0.3:  -7.06751:     79854
    928:    60:     75.7: -0.10000: -0.00109:     -0.1:  -6.06514:     79914
    929:    95:     76.0: -0.10000:  0.01874:      1.8:  -7.71998:     80009
    930:   112:     78.0: -0.10000:  0.01614:      1.8:  -9.39225:     80121
    931:    71:     79.3: -0.10000:  0.01368:      1.0:  -6.12885:     80192
    932:    68:     77.2: -0.10000:  0.00614:      0.4:  -6.38252:     80260
    933:    60:     76.8: -0.10000: -0.01357:     -0.8:  -6.81398:     80320
    934:    80:     75.5: -0.10000:  0.01598:      1.3:  -6.72148:     80400
    935:   102:     79.3: -0.10000:  0.01342:      1.4:  -8.83094:     80502
    936:   107:     82.3: -0.10000:  0.03843:      4.1:  -6.58794:     80609
    937:    65:     82.0: -0.10000:  0.01668:      1.1:  -5.41556:     80674
    938:   118:     87.8: -0.10000:  0.01070:      1.3: -10.53779:     80792
    939:    61:     84.4: -0.10000: -0.00249:     -0.2:  -6.25177:     80853
    940:   104:     83.6: -0.10000:  0.00055:      0.1: -10.34253:     80957
    941:    56:     82.1: -0.10000: -0.00758:     -0.4:  -6.02475:     81013
    942:    71:     82.4: -0.10000: -0.01268:     -0.9:  -8.00027:     81084
    943:    81:     84.5: -0.10000:  0.01002:      0.8:  -7.28800:     81165
    944:    71:     83.6: -0.10000:  0.01693:      1.2:  -5.89803:     81236
    945:    56:     79.0: -0.10000: -0.02364:     -1.3:  -6.92403:     81292
    946:    67:     75.0: -0.10000:  0.02804:      1.9:  -4.82108:     81359
    947:   134:     81.9: -0.10000:  0.03483:      4.7:  -8.73268:     81493
    948:    57:     75.8: -0.10000: -0.00369:     -0.2:  -5.91052:     81550
    949:    82:     77.9: -0.10000:  0.02475:      2.0:  -6.17059:     81632
    950:    80:     75.5: -0.10000:  0.00996:      0.8:  -7.20317:     81712
    951:    77:     77.6: -0.10000:  0.01371:      1.1:  -6.64412:     81789
    952:   108:     81.3: -0.10000:  0.00611:      0.7: -10.14044:     81897
