episodes:steps:mean_steps(10):rwd:mean_rwd:rwd_sum:rwd_sum-?*step:iter
      0:    60:      6.0: -0.10000:  0.07620:      4.6:  -1.42801:        60
      1:    67:     12.7: -0.10000:  0.07707:      5.2:  -1.53621:       127
      2:    93:     22.0: -0.10000:  0.07783:      7.2:  -2.06176:       220
      3:    76:     29.6: -0.10000:  0.07977:      6.1:  -1.53744:       296
      4:    64:     36.0: -0.10000:  0.07657:      4.9:  -1.49976:       360
      5:    54:     41.4: -0.10000:  0.07856:      4.2:  -1.15750:       414
      6:   112:     52.6: -0.10000:  0.08030:      9.0:  -2.20597:       526
      7:    88:     61.4: -0.10000:  0.07645:      6.7:  -2.07279:       614
      8:    76:     69.0: -0.10000:  0.07940:      6.0:  -1.56568:       690
      9:    88:     77.8: -0.10000:  0.08320:      7.3:  -1.47830:       778
     10:   148:     86.6: -0.10000:  0.08602:     12.7:  -2.06921:       926
     11:    63:     86.2: -0.10000:  0.07738:      4.9:  -1.42534:       989
     12:    55:     82.4: -0.10000:  0.07794:      4.3:  -1.21338:      1044
     13:    95:     84.3: -0.10000:  0.08424:      8.0:  -1.49686:      1139
     14:    53:     83.2: -0.10000:  0.07438:      3.9:  -1.35781:      1192
     15:    80:     85.8: -0.10000:  0.08082:      6.5:  -1.53464:      1272
     16:   121:     86.7: -0.10000:  0.08000:      9.7:  -2.41999:      1393
     17:    90:     86.9: -0.10000:  0.07663:      6.9:  -2.10296:      1483
     18:    77:     87.0: -0.10000:  0.07758:      6.0:  -1.72642:      1560
     19:   103:     88.5: -0.10000:  0.08352:      8.6:  -1.69774:      1663
     20:    99:     83.6: -0.10000:  0.07885:      7.8:  -2.09426:      1762
     21:   125:     89.8: -0.10000:  0.08112:     10.1:  -2.36062:      1887
     22:    77:     92.0: -0.10000:  0.07406:      5.7:  -1.99722:      1964
     23:    64:     88.9: -0.10000:  0.08014:      5.1:  -1.27118:      2028
     24:    79:     91.5: -0.10000:  0.08002:      6.3:  -1.57808:      2107
     25:    80:     91.5: -0.10000:  0.08263:      6.6:  -1.38969:      2187
     26:    65:     85.9: -0.10000:  0.08022:      5.2:  -1.28585:      2252
     27:    94:     86.3: -0.10000:  0.08316:      7.8:  -1.58297:      2346
     28:    60:     84.6: -0.10000:  0.08106:      4.9:  -1.13644:      2406
     29:    57:     80.0: -0.10000:  0.07820:      4.5:  -1.24237:      2463
     30:    61:     76.2: -0.10000:  0.07296:      4.5:  -1.64952:      2524
     31:    80:     71.7: -0.10000:  0.08193:      6.6:  -1.44582:      2604
     32:    68:     70.8: -0.10000:  0.07926:      5.4:  -1.41026:      2672
     33:    85:     72.9: -0.10000:  0.08181:      7.0:  -1.54613:      2757
     34:    66:     71.6: -0.10000:  0.07982:      5.3:  -1.33156:      2823
     35:    53:     68.9: -0.10000:  0.08069:      4.3:  -1.02352:      2876
     36:    65:     68.9: -0.10000:  0.08043:      5.2:  -1.27236:      2941
     37:    96:     69.1: -0.10000:  0.08135:      7.8:  -1.79082:      3037
     38:    81:     71.2: -0.10000:  0.08269:      6.7:  -1.40206:      3118
     39:    72:     72.7: -0.10000:  0.07998:      5.8:  -1.44110:      3190
     40:   132:     79.8: -0.10000:  0.08304:     11.0:  -2.23888:      3322
     41:    63:     78.1: -0.10000:  0.07965:      5.0:  -1.28211:      3385
     42:   102:     81.5: -0.10000:  0.08371:      8.5:  -1.66147:      3487
     43:   105:     83.5: -0.10000:  0.07858:      8.3:  -2.24914:      3592
     44:    57:     82.6: -0.10000:  0.07871:      4.5:  -1.21336:      3649
     45:    75:     84.8: -0.10000:  0.08121:      6.1:  -1.40891:      3724
     46:    65:     84.8: -0.10000:  0.07781:      5.1:  -1.44254:      3789
     47:   213:     96.5: -0.10000:  0.08801:     18.7:  -2.55438:      4002
     48:    76:     96.0: -0.10000:  0.07649:      5.8:  -1.78673:      4078
     49:    66:     95.4: -0.10000:  0.07703:      5.1:  -1.51599:      4144
     50:    69:     89.1: -0.10000:  0.07982:      5.5:  -1.39220:      4213
     51:   167:     99.5: -0.10000:  0.09001:     15.0:  -1.66884:      4380
     52:    62:     95.5: -0.10000:  0.07692:      4.8:  -1.43116:      4442
     53:   103:     95.3: -0.10000:  0.07982:      8.2:  -2.07890:      4545
     54:    81:     97.7: -0.10000:  0.08389:      6.8:  -1.30511:      4626
     55:    73:     97.5: -0.10000:  0.08220:      6.0:  -1.29936:      4699
     56:    72:     98.2: -0.10000:  0.08158:      5.9:  -1.32656:      4771
     57:    97:     86.6: -0.10000:  0.08288:      8.0:  -1.66070:      4868
     58:    58:     84.8: -0.10000:  0.07660:      4.4:  -1.35709:      4926
     59:    80:     86.2: -0.10000:  0.07698:      6.2:  -1.84176:      5006
     60:    66:     85.9: -0.10000:  0.07721:      5.1:  -1.50434:      5072
     61:    85:     77.7: -0.10000:  0.08479:      7.2:  -1.29250:      5157
     62:   106:     82.1: -0.10000:  0.08348:      8.8:  -1.75163:      5263
     63:    79:     79.7: -0.10000:  0.08300:      6.6:  -1.34270:      5342
     64:   114:     83.0: -0.10000:  0.08061:      9.2:  -2.21022:      5456
     65:    57:     81.4: -0.10000:  0.07676:      4.4:  -1.32471:      5513
     66:   141:     88.3: -0.10000:  0.08782:     12.4:  -1.71779:      5654
     67:    70:     85.6: -0.10000:  0.07467:      5.2:  -1.77277:      5724
     68:    79:     87.7: -0.10000:  0.08122:      6.4:  -1.48346:      5803
     69:   122:     91.9: -0.10000:  0.08463:     10.3:  -1.87543:      5925
     70:   104:     95.7: -0.10000:  0.07960:      8.3:  -2.12181:      6029
     71:    89:     96.1: -0.10000:  0.08387:      7.5:  -1.43578:      6118
     72:   113:     96.8: -0.10000:  0.08365:      9.5:  -1.84722:      6231
     73:    76:     96.5: -0.10000:  0.08275:      6.3:  -1.31133:      6307
     74:   161:    101.2: -0.10000:  0.08798:     14.2:  -1.93490:      6468
     75:    73:    102.8: -0.10000:  0.08072:      5.9:  -1.40754:      6541
     76:    59:     94.6: -0.10000:  0.07868:      4.6:  -1.25772:      6600
     77:    76:     95.2: -0.10000:  0.08223:      6.2:  -1.35088:      6676
     78:    78:     95.1: -0.10000:  0.08490:      6.6:  -1.17812:      6754
     79:    53:     88.2: -0.10000:  0.08050:      4.3:  -1.03366:      6807
     80:   125:     90.3: -0.10000:  0.08089:     10.1:  -2.38883:      6932
     81:    71:     88.5: -0.10000:  0.08371:      5.9:  -1.15629:      7003
     82:    67:     83.9: -0.10000:  0.07838:      5.3:  -1.44887:      7070
     83:   101:     86.4: -0.10000:  0.07488:      7.6:  -2.53708:      7171
     84:    83:     78.6: -0.10000:  0.08331:      6.9:  -1.38528:      7254
     85:    57:     77.0: -0.10000:  0.07693:      4.4:  -1.31507:      7311
     86:    85:     79.6: -0.10000:  0.07718:      6.6:  -1.93996:      7396
     87:   133:     85.3: -0.10000:  0.08657:     11.5:  -1.78655:      7529
     88:   123:     89.8: -0.10000:  0.08273:     10.2:  -2.12399:      7652
     89:   101:     94.6: -0.10000:  0.08156:      8.2:  -1.86219:      7753
     90:    75:     89.6: -0.10000:  0.08408:      6.3:  -1.19392:      7828
     91:    64:     88.9: -0.10000:  0.07405:      4.7:  -1.66076:      7892
     92:    84:     90.6: -0.10000:  0.08033:      6.7:  -1.65213:      7976
     93:    59:     86.4: -0.10000:  0.08315:      4.9:  -0.99418:      8035
     94:    53:     83.4: -0.10000:  0.07483:      4.0:  -1.33420:      8088
     95:    61:     83.8: -0.10000:  0.08060:      4.9:  -1.18327:      8149
     96:   112:     86.5: -0.10000:  0.07976:      8.9:  -2.26659:      8261
     97:    64:     79.6: -0.10000:  0.07927:      5.1:  -1.32644:      8325
     98:    81:     75.4: -0.10000:  0.08276:      6.7:  -1.39684:      8406
     99:    65:     71.8: -0.10000:  0.07645:      5.0:  -1.53052:      8471
    100:    55:     69.8: -0.10000:  0.07761:      4.3:  -1.23130:      8526
    101:    64:     69.8: -0.10000:  0.07903:      5.1:  -1.34226:      8590
    102:    75:     68.9: -0.10000:  0.07843:      5.9:  -1.61769:      8665
    103:    77:     70.7: -0.10000:  0.08449:      6.5:  -1.19412:      8742
    104:   120:     77.4: -0.10000:  0.07961:      9.6:  -2.44631:      8862
    105:    95:     80.8: -0.10000:  0.08395:      8.0:  -1.52474:      8957
    106:   113:     80.9: -0.10000:  0.08297:      9.4:  -1.92414:      9070
    107:   134:     87.9: -0.10000:  0.08358:     11.2:  -2.20067:      9204
    108:    82:     88.0: -0.10000:  0.08394:      6.9:  -1.31678:      9286
    109:    67:     88.2: -0.10000:  0.08295:      5.6:  -1.14202:      9353
    110:    85:     91.2: -0.10000:  0.08369:      7.1:  -1.38676:      9438
    111:   116:     96.4: -0.10000:  0.08344:      9.7:  -1.92124:      9554
    112:    80:     96.9: -0.10000:  0.07806:      6.2:  -1.75525:      9634
    113:   108:    100.0: -0.10000:  0.08610:      9.3:  -1.50093:      9742
    114:    74:     95.4: -0.10000:  0.08047:      6.0:  -1.44544:      9816
    115:    71:     93.0: -0.10000:  0.08268:      5.9:  -1.23005:      9887
    116:   137:     95.4: -0.10000:  0.08336:     11.4:  -2.28019:     10024
    117:    71:     89.1: -0.10000:  0.08071:      5.7:  -1.36955:     10095
    118:    88:     89.7: -0.10000:  0.08426:      7.4:  -1.38508:     10183
    119:    61:     89.1: -0.10000:  0.07640:      4.7:  -1.43950:     10244
    120:    59:     86.5: -0.10000:  0.07810:      4.6:  -1.29189:     10303
    121:    79:     82.8: -0.10000:  0.08045:      6.4:  -1.54426:     10382
    122:   153:     90.1: -0.10000:  0.08691:     13.3:  -2.00225:     10535
    123:    88:     88.1: -0.10000:  0.08474:      7.5:  -1.34274:     10623
    124:   176:     98.3: -0.10000:  0.08874:     15.6:  -1.98218:     10799
    125:    60:     97.2: -0.10000:  0.07936:      4.8:  -1.23833:     10859
    126:    75:     91.0: -0.10000:  0.08108:      6.1:  -1.41920:     10934
    127:    67:     90.6: -0.10000:  0.07487:      5.0:  -1.68364:     11001
    128:    77:     89.5: -0.10000:  0.08456:      6.5:  -1.18919:     11078
    129:   130:     96.4: -0.10000:  0.08807:     11.4:  -1.55069:     11208
    130:    87:     99.2: -0.10000:  0.07960:      6.9:  -1.77512:     11295
    131:    52:     96.5: -0.10000:  0.07811:      4.1:  -1.13829:     11347
    132:    93:     90.5: -0.10000:  0.08369:      7.8:  -1.51726:     11440
    133:   109:     92.6: -0.10000:  0.08323:      9.1:  -1.82777:     11549
    134:    91:     84.1: -0.10000:  0.07991:      7.3:  -1.82863:     11640
    135:    88:     86.9: -0.10000:  0.08236:      7.2:  -1.55204:     11728
