episodes:steps:mean_steps(10):rwd:mean_rwd:rwd_sum:rwd_sum-?*step:iter
      0:   125:     12.5: -0.10000:  0.06011:      7.5:  -4.98605:       125
      1:    58:     18.3: -0.10000:  0.05651:      3.3:  -2.52263:       183
      2:    65:     24.8: -0.10000:  0.04699:      3.1:  -3.44556:       248
      3:   118:     36.6: -0.10000:  0.05877:      6.9:  -4.86478:       366
      4:    92:     45.8: -0.10000:  0.06293:      5.8:  -3.41025:       458
      5:    66:     52.4: -0.10000:  0.05555:      3.7:  -2.93360:       524
      6:    91:     61.5: -0.10000:  0.07229:      6.6:  -2.52116:       615
      7:    71:     68.6: -0.10000:  0.06011:      4.3:  -2.83250:       686
      8:    79:     76.5: -0.10000:  0.07359:      5.8:  -2.08643:       765
      9:    99:     86.4: -0.10000:  0.06796:      6.7:  -3.17167:       864
     10:    85:     82.4: -0.10000:  0.06952:      5.9:  -2.59065:       949
     11:   194:     96.0: -0.10000:  0.07958:     15.4:  -3.96126:      1143
     12:    58:     95.3: -0.10000:  0.05878:      3.4:  -2.39088:      1201
     13:    81:     91.6: -0.10000:  0.06375:      5.2:  -2.93595:      1282
     14:    83:     90.7: -0.10000:  0.06923:      5.7:  -2.55363:      1365
     15:    54:     89.5: -0.10000:  0.05494:      3.0:  -2.43348:      1419
     16:    60:     86.4: -0.10000:  0.05303:      3.2:  -2.81797:      1479
     17:    56:     84.9: -0.10000:  0.06031:      3.4:  -2.22279:      1535
     18:    74:     84.4: -0.10000:  0.07034:      5.2:  -2.19477:      1609
     19:    54:     79.9: -0.10000:  0.05332:      2.9:  -2.52065:      1663
     20:    94:     80.8: -0.10000:  0.06661:      6.3:  -3.13902:      1757
     21:   186:     80.0: -0.10000:  0.07817:     14.5:  -4.06120:      1943
     22:    54:     79.6: -0.10000:  0.05958:      3.2:  -2.18285:      1997
     23:    60:     77.5: -0.10000:  0.06066:      3.6:  -2.36064:      2057
     24:   145:     83.7: -0.10000:  0.06894:     10.0:  -4.50427:      2202
     25:    74:     85.7: -0.10000:  0.06748:      5.0:  -2.40620:      2276
     26:   127:     92.4: -0.10000:  0.06844:      8.7:  -4.00837:      2403
     27:    92:     96.0: -0.10000:  0.06091:      5.6:  -3.59637:      2495
     28:   166:    105.2: -0.10000:  0.07772:     12.9:  -3.69910:      2661
     29:    73:    107.1: -0.10000:  0.06970:      5.1:  -2.21168:      2734
     30:    85:    106.2: -0.10000:  0.06669:      5.7:  -2.83095:      2819
     31:    87:     96.3: -0.10000:  0.06538:      5.7:  -3.01207:      2906
     32:    81:     99.0: -0.10000:  0.06563:      5.3:  -2.78393:      2987
     33:   100:    103.0: -0.10000:  0.06398:      6.4:  -3.60219:      3087
     34:    66:     95.1: -0.10000:  0.06310:      4.2:  -2.43516:      3153
     35:    54:     93.1: -0.10000:  0.05504:      3.0:  -2.42785:      3207
     36:    66:     87.0: -0.10000:  0.06098:      4.0:  -2.57520:      3273
     37:    72:     85.0: -0.10000:  0.05602:      4.0:  -3.16662:      3345
     38:    77:     76.1: -0.10000:  0.06605:      5.1:  -2.61448:      3422
     39:    65:     75.3: -0.10000:  0.06078:      4.0:  -2.54909:      3487
     40:    54:     72.2: -0.10000:  0.05709:      3.1:  -2.31716:      3541
     41:    66:     70.1: -0.10000:  0.06375:      4.2:  -2.39255:      3607
     42:    73:     69.3: -0.10000:  0.06546:      4.8:  -2.52146:      3680
     43:    53:     64.6: -0.10000:  0.05593:      3.0:  -2.33572:      3733
     44:    65:     64.5: -0.10000:  0.05949:      3.9:  -2.63327:      3798
     45:    95:     68.6: -0.10000:  0.07223:      6.9:  -2.63829:      3893
     46:    77:     69.7: -0.10000:  0.06356:      4.9:  -2.80557:      3970
     47:    64:     68.9: -0.10000:  0.04926:      3.2:  -3.24737:      4034
     48:    59:     67.1: -0.10000:  0.05697:      3.4:  -2.53896:      4093
     49:    60:     66.6: -0.10000:  0.05823:      3.5:  -2.50646:      4153
     50:    71:     68.3: -0.10000:  0.07100:      5.0:  -2.05910:      4224
     51:   102:     71.9: -0.10000:  0.07155:      7.3:  -2.90163:      4326
     52:    59:     70.5: -0.10000:  0.05478:      3.2:  -2.66811:      4385
     53:    60:     71.2: -0.10000:  0.05989:      3.6:  -2.40681:      4445
     54:    82:     72.9: -0.10000:  0.06665:      5.5:  -2.73487:      4527
     55:   109:     74.3: -0.10000:  0.06229:      6.8:  -4.10999:      4636
     56:   104:     77.0: -0.10000:  0.06236:      6.5:  -3.91451:      4740
     57:    57:     76.3: -0.10000:  0.05337:      3.0:  -2.65808:      4797
     58:    58:     76.2: -0.10000:  0.04540:      2.6:  -3.16655:      4855
     59:    81:     78.3: -0.10000:  0.05970:      4.8:  -3.26447:      4936
     60:    92:     80.4: -0.10000:  0.07012:      6.5:  -2.74882:      5028
     61:   111:     81.3: -0.10000:  0.06126:      6.8:  -4.30057:      5139
     62:    74:     82.8: -0.10000:  0.06508:      4.8:  -2.58371:      5213
     63:    72:     84.0: -0.10000:  0.06492:      4.7:  -2.52555:      5285
     64:    79:     83.7: -0.10000:  0.06481:      5.1:  -2.78012:      5364
     65:    80:     80.8: -0.10000:  0.06878:      5.5:  -2.49785:      5444
     66:    81:     78.5: -0.10000:  0.06033:      4.9:  -3.21307:      5525
     67:    91:     81.9: -0.10000:  0.06711:      6.1:  -2.99257:      5616
     68:    81:     84.2: -0.10000:  0.06767:      5.5:  -2.61899:      5697
     69:    88:     84.9: -0.10000:  0.07119:      6.3:  -2.53498:      5785
     70:    71:     82.8: -0.10000:  0.06651:      4.7:  -2.37760:      5856
     71:    66:     78.3: -0.10000:  0.05797:      3.8:  -2.77423:      5922
     72:    99:     80.8: -0.10000:  0.06325:      6.3:  -3.63866:      6021
     73:    64:     80.0: -0.10000:  0.06354:      4.1:  -2.33313:      6085
     74:    82:     80.3: -0.10000:  0.07244:      5.9:  -2.25955:      6167
     75:    55:     77.8: -0.10000:  0.05664:      3.1:  -2.38495:      6222
     76:    61:     75.8: -0.10000:  0.06139:      3.7:  -2.35496:      6283
     77:    70:     73.7: -0.10000:  0.06043:      4.2:  -2.76957:      6353
     78:   131:     78.7: -0.10000:  0.06994:      9.2:  -3.93820:      6484
     79:    62:     76.1: -0.10000:  0.04800:      3.0:  -3.22412:      6546
     80:    69:     75.9: -0.10000:  0.06144:      4.2:  -2.66080:      6615
     81:    75:     76.8: -0.10000:  0.06452:      4.8:  -2.66137:      6690
     82:    55:     72.4: -0.10000:  0.05958:      3.3:  -2.22326:      6745
     83:    71:     73.1: -0.10000:  0.06179:      4.4:  -2.71302:      6816
     84:    54:     70.3: -0.10000:  0.05233:      2.8:  -2.57421:      6870
     85:    74:     72.2: -0.10000:  0.05704:      4.2:  -3.17888:      6944
     86:    93:     75.4: -0.10000:  0.06429:      6.0:  -3.32108:      7037
     87:    73:     75.7: -0.10000:  0.06388:      4.7:  -2.63676:      7110
     88:    58:     68.4: -0.10000:  0.04935:      2.9:  -2.93791:      7168
     89:    61:     68.3: -0.10000:  0.05396:      3.3:  -2.80826:      7229
     90:    76:     69.0: -0.10000:  0.05836:      4.4:  -3.16456:      7305
     91:    55:     67.0: -0.10000:  0.04960:      2.7:  -2.77211:      7360
     92:    57:     67.2: -0.10000:  0.05852:      3.3:  -2.36438:      7417
     93:   100:     70.1: -0.10000:  0.06707:      6.7:  -3.29271:      7517
     94:    92:     73.9: -0.10000:  0.07140:      6.6:  -2.63146:      7609
     95:    95:     76.0: -0.10000:  0.07551:      7.2:  -2.32691:      7704
     96:    61:     72.8: -0.10000:  0.05157:      3.1:  -2.95405:      7765
     97:    74:     72.9: -0.10000:  0.06506:      4.8:  -2.58584:      7839
     98:    83:     75.4: -0.10000:  0.06711:      5.6:  -2.72999:      7922
     99:   148:     84.1: -0.10000:  0.07626:     11.3:  -3.51331:      8070
    100:    69:     83.4: -0.10000:  0.05586:      3.9:  -3.04540:      8139
    101:    90:     86.9: -0.10000:  0.06615:      6.0:  -3.04628:      8229
    102:   124:     93.6: -0.10000:  0.07308:      9.1:  -3.33868:      8353
    103:    53:     88.9: -0.10000:  0.06077:      3.2:  -2.07895:      8406
    104:    74:     87.1: -0.10000:  0.06642:      4.9:  -2.48487:      8480
    105:    95:     87.1: -0.10000:  0.06766:      6.4:  -3.07276:      8575
    106:   115:     92.5: -0.10000:  0.06936:      8.0:  -3.52315:      8690
    107:    59:     91.0: -0.10000:  0.06217:      3.7:  -2.23220:      8749
    108:    88:     91.5: -0.10000:  0.05766:      5.1:  -3.72625:      8837
    109:    97:     86.4: -0.10000:  0.06534:      6.3:  -3.36184:      8934
    110:    62:     85.7: -0.10000:  0.05605:      3.5:  -2.72482:      8996
    111:    53:     82.0: -0.10000:  0.05855:      3.1:  -2.19690:      9049
    112:    87:     78.3: -0.10000:  0.07516:      6.5:  -2.16093:      9136
    113:    65:     79.5: -0.10000:  0.06077:      4.0:  -2.54964:      9201
    114:   107:     82.8: -0.10000:  0.06041:      6.5:  -4.23561:      9308
    115:    96:     82.9: -0.10000:  0.05647:      5.4:  -4.17904:      9404
    116:    64:     77.8: -0.10000:  0.06644:      4.3:  -2.14805:      9468
    117:   174:     89.3: -0.10000:  0.07381:     12.8:  -4.55733:      9642
    118:    60:     86.5: -0.10000:  0.05506:      3.3:  -2.69668:      9702
    119:    89:     85.7: -0.10000:  0.06159:      5.5:  -3.41806:      9791
    120:    60:     85.5: -0.10000:  0.05696:      3.4:  -2.58214:      9851
    121:   184:     98.6: -0.10000:  0.07919:     14.6:  -3.82814:     10035
    122:    56:     95.5: -0.10000:  0.06588:      3.7:  -1.91075:     10091
    123:   124:    101.4: -0.10000:  0.07422:      9.2:  -3.19655:     10215
    124:   113:    102.0: -0.10000:  0.06053:      6.8:  -4.46030:     10328
    125:   168:    109.2: -0.10000:  0.07056:     11.9:  -4.94562:     10496
    126:    68:    109.6: -0.10000:  0.06235:      4.2:  -2.56016:     10564
    127:    59:     98.1: -0.10000:  0.05817:      3.4:  -2.46799:     10623
    128:    92:    101.3: -0.10000:  0.07013:      6.5:  -2.74789:     10715
    129:    79:    100.3: -0.10000:  0.05679:      4.5:  -3.41369:     10794
    130:    83:    102.6: -0.10000:  0.06486:      5.4:  -2.91668:     10877
    131:    62:     90.4: -0.10000:  0.05603:      3.5:  -2.72611:     10939
    132:   103:     95.1: -0.10000:  0.06595:      6.8:  -3.50731:     11042
    133:   108:     93.5: -0.10000:  0.06197:      6.7:  -4.10677:     11150
    134:    82:     90.4: -0.10000:  0.07305:      6.0:  -2.21026:     11232
    135:    58:     79.4: -0.10000:  0.05620:      3.3:  -2.54069:     11290
    136:    78:     80.4: -0.10000:  0.06555:      5.1:  -2.68676:     11368
    137:   190:     93.5: -0.10000:  0.07533:     14.3:  -4.68767:     11558
    138:    67:     91.0: -0.10000:  0.06490:      4.3:  -2.35199:     11625
    139:   108:     93.9: -0.10000:  0.06686:      7.2:  -3.57867:     11733
    140:    81:     93.7: -0.10000:  0.07288:      5.9:  -2.19686:     11814
    141:   125:    100.0: -0.10000:  0.06832:      8.5:  -3.95989:     11939
    142:    80:     97.7: -0.10000:  0.07126:      5.7:  -2.29886:     12019
    143:    90:     95.9: -0.10000:  0.06523:      5.9:  -3.12931:     12109
    144:    99:     97.6: -0.10000:  0.05803:      5.7:  -4.15521:     12208
    145:    96:    101.4: -0.10000:  0.07277:      7.0:  -2.61370:     12304
    146:    67:    100.3: -0.10000:  0.05943:      4.0:  -2.71796:     12371
    147:    53:     86.6: -0.10000:  0.06465:      3.4:  -1.87332:     12424
    148:    56:     85.5: -0.10000:  0.05943:      3.3:  -2.27207:     12480
    149:    67:     81.4: -0.10000:  0.06313:      4.2:  -2.47036:     12547
    150:    72:     80.5: -0.10000:  0.05328:      3.8:  -3.36356:     12619
    151:    79:     75.9: -0.10000:  0.06965:      5.5:  -2.39743:     12698
    152:    59:     73.8: -0.10000:  0.04998:      2.9:  -2.95094:     12757
    153:    67:     71.5: -0.10000:  0.05566:      3.7:  -2.97102:     12824
    154:    67:     68.3: -0.10000:  0.04573:      3.1:  -3.63594:     12891
    155:    90:     67.7: -0.10000:  0.06576:      5.9:  -3.08181:     12981
    156:    87:     69.7: -0.10000:  0.06121:      5.3:  -3.37434:     13068
    157:   103:     74.7: -0.10000:  0.06091:      6.3:  -4.02579:     13171
    158:   115:     80.6: -0.10000:  0.07485:      8.6:  -2.89237:     13286
    159:    57:     79.6: -0.10000:  0.06164:      3.5:  -2.18626:     13343
    160:   107:     83.1: -0.10000:  0.07100:      7.6:  -3.10313:     13450
    161:    57:     80.9: -0.10000:  0.05911:      3.4:  -2.33064:     13507
    162:    88:     83.8: -0.10000:  0.06835:      6.0:  -2.78537:     13595
    163:    98:     86.9: -0.10000:  0.06093:      6.0:  -3.82918:     13693
    164:    74:     87.6: -0.10000:  0.06204:      4.6:  -2.80912:     13767
    165:   144:     93.0: -0.10000:  0.06579:      9.5:  -4.92647:     13911
    166:    84:     92.7: -0.10000:  0.06825:      5.7:  -2.66741:     13995
    167:    79:     90.3: -0.10000:  0.07256:      5.7:  -2.16751:     14074
    168:    67:     85.5: -0.10000:  0.06669:      4.5:  -2.23150:     14141
