episodes:steps:mean_steps(10):rwd:mean_rwd:rwd_sum:rwd_sum-?*step:iter
      0:   500:     50.0: -3.50329: -1.27695:   -638.5: -643.47382:       500
      1:   500:    100.0: -3.30725: -1.13976:   -569.9: -574.88184:      1000
      2:   500:    150.0: -3.15968: -1.16513:   -582.6: -587.56311:      1500
      3:   500:    200.0: -3.02684: -1.18146:   -590.7: -595.73175:      2000
      4:   500:    250.0: -3.66041: -1.24556:   -622.8: -627.77802:      2500
      5:   500:    300.0: -2.75652: -1.06344:   -531.7: -536.71954:      3000
      6:   500:    350.0: -2.89089: -1.14505:   -572.5: -577.52588:      3500
      7:   500:    400.0: -2.35816: -0.98120:   -490.6: -495.59756:      4000
      8:   500:    450.0: -2.55256: -1.03321:   -516.6: -521.60638:      4500
      9:   500:    500.0: -2.75243: -1.01859:   -509.3: -514.29599:      5000
     10:   500:    500.0: -2.18448: -0.96179:   -480.9: -485.89734:      5500
     11:   500:    500.0: -2.96792: -1.03782:   -518.9: -523.91028:      6000
     12:   500:    500.0: -3.21094: -1.10010:   -550.0: -555.04834:      6500
     13:   500:    500.0: -3.06739: -1.16392:   -582.0: -586.96210:      7000
     14:   500:    500.0: -3.30888: -1.15298:   -576.5: -581.49139:      7500
     15:   500:    500.0: -3.11400: -1.26844:   -634.2: -639.22198:      8000
     16:   500:    500.0: -2.78835: -1.04103:   -520.5: -525.51556:      8500
     17:   500:    500.0: -2.74040: -1.02397:   -512.0: -516.98328:      9000
     18:   500:    500.0: -2.68598: -0.91905:   -459.5: -464.52600:      9500
     19:   500:    500.0: -2.67239: -1.06311:   -531.6: -536.55505:     10000
     20:   500:    500.0: -2.21903: -1.00534:   -502.7: -507.66800:     10500
     21:   500:    500.0: -2.95042: -1.07757:   -538.8: -543.78381:     11000
     22:   500:    500.0: -2.66829: -0.89248:   -446.2: -451.24005:     11500
     23:   500:    500.0: -3.25540: -1.26141:   -630.7: -635.70258:     12000
     24:   500:    500.0: -2.80845: -0.99792:   -499.0: -503.95871:     12500
     25:   500:    500.0: -2.81951: -1.02126:   -510.6: -515.62924:     13000
     26:   500:    500.0: -3.25323: -1.16126:   -580.6: -585.62964:     13500
     27:   500:    500.0: -3.07092: -1.10083:   -550.4: -555.41479:     14000
     28:   500:    500.0: -3.02353: -1.02739:   -513.7: -518.69745:     14500
     29:   500:    500.0: -2.83318: -1.06535:   -532.7: -537.67645:     15000
     30:   500:    500.0: -3.08826: -1.32453:   -662.3: -667.26459:     15500
     31:   500:    500.0: -2.60626: -0.96723:   -483.6: -488.61334:     16000
     32:   500:    500.0: -3.00763: -1.27450:   -637.2: -642.24847:     16500
     33:   500:    500.0: -2.98565: -1.12858:   -564.3: -569.28888:     17000
     34:   500:    500.0: -3.28529: -1.12632:   -563.2: -568.16016:     17500
     35:   500:    500.0: -2.03791: -1.01502:   -507.5: -512.50787:     18000
     36:   500:    500.0: -3.60197: -1.21078:   -605.4: -610.39233:     18500
     37:   500:    500.0: -3.02855: -1.15672:   -578.4: -583.35754:     19000
     38:   500:    500.0: -3.04508: -1.07920:   -539.6: -544.59766:     19500
     39:   500:    500.0: -2.75715: -1.02309:   -511.5: -516.54675:     20000
     40:   500:    500.0: -3.33493: -1.13971:   -569.9: -574.85419:     20500
     41:   500:    500.0: -3.25286: -1.18293:   -591.5: -596.46515:     21000
     42:   500:    500.0: -2.90058: -1.22406:   -612.0: -617.02997:     21500
     43:   500:    500.0: -3.24628: -1.22765:   -613.8: -618.82440:     22000
     44:   500:    500.0: -2.88917: -1.19160:   -595.8: -600.80109:     22500
     45:   500:    500.0: -2.40844: -0.82812:   -414.1: -419.05988:     23000
     46:   500:    500.0: -3.10515: -1.09429:   -547.1: -552.14484:     23500
     47:   500:    500.0: -3.67912: -1.32637:   -663.2: -668.18579:     24000
     48:   500:    500.0: -2.99760: -1.09638:   -548.2: -553.18768:     24500
     49:   500:    500.0: -3.28281: -1.16299:   -581.5: -586.49536:     25000
     50:   500:    500.0: -3.27420: -1.18758:   -593.8: -598.79218:     25500
     51:   500:    500.0: -2.94745: -1.12028:   -560.1: -565.14081:     26000
     52:   500:    500.0: -3.33170: -1.25876:   -629.4: -634.38202:     26500
     53:   500:    500.0: -3.00068: -1.10378:   -551.9: -556.88794:     27000
     54:   500:    500.0: -2.50673: -1.02230:   -511.2: -516.15060:     27500
     55:   500:    500.0: -3.02925: -1.04636:   -523.2: -528.17902:     28000
     56:   500:    500.0: -3.62870: -1.18223:   -591.1: -596.11261:     28500
     57:   500:    500.0: -2.95588: -1.01103:   -505.5: -510.51508:     29000
     58:   500:    500.0: -2.80561: -1.21930:   -609.6: -614.64758:     29500
     59:   500:    500.0: -3.07209: -1.21068:   -605.3: -610.34009:     30000
     60:   500:    500.0: -3.31944: -1.17454:   -587.3: -592.26971:     30500
     61:   500:    500.0: -2.95198: -1.04093:   -520.5: -525.46472:     31000
     62:   500:    500.0: -3.39161: -1.25421:   -627.1: -632.10431:     31500
     63:   500:    500.0: -2.72568: -1.01160:   -505.8: -510.80222:     32000
     64:   500:    500.0: -2.37296: -1.06601:   -533.0: -538.00299:     32500
     65:   500:    500.0: -3.45679: -1.38326:   -691.6: -696.63055:     33000
     66:   500:    500.0: -2.33228: -1.03773:   -518.9: -523.86621:     33500
     67:   500:    500.0: -2.91981: -1.03029:   -515.1: -520.14630:     34000
     68:   500:    500.0: -2.80047: -0.98485:   -492.4: -497.42691:     34500
     69:   500:    500.0: -3.08184: -1.25029:   -625.1: -630.14600:     35000
     70:   500:    500.0: -2.66395: -0.96976:   -484.9: -489.87842:     35500
     71:   500:    500.0: -3.46681: -1.23571:   -617.9: -622.85486:     36000
     72:   500:    500.0: -3.00332: -1.13500:   -567.5: -572.49860:     36500
     73:   500:    500.0: -3.46218: -1.24955:   -624.8: -629.77313:     37000
     74:   500:    500.0: -3.04090: -1.16127:   -580.6: -585.63513:     37500
     75:   500:    500.0: -3.20168: -1.17191:   -586.0: -590.95422:     38000
     76:   500:    500.0: -3.13789: -1.14299:   -571.5: -576.49670:     38500
     77:   500:    500.0: -2.56833: -0.93955:   -469.8: -474.77277:     39000
     78:   500:    500.0: -2.98121: -1.06832:   -534.2: -539.15857:     39500
     79:   500:    500.0: -2.92696: -1.16451:   -582.3: -587.25348:     40000
     80:   500:    500.0: -3.08492: -1.12323:   -561.6: -566.61572:     40500
     81:   500:    500.0: -3.36693: -1.24729:   -623.6: -628.64709:     41000
     82:   500:    500.0: -3.48318: -1.40026:   -700.1: -705.12915:     41500
     83:   500:    500.0: -2.45117: -0.91924:   -459.6: -464.62100:     42000
     84:   500:    500.0: -2.71682: -1.14100:   -570.5: -575.49792:     42500
     85:   500:    500.0: -2.64161: -1.05160:   -525.8: -530.79755:     43000
     86:   500:    500.0: -3.58428: -1.24785:   -623.9: -628.92657:     43500
     87:   500:    500.0: -3.09240: -1.18729:   -593.6: -598.64746:     44000
     88:   500:    500.0: -3.38420: -1.24840:   -624.2: -629.19928:     44500
     89:   500:    500.0: -2.56132: -0.94962:   -474.8: -479.80991:     45000
     90:   500:    500.0: -2.69274: -1.09725:   -548.6: -553.62323:     45500
     91:   500:    500.0: -2.46329: -1.01707:   -508.5: -513.53717:     46000
     92:   500:    500.0: -2.03847: -0.92674:   -463.4: -468.37140:     46500
     93:   500:    500.0: -3.13195: -1.21650:   -608.2: -613.24982:     47000
     94:   500:    500.0: -2.83421: -1.04088:   -520.4: -525.44141:     47500
     95:   500:    500.0: -2.70092: -1.00256:   -501.3: -506.27777:     48000
     96:   500:    500.0: -3.19024: -1.23043:   -615.2: -620.21265:     48500
     97:   500:    500.0: -2.64251: -1.09208:   -546.0: -551.04187:     49000
     98:   500:    500.0: -2.78874: -1.05096:   -525.5: -530.48163:     49500
     99:   500:    500.0: -2.73013: -1.11039:   -555.2: -560.19263:     50000
    100:   500:    500.0: -3.13920: -1.08831:   -544.2: -549.15295:     50500
    101:   500:    500.0: -2.65382: -1.11258:   -556.3: -561.29138:     51000
    102:   500:    500.0: -2.58098: -1.08850:   -544.2: -549.24969:     51500
    103:   500:    500.0: -2.86140: -1.07625:   -538.1: -543.12360:     52000
    104:   500:    500.0: -3.70564: -1.31996:   -660.0: -664.97913:     52500
    105:   500:    500.0: -3.20865: -1.11145:   -555.7: -560.72400:     53000
    106:   500:    500.0: -3.21281: -1.18364:   -591.8: -596.82074:     53500
    107:   500:    500.0: -2.58214: -0.98457:   -492.3: -497.28638:     54000
    108:   500:    500.0: -2.88130: -1.08675:   -543.4: -548.37726:     54500
