episodes:steps:mean_steps(10):rwd:mean_rwd:rwd_sum:score_sum:iter
      0:   500:     50.0: -6.69868: -2.81050:  -1405.2:-908.00154:       500
      1:   500:    100.0: -5.54224: -2.57561:  -1287.8:-834.81045:      1000
      2:   500:    150.0: -5.39026: -2.28157:  -1140.8:-737.38458:      1500
      3:   500:    200.0: -5.50086: -2.47466:  -1237.3:-800.27706:      2000
      4:   500:    250.0: -5.73529: -2.38460:  -1192.3:-770.19202:      2500
      5:   500:    300.0: -5.81212: -2.52555:  -1262.8:-816.83935:      3000
      6:   500:    350.0: -5.68080: -2.35574:  -1177.9:-760.83505:      3500
      7:   500:    400.0: -5.56120: -2.38186:  -1190.9:-770.06183:      4000
      8:   500:    450.0: -5.96157: -2.46026:  -1230.1:-794.40730:      4500
      9:   500:    500.0: -6.19780: -2.69070:  -1345.3:-870.16233:      5000
     10:   500:    500.0: -5.95156: -2.67624:  -1338.1:-866.59100:      5500
     11:   500:    500.0: -5.31967: -2.35688:  -1178.4:-762.76767:      6000
     12:   500:    500.0: -6.50866: -2.89223:  -1446.1:-936.00650:      6500
     13:   500:    500.0: -4.54230: -2.84482:  -1422.4:-921.84869:      7000
     14:   500:    500.0: -5.66891: -2.45237:  -1226.2:-793.08780:      7500
     15:   500:    500.0: -5.74522: -2.45842:  -1229.2:-794.23152:      8000
     16:   500:    500.0: -6.10234: -2.56366:  -1281.8:-828.28093:      8500
     17:   500:    500.0: -5.67699: -2.29776:  -1148.9:-741.51213:      9000
     18:   500:    500.0: -5.32731: -2.37286:  -1186.4:-768.10569:      9500
     19:   500:    500.0: -4.66827: -2.58663:  -1293.3:-837.19458:     10000
     20:   500:    500.0: -6.44340: -2.64410:  -1322.1:-853.53818:     10500
     21:   500:    500.0: -6.20897: -2.48847:  -1244.2:-802.71145:     11000
     22:   500:    500.0: -4.73534: -2.60538:  -1302.7:-842.62118:     11500
     23:   500:    500.0: -6.47552: -2.74512:  -1372.6:-887.11696:     12000
     24:   500:    500.0: -6.68065: -2.73887:  -1369.4:-884.12137:     12500
     25:   500:    500.0: -6.12324: -2.75969:  -1379.8:-893.53468:     13000
     26:   500:    500.0: -6.11967: -2.58253:  -1291.3:-834.49756:     13500
     27:   500:    500.0: -6.28446: -2.43681:  -1218.4:-785.17335:     14000
     28:   500:    500.0: -6.20287: -2.78566:  -1392.8:-901.82543:     14500
     29:   500:    500.0: -5.69971: -2.54579:  -1272.9:-824.07837:     15000
     30:   500:    500.0: -6.24977: -2.59931:  -1299.7:-839.53207:     15500
     31:   500:    500.0: -6.12984: -2.51378:  -1256.9:-811.54977:     16000
     32:   500:    500.0: -5.68557: -2.54494:  -1272.5:-823.86908:     16500
     33:   500:    500.0: -7.04927: -2.91882:  -1459.4:-942.45842:     17000
     34:   500:    500.0: -5.58004: -2.33244:  -1166.2:-753.50530:     17500
     35:   500:    500.0: -6.10633: -2.59370:  -1296.8:-838.25280:     18000
     36:   500:    500.0: -5.15140: -2.35399:  -1177.0:-760.35693:     18500
     37:   500:    500.0: -6.30100: -2.69334:  -1346.7:-870.64800:     19000
     38:   500:    500.0: -3.74860: -2.40154:  -1200.8:-779.41207:     19500
     39:   500:    500.0: -6.55474: -2.78065:  -1390.3:-898.59169:     20000
     40:   500:    500.0: -6.05686: -2.51510:  -1257.6:-812.26961:     20500
     41:   500:    500.0: -6.79817: -2.68269:  -1341.3:-864.85314:     21000
     42:   500:    500.0: -6.41460: -2.42236:  -1211.2:-779.80063:     21500
     43:   500:    500.0: -5.49837: -2.37704:  -1188.5:-768.73642:     22000
     44:   500:    500.0: -4.35006: -2.50286:  -1251.4:-807.83285:     22500
     45:   500:    500.0: -6.25432: -2.59862:  -1299.3:-839.22640:     23000
     46:   500:    500.0: -5.92149: -2.50075:  -1250.4:-808.10956:     23500
     47:   500:    500.0: -5.47713: -2.36134:  -1180.7:-763.55036:     24000
     48:   500:    500.0: -6.70107: -2.71418:  -1357.1:-875.79616:     24500
     49:   500:    500.0: -4.94888: -2.62919:  -1314.6:-850.04485:     25000
     50:   500:    500.0: -5.85548: -2.85082:  -1425.4:-920.53616:     25500
     51:   500:    500.0: -5.47001: -2.27668:  -1138.3:-735.37494:     26000
     52:   500:    500.0: -6.10399: -2.60071:  -1300.4:-840.58917:     26500
     53:   500:    500.0: -5.88979: -2.78417:  -1392.1:-902.98556:     27000
     54:   500:    500.0: -5.09176: -2.22584:  -1112.9:-720.29362:     27500
     55:   500:    500.0: -5.22777: -2.32236:  -1161.2:-751.70090:     28000
     56:   500:    500.0: -6.71490: -2.88400:  -1442.0:-932.31185:     28500
     57:   500:    500.0: -6.24552: -2.71706:  -1358.5:-878.81733:     29000
     58:   500:    500.0: -5.27063: -2.19421:  -1097.1:-708.79430:     29500
     59:   500:    500.0: -5.98829: -2.24779:  -1123.9:-723.48453:     30000
     60:   500:    500.0: -6.23325: -2.64810:  -1324.0:-855.82001:     30500
     61:   500:    500.0: -5.89053: -2.43916:  -1219.6:-787.83021:     31000
     62:   500:    500.0: -6.04142: -2.57291:  -1286.5:-831.62394:     31500
     63:   500:    500.0: -6.06240: -2.55638:  -1278.2:-826.03312:     32000
     64:   500:    500.0: -6.63212: -2.85353:  -1426.8:-922.56547:     32500
     65:   500:    500.0: -6.41866: -2.69395:  -1347.0:-870.28277:     33000
     66:   500:    500.0: -6.34103: -2.62478:  -1312.4:-847.59154:     33500
     67:   500:    500.0: -5.68389: -2.43776:  -1218.9:-788.13939:     34000
     68:   500:    500.0: -5.64470: -2.53033:  -1265.2:-819.15169:     34500
     69:   500:    500.0: -5.21530: -2.34025:  -1170.1:-757.71842:     35000
     70:   500:    500.0: -5.51042: -2.23359:  -1116.8:-720.86952:     35500
     71:   500:    500.0: -5.30348: -2.48831:  -1244.2:-805.63803:     36000
     72:   500:    500.0: -5.84669: -2.61750:  -1308.7:-847.36618:     36500
     73:   500:    500.0: -6.61842: -2.90160:  -1450.8:-938.60135:     37000
     74:   500:    500.0: -6.38564: -2.71092:  -1355.5:-876.28181:     37500
     75:   500:    500.0: -6.05245: -2.57226:  -1286.1:-831.34077:     38000
     76:   500:    500.0: -6.20151: -2.72464:  -1362.3:-881.49087:     38500
     77:   500:    500.0: -5.78522: -2.53261:  -1266.3:-819.32034:     39000
     78:   500:    500.0: -6.71707: -2.80590:  -1402.9:-906.27211:     39500
     79:   500:    500.0: -5.69105: -2.49981:  -1249.9:-808.78551:     40000
     80:   500:    500.0: -6.30500: -2.68314:  -1341.6:-867.18647:     40500
     81:   500:    500.0: -6.78343: -2.90708:  -1453.5:-939.78261:     41000
     82:   500:    500.0: -5.43607: -2.40010:  -1200.0:-776.70667:     41500
     83:   500:    500.0: -6.07397: -2.51379:  -1256.9:-811.75977:     42000
     84:   500:    500.0: -6.15957: -2.59477:  -1297.4:-838.37529:     42500
     85:   500:    500.0: -5.94463: -2.32304:  -1161.5:-748.74688:     43000
     86:   500:    500.0: -5.87792: -2.51715:  -1258.6:-813.74370:     43500
     87:   500:    500.0: -5.58842: -2.57414:  -1287.1:-833.96205:     44000
     88:   500:    500.0: -5.94929: -2.53655:  -1268.3:-819.89273:     44500
     89:   500:    500.0: -7.20372: -2.84048:  -1420.2:-915.69840:     45000
     90:   500:    500.0: -5.58613: -2.39181:  -1195.9:-773.20654:     45500
     91:   500:    500.0: -7.04376: -2.97307:  -1486.5:-960.67089:     46000
     92:   500:    500.0: -5.24233: -2.55639:  -1278.2:-827.28325:     46500
     93:   500:    500.0: -5.09046: -2.19068:  -1095.3:-708.37102:     47000
     94:   500:    500.0: -6.28816: -2.69551:  -1347.8:-871.37112:     47500
     95:   500:    500.0: -5.78284: -2.50304:  -1251.5:-809.45168:     48000
     96:   500:    500.0: -5.63844: -2.37290:  -1186.5:-766.73618:     48500
     97:   500:    500.0: -6.12410: -2.77754:  -1388.8:-899.42306:     49000
     98:   500:    500.0: -6.37147: -2.46473:  -1232.4:-794.10165:     49500
     99:   500:    500.0: -5.37477: -2.28685:  -1143.4:-739.22774:     50000
    100:   500:    500.0: -4.05899: -2.36102:  -1180.5:-766.45971:     50500
    101:   500:    500.0: -6.08502: -2.55592:  -1278.0:-825.87028:     51000
    102:   500:    500.0: -5.84645: -2.54123:  -1270.6:-821.96973:     51500
    103:   500:    500.0: -5.31790: -2.40573:  -1202.9:-779.10366:     52000
    104:   500:    500.0: -5.01889: -2.51963:  -1259.8:-814.69598:     52500
    105:   500:    500.0: -3.98412: -2.15667:  -1078.3:-697.49853:     53000
    106:   500:    500.0: -4.87581: -2.43193:  -1216.0:-787.03679:     53500
    107:   500:    500.0: -5.87775: -2.44140:  -1220.7:-788.47751:     54000
    108:   500:    500.0: -6.56042: -2.63258:  -1316.3:-849.20221:     54500
    109:   500:    500.0: -6.01899: -2.67467:  -1337.3:-865.62316:     55000
    110:   500:    500.0: -6.28453: -2.70134:  -1350.7:-873.35755:     55500
    111:   500:    500.0: -6.36591: -2.53782:  -1268.9:-818.49119:     56000
    112:   500:    500.0: -5.80953: -2.49866:  -1249.3:-807.89202:     56500
    113:   500:    500.0: -5.64871: -2.41097:  -1205.5:-779.43256:     57000
    114:   500:    500.0: -6.24404: -2.66438:  -1332.2:-861.36770:     57500
    115:   500:    500.0: -5.15149: -2.63299:  -1316.5:-852.93416:     58000
    116:   500:    500.0: -6.29544: -2.67565:  -1337.8:-864.74339:     58500
    117:   500:    500.0: -6.73022: -2.77876:  -1389.4:-897.19680:     59000
    118:   500:    500.0: -6.17336: -2.82287:  -1411.4:-914.34275:     59500
    119:   500:    500.0: -5.75018: -2.38378:  -1191.9:-769.85764:     60000
    120:   500:    500.0: -6.03450: -2.60718:  -1303.6:-842.41317:     60500
    121:   500:    500.0: -5.88076: -2.51891:  -1259.5:-814.34313:     61000
    122:   500:    500.0: -5.78581: -2.60529:  -1302.6:-843.55513:     61500
    123:   500:    500.0: -5.67050: -2.42380:  -1211.9:-783.67256:     62000
    124:   500:    500.0: -6.53532: -2.80310:  -1401.5:-906.17218:     62500
    125:   500:    500.0: -5.94655: -2.50447:  -1252.2:-809.25060:     63000
    126:   500:    500.0: -5.81357: -2.42092:  -1210.5:-782.00125:     63500
    127:   500:    500.0: -6.74876: -2.62946:  -1314.7:-847.38110:     64000
    128:   500:    500.0: -6.27087: -2.61455:  -1307.3:-844.49551:     64500
    129:   500:    500.0: -6.23466: -2.71256:  -1356.3:-877.32545:     65000
    130:   500:    500.0: -5.55434: -2.42685:  -1213.4:-785.07208:     65500
    131:   500:    500.0: -5.93277: -2.42062:  -1210.3:-781.34806:     66000
    132:   500:    500.0: -6.18489: -2.66696:  -1333.5:-862.31192:     66500
    133:   500:    500.0: -5.98964: -2.74780:  -1373.9:-890.15784:     67000
    134:   500:    500.0: -6.46807: -2.67245:  -1336.2:-862.92508:     67500
    135:   500:    500.0: -6.44690: -2.72690:  -1363.4:-881.14615:     68000
    136:   500:    500.0: -5.84173: -2.51815:  -1259.1:-814.24974:     68500
    137:   500:    500.0: -6.31368: -2.66167:  -1330.8:-860.02835:     69000
    138:   500:    500.0: -6.01268: -2.68119:  -1340.6:-867.82591:     69500
    139:   500:    500.0: -5.35434: -2.25707:  -1128.5:-729.37032:     70000
    140:   500:    500.0: -6.42960: -2.71137:  -1355.7:-876.03649:     70500
    141:   500:    500.0: -6.32323: -2.60204:  -1301.0:-840.06693:     71000
    142:   500:    500.0: -5.35509: -2.39413:  -1197.1:-775.03952:     71500
    143:   500:    500.0: -5.99034: -2.44796:  -1224.0:-790.38163:     72000
    144:   500:    500.0: -6.09006: -2.39723:  -1198.6:-772.81243:     72500
    145:   500:    500.0: -6.06324: -2.55576:  -1277.9:-825.82663:     73000
    146:   500:    500.0: -6.34333: -2.67649:  -1338.2:-864.80804:     73500
    147:   500:    500.0: -6.53115: -2.79706:  -1398.5:-904.22290:     74000
    148:   500:    500.0: -5.56696: -2.27730:  -1138.6:-735.14539:     74500
    149:   500:    500.0: -5.66300: -2.52164:  -1260.8:-816.30556:     75000
    150:   500:    500.0: -6.32651: -2.78819:  -1394.1:-902.14883:     75500
    151:   500:    500.0: -6.10139: -2.69966:  -1349.8:-873.58429:     76000
    152:   500:    500.0: -6.15379: -2.54814:  -1274.1:-822.90509:     76500
    153:   500:    500.0: -4.81936: -2.61765:  -1308.8:-848.91899:     77000
    154:   500:    500.0: -4.14092: -2.36070:  -1180.4:-763.11174:     77500
    155:   500:    500.0: -4.91566: -2.52260:  -1261.3:-816.73336:     78000
    156:   500:    500.0: -5.66855: -2.49936:  -1249.7:-808.72387:     78500
    157:   500:    500.0: -5.66702: -2.41894:  -1209.5:-781.97961:     79000
    158:   500:    500.0: -6.59229: -2.98103:  -1490.5:-965.20798:     79500
    159:   500:    500.0: -6.12282: -2.55821:  -1279.1:-826.36224:     80000
    160:   500:    500.0: -6.22104: -2.62172:  -1310.9:-847.09076:     80500
    161:   500:    500.0: -6.65420: -2.68113:  -1340.6:-864.97916:     81000
    162:   500:    500.0: -5.46916: -2.85872:  -1429.4:-923.30619:     81500
    163:   500:    500.0: -6.34367: -2.73722:  -1368.6:-885.08397:     82000
    164:   500:    500.0: -5.94058: -2.56858:  -1284.3:-830.65190:     82500
    165:   500:    500.0: -5.64480: -2.43495:  -1217.5:-787.39024:     83000
    166:   500:    500.0: -5.43432: -2.44173:  -1220.9:-788.33481:     83500
    167:   500:    500.0: -6.40425: -2.52216:  -1261.1:-813.12150:     84000
    168:   500:    500.0: -6.09968: -2.53500:  -1267.5:-818.70120:     84500
    169:   500:    500.0: -6.10373: -2.42865:  -1214.3:-783.23515:     85000
    170:   500:    500.0: -5.86800: -2.61617:  -1308.1:-846.81958:     85500
    171:   500:    500.0: -6.58061: -2.56992:  -1285.0:-828.25182:     86000
    172:   500:    500.0: -6.18703: -2.46699:  -1233.5:-795.70653:     86500
    173:   500:    500.0: -6.32751: -2.69594:  -1348.0:-871.34263:     87000
    174:   500:    500.0: -6.19887: -2.52486:  -1262.4:-814.87888:     87500
    175:   500:    500.0: -6.90252: -2.92354:  -1461.8:-944.70601:     88000
    176:   500:    500.0: -5.36799: -2.17039:  -1085.2:-700.39179:     88500
    177:   500:    500.0: -6.35627: -2.53129:  -1265.6:-816.10308:     89000
    178:   500:    500.0: -6.47513: -2.69303:  -1346.5:-869.74591:     89500
    179:   500:    500.0: -5.85452: -2.52517:  -1262.6:-816.54494:     90000
    180:   500:    500.0: -5.68282: -2.60108:  -1300.5:-842.56723:     90500
    181:   500:    500.0: -5.17239: -2.26721:  -1133.6:-733.58407:     91000
    182:   500:    500.0: -6.58107: -2.67523:  -1337.6:-863.32986:     91500
    183:   500:    500.0: -6.18369: -2.43564:  -1217.8:-785.20962:     92000
    184:   500:    500.0: -5.27144: -2.48868:  -1244.3:-802.69965:     92500
    185:   500:    500.0: -6.65356: -2.64689:  -1323.4:-853.57577:     93000
    186:   500:    500.0: -5.64776: -2.42545:  -1212.7:-784.20555:     93500
    187:   500:    500.0: -6.03930: -2.67034:  -1335.2:-864.09855:     94000
    188:   500:    500.0: -6.06491: -2.45483:  -1227.4:-792.18534:     94500
    189:   500:    500.0: -6.25402: -2.66299:  -1331.5:-860.69509:     95000
    190:   500:    500.0: -6.48997: -2.55191:  -1276.0:-822.66621:     95500
    191:   500:    500.0: -6.01736: -2.80521:  -1402.6:-909.14844:     96000
    192:   500:    500.0: -6.55337: -2.67621:  -1338.1:-863.80893:     96500
    193:   500:    500.0: -6.64173: -2.92452:  -1462.3:-946.17418:     97000
    194:   500:    500.0: -5.68397: -2.51408:  -1257.0:-813.55607:     97500
    195:   500:    500.0: -5.80868: -2.42565:  -1212.8:-783.59726:     98000
    196:   500:    500.0: -5.53930: -2.37796:  -1189.0:-768.85045:     98500
    197:   500:    500.0: -6.52891: -2.74157:  -1370.8:-885.69712:     99000
    198:   500:    500.0: -6.47322: -2.84983:  -1424.9:-920.50470:     99500
    199:   500:    500.0: -6.08763: -2.60434:  -1302.2:-841.89912:    100000
    200:   500:    500.0: -5.80662: -2.45235:  -1226.2:-792.46931:    100500
    201:   500:    500.0: -6.82863: -2.85613:  -1428.1:-922.55065:    101000
    202:   500:    500.0: -5.43688: -2.27092:  -1135.5:-733.62067:    101500
    203:   500:    500.0: -5.45353: -2.48438:  -1242.2:-804.68905:    102000
    204:   500:    500.0: -6.08043: -2.64636:  -1323.2:-856.13564:    102500
    205:   500:    500.0: -5.90798: -2.51502:  -1257.5:-812.90548:    103000
    206:   500:    500.0: -6.34548: -2.73097:  -1365.5:-883.13663:    103500
    207:   500:    500.0: -5.85655: -2.43281:  -1216.4:-785.72312:    104000
    208:   500:    500.0: -6.01435: -2.50977:  -1254.9:-810.66518:    104500
    209:   500:    500.0: -5.10029: -2.63722:  -1318.6:-854.31649:    105000
    210:   500:    500.0: -6.03440: -2.47899:  -1239.5:-800.32273:    105500
    211:   500:    500.0: -6.34776: -2.75267:  -1376.3:-890.17530:    106000
    212:   500:    500.0: -5.82459: -2.51422:  -1257.1:-813.02007:    106500
    213:   500:    500.0: -6.17423: -2.46728:  -1233.6:-795.85046:    107000
    214:   500:    500.0: -6.63820: -2.59625:  -1298.1:-836.79143:    107500
    215:   500:    500.0: -6.47920: -2.67784:  -1338.9:-864.86474:    108000
    216:   500:    500.0: -5.43339: -2.58870:  -1294.3:-839.55951:    108500
    217:   500:    500.0: -6.34507: -2.69911:  -1349.6:-871.80139:    109000
    218:   500:    500.0: -6.13665: -2.46296:  -1231.5:-794.57346:    109500
    219:   500:    500.0: -4.11667: -2.29725:  -1148.6:-743.87285:    110000
    220:   500:    500.0: -6.63471: -2.88983:  -1444.9:-934.64133:    110500
    221:   500:    500.0: -4.41147: -2.37015:  -1185.1:-767.71100:    111000
    222:   500:    500.0: -7.44936: -3.07326:  -1536.6:-992.20877:    111500
    223:   500:    500.0: -5.69308: -2.67616:  -1338.1:-867.61448:    112000
    224:   500:    500.0: -6.03025: -2.66667:  -1333.3:-862.87571:    112500
    225:   500:    500.0: -5.85643: -2.66148:  -1330.7:-861.95769:    113000
    226:   500:    500.0: -6.16652: -2.85313:  -1426.6:-922.90281:    113500
    227:   500:    500.0: -5.67075: -2.57971:  -1289.9:-833.53523:    114000
    228:   500:    500.0: -6.71256: -2.57278:  -1286.4:-828.63273:    114500
    229:   500:    500.0: -4.17351: -2.51660:  -1258.3:-815.83675:    115000
    230:   500:    500.0: -5.35645: -2.43732:  -1218.7:-788.79543:    115500
    231:   500:    500.0: -6.18359: -2.43811:  -1219.1:-786.08137:    116000
    232:   500:    500.0: -5.59973: -2.51920:  -1259.6:-815.65362:    116500
    233:   500:    500.0: -5.61640: -2.57455:  -1287.3:-834.00926:    117000
    234:   500:    500.0: -5.96245: -2.60509:  -1302.5:-842.67298:    117500
    235:   500:    500.0: -5.32209: -2.33395:  -1167.0:-755.11600:    118000
    236:   500:    500.0: -6.24735: -2.80161:  -1400.8:-904.27766:    118500
    237:   500:    500.0: -5.94887: -2.57065:  -1285.3:-831.40230:    119000
    238:   500:    500.0: -6.49088: -2.77003:  -1385.0:-895.52141:    119500
    239:   500:    500.0: -6.14928: -2.60352:  -1301.8:-841.35691:    120000
    240:   500:    500.0: -6.91120: -2.95219:  -1476.1:-954.20693:    120500
    241:   500:    500.0: -6.71317: -2.55389:  -1276.9:-822.27990:    121000
    242:   500:    500.0: -5.38606: -2.24674:  -1123.4:-725.80257:    121500
    243:   500:    500.0: -6.77993: -2.75953:  -1379.8:-890.55371:    122000
    244:   500:    500.0: -5.78233: -2.56785:  -1283.9:-831.08985:    122500
    245:   500:    500.0: -6.27697: -2.52409:  -1262.0:-814.49393:    123000
    246:   500:    500.0: -6.00749: -2.60875:  -1304.4:-843.71237:    123500
    247:   500:    500.0: -5.58694: -2.55913:  -1279.6:-829.01996:    124000
    248:   500:    500.0: -5.32281: -2.31434:  -1157.2:-748.60725:    124500
    249:   500:    500.0: -5.63739: -2.45828:  -1229.1:-795.16450:    125000
    250:   500:    500.0: -6.74523: -2.80705:  -1403.5:-906.57338:    125500
    251:   500:    500.0: -6.40988: -2.58656:  -1293.3:-834.53165:    126000
    252:   500:    500.0: -4.90875: -2.38600:  -1193.0:-772.09857:    126500
    253:   500:    500.0: -6.50570: -2.62415:  -1312.1:-846.68011:    127000
    254:   500:    500.0: -5.27451: -2.21823:  -1109.1:-716.77501:    127500
    255:   500:    500.0: -6.34749: -2.78729:  -1393.6:-901.74132:    128000
    256:   500:    500.0: -6.08483: -2.66925:  -1334.6:-863.55792:    128500
    257:   500:    500.0: -5.85277: -2.48648:  -1243.2:-803.62304:    129000
    258:   500:    500.0: -5.69301: -2.54952:  -1274.8:-825.34561:    129500
    259:   500:    500.0: -5.16017: -2.44400:  -1222.0:-792.49505:    130000
    260:   500:    500.0: -5.62218: -2.29253:  -1146.3:-740.02276:    130500
    261:   500:    500.0: -7.00998: -2.91164:  -1455.8:-940.25927:    131000
    262:   500:    500.0: -5.28352: -2.75731:  -1378.7:-891.72441:    131500
    263:   500:    500.0: -6.39156: -2.84082:  -1420.4:-919.36225:    132000
    264:   500:    500.0: -5.91192: -2.44564:  -1222.8:-789.72066:    132500
    265:   500:    500.0: -5.89308: -2.59559:  -1297.8:-839.97999:    133000
    266:   500:    500.0: -5.92721: -2.64466:  -1322.3:-856.03439:    133500
    267:   500:    500.0: -5.70791: -2.75164:  -1375.8:-892.65721:    134000
    268:   500:    500.0: -5.52108: -2.41876:  -1209.4:-780.30294:    134500
    269:   500:    500.0: -6.46212: -2.61250:  -1306.3:-842.98981:    135000
    270:   500:    500.0: -5.85671: -2.53913:  -1269.6:-820.63833:    135500
    271:   500:    500.0: -6.62936: -2.81854:  -1409.3:-910.88048:    136000
    272:   500:    500.0: -6.19288: -2.48183:  -1240.9:-800.57655:    136500
    273:   500:    500.0: -5.28944: -2.29060:  -1145.3:-740.83282:    137000
    274:   500:    500.0: -5.58718: -2.58109:  -1290.5:-836.32157:    137500
    275:   500:    500.0: -6.14843: -2.74630:  -1373.1:-888.93572:    138000
    276:   500:    500.0: -6.83702: -2.91133:  -1455.7:-940.89477:    138500
    277:   500:    500.0: -6.62757: -2.72357:  -1361.8:-879.27860:    139000
    278:   500:    500.0: -6.73456: -2.72438:  -1362.2:-879.02854:    139500
    279:   500:    500.0: -4.79875: -2.50122:  -1250.6:-809.87053:    140000
    280:   500:    500.0: -4.82312: -2.32771:  -1163.9:-752.76412:    140500
    281:   500:    500.0: -4.65247: -2.32285:  -1161.4:-750.93701:    141000
    282:   500:    500.0: -5.51967: -2.40642:  -1203.2:-778.43405:    141500
    283:   500:    500.0: -6.69470: -2.79615:  -1398.1:-903.14600:    142000
    284:   500:    500.0: -5.81555: -2.48348:  -1241.7:-802.79590:    142500
    285:   500:    500.0: -6.01425: -2.39061:  -1195.3:-770.97829:    143000
    286:   500:    500.0: -6.21084: -2.63843:  -1319.2:-852.80098:    143500
    287:   500:    500.0: -6.44317: -2.70892:  -1354.5:-875.19837:    144000
    288:   500:    500.0: -6.14077: -2.77919:  -1389.6:-899.94329:    144500
    289:   500:    500.0: -6.33065: -2.75731:  -1378.7:-891.80418:    145000
    290:   500:    500.0: -6.35011: -2.66168:  -1330.8:-859.83944:    145500
    291:   500:    500.0: -6.34870: -2.51776:  -1258.9:-811.86725:    146000
    292:   500:    500.0: -5.76139: -2.56622:  -1283.1:-830.63390:    146500
    293:   500:    500.0: -6.07934: -2.62157:  -1310.8:-847.86794:    147000
    294:   500:    500.0: -6.98389: -2.82347:  -1411.7:-910.99062:    147500
    295:   500:    500.0: -6.07387: -2.69795:  -1349.0:-873.16536:    148000
    296:   500:    500.0: -6.59561: -2.63155:  -1315.8:-848.72415:    148500
    297:   500:    500.0: -5.75933: -2.53194:  -1266.0:-819.22224:    149000
    298:   500:    500.0: -5.46134: -2.63135:  -1315.7:-850.61684:    149500
    299:   500:    500.0: -5.74637: -2.58830:  -1294.2:-837.00950:    150000
    300:   500:    500.0: -6.30782: -2.68345:  -1341.7:-867.27886:    150500
    301:   500:    500.0: -6.22723: -2.67918:  -1339.6:-866.22482:    151000
    302:   500:    500.0: -6.51083: -2.53060:  -1265.3:-815.43485:    151500
    303:   500:    500.0: -5.95036: -2.62480:  -1312.4:-849.37162:    152000
    304:   500:    500.0: -5.68210: -2.55989:  -1279.9:-828.89234:    152500
    305:   500:    500.0: -6.37642: -2.79115:  -1395.6:-902.91105:    153000
    306:   500:    500.0: -5.88497: -2.55066:  -1275.3:-824.90016:    153500
    307:   500:    500.0: -5.87284: -2.59167:  -1295.8:-838.63495:    154000
    308:   500:    500.0: -7.23580: -3.05754:  -1528.8:-987.88247:    154500
    309:   500:    500.0: -6.17769: -2.84941:  -1424.7:-920.70599:    155000
    310:   500:    500.0: -5.21286: -2.55325:  -1276.6:-825.72760:    155500
    311:   500:    500.0: -6.36576: -2.53774:  -1268.9:-818.46240:    156000
    312:   500:    500.0: -6.35900: -2.63650:  -1318.2:-851.45777:    156500
    313:   500:    500.0: -6.36269: -2.68859:  -1344.3:-868.74319:    157000
    314:   500:    500.0: -5.81854: -2.36991:  -1185.0:-765.08076:    157500
    315:   500:    500.0: -6.45176: -2.64870:  -1324.4:-855.08755:    158000
    316:   500:    500.0: -5.57272: -2.35629:  -1178.1:-761.46377:    158500
    317:   500:    500.0: -5.72373: -2.51330:  -1256.6:-813.15266:    159000
    318:   500:    500.0: -5.62149: -2.60652:  -1303.3:-844.65900:    159500
    319:   500:    500.0: -6.03632: -2.49286:  -1246.4:-804.94862:    160000
    320:   500:    500.0: -6.24212: -2.64227:  -1321.1:-853.82130:    160500
    321:   500:    500.0: -5.94931: -2.63687:  -1318.4:-853.33493:    161000
    322:   500:    500.0: -5.84393: -2.43980:  -1219.9:-788.14310:    161500
    323:   500:    500.0: -5.78794: -2.51887:  -1259.4:-814.72288:    162000
    324:   500:    500.0: -5.92273: -2.57998:  -1290.0:-834.49106:    162500
    325:   500:    500.0: -5.15165: -2.62142:  -1310.7:-847.43515:    163000
    326:   500:    500.0: -4.05500: -2.15705:  -1078.5:-698.11781:    163500
    327:   500:    500.0: -4.51696: -2.41413:  -1207.1:-781.42289:    164000
    328:   500:    500.0: -5.54654: -2.47599:  -1238.0:-801.49393:    164500
    329:   500:    500.0: -5.54794: -2.51759:  -1258.8:-815.35157:    165000
    330:   500:    500.0: -5.79551: -2.70389:  -1351.9:-874.77186:    165500
    331:   500:    500.0: -5.96713: -2.35347:  -1176.7:-758.95184:    166000
    332:   500:    500.0: -5.68202: -2.61526:  -1307.6:-847.34269:    166500
    333:   500:    500.0: -5.98314: -2.50349:  -1251.7:-808.75363:    167000
    334:   500:    500.0: -6.10998: -2.75805:  -1379.0:-893.04166:    167500
    335:   500:    500.0: -5.48118: -2.37194:  -1186.0:-767.13479:    168000
    336:   500:    500.0: -5.59529: -2.64082:  -1320.4:-856.20545:    168500
    337:   500:    500.0: -6.08896: -2.47237:  -1236.2:-797.71023:    169000
    338:   500:    500.0: -6.33808: -2.55758:  -1278.8:-824.80445:    169500
    339:   500:    500.0: -5.59834: -2.48708:  -1243.5:-805.16299:    170000
    340:   500:    500.0: -5.82090: -2.50493:  -1252.5:-809.95735:    170500
    341:   500:    500.0: -5.54328: -2.46451:  -1232.3:-797.68034:    171000
    342:   500:    500.0: -5.61305: -2.43598:  -1218.0:-787.98393:    171500
    343:   500:    500.0: -6.65678: -2.75992:  -1380.0:-891.22093:    172000
    344:   500:    500.0: -6.48428: -2.78351:  -1391.8:-899.87867:    172500
    345:   500:    500.0: -7.63344: -3.16785:  -1583.9:-1022.90766:    173000
    346:   500:    500.0: -5.94409: -2.73064:  -1365.3:-884.60411:    173500
    347:   500:    500.0: -5.82877: -2.37600:  -1188.0:-766.94831:    174000
    348:   500:    500.0: -5.40878: -2.25604:  -1128.0:-728.78649:    174500
    349:   500:    500.0: -5.89177: -2.54265:  -1271.3:-822.19333:    175000
    350:   500:    500.0: -5.45358: -2.40324:  -1201.6:-777.64700:    175500
    351:   500:    500.0: -6.23565: -2.66582:  -1332.9:-861.76916:    176000
    352:   500:    500.0: -5.56296: -2.28710:  -1143.5:-738.42896:    176500
    353:   500:    500.0: -5.59003: -2.58605:  -1293.0:-838.00221:    177000
    354:   500:    500.0: -6.41468: -2.71926:  -1359.6:-878.76982:    177500
    355:   500:    500.0: -6.01184: -2.71082:  -1355.4:-877.68138:    178000
    356:   500:    500.0: -6.14757: -2.70671:  -1353.4:-875.74343:    178500
    357:   500:    500.0: -5.96504: -2.57563:  -1287.8:-832.85211:    179000
    358:   500:    500.0: -5.38345: -2.37043:  -1185.2:-767.01086:    179500
    359:   500:    500.0: -6.34910: -2.68775:  -1343.9:-868.53992:    180000
    360:   500:    500.0: -5.56506: -2.48984:  -1244.9:-806.02861:    180500
    361:   500:    500.0: -6.96275: -3.00819:  -1504.1:-972.61957:    181000
    362:   500:    500.0: -5.10824: -2.30266:  -1151.3:-745.45691:    181500
    363:   500:    500.0: -5.80240: -2.55541:  -1277.7:-826.82108:    182000
    364:   500:    500.0: -5.44479: -2.46803:  -1234.0:-799.29390:    182500
    365:   500:    500.0: -6.81351: -2.93735:  -1468.7:-949.69586:    183000
    366:   500:    500.0: -6.17372: -2.57907:  -1289.5:-833.08797:    183500
    367:   500:    500.0: -5.15050: -2.15746:  -1078.7:-697.07745:    184000
    368:   500:    500.0: -5.66624: -2.50505:  -1252.5:-810.65136:    184500
    369:   500:    500.0: -6.26822: -2.67059:  -1335.3:-863.16783:    185000
    370:   500:    500.0: -7.16975: -2.91812:  -1459.1:-941.70536:    185500
    371:   500:    500.0: -6.51079: -2.87152:  -1435.8:-929.08686:    186000
    372:   500:    500.0: -6.47403: -2.78044:  -1390.2:-898.88171:    186500
    373:   500:    500.0: -6.17721: -2.54321:  -1271.6:-821.12028:    187000
    374:   500:    500.0: -5.62669: -2.57118:  -1285.6:-832.90147:    187500
    375:   500:    500.0: -5.80141: -2.58665:  -1293.3:-837.23146:    188000
    376:   500:    500.0: -5.74223: -2.44309:  -1221.5:-787.56944:    188500
    377:   500:    500.0: -5.81920: -2.36356:  -1181.8:-762.80933:    189000
    378:   500:    500.0: -5.62630: -2.47603:  -1238.0:-801.16503:    189500
    379:   500:    500.0: -5.82858: -2.59661:  -1298.3:-840.63079:    190000
    380:   500:    500.0: -6.21008: -2.70795:  -1354.0:-875.86158:    190500
    381:   500:    500.0: -5.88476: -2.64236:  -1321.2:-855.48556:    191000
    382:   500:    500.0: -5.88151: -2.52908:  -1264.5:-817.70678:    191500
    383:   500:    500.0: -5.85195: -2.85359:  -1426.8:-926.15249:    192000
    384:   500:    500.0: -6.04630: -2.46705:  -1233.5:-796.31302:    192500
    385:   500:    500.0: -6.61995: -2.75449:  -1377.2:-889.57472:    193000
    386:   500:    500.0: -5.40336: -2.42601:  -1213.0:-785.44426:    193500
    387:   500:    500.0: -6.32280: -2.69901:  -1349.5:-872.39033:    194000
    388:   500:    500.0: -6.36815: -2.74255:  -1371.3:-886.73457:    194500
    389:   500:    500.0: -5.93490: -2.52761:  -1263.8:-817.00936:    195000
    390:   500:    500.0: -6.27396: -2.68767:  -1343.8:-868.83226:    195500
    391:   500:    500.0: -5.79723: -2.52497:  -1262.5:-816.71085:    196000
    392:   500:    500.0: -6.41442: -2.99077:  -1495.4:-969.27393:    196500
    393:   500:    500.0: -5.28136: -2.53639:  -1268.2:-819.92427:    197000
    394:   500:    500.0: -6.14895: -2.88004:  -1440.0:-933.54940:    197500
    395:   500:    500.0: -5.57496: -2.57053:  -1285.3:-832.89141:    198000
    396:   500:    500.0: -6.85725: -2.79900:  -1399.5:-903.39550:    198500
    397:   500:    500.0: -6.33577: -2.80854:  -1404.3:-908.87606:    199000
    398:   500:    500.0: -5.63949: -2.47179:  -1235.9:-799.69783:    199500
    399:   500:    500.0: -5.94092: -2.78799:  -1394.0:-903.89420:    200000
    400:   500:    500.0: -5.20046: -2.55163:  -1275.8:-825.08606:    200500
    401:   500:    500.0: -5.63718: -2.38382:  -1191.9:-770.36168:    201000
    402:   500:    500.0: -5.92722: -2.66376:  -1331.9:-862.48875:    201500
    403:   500:    500.0: -7.19214: -3.00126:  -1500.6:-969.30250:    202000
    404:   500:    500.0: -5.96375: -2.54715:  -1273.6:-823.49911:    202500
    405:   500:    500.0: -6.07161: -2.50318:  -1251.6:-808.23633:    203000
    406:   500:    500.0: -5.86101: -2.48644:  -1243.2:-803.57250:    203500
    407:   500:    500.0: -5.61968: -2.51993:  -1260.0:-815.84069:    204000
    408:   500:    500.0: -5.60965: -2.43648:  -1218.2:-788.09868:    204500
    409:   500:    500.0: -5.75147: -2.46032:  -1230.2:-795.37350:    205000
    410:   500:    500.0: -5.81027: -2.61924:  -1309.6:-848.06059:    205500
    411:   500:    500.0: -5.71642: -2.43400:  -1217.0:-786.76981:    206000
    412:   500:    500.0: -5.94950: -2.61266:  -1306.3:-845.27972:    206500
    413:   500:    500.0: -5.20972: -2.18268:  -1091.3:-705.21838:    207000
    414:   500:    500.0: -6.07281: -2.64137:  -1320.7:-854.32113:    207500
    415:   500:    500.0: -6.07334: -2.70158:  -1350.8:-874.38859:    208000
    416:   500:    500.0: -6.35717: -2.57634:  -1288.2:-831.35251:    208500
    417:   500:    500.0: -5.89329: -2.42119:  -1210.6:-781.70163:    209000
    418:   500:    500.0: -6.71787: -2.99495:  -1497.5:-969.30337:    209500
    419:   500:    500.0: -6.75112: -2.64213:  -1321.1:-851.53535:    210000
    420:   500:    500.0: -5.25632: -2.50732:  -1253.7:-812.11005:    210500
    421:   500:    500.0: -5.31488: -2.45463:  -1227.3:-795.42247:    211000
    422:   500:    500.0: -6.82192: -2.92805:  -1464.0:-946.55887:    211500
    423:   500:    500.0: -5.58382: -2.39542:  -1197.7:-773.77422:    212000
    424:   500:    500.0: -5.78865: -2.59852:  -1299.3:-841.27331:    212500
    425:   500:    500.0: -5.70836: -2.64741:  -1323.7:-857.92154:    213000
    426:   500:    500.0: -5.46344: -2.46389:  -1231.9:-796.75314:    213500
    427:   500:    500.0: -6.05635: -2.46297:  -1231.5:-794.89544:    214000
    428:   500:    500.0: -6.50493: -2.78191:  -1391.0:-899.41025:    214500
    429:   500:    500.0: -4.65196: -2.33815:  -1169.1:-757.14660:    215000
    430:   500:    500.0: -6.14977: -2.60468:  -1302.3:-841.71648:    215500
    431:   500:    500.0: -7.12349: -3.23257:  -1616.3:-1046.70763:    216000
    432:   500:    500.0: -5.35480: -2.36854:  -1184.3:-766.53773:    216500
    433:   500:    500.0: -6.73466: -2.72234:  -1361.2:-878.34810:    217000
    434:   500:    500.0: -6.49695: -3.05596:  -1528.0:-990.60315:    217500
    435:   500:    500.0: -5.25117: -2.63493:  -1317.5:-852.92597:    218000
    436:   500:    500.0: -5.53896: -2.67261:  -1336.3:-867.08552:    218500
    437:   500:    500.0: -5.83390: -2.63455:  -1317.3:-853.21444:    219000
    438:   500:    500.0: -6.28880: -2.66755:  -1333.8:-862.06893:    219500
    439:   500:    500.0: -6.06895: -2.49293:  -1246.5:-804.82701:    220000
    440:   500:    500.0: -5.51821: -2.40881:  -1204.4:-779.23711:    220500
    441:   500:    500.0: -5.14207: -2.72565:  -1362.8:-882.37845:    221000
    442:   500:    500.0: -6.46873: -2.64174:  -1320.9:-852.68509:    221500
    443:   500:    500.0: -5.64874: -2.58729:  -1293.6:-838.12653:    222000
    444:   500:    500.0: -4.95281: -2.35789:  -1178.9:-764.74897:    222500
    445:   500:    500.0: -5.66504: -2.50068:  -1250.3:-809.22355:    223000
    446:   500:    500.0: -6.09877: -2.70270:  -1351.3:-874.57524:    223500
    447:   500:    500.0: -5.60974: -2.74888:  -1374.4:-890.61153:    224000
    448:   500:    500.0: -5.87004: -2.51991:  -1260.0:-814.69884:    224500
    449:   500:    500.0: -5.41597: -2.34708:  -1173.5:-759.11720:    225000
    450:   500:    500.0: -4.67449: -2.36366:  -1181.8:-764.74253:    225500
    451:   500:    500.0: -5.39501: -2.39611:  -1198.1:-775.55544:    226000
    452:   500:    500.0: -5.83347: -2.54139:  -1270.7:-822.04958:    226500
    453:   500:    500.0: -6.00829: -2.50357:  -1251.8:-808.63306:    227000
    454:   500:    500.0: -5.30122: -2.37110:  -1185.6:-767.65415:    227500
    455:   500:    500.0: -5.29357: -2.37932:  -1189.7:-768.69592:    228000
    456:   500:    500.0: -6.33872: -2.81732:  -1408.7:-911.79098:    228500
    457:   500:    500.0: -5.27680: -2.33694:  -1168.5:-756.32911:    229000
    458:   500:    500.0: -6.07222: -2.75303:  -1376.5:-891.54185:    229500
    459:   500:    500.0: -5.94405: -2.40050:  -1200.2:-774.77916:    230000
    460:   500:    500.0: -5.46898: -2.50278:  -1251.4:-810.78989:    230500
    461:   500:    500.0: -4.90688: -2.48185:  -1240.9:-801.15916:    231000
    462:   500:    500.0: -5.93170: -2.68217:  -1341.1:-868.55851:    231500
    463:   500:    500.0: -5.79562: -2.30538:  -1152.7:-743.54534:    232000
    464:   500:    500.0: -5.38344: -2.30902:  -1154.5:-746.54874:    232500
    465:   500:    500.0: -6.68879: -2.82179:  -1410.9:-911.99619:    233000
    466:   500:    500.0: -5.11263: -2.27358:  -1136.8:-735.99044:    233500
    467:   500:    500.0: -5.08170: -2.27607:  -1138.0:-736.91273:    234000
    468:   500:    500.0: -5.63599: -2.63795:  -1319.0:-855.11630:    234500
    469:   500:    500.0: -5.26500: -2.44764:  -1223.8:-793.30715:    235000
    470:   500:    500.0: -5.28417: -2.26086:  -1130.4:-730.88286:    235500
    471:   500:    500.0: -5.94068: -2.64056:  -1320.3:-854.64065:    236000
    472:   500:    500.0: -5.97443: -2.54785:  -1273.9:-823.56623:    236500
    473:   500:    500.0: -5.03872: -2.33734:  -1168.7:-757.17032:    237000
    474:   500:    500.0: -6.78514: -2.97546:  -1487.7:-962.52377:    237500
    475:   500:    500.0: -4.77135: -2.12863:  -1064.3:-689.12887:    238000
    476:   500:    500.0: -4.42848: -2.42972:  -1214.9:-788.00163:    238500
    477:   500:    500.0: -5.71653: -2.63014:  -1315.1:-852.16633:    239000
    478:   500:    500.0: -5.47956: -2.34504:  -1172.5:-758.14671:    239500
    479:   500:    500.0: -6.54258: -2.76689:  -1383.4:-894.05094:    240000
    480:   500:    500.0: -6.96448: -2.85902:  -1429.5:-922.89151:    240500
    481:   500:    500.0: -5.63143: -2.39977:  -1199.9:-775.70749:    241000
    482:   500:    500.0: -5.87526: -2.67978:  -1339.9:-867.97595:    241500
    483:   500:    500.0: -5.90310: -2.29385:  -1146.9:-739.16206:    242000
    484:   500:    500.0: -6.18031: -2.93936:  -1469.7:-950.93210:    242500
    485:   500:    500.0: -6.03028: -2.63695:  -1318.5:-853.00369:    243000
    486:   500:    500.0: -4.90220: -2.05586:  -1027.9:-664.28897:    243500
    487:   500:    500.0: -5.90664: -2.82733:  -1413.7:-917.01220:    244000
    488:   500:    500.0: -5.76246: -2.44697:  -1223.5:-790.87260:    244500
    489:   500:    500.0: -3.97344: -2.45837:  -1229.2:-797.26509:    245000
    490:   500:    500.0: -6.50605: -3.00520:  -1502.6:-973.66573:    245500
    491:   500:    500.0: -6.32846: -2.73283:  -1366.4:-883.61808:    246000
    492:   500:    500.0: -6.15832: -2.65111:  -1325.6:-857.15176:    246500
    493:   500:    500.0: -5.02752: -2.44921:  -1224.6:-794.86370:    247000
    494:   500:    500.0: -5.05899: -2.25800:  -1129.0:-730.94718:    247500
    495:   500:    500.0: -6.13582: -2.71624:  -1358.1:-878.97308:    248000
    496:   500:    500.0: -5.77497: -2.44174:  -1220.9:-787.67986:    248500
    497:   500:    500.0: -5.34300: -2.19919:  -1099.6:-710.12341:    249000
    498:   500:    500.0: -4.85470: -2.34212:  -1171.1:-759.93522:    249500
    499:   500:    500.0: -6.70620: -2.91488:  -1457.4:-942.83086:    250000
    500:   500:    500.0: -4.20436: -2.30869:  -1154.3:-748.21977:    250500
    501:   500:    500.0: -5.51266: -2.67327:  -1336.6:-867.40297:    251000
    502:   500:    500.0: -5.39144: -2.48371:  -1241.9:-804.81400:    251500
    503:   500:    500.0: -5.39881: -2.54389:  -1271.9:-824.94632:    252000
    504:   500:    500.0: -4.91907: -2.21688:  -1108.4:-717.87488:    252500
    505:   500:    500.0: -5.50495: -2.62502:  -1312.5:-851.36070:    253000
    506:   500:    500.0: -5.53963: -2.46071:  -1230.4:-796.43891:    253500
    507:   500:    500.0: -5.49368: -2.52795:  -1264.0:-819.09537:    254000
    508:   500:    500.0: -5.74793: -2.84933:  -1424.7:-920.94794:    254500
    509:   500:    500.0: -6.25121: -2.62196:  -1311.0:-846.98378:    255000
    510:   500:    500.0: -5.31014: -2.44435:  -1222.2:-792.05785:    255500
    511:   500:    500.0: -5.73254: -2.51202:  -1256.0:-812.84574:    256000
    512:   500:    500.0: -4.26083: -2.33525:  -1167.6:-757.23761:    256500
    513:   500:    500.0: -6.13969: -2.66560:  -1332.8:-862.16238:    257000
    514:   500:    500.0: -5.53363: -2.60328:  -1301.6:-844.00791:    257500
    515:   500:    500.0: -4.95697: -2.22977:  -1114.9:-721.99270:    258000
    516:   500:    500.0: -6.59086: -2.69157:  -1345.8:-868.73708:    258500
    517:   500:    500.0: -5.97882: -2.71668:  -1358.3:-879.81306:    259000
    518:   500:    500.0: -5.36840: -2.36125:  -1180.6:-764.00852:    259500
    519:   500:    500.0: -5.63540: -2.41766:  -1208.8:-781.66013:    260000
    520:   500:    500.0: -5.84375: -2.43054:  -1215.3:-785.01363:    260500
    521:   500:    500.0: -4.68399: -2.63777:  -1318.9:-854.76686:    261000
    522:   500:    500.0: -5.47458: -2.38138:  -1190.7:-770.27222:    261500
    523:   500:    500.0: -4.23562: -2.18978:  -1094.9:-710.07520:    262000
    524:   500:    500.0: -5.03505: -2.39666:  -1198.3:-776.03471:    262500
    525:   500:    500.0: -5.54881: -2.33219:  -1166.1:-753.56112:    263000
    526:   500:    500.0: -5.01594: -2.35347:  -1176.7:-762.95645:    263500
    527:   500:    500.0: -5.81508: -2.67361:  -1336.8:-866.14007:    264000
    528:   500:    500.0: -5.63842: -2.48665:  -1243.3:-804.79640:    264500
    529:   500:    500.0: -4.56742: -2.46879:  -1234.4:-800.57460:    265000
    530:   500:    500.0: -5.47480: -2.42644:  -1213.2:-785.28991:    265500
    531:   500:    500.0: -6.32612: -2.58147:  -1290.7:-833.20769:    266000
    532:   500:    500.0: -5.04858: -2.01314:  -1006.6:-649.37900:    266500
    533:   500:    500.0: -5.20266: -2.23456:  -1117.3:-722.56064:    267000
    534:   500:    500.0: -5.59761: -2.61034:  -1305.2:-846.05479:    267500
    535:   500:    500.0: -5.87285: -2.63785:  -1318.9:-853.97999:    268000
    536:   500:    500.0: -6.89329: -2.94753:  -1473.8:-952.72907:    268500
    537:   500:    500.0: -4.93603: -2.22233:  -1111.2:-719.62108:    269000
    538:   500:    500.0: -4.13371: -2.40758:  -1203.8:-780.90630:    269500
    539:   500:    500.0: -6.20188: -2.80818:  -1404.1:-909.33909:    270000
    540:   500:    500.0: -5.52157: -2.94522:  -1472.6:-955.64143:    270500
    541:   500:    500.0: -5.73364: -2.41860:  -1209.3:-781.53680:    271000
    542:   500:    500.0: -5.35135: -2.42687:  -1213.4:-785.95671:    271500
    543:   500:    500.0: -4.31905: -2.33673:  -1168.4:-756.52951:    272000
    544:   500:    500.0: -5.15109: -2.26413:  -1132.1:-732.61065:    272500
    545:   500:    500.0: -4.68355: -2.23286:  -1116.4:-722.34036:    273000
    546:   500:    500.0: -5.52141: -2.41114:  -1205.6:-780.19910:    273500
    547:   500:    500.0: -5.94074: -2.60326:  -1301.6:-842.17369:    274000
    548:   500:    500.0: -6.25145: -2.50427:  -1252.1:-807.79613:    274500
    549:   500:    500.0: -5.40095: -2.52151:  -1260.8:-817.28565:    275000
    550:   500:    500.0: -5.59587: -2.34143:  -1170.7:-756.42097:    275500
    551:   500:    500.0: -5.38499: -2.36828:  -1184.1:-766.24925:    276000
    552:   500:    500.0: -5.96353: -2.45755:  -1228.8:-793.49285:    276500
    553:   500:    500.0: -6.08092: -2.59215:  -1296.1:-837.87652:    277000
    554:   500:    500.0: -5.43586: -2.48713:  -1243.6:-805.72067:    277500
    555:   500:    500.0: -4.19034: -2.53757:  -1268.8:-823.45850:    278000
    556:   500:    500.0: -5.75378: -2.51751:  -1258.8:-814.42760:    278500
    557:   500:    500.0: -5.86875: -2.62708:  -1313.5:-850.44475:    279000
    558:   500:    500.0: -6.42067: -2.71013:  -1355.1:-875.68249:    279500
    559:   500:    500.0: -4.90181: -2.29641:  -1148.2:-744.44546:    280000
    560:   500:    500.0: -5.27341: -2.40928:  -1204.6:-780.51756:    280500
    561:   500:    500.0: -5.58634: -2.51647:  -1258.2:-814.79884:    281000
    562:   500:    500.0: -5.48990: -2.34599:  -1173.0:-758.24179:    281500
    563:   500:    500.0: -6.16021: -2.55809:  -1279.0:-826.40063:    282000
    564:   500:    500.0: -5.56334: -2.33100:  -1165.5:-753.08573:    282500
    565:   500:    500.0: -6.36747: -2.56947:  -1284.7:-829.04294:    283000
    566:   500:    500.0: -5.67438: -2.34746:  -1173.7:-758.04960:    283500
    567:   500:    500.0: -5.43693: -2.54715:  -1273.6:-824.76670:    284000
    568:   500:    500.0: -4.49563: -2.11247:  -1056.2:-684.95663:    284500
    569:   500:    500.0: -6.23685: -2.60062:  -1300.3:-839.98145:    285000
    570:   500:    500.0: -4.50160: -1.96034:   -980.2:-634.16426:    285500
    571:   500:    500.0: -4.71042: -2.18958:  -1094.8:-709.83224:    286000
    572:   500:    500.0: -4.87292: -2.13753:  -1068.8:-691.64460:    286500
    573:   500:    500.0: -5.40003: -2.32067:  -1160.3:-750.39971:    287000
    574:   500:    500.0: -5.54229: -2.39779:  -1198.9:-775.40667:    287500
    575:   500:    500.0: -5.25764: -2.33990:  -1169.9:-757.47371:    288000
    576:   500:    500.0: -3.09822: -2.07767:  -1038.8:-675.58286:    288500
    577:   500:    500.0: -6.08411: -2.47354:  -1236.8:-798.41135:    289000
    578:   500:    500.0: -5.18554: -2.31166:  -1155.8:-748.43464:    289500
    579:   500:    500.0: -6.09705: -2.56428:  -1282.1:-828.51508:    290000
    580:   500:    500.0: -5.12315: -2.10987:  -1054.9:-681.30762:    290500
    581:   500:    500.0: -5.47286: -2.34310:  -1171.5:-756.44778:    291000
    582:   500:    500.0: -5.27539: -2.44267:  -1221.3:-791.78151:    291500
    583:   500:    500.0: -4.80324: -2.08085:  -1040.4:-672.90020:    292000
    584:   500:    500.0: -5.53750: -2.71733:  -1358.7:-881.28227:    292500
    585:   500:    500.0: -5.52185: -2.31782:  -1158.9:-748.85816:    293000
    586:   500:    500.0: -5.96415: -2.62160:  -1310.8:-848.17419:    293500
    587:   500:    500.0: -4.92347: -2.20858:  -1104.3:-715.11378:    294000
    588:   500:    500.0: -5.60916: -2.39416:  -1197.1:-773.95292:    294500
    589:   500:    500.0: -5.77051: -2.60671:  -1303.4:-844.11039:    295000
    590:   500:    500.0: -5.10225: -2.41811:  -1209.1:-784.17670:    295500
    591:   500:    500.0: -5.62304: -2.43945:  -1219.7:-788.99335:    296000
    592:   500:    500.0: -4.65082: -2.05652:  -1028.3:-665.62856:    296500
    593:   500:    500.0: -4.69936: -2.47406:  -1237.0:-800.20609:    297000
    594:   500:    500.0: -5.43238: -2.24925:  -1124.6:-726.40133:    297500
    595:   500:    500.0: -5.96883: -2.55659:  -1278.3:-826.50240:    298000
    596:   500:    500.0: -5.04115: -2.27364:  -1136.8:-736.29843:    298500
    597:   500:    500.0: -5.43710: -2.18898:  -1094.5:-706.32053:    299000
    598:   500:    500.0: -3.54735: -2.25630:  -1128.2:-732.35976:    299500
    599:   500:    500.0: -4.92548: -2.33781:  -1168.9:-758.18709:    300000
    600:   500:    500.0: -5.91100: -2.45242:  -1226.2:-792.04040:    300500
    601:   500:    500.0: -4.86465: -2.20857:  -1104.3:-714.94113:    301000
    602:   500:    500.0: -5.23908: -2.45305:  -1226.5:-794.27038:    301500
    603:   500:    500.0: -4.63150: -2.15891:  -1079.5:-699.80945:    302000
    604:   500:    500.0: -5.03983: -2.33657:  -1168.3:-755.67292:    302500
    605:   500:    500.0: -5.51099: -2.46651:  -1233.3:-798.48622:    303000
    606:   500:    500.0: -5.47978: -2.59896:  -1299.5:-842.77327:    303500
    607:   500:    500.0: -5.51041: -2.44069:  -1220.3:-789.91182:    304000
    608:   500:    500.0: -5.80301: -2.30813:  -1154.1:-744.40207:    304500
    609:   500:    500.0: -5.18615: -2.24928:  -1124.6:-727.51270:    305000
    610:   500:    500.0: -5.50766: -2.40861:  -1204.3:-779.18013:    305500
    611:   500:    500.0: -5.36287: -2.32648:  -1163.2:-752.49963:    306000
    612:   500:    500.0: -4.91109: -2.03765:  -1018.8:-658.12690:    306500
    613:   500:    500.0: -5.08093: -2.23734:  -1118.7:-723.97528:    307000
    614:   500:    500.0: -5.95900: -2.64965:  -1324.8:-857.59636:    307500
    615:   500:    500.0: -5.09527: -2.32891:  -1164.5:-754.45626:    308000
    616:   500:    500.0: -5.19663: -2.38063:  -1190.3:-771.25577:    308500
    617:   500:    500.0: -5.19696: -2.36995:  -1185.0:-767.69518:    309000
    618:   500:    500.0: -4.52957: -2.82390:  -1412.0:-916.32007:    309500
    619:   500:    500.0: -4.75158: -2.14277:  -1071.4:-693.94368:    310000
    620:   500:    500.0: -5.30385: -2.14651:  -1073.3:-692.72786:    310500
    621:   500:    500.0: -4.93017: -2.08658:  -1043.3:-674.39854:    311000
    622:   500:    500.0: -4.72877: -2.07687:  -1038.4:-672.01587:    311500
    623:   500:    500.0: -5.32766: -2.35515:  -1177.6:-762.15311:    312000
    624:   500:    500.0: -5.09914: -2.25649:  -1128.2:-730.41992:    312500
    625:   500:    500.0: -5.37620: -2.14270:  -1071.4:-691.13286:    313000
    626:   500:    500.0: -4.48236: -1.99735:   -998.7:-646.61744:    313500
    627:   500:    500.0: -5.44297: -2.35076:  -1175.4:-760.23795:    314000
    628:   500:    500.0: -5.75187: -2.50624:  -1253.1:-810.63646:    314500
    629:   500:    500.0: -5.24333: -2.54078:  -1270.4:-824.42445:    315000
    630:   500:    500.0: -5.37257: -2.36573:  -1182.9:-765.48627:    315500
    631:   500:    500.0: -5.82043: -2.52908:  -1264.5:-818.03206:    316000
    632:   500:    500.0: -4.50529: -2.49970:  -1249.9:-809.63702:    316500
    633:   500:    500.0: -4.50878: -2.08094:  -1040.5:-672.75966:    317000
    634:   500:    500.0: -6.00174: -2.44070:  -1220.4:-787.74236:    317500
    635:   500:    500.0: -4.77596: -2.08148:  -1040.7:-673.38297:    318000
    636:   500:    500.0: -5.50127: -2.35963:  -1179.8:-762.91063:    318500
    637:   500:    500.0: -6.01263: -2.67342:  -1336.7:-865.25261:    319000
    638:   500:    500.0: -4.60856: -1.95165:   -975.8:-631.01586:    319500
    639:   500:    500.0: -4.54836: -2.26179:  -1130.9:-731.68424:    320000
    640:   500:    500.0: -5.18244: -2.37432:  -1187.2:-769.18672:    320500
    641:   500:    500.0: -5.84094: -2.63681:  -1318.4:-853.80064:    321000
    642:   500:    500.0: -5.59925: -2.46533:  -1232.7:-796.74396:    321500
    643:   500:    500.0: -4.37738: -1.99602:   -998.0:-646.70676:    322000
    644:   500:    500.0: -5.01609: -2.24499:  -1122.5:-726.82224:    322500
    645:   500:    500.0: -6.43098: -2.82644:  -1413.2:-914.43449:    323000
    646:   500:    500.0: -6.34800: -2.52766:  -1263.8:-815.15878:    323500
    647:   500:    500.0: -5.10180: -2.37917:  -1189.6:-771.14329:    324000
    648:   500:    500.0: -5.12807: -2.46737:  -1233.7:-800.43212:    324500
    649:   500:    500.0: -4.96874: -2.13369:  -1066.8:-689.97425:    325000
    650:   500:    500.0: -5.30789: -2.48333:  -1241.7:-805.01631:    325500
    651:   500:    500.0: -3.85026: -2.09473:  -1047.4:-679.21168:    326000
    652:   500:    500.0: -4.39000: -2.12021:  -1060.1:-688.05603:    326500
    653:   500:    500.0: -5.24051: -2.15239:  -1076.2:-694.95618:    327000
    654:   500:    500.0: -5.31998: -2.41578:  -1207.9:-782.39483:    327500
    655:   500:    500.0: -3.95431: -2.09991:  -1050.0:-679.35999:    328000
    656:   500:    500.0: -4.40864: -2.21839:  -1109.2:-720.65941:    328500
    657:   500:    500.0: -6.00891: -2.89008:  -1445.0:-937.04982:    329000
    658:   500:    500.0: -5.25812: -2.19446:  -1097.2:-709.05248:    329500
    659:   500:    500.0: -4.35899: -2.03303:  -1016.5:-659.06964:    330000
    660:   500:    500.0: -4.89810: -2.10882:  -1054.4:-682.05101:    330500
    661:   500:    500.0: -4.65323: -2.23824:  -1119.1:-723.04871:    331000
    662:   500:    500.0: -4.73953: -2.08871:  -1044.4:-675.94387:    331500
    663:   500:    500.0: -4.21048: -2.12754:  -1063.8:-690.31467:    332000
    664:   500:    500.0: -4.69957: -2.15869:  -1079.3:-699.46691:    332500
    665:   500:    500.0: -4.43946: -1.95326:   -976.6:-632.12514:    333000
    666:   500:    500.0: -4.50635: -2.10294:  -1051.5:-681.72552:    333500
    667:   500:    500.0: -5.10087: -2.13984:  -1069.9:-691.41924:    334000
    668:   500:    500.0: -5.50763: -2.58461:  -1292.3:-837.83633:    334500
    669:   500:    500.0: -4.86016: -2.10299:  -1051.5:-680.15542:    335000
    670:   500:    500.0: -4.79658: -2.06107:  -1030.5:-666.39669:    335500
    671:   500:    500.0: -4.42276: -2.07367:  -1036.8:-672.29226:    336000
    672:   500:    500.0: -4.88650: -2.16904:  -1084.5:-702.06378:    336500
    673:   500:    500.0: -5.05392: -2.18368:  -1091.8:-706.22779:    337000
    674:   500:    500.0: -5.07628: -2.52218:  -1261.1:-818.92028:    337500
    675:   500:    500.0: -4.25498: -1.86793:   -934.0:-604.49739:    338000
    676:   500:    500.0: -5.17312: -2.54951:  -1274.8:-827.67049:    338500
