episodes:steps:mean_steps(10):rwd:mean_rwd:rwd_sum:rwd_sum-?*step:iter
      0:  2000:    200.0: -0.20329: -0.00270:     -5.4:  -25.40615:      2000
      1:  2000:    400.0:  0.00818: -0.00326:     -6.5:  -26.51470:      4000
      2:  2000:    600.0: -0.38208: -0.00438:     -8.8:  -28.76012:      6000
      3:  2000:    800.0: -0.22620: -0.00317:     -6.3:  -26.34674:      8000
      4:  2000:   1000.0:  0.01213: -0.00260:     -5.2:  -25.20044:     10000
      5:  2000:   1200.0:  0.15889: -0.00196:     -3.9:  -23.92479:     12000
      6:  2000:   1400.0: -0.25404: -0.00297:     -5.9:  -25.94633:     14000
      7:  2000:   1600.0:  0.02141: -0.00266:     -5.3:  -25.32982:     16000
      8:  2000:   1800.0: -0.51880: -0.00327:     -6.5:  -26.53717:     18000
      9:  2000:   2000.0: -0.82455: -0.00432:     -8.6:  -28.64916:     20000
     10:  2000:   2000.0: -0.11137: -0.00228:     -4.6:  -24.56562:     22000
     11:  2000:   2000.0:  0.29714: -0.00387:     -7.7:  -27.74793:     24000
     12:  2000:   2000.0: -0.35816: -0.00249:     -5.0:  -24.98381:     26000
     13:  2000:   2000.0:  0.00606: -0.00205:     -4.1:  -24.09613:     28000
     14:  2000:   2000.0: -0.50879: -0.00277:     -5.5:  -25.54603:     30000
     15:  2000:   2000.0: -0.70641: -0.00334:     -6.7:  -26.67966:     32000
     16:  2000:   2000.0:  0.70827: -0.00300:     -6.0:  -26.00296:     34000
     17:  2000:   2000.0: -0.41710: -0.00305:     -6.1:  -26.10770:     36000
     18:  2000:   2000.0:  0.12083: -0.00302:     -6.0:  -26.04689:     38000
     19:  2000:   2000.0: -0.02635: -0.00316:     -6.3:  -26.31173:     40000
     20:  2000:   2000.0:  0.00700: -0.00198:     -4.0:  -23.95220:     42000
     21:  2000:   2000.0: -0.32828: -0.00330:     -6.6:  -26.60598:     44000
     22:  2000:   2000.0:  0.28900: -0.00237:     -4.7:  -24.73414:     46000
     23:  2000:   2000.0: -0.27667: -0.00251:     -5.0:  -25.02776:     48000
     24:  2000:   2000.0: -0.14187: -0.00313:     -6.3:  -26.26293:     50000
     25:  2000:   2000.0: -0.41528: -0.00281:     -5.6:  -25.61929:     52000
     26:  2000:   2000.0:  0.13946: -0.00247:     -4.9:  -24.93038:     54000
     27:  2000:   2000.0: -0.00093: -0.00255:     -5.1:  -25.10253:     56000
     28:  2000:   2000.0: -0.31208: -0.00298:     -6.0:  -25.96870:     58000
     29:  2000:   2000.0: -0.10682: -0.00248:     -5.0:  -24.95562:     60000
     30:  2000:   2000.0: -0.19734: -0.00368:     -7.4:  -27.36909:     62000
     31:  2000:   2000.0: -0.23595: -0.00220:     -4.4:  -24.39040:     64000
     32:  2000:   2000.0: -0.60589: -0.00281:     -5.6:  -25.61163:     66000
     33:  2000:   2000.0:  0.07083: -0.00240:     -4.8:  -24.80389:     68000
     34:  2000:   2000.0: -0.18305: -0.00345:     -6.9:  -26.90120:     70000
     35:  2000:   2000.0: -0.51771: -0.00366:     -7.3:  -27.31520:     72000
     36:  2000:   2000.0: -0.18850: -0.00374:     -7.5:  -27.47044:     74000
     37:  2000:   2000.0: -0.48616: -0.00268:     -5.4:  -25.36212:     76000
     38:  2000:   2000.0: -0.71570: -0.00402:     -8.0:  -28.04449:     78000
     39:  2000:   2000.0:  0.33813: -0.00286:     -5.7:  -25.72911:     80000
     40:  2000:   2000.0: -0.44301: -0.00261:     -5.2:  -25.22316:     82000
     41:  2000:   2000.0: -0.05758: -0.00313:     -6.3:  -26.26359:     84000
     42:  2000:   2000.0: -0.04221: -0.00377:     -7.5:  -27.54448:     86000
     43:  2000:   2000.0: -0.04742: -0.00294:     -5.9:  -25.87938:     88000
     44:  2000:   2000.0: -0.11604: -0.00394:     -7.9:  -27.87366:     90000
     45:  2000:   2000.0: -0.49959: -0.00510:    -10.2:  -30.19442:     92000
     46:  2000:   2000.0:  0.17299: -0.00262:     -5.2:  -25.24764:     94000
     47:  2000:   2000.0: -0.63571: -0.00333:     -6.7:  -26.66242:     96000
     48:  2000:   2000.0: -0.22011: -0.00298:     -6.0:  -25.96793:     98000
     49:  2000:   2000.0:  1.23618: -0.00261:     -5.2:  -25.22170:    100000
     50:  2000:   2000.0:  0.29303: -0.00300:     -6.0:  -26.00192:    102000
     51:  2000:   2000.0:  0.61786: -0.00298:     -6.0:  -25.95148:    104000
     52:  2000:   2000.0:  0.01524: -0.00258:     -5.2:  -25.16147:    106000
     53:  2000:   2000.0:  0.53037: -0.00303:     -6.1:  -26.06481:    108000
     54:  2000:   2000.0: -0.21791: -0.00338:     -6.8:  -26.75819:    110000
     55:  2000:   2000.0: -0.09318: -0.00446:     -8.9:  -28.92218:    112000
     56:  2000:   2000.0: -0.16537: -0.00426:     -8.5:  -28.52037:    114000
     57:  2000:   2000.0: -0.30346: -0.00286:     -5.7:  -25.72425:    116000
     58:  2000:   2000.0:  0.46551: -0.00382:     -7.6:  -27.63581:    118000
     59:  2000:   2000.0: -0.42657: -0.00762:    -15.2:  -35.23843:    120000
     60:  2000:   2000.0: -0.13235: -0.00261:     -5.2:  -25.22245:    122000
     61:  2000:   2000.0: -0.12420: -0.00278:     -5.6:  -25.56696:    124000
     62:  2000:   2000.0: -0.61054: -0.00392:     -7.8:  -27.83115:    126000
     63:  2000:   2000.0: -0.15068: -0.00374:     -7.5:  -27.48750:    128000
     64:  2000:   2000.0: -0.48200: -0.00332:     -6.6:  -26.63212:    130000
     65:  2000:   2000.0: -0.01445: -0.00320:     -6.4:  -26.39699:    132000
     66:  2000:   2000.0: -0.30370: -0.00251:     -5.0:  -25.02172:    134000
     67:  2000:   2000.0: -0.39376: -0.00428:     -8.6:  -28.55577:    136000
     68:  2000:   2000.0:  0.32821: -0.00427:     -8.5:  -28.53308:    138000
     69:  2000:   2000.0: -0.01461: -0.00214:     -4.3:  -24.28141:    140000
     70:  2000:   2000.0:  0.07091: -0.00335:     -6.7:  -26.69025:    142000
     71:  2000:   2000.0:  0.96095: -0.00448:     -9.0:  -28.95213:    144000
     72:  2000:   2000.0: -0.21367: -0.00374:     -7.5:  -27.47061:    146000
     73:  2000:   2000.0: -0.18263: -0.00214:     -4.3:  -24.28611:    148000
     74:  2000:   2000.0: -0.29360: -0.00369:     -7.4:  -27.37287:    150000
     75:  2000:   2000.0: -0.01519: -0.00337:     -6.7:  -26.73137:    152000
     76:  2000:   2000.0:  0.71105: -0.00375:     -7.5:  -27.50049:    154000
     77:  2000:   2000.0:  1.44881: -0.00306:     -6.1:  -26.11378:    156000
     78:  2000:   2000.0: -0.37048: -0.00342:     -6.8:  -26.84341:    158000
     79:  2000:   2000.0:  0.56472: -0.00300:     -6.0:  -25.99726:    160000
     80:  2000:   2000.0:  0.30119: -0.00228:     -4.6:  -24.55593:    162000
     81:  2000:   2000.0:  1.13745: -0.00436:     -8.7:  -28.72110:    164000
     82:  2000:   2000.0:  0.22586: -0.00378:     -7.6:  -27.56592:    166000
     83:  2000:   2000.0:  0.18746: -0.00351:     -7.0:  -27.01760:    168000
     84:  2000:   2000.0: -0.12686: -0.00467:     -9.3:  -29.34827:    170000
     85:  2000:   2000.0: -0.27399: -0.00272:     -5.4:  -25.44995:    172000
     86:  2000:   2000.0: -0.54064: -0.00859:    -17.2:  -37.17993:    174000
     87:  2000:   2000.0:  0.27692: -0.00434:     -8.7:  -28.68146:    176000
     88:  2000:   2000.0: -0.42116: -0.00260:     -5.2:  -25.20973:    178000
     89:  2000:   2000.0: -0.63964: -0.00445:     -8.9:  -28.90350:    180000
     90:  2000:   2000.0: -0.20664: -0.00496:     -9.9:  -29.92094:    182000
     91:  2000:   2000.0:  0.42382: -0.00247:     -4.9:  -24.94239:    184000
     92:  2000:   2000.0:  0.71325: -0.00400:     -8.0:  -27.99841:    186000
     93:  2000:   2000.0: -0.60223: -0.00338:     -6.8:  -26.76164:    188000
     94:  2000:   2000.0:  0.01495: -0.00342:     -6.8:  -26.83480:    190000
     95:  2000:   2000.0:  0.52817: -0.00330:     -6.6:  -26.60010:    192000
     96:  2000:   2000.0:  0.55399: -0.00256:     -5.1:  -25.12061:    194000
     97:  2000:   2000.0:  0.13578: -0.00367:     -7.3:  -27.33940:    196000
     98:  2000:   2000.0: -0.52094: -0.00414:     -8.3:  -28.28941:    198000
     99:  2000:   2000.0: -0.32427: -0.00397:     -7.9:  -27.94971:    200000
    100:  2000:   2000.0: -0.39614: -0.00512:    -10.2:  -30.23486:    202000
    101:  2000:   2000.0:  0.54646: -0.00343:     -6.9:  -26.85953:    204000
    102:  2000:   2000.0:  0.64992: -0.00485:     -9.7:  -29.69198:    206000
    103:  2000:   2000.0:  0.51170: -0.00289:     -5.8:  -25.78581:    208000
    104:  2000:   2000.0: -0.00054: -0.00301:     -6.0:  -26.02217:    210000
    105:  2000:   2000.0:  0.72065: -0.00298:     -6.0:  -25.95412:    212000
    106:  2000:   2000.0:  0.36267: -0.00217:     -4.3:  -24.34938:    214000
    107:  2000:   2000.0: -0.07539: -0.00341:     -6.8:  -26.82675:    216000
    108:  2000:   2000.0:  0.08322: -0.00396:     -7.9:  -27.92935:    218000
    109:  2000:   2000.0:  0.31855: -0.00337:     -6.7:  -26.73997:    220000
    110:  2000:   2000.0: -0.23512: -0.00503:    -10.1:  -30.06964:    222000
    111:  2000:   2000.0:  0.23799: -0.00335:     -6.7:  -26.70804:    224000
    112:  2000:   2000.0:  0.12582: -0.00386:     -7.7:  -27.71824:    226000
    113:  2000:   2000.0:  0.18440: -0.00314:     -6.3:  -26.28689:    228000
    114:  2000:   2000.0: -0.13335: -0.00730:    -14.6:  -34.59560:    230000
    115:  2000:   2000.0: -0.42321: -0.00577:    -11.5:  -31.54243:    232000
    116:  2000:   2000.0:  0.04648: -0.00242:     -4.8:  -24.83823:    234000
    117:  2000:   2000.0: -0.05433: -0.00361:     -7.2:  -27.22831:    236000
    118:  2000:   2000.0:  0.24747: -0.00490:     -9.8:  -29.79608:    238000
    119:  2000:   2000.0: -0.09820: -0.00437:     -8.7:  -28.73313:    240000
    120:  2000:   2000.0: -0.34318: -0.00205:     -4.1:  -24.09291:    242000
    121:  2000:   2000.0: -0.05428: -0.00327:     -6.5:  -26.53685:    244000
    122:  2000:   2000.0: -0.01790: -0.00259:     -5.2:  -25.18560:    246000
    123:  2000:   2000.0:  0.03889: -0.00377:     -7.5:  -27.53960:    248000
    124:  2000:   2000.0: -0.53216: -0.00616:    -12.3:  -32.31252:    250000
    125:  2000:   2000.0: -0.22810: -0.00591:    -11.8:  -31.81153:    252000
    126:  2000:   2000.0: -0.64312: -0.00428:     -8.6:  -28.56229:    254000
    127:  2000:   2000.0: -0.51268: -0.00332:     -6.6:  -26.64994:    256000
    128:  2000:   2000.0:  0.20736: -0.00333:     -6.7:  -26.66090:    258000
    129:  2000:   2000.0:  0.24617: -0.00382:     -7.6:  -27.63918:    260000
    130:  2000:   2000.0: -0.16677: -0.00312:     -6.2:  -26.23742:    262000
    131:  2000:   2000.0:  0.15376: -0.00264:     -5.3:  -25.28600:    264000
    132:  2000:   2000.0: -0.09043: -0.00291:     -5.8:  -25.82537:    266000
    133:  2000:   2000.0:  0.03977: -0.00323:     -6.5:  -26.45948:    268000
    134:  2000:   2000.0:  0.13491: -0.00364:     -7.3:  -27.28875:    270000
    135:  2000:   2000.0:  1.59791: -0.00684:    -13.7:  -33.67191:    272000
    136:  2000:   2000.0: -0.22846: -0.00371:     -7.4:  -27.42642:    274000
    137:  2000:   2000.0:  0.50085: -0.00199:     -4.0:  -23.98913:    276000
    138:  2000:   2000.0:  0.25237: -0.00405:     -8.1:  -28.09639:    278000
    139:  2000:   2000.0: -0.08804: -0.00492:     -9.8:  -29.83918:    280000
    140:  2000:   2000.0: -0.26993: -0.00405:     -8.1:  -28.10564:    282000
    141:  2000:   2000.0:  0.33586: -0.00319:     -6.4:  -26.37952:    284000
    142:  2000:   2000.0:  0.89532: -0.00315:     -6.3:  -26.30022:    286000
    143:  2000:   2000.0: -0.63433: -0.00453:     -9.1:  -29.06461:    288000
    144:  2000:   2000.0:  0.21477: -0.00318:     -6.4:  -26.36823:    290000
    145:  2000:   2000.0: -0.36055: -0.00686:    -13.7:  -33.72895:    292000
    146:  2000:   2000.0:  0.27700: -0.00316:     -6.3:  -26.31588:    294000
    147:  2000:   2000.0:  0.50389: -0.00321:     -6.4:  -26.41918:    296000
    148:  2000:   2000.0: -0.19963: -0.00285:     -5.7:  -25.69198:    298000
    149:  2000:   2000.0:  0.19606: -0.00334:     -6.7:  -26.68679:    300000
    150:  2000:   2000.0:  0.51523: -0.00386:     -7.7:  -27.72047:    302000
    151:  2000:   2000.0: -0.31777: -0.00249:     -5.0:  -24.98509:    304000
    152:  2000:   2000.0:  0.48575: -0.00385:     -7.7:  -27.69090:    306000
    153:  2000:   2000.0: -0.45444: -0.00906:    -18.1:  -38.11937:    308000
    154:  2000:   2000.0: -0.35126: -0.00492:     -9.8:  -29.83031:    310000
    155:  2000:   2000.0: -0.22790: -0.00426:     -8.5:  -28.51256:    312000
    156:  2000:   2000.0: -0.28515: -0.00413:     -8.3:  -28.26781:    314000
    157:  2000:   2000.0:  0.03910: -0.00245:     -4.9:  -24.90362:    316000
    158:  2000:   2000.0:  0.07365: -0.00454:     -9.1:  -29.08435:    318000
    159:  2000:   2000.0: -0.02247: -0.00371:     -7.4:  -27.42890:    320000
    160:  2000:   2000.0:  0.24091: -0.00417:     -8.3:  -28.34581:    322000
    161:  2000:   2000.0:  0.12826: -0.00884:    -17.7:  -37.68491:    324000
    162:  2000:   2000.0: -0.43298: -0.00640:    -12.8:  -32.79965:    326000
    163:  2000:   2000.0: -0.56313: -0.00269:     -5.4:  -25.38850:    328000
    164:  2000:   2000.0:  0.62587: -0.00355:     -7.1:  -27.09572:    330000
    165:  2000:   2000.0: -0.00769: -0.00392:     -7.8:  -27.84274:    332000
    166:  2000:   2000.0: -0.42980: -0.00355:     -7.1:  -27.10407:    334000
    167:  2000:   2000.0:  0.54725: -0.00387:     -7.7:  -27.73419:    336000
    168:  2000:   2000.0:  0.20910: -0.00312:     -6.2:  -26.24949:    338000
    169:  2000:   2000.0:  0.45736: -0.00690:    -13.8:  -33.80716:    340000
    170:  2000:   2000.0: -0.27498: -0.00257:     -5.1:  -25.14681:    342000
    171:  2000:   2000.0:  2.15426: -0.00928:    -18.6:  -38.56110:    344000
    172:  2000:   2000.0:  0.14731: -0.00309:     -6.2:  -26.18889:    346000
    173:  2000:   2000.0: -0.83874: -0.02798:    -56.0:  -75.96295:    348000
    174:  2000:   2000.0:  0.01257: -0.00698:    -14.0:  -33.96171:    350000
    175:  2000:   2000.0:  0.24801: -0.00344:     -6.9:  -26.87196:    352000
    176:  2000:   2000.0:  0.12763: -0.00368:     -7.4:  -27.36073:    354000
    177:  2000:   2000.0: -0.37878: -0.00345:     -6.9:  -26.89426:    356000
    178:  2000:   2000.0:  0.20540: -0.00365:     -7.3:  -27.29565:    358000
    179:  2000:   2000.0: -0.04349: -0.00327:     -6.5:  -26.54728:    360000
