episodes:steps:mean_steps(10):rwd:mean_rwd:rwd_sum:rwd_sum-?*step:iter
      0:    75:      7.5: -0.10000:  0.06030:      4.5:  -2.97742:        75
      1:    91:     16.6: -0.10000:  0.05977:      5.4:  -3.66109:       166
      2:   109:     27.5: -0.10000:  0.06372:      6.9:  -3.95473:       275
      3:    55:     33.0: -0.10000:  0.05523:      3.0:  -2.46240:       330
      4:    73:     40.3: -0.10000:  0.06091:      4.4:  -2.85373:       403
      5:    70:     47.3: -0.10000:  0.06342:      4.4:  -2.56093:       473
      6:   109:     58.2: -0.10000:  0.05947:      6.5:  -4.41727:       582
      7:   200:     78.2: -0.10000:  0.07524:     15.0:  -4.95221:       782
      8:   113:     89.5: -0.10000:  0.05954:      6.7:  -4.57150:       895
      9:    84:     97.9: -0.10000:  0.06773:      5.7:  -2.71028:       979
     10:   136:    104.0: -0.10000:  0.07128:      9.7:  -3.90547:      1115
     11:   118:    106.7: -0.10000:  0.05879:      6.9:  -4.86315:      1233
     12:   157:    111.5: -0.10000:  0.07514:     11.8:  -3.90270:      1390
     13:    68:    112.8: -0.10000:  0.06147:      4.2:  -2.62008:      1458
     14:    98:    115.3: -0.10000:  0.06757:      6.6:  -3.17811:      1556
     15:   175:    125.8: -0.10000:  0.06396:     11.2:  -6.30652:      1731
     16:    65:    121.4: -0.10000:  0.06010:      3.9:  -2.59366:      1796
     17:    82:    109.6: -0.10000:  0.06085:      5.0:  -3.21032:      1878
     18:   111:    109.4: -0.10000:  0.06307:      7.0:  -4.09923:      1989
     19:    69:    107.9: -0.10000:  0.06633:      4.6:  -2.32351:      2058
     20:    59:    100.2: -0.10000:  0.06522:      3.8:  -2.05205:      2117
     21:    75:     95.9: -0.10000:  0.07037:      5.3:  -2.22209:      2192
     22:    58:     86.0: -0.10000:  0.05982:      3.5:  -2.33020:      2250
     23:   135:     92.7: -0.10000:  0.07793:     10.5:  -2.98011:      2385
     24:    99:     92.8: -0.10000:  0.05937:      5.9:  -4.02270:      2484
     25:   108:     86.1: -0.10000:  0.06933:      7.5:  -3.31288:      2592
     26:   103:     89.9: -0.10000:  0.05426:      5.6:  -4.71164:      2695
     27:   100:     91.7: -0.10000:  0.05200:      5.2:  -4.79969:      2795
     28:    67:     87.3: -0.10000:  0.06335:      4.2:  -2.45546:      2862
     29:    55:     85.9: -0.10000:  0.05914:      3.3:  -2.24750:      2917
     30:   158:     95.8: -0.10000:  0.06279:      9.9:  -5.87885:      3075
     31:    84:     96.7: -0.10000:  0.06955:      5.8:  -2.55778:      3159
     32:    53:     96.2: -0.10000:  0.06180:      3.3:  -2.02443:      3212
     33:    85:     91.2: -0.10000:  0.06959:      5.9:  -2.58448:      3297
     34:   166:     97.9: -0.10000:  0.07804:     13.0:  -3.64574:      3463
     35:    95:     96.6: -0.10000:  0.06892:      6.5:  -2.95240:      3558
     36:    80:     94.3: -0.10000:  0.06443:      5.2:  -2.84586:      3638
     37:   117:     96.0: -0.10000:  0.06306:      7.4:  -4.32165:      3755
     38:    62:     95.5: -0.10000:  0.06249:      3.9:  -2.32581:      3817
     39:   169:    106.9: -0.10000:  0.07038:     11.9:  -5.00514:      3986
     40:    53:     96.4: -0.10000:  0.05891:      3.1:  -2.17781:      4039
     41:    65:     94.5: -0.10000:  0.06964:      4.5:  -1.97316:      4104
     42:    60:     95.2: -0.10000:  0.06014:      3.6:  -2.39183:      4164
     43:   192:    105.9: -0.10000:  0.07766:     14.9:  -4.28868:      4356
     44:    65:     95.8: -0.10000:  0.05889:      3.8:  -2.67231:      4421
     45:    56:     91.9: -0.10000:  0.05912:      3.3:  -2.28931:      4477
     46:    85:     92.4: -0.10000:  0.06055:      5.1:  -3.35331:      4562
     47:    68:     87.5: -0.10000:  0.06498:      4.4:  -2.38106:      4630
     48:    73:     88.6: -0.10000:  0.06376:      4.7:  -2.64583:      4703
     49:   205:     92.2: -0.10000:  0.07917:     16.2:  -4.26916:      4908
     50:    82:     95.1: -0.10000:  0.06937:      5.7:  -2.51175:      4990
     51:   153:    103.9: -0.10000:  0.07118:     10.9:  -4.40933:      5143
     52:    64:    104.3: -0.10000:  0.05807:      3.7:  -2.68379:      5207
     53:    75:     92.6: -0.10000:  0.05707:      4.3:  -3.22002:      5282
     54:    80:     94.1: -0.10000:  0.06879:      5.5:  -2.49688:      5362
     55:   112:     99.7: -0.10000:  0.06409:      7.2:  -4.02218:      5474
     56:    64:     97.6: -0.10000:  0.05964:      3.8:  -2.58319:      5538
     57:   123:    103.1: -0.10000:  0.07140:      8.8:  -3.51741:      5661
     58:    82:    104.0: -0.10000:  0.05339:      4.4:  -3.82201:      5743
     59:   122:     95.7: -0.10000:  0.06472:      7.9:  -4.30378:      5865
     60:    87:     96.2: -0.10000:  0.06608:      5.7:  -2.95131:      5952
     61:   122:     93.1: -0.10000:  0.06013:      7.3:  -4.86411:      6074
     62:    72:     93.9: -0.10000:  0.06611:      4.8:  -2.43990:      6146
     63:    57:     92.1: -0.10000:  0.05497:      3.1:  -2.56698:      6203
     64:    71:     91.2: -0.10000:  0.05480:      3.9:  -3.20915:      6274
     65:    71:     87.1: -0.10000:  0.06829:      4.8:  -2.25164:      6345
     66:    77:     88.4: -0.10000:  0.07133:      5.5:  -2.20795:      6422
     67:    62:     82.3: -0.10000:  0.05746:      3.6:  -2.63742:      6484
     68:    87:     82.8: -0.10000:  0.06545:      5.7:  -3.00600:      6571
     69:    83:     78.9: -0.10000:  0.06284:      5.2:  -3.08422:      6654
     70:    71:     77.3: -0.10000:  0.05645:      4.0:  -3.09202:      6725
     71:    60:     71.1: -0.10000:  0.05751:      3.5:  -2.54933:      6785
     72:    59:     69.8: -0.10000:  0.05642:      3.3:  -2.57117:      6844
     73:    82:     72.3: -0.10000:  0.05854:      4.8:  -3.39957:      6926
     74:    72:     72.4: -0.10000:  0.05645:      4.1:  -3.13553:      6998
     75:    58:     71.1: -0.10000:  0.05533:      3.2:  -2.59093:      7056
     76:    81:     71.5: -0.10000:  0.06977:      5.7:  -2.44833:      7137
     77:    77:     73.0: -0.10000:  0.06550:      5.0:  -2.65644:      7214
     78:    65:     70.8: -0.10000:  0.05808:      3.8:  -2.72462:      7279
     79:    63:     68.8: -0.10000:  0.05391:      3.4:  -2.90384:      7342
     80:   174:     79.1: -0.10000:  0.07419:     12.9:  -4.49034:      7516
     81:   103:     83.4: -0.10000:  0.06133:      6.3:  -3.98301:      7619
     82:   132:     90.7: -0.10000:  0.06606:      8.7:  -4.48017:      7751
     83:   116:     94.1: -0.10000:  0.06570:      7.6:  -3.97883:      7867
     84:   113:     98.2: -0.10000:  0.06860:      7.8:  -3.54771:      7980
     85:    72:     99.6: -0.10000:  0.05124:      3.7:  -3.51070:      8052
     86:    84:     99.9: -0.10000:  0.06779:      5.7:  -2.70550:      8136
     87:    87:    100.9: -0.10000:  0.07016:      6.1:  -2.59572:      8223
     88:   110:    105.4: -0.10000:  0.06652:      7.3:  -3.68267:      8333
     89:    58:    104.9: -0.10000:  0.06056:      3.5:  -2.28770:      8391
     90:    64:     93.9: -0.10000:  0.05598:      3.6:  -2.81700:      8455
     91:    72:     90.8: -0.10000:  0.05555:      4.0:  -3.20014:      8527
     92:    83:     85.9: -0.10000:  0.06478:      5.4:  -2.92356:      8610
     93:    82:     82.5: -0.10000:  0.06730:      5.5:  -2.68148:      8692
     94:    90:     80.2: -0.10000:  0.07351:      6.6:  -2.38406:      8782
     95:    60:     79.0: -0.10000:  0.06008:      3.6:  -2.39513:      8842
     96:    58:     76.4: -0.10000:  0.05047:      2.9:  -2.87266:      8900
     97:    70:     74.7: -0.10000:  0.06207:      4.3:  -2.65486:      8970
     98:    83:     72.0: -0.10000:  0.07115:      5.9:  -2.39490:      9053
     99:    55:     71.7: -0.10000:  0.06237:      3.4:  -2.06984:      9108
    100:   101:     75.4: -0.10000:  0.06028:      6.1:  -4.01221:      9209
    101:    66:     74.8: -0.10000:  0.04737:      3.1:  -3.47376:      9275
    102:    70:     73.5: -0.10000:  0.06606:      4.6:  -2.37562:      9345
    103:    65:     71.8: -0.10000:  0.05138:      3.3:  -3.16050:      9410
