episodes:steps:mean_steps(10):rwd:mean_rwd:rwd_sum:rwd_sum-?*step:iter
      0:   258:     25.8:-10.00000:  0.83958:    216.6: -41.38869:       258
      1:   144:     40.2:-10.00000:  0.69012:     99.4: -44.62305:       402
      2:   411:     81.3:-10.00000:  0.85336:    350.7: -60.27078:       813
      3:   138:     95.1:-10.00000:  0.70342:     97.1: -40.92802:       951
      4:   434:    138.5:-10.00000:  0.86858:    377.0: -57.03568:      1385
      5:   496:    188.1:-10.00000:  0.89896:    445.9: -50.11624:      1881
      6:   304:    218.5:-10.00000:  0.74738:    227.2: -76.79584:      2185
      7:   166:    235.1:-10.00000:  0.82286:    136.6: -29.40474:      2351
      8:   329:    268.0:-10.00000:  0.77811:    256.0: -73.00061:      2680
      9:   309:    298.9:-10.00000:  0.80588:    249.0: -59.98224:      2989
     10:   145:    287.6:-10.00000:  0.70434:    102.1: -42.87040:      3134
     11:   372:    310.4:-10.00000:  0.82960:    308.6: -63.38998:      3506
     12:   208:    290.1:-10.00000:  0.78824:    164.0: -44.04590:      3714
     13:   248:    301.1:-10.00000:  0.79718:    197.7: -50.30051:      3962
     14:   371:    294.8:-10.00000:  0.79111:    293.5: -77.49933:      4333
     15:   574:    302.6:-10.00000:  0.91134:    523.1: -50.89014:      4907
     16:   442:    316.4:-10.00000:  0.86032:    380.3: -61.74033:      5349
     17:   346:    334.4:-10.00000:  0.82208:    284.4: -61.56155:      5695
     18:   360:    337.5:-10.00000:  0.76715:    276.2: -83.82480:      6055
     19:   298:    336.4:-10.00000:  0.79876:    238.0: -59.96843:      6353
     20:   223:    344.2:-10.00000:  0.78012:    174.0: -49.03227:      6576
     21:   265:    333.5:-10.00000:  0.77542:    205.5: -59.51411:      6841
