episodes:steps:mean_steps(10):rwd:mean_rwd:rwd_sum:rwd_sum-?*step:iter
      0:  2000:    200.0:  0.03129: -0.00071:     -1.4:  -21.42952:      2000
      1:  2000:    400.0: -0.16558:  0.00022:      0.4:  -19.56892:      4000
      2:  2000:    600.0:  0.22398:  0.00538:     10.8:   -9.23258:      6000
      3:  2000:    800.0:  0.94219: -0.00033:     -0.7:  -20.65319:      8000
      4:  2000:   1000.0: -0.19940:  0.00113:      2.3:  -17.74788:     10000
      5:  2000:   1200.0: -0.19529:  0.00343:      6.9:  -13.13712:     12000
      6:  2000:   1400.0: -0.02043:  0.00144:      2.9:  -17.11366:     14000
      7:  2000:   1600.0:  0.03720:  0.00438:      8.8:  -11.24852:     16000
      8:  2000:   1800.0: -0.12295:  0.00101:      2.0:  -17.97435:     18000
      9:  2000:   2000.0: -0.29802: -0.00303:     -6.1:  -26.05167:     20000
     10:  2000:   2000.0: -0.00426:  0.00358:      7.2:  -12.84794:     22000
     11:  2000:   2000.0:  0.14195:  0.00253:      5.1:  -14.94362:     24000
     12:  2000:   2000.0:  0.11005:  0.00330:      6.6:  -13.40192:     26000
     13:  2000:   2000.0: -0.18350:  0.00106:      2.1:  -17.87646:     28000
     14:  2000:   2000.0: -0.16676:  0.00009:      0.2:  -19.82831:     30000
     15:  2000:   2000.0: -0.25931:  0.00204:      4.1:  -15.92872:     32000
     16:  2000:   2000.0:  0.01768:  0.00274:      5.5:  -14.51428:     34000
     17:  2000:   2000.0:  0.23780:  0.00065:      1.3:  -18.70823:     36000
     18:  2000:   2000.0: -0.03059:  0.00352:      7.0:  -12.96826:     38000
     19:  2000:   2000.0: -0.15452:  0.00176:      3.5:  -16.47399:     40000
     20:  2000:   2000.0:  0.00234:  0.00468:      9.4:  -10.63134:     42000
     21:  2000:   2000.0: -0.22735:  0.00469:      9.4:  -10.61871:     44000
     22:  2000:   2000.0:  0.14868: -0.00005:     -0.1:  -20.10627:     46000
     23:  2000:   2000.0:  0.45134: -0.00026:     -0.5:  -20.51166:     48000
     24:  2000:   2000.0:  0.03212:  0.00475:      9.5:  -10.49676:     50000
     25:  2000:   2000.0:  0.42868: -0.00074:     -1.5:  -21.48844:     52000
     26:  2000:   2000.0:  0.13461:  0.00215:      4.3:  -15.69672:     54000
     27:  2000:   2000.0: -0.29218:  0.00289:      5.8:  -14.22002:     56000
     28:  2000:   2000.0:  0.46475:  0.00149:      3.0:  -17.01565:     58000
     29:  2000:   2000.0:  0.17915:  0.00256:      5.1:  -14.88487:     60000
     30:  2000:   2000.0: -0.08027:  0.00198:      4.0:  -16.03861:     62000
     31:  2000:   2000.0: -0.17792:  0.00246:      4.9:  -15.08835:     64000
     32:  2000:   2000.0:  0.15672: -0.00152:     -3.0:  -23.04311:     66000
     33:  2000:   2000.0: -0.03957:  0.00347:      6.9:  -13.05842:     68000
     34:  2000:   2000.0:  0.30787:  0.00499:     10.0:  -10.01691:     70000
     35:  2000:   2000.0: -0.28243: -0.00060:     -1.2:  -21.19796:     72000
     36:  2000:   2000.0:  0.01455:  0.00311:      6.2:  -13.77545:     74000
     37:  2000:   2000.0: -0.52272:  0.00035:      0.7:  -19.29706:     76000
     38:  2000:   2000.0: -0.20634:  0.00130:      2.6:  -17.40989:     78000
     39:  2000:   2000.0: -0.08027:  0.00289:      5.8:  -14.22631:     80000
     40:  2000:   2000.0: -0.11660:  0.00096:      1.9:  -18.07394:     82000
     41:  2000:   2000.0: -0.14800:  0.00149:      3.0:  -17.02383:     84000
     42:  2000:   2000.0: -0.27793:  0.00037:      0.7:  -19.25051:     86000
     43:  2000:   2000.0: -0.24204:  0.00388:      7.8:  -12.23492:     88000
     44:  2000:   2000.0: -0.10680:  0.00042:      0.8:  -19.15347:     90000
     45:  2000:   2000.0:  0.07623:  0.00006:      0.1:  -19.88564:     92000
     46:  2000:   2000.0:  0.13870: -0.00175:     -3.5:  -23.49183:     94000
     47:  2000:   2000.0: -0.06161:  0.00050:      1.0:  -18.99232:     96000
     48:  2000:   2000.0:  0.30766:  0.00320:      6.4:  -13.59399:     98000
     49:  2000:   2000.0:  0.25354:  0.00088:      1.8:  -18.23354:    100000
     50:  2000:   2000.0:  0.18550:  0.00343:      6.9:  -13.14246:    102000
     51:  2000:   2000.0: -0.06818: -0.00185:     -3.7:  -23.69041:    104000
     52:  2000:   2000.0: -0.10473:  0.00339:      6.8:  -13.21685:    106000
     53:  2000:   2000.0: -0.02956:  0.00120:      2.4:  -17.60084:    108000
     54:  2000:   2000.0:  0.19342:  0.00153:      3.1:  -16.93930:    110000
     55:  2000:   2000.0: -0.14844: -0.00154:     -3.1:  -23.08890:    112000
     56:  2000:   2000.0: -0.12597:  0.00157:      3.1:  -16.86037:    114000
     57:  2000:   2000.0: -0.14091:  0.00233:      4.7:  -15.33679:    116000
     58:  2000:   2000.0: -0.15356:  0.00333:      6.7:  -13.34875:    118000
     59:  2000:   2000.0:  0.45889:  0.00006:      0.1:  -19.87592:    120000
     60:  2000:   2000.0: -0.16691:  0.00263:      5.3:  -14.73846:    122000
     61:  2000:   2000.0: -0.00545:  0.00291:      5.8:  -14.17678:    124000
     62:  2000:   2000.0:  0.12520:  0.00132:      2.6:  -17.35071:    126000
     63:  2000:   2000.0:  0.07096:  0.00339:      6.8:  -13.21939:    128000
     64:  2000:   2000.0:  0.03829:  0.00399:      8.0:  -12.01955:    130000
     65:  2000:   2000.0:  0.30059:  0.00336:      6.7:  -13.27177:    132000
     66:  2000:   2000.0:  0.01082:  0.00341:      6.8:  -13.18774:    134000
     67:  2000:   2000.0: -0.27677: -0.00188:     -3.8:  -23.75967:    136000
     68:  2000:   2000.0: -0.14054:  0.00098:      2.0:  -18.04693:    138000
     69:  2000:   2000.0: -0.54067: -0.00163:     -3.3:  -23.26166:    140000
     70:  2000:   2000.0: -0.30176:  0.00241:      4.8:  -15.18854:    142000
     71:  2000:   2000.0: -0.02359:  0.00353:      7.1:  -12.93929:    144000
     72:  2000:   2000.0: -0.01373:  0.00236:      4.7:  -15.28341:    146000
     73:  2000:   2000.0:  0.01997:  0.00000:      0.0:  -19.99708:    148000
     74:  2000:   2000.0: -0.05276:  0.00315:      6.3:  -13.70248:    150000
     75:  2000:   2000.0:  0.47787:  0.00059:      1.2:  -18.81635:    152000
     76:  2000:   2000.0:  0.00854: -0.00184:     -3.7:  -23.67373:    154000
     77:  2000:   2000.0:  0.97235:  0.00188:      3.8:  -16.24802:    156000
     78:  2000:   2000.0:  0.02345:  0.00024:      0.5:  -19.52496:    158000
     79:  2000:   2000.0: -0.08519:  0.00106:      2.1:  -17.87996:    160000
     80:  2000:   2000.0: -0.30605: -0.00120:     -2.4:  -22.40938:    162000
     81:  2000:   2000.0:  0.22514:  0.00255:      5.1:  -14.90157:    164000
     82:  2000:   2000.0: -0.10296:  0.00141:      2.8:  -17.18814:    166000
     83:  2000:   2000.0:  0.18549:  0.00060:      1.2:  -18.79795:    168000
     84:  2000:   2000.0: -0.22457:  0.00102:      2.0:  -17.96690:    170000
     85:  2000:   2000.0:  0.79784: -0.00036:     -0.7:  -20.71866:    172000
     86:  2000:   2000.0:  0.38859:  0.00145:      2.9:  -17.10709:    174000
     87:  2000:   2000.0: -0.13770:  0.00172:      3.4:  -16.55342:    176000
     88:  2000:   2000.0: -0.03704:  0.00347:      6.9:  -13.06794:    178000
     89:  2000:   2000.0: -0.21019:  0.00017:      0.3:  -19.65391:    180000
     90:  2000:   2000.0: -0.06006:  0.00277:      5.5:  -14.45421:    182000
     91:  2000:   2000.0: -0.24029:  0.00194:      3.9:  -16.12190:    184000
     92:  2000:   2000.0: -0.00555:  0.00338:      6.8:  -13.23861:    186000
     93:  2000:   2000.0: -0.16210:  0.00216:      4.3:  -15.68467:    188000
     94:  2000:   2000.0: -0.09592:  0.00187:      3.7:  -16.25357:    190000
     95:  2000:   2000.0: -0.24578: -0.00077:     -1.5:  -21.54984:    192000
     96:  2000:   2000.0: -0.19809: -0.00058:     -1.2:  -21.15123:    194000
     97:  2000:   2000.0: -0.05109:  0.00309:      6.2:  -13.81373:    196000
     98:  2000:   2000.0: -0.46451:  0.00103:      2.1:  -17.93662:    198000
     99:  2000:   2000.0: -0.28481:  0.00258:      5.2:  -14.83258:    200000
