episodes:steps:mean_steps(10):rwd:mean_rwd:rwd_sum:rwd_sum-?*step:iter
      0:   500:     50.0: -3.03876: -1.15373:   -576.9: -581.86731:       500
      1:   500:    100.0: -2.64226: -0.95427:   -477.1: -482.13507:      1000
      2:   500:    150.0: -2.02699: -0.87556:   -437.8: -442.78137:      1500
      3:   500:    200.0: -1.97618: -0.90601:   -453.0: -458.00687:      2000
      4:   500:    250.0: -2.70953: -0.95189:   -475.9: -480.94571:      2500
      5:   500:    300.0: -2.16867: -0.92168:   -460.8: -465.83783:      3000
      6:   500:    350.0: -2.47656: -0.99002:   -495.0: -500.00839:      3500
      7:   500:    400.0: -2.64971: -1.09069:   -545.3: -550.34723:      4000
      8:   500:    450.0: -2.38658: -1.02142:   -510.7: -515.71179:      4500
      9:   500:    500.0: -2.10888: -0.81877:   -409.4: -414.38507:      5000
     10:   500:    500.0: -2.17982: -0.97149:   -485.7: -490.74503:      5500
     11:   500:    500.0: -2.72482: -1.02443:   -512.2: -517.21649:      6000
     12:   500:    500.0: -2.69067: -1.02746:   -513.7: -518.72858:      6500
     13:   500:    500.0: -3.44046: -1.19278:   -596.4: -601.39178:      7000
     14:   500:    500.0: -2.68238: -1.03521:   -517.6: -522.60394:      7500
     15:   500:    500.0: -2.07477: -0.84446:   -422.2: -427.22891:      8000
     16:   500:    500.0: -2.63765: -1.08966:   -544.8: -549.83130:      8500
     17:   500:    500.0: -1.93150: -0.97098:   -485.5: -490.49170:      9000
     18:   500:    500.0: -2.53454: -0.99180:   -495.9: -500.89871:      9500
     19:   500:    500.0: -3.30908: -1.20770:   -603.9: -608.85052:     10000
     20:   500:    500.0: -2.11768: -0.94167:   -470.8: -475.83725:     10500
     21:   500:    500.0: -2.70768: -1.09169:   -545.8: -550.84338:     11000
     22:   500:    500.0: -2.52146: -1.02937:   -514.7: -519.68445:     11500
     23:   500:    500.0: -2.12759: -0.95718:   -478.6: -483.59061:     12000
     24:   500:    500.0: -2.36993: -1.04557:   -522.8: -527.78430:     12500
     25:   500:    500.0: -2.84937: -1.10376:   -551.9: -556.88184:     13000
     26:   500:    500.0: -2.70053: -1.03989:   -519.9: -524.94696:     13500
     27:   500:    500.0: -2.81789: -1.06709:   -533.5: -538.54291:     14000
     28:   500:    500.0: -2.13484: -0.89966:   -449.8: -454.83020:     14500
     29:   500:    500.0: -2.89196: -1.10635:   -553.2: -558.17535:     15000
     30:   500:    500.0: -2.42023: -0.96068:   -480.3: -485.33862:     15500
     31:   500:    500.0: -1.83853: -0.84634:   -423.2: -428.16907:     16000
     32:   500:    500.0: -2.01395: -0.93399:   -467.0: -471.99438:     16500
     33:   500:    500.0: -1.94007: -0.87499:   -437.5: -442.49628:     17000
     34:   500:    500.0: -2.17125: -1.02736:   -513.7: -518.68195:     17500
     35:   500:    500.0: -2.30757: -0.95123:   -475.6: -480.61374:     18000
     36:   500:    500.0: -2.90226: -1.06723:   -533.6: -538.61609:     18500
     37:   500:    500.0: -2.97626: -1.11958:   -559.8: -564.78784:     19000
     38:   500:    500.0: -2.89204: -1.11789:   -558.9: -563.94470:     19500
     39:   500:    500.0: -2.68424: -1.01732:   -508.7: -513.65903:     20000
     40:   500:    500.0: -3.00820: -1.14682:   -573.4: -578.41168:     20500
     41:   500:    500.0: -2.67458: -1.04817:   -524.1: -529.08661:     21000
     42:   500:    500.0: -2.23611: -0.85337:   -426.7: -431.68460:     21500
     43:   500:    500.0: -2.66193: -1.00130:   -500.7: -505.65018:     22000
     44:   500:    500.0: -2.82450: -1.04869:   -524.3: -529.34430:     22500
     45:   500:    500.0: -2.90739: -1.06305:   -531.5: -536.52637:     23000
     46:   500:    500.0: -2.35809: -0.98180:   -490.9: -495.90237:     23500
     47:   500:    500.0: -2.72023: -1.13211:   -566.1: -571.05579:     24000
     48:   500:    500.0: -2.82336: -1.03674:   -518.4: -523.37207:     24500
     49:   500:    500.0: -2.36756: -0.89383:   -446.9: -451.91434:     25000
     50:   500:    500.0: -2.75627: -1.07529:   -537.6: -542.64545:     25500
     51:   500:    500.0: -2.86829: -1.19219:   -596.1: -601.09558:     26000
     52:   500:    500.0: -2.22931: -0.87380:   -436.9: -441.90161:     26500
     53:   500:    500.0: -2.79382: -1.16381:   -581.9: -586.90747:     27000
     54:   500:    500.0: -2.92493: -1.08870:   -544.4: -549.35223:     27500
     55:   500:    500.0: -2.21909: -0.94073:   -470.4: -475.36685:     28000
     56:   500:    500.0: -2.68935: -1.05129:   -525.6: -530.64539:     28500
     57:   500:    500.0: -2.92384: -1.09718:   -548.6: -553.58868:     29000
     58:   500:    500.0: -2.29516: -0.89901:   -449.5: -454.50372:     29500
     59:   500:    500.0: -2.67066: -1.06731:   -533.7: -538.65436:     30000
     60:   500:    500.0: -2.55109: -1.04206:   -521.0: -526.02765:     30500
     61:   500:    500.0: -2.93175: -1.20577:   -602.9: -607.88385:     31000
     62:   500:    500.0: -2.26188: -0.96578:   -482.9: -487.88950:     31500
     63:   500:    500.0: -2.49145: -1.03741:   -518.7: -523.70746:     32000
     64:   500:    500.0: -2.78347: -0.96120:   -480.6: -485.60211:     32500
     65:   500:    500.0: -2.48467: -1.08658:   -543.3: -548.29211:     33000
     66:   500:    500.0: -2.70110: -1.04848:   -524.2: -529.23804:     33500
     67:   500:    500.0: -2.83982: -1.11867:   -559.3: -564.33691:     34000
     68:   500:    500.0: -2.25346: -0.86045:   -430.2: -435.22656:     34500
     69:   500:    500.0: -2.52372: -1.01867:   -509.3: -514.33496:     35000
     70:   500:    500.0: -2.31085: -0.90470:   -452.4: -457.35046:     35500
     71:   500:    500.0: -2.79362: -1.05258:   -526.3: -531.29150:     36000
     72:   500:    500.0: -2.22572: -0.94656:   -473.3: -478.28128:     36500
     73:   500:    500.0: -2.68076: -1.12838:   -564.2: -569.18829:     37000
     74:   500:    500.0: -2.19617: -1.08387:   -541.9: -546.93353:     37500
     75:   500:    500.0: -2.67406: -0.97341:   -486.7: -491.70535:     38000
     76:   500:    500.0: -2.50427: -1.04570:   -522.8: -527.84796:     38500
     77:   500:    500.0: -2.63053: -1.03760:   -518.8: -523.79840:     39000
     78:   500:    500.0: -2.53738: -0.97257:   -486.3: -491.28555:     39500
     79:   500:    500.0: -2.25916: -0.97095:   -485.5: -490.47733:     40000
     80:   500:    500.0: -2.90681: -1.05595:   -528.0: -532.97260:     40500
     81:   500:    500.0: -2.94960: -1.11854:   -559.3: -564.27246:     41000
     82:   500:    500.0: -2.34081: -0.87346:   -436.7: -441.73230:     41500
     83:   500:    500.0: -2.92678: -1.03096:   -515.5: -520.48242:     42000
     84:   500:    500.0: -2.64922: -1.04918:   -524.6: -529.59192:     42500
     85:   500:    500.0: -2.97780: -1.04836:   -524.2: -529.18030:     43000
     86:   500:    500.0: -2.22862: -0.91687:   -458.4: -463.43524:     43500
     87:   500:    500.0: -2.79139: -1.06294:   -531.5: -536.46967:     44000
     88:   500:    500.0: -2.56466: -1.01394:   -507.0: -511.97095:     44500
     89:   500:    500.0: -2.73098: -0.97343:   -486.7: -491.71573:     45000
     90:   500:    500.0: -2.71072: -1.01164:   -505.8: -510.81757:     45500
     91:   500:    500.0: -2.28540: -0.99843:   -499.2: -504.21567:     46000
     92:   500:    500.0: -1.86325: -0.89901:   -449.5: -454.50607:     46500
     93:   500:    500.0: -2.51586: -0.94397:   -472.0: -476.98499:     47000
     94:   500:    500.0: -2.47118: -0.93554:   -467.8: -472.77048:     47500
     95:   500:    500.0: -3.24748: -1.08146:   -540.7: -545.73059:     48000
     96:   500:    500.0: -2.56253: -1.02510:   -512.5: -517.54938:     48500
     97:   500:    500.0: -1.75463: -0.82386:   -411.9: -416.93106:     49000
     98:   500:    500.0: -2.58057: -1.02001:   -510.0: -515.00616:     49500
     99:   500:    500.0: -2.42756: -1.02001:   -510.0: -515.00748:     50000
    100:   500:    500.0: -2.53542: -0.98027:   -490.1: -495.13434:     50500
    101:   500:    500.0: -2.79046: -1.05292:   -526.5: -531.46167:     51000
    102:   500:    500.0: -2.64583: -1.08732:   -543.7: -548.66241:     51500
    103:   500:    500.0: -2.24762: -0.99807:   -499.0: -504.03290:     52000
    104:   500:    500.0: -2.60764: -1.07895:   -539.5: -544.47742:     52500
    105:   500:    500.0: -2.67228: -1.01896:   -509.5: -514.47971:     53000
    106:   500:    500.0: -2.26657: -0.91197:   -456.0: -460.98315:     53500
    107:   500:    500.0: -2.84138: -1.20432:   -602.2: -607.16052:     54000
    108:   500:    500.0: -1.83557: -0.79577:   -397.9: -402.88651:     54500
    109:   500:    500.0: -2.45753: -0.98606:   -493.0: -498.03165:     55000
    110:   500:    500.0: -2.07321: -0.92989:   -464.9: -469.94586:     55500
    111:   500:    500.0: -2.88915: -1.09806:   -549.0: -554.02777:     56000
    112:   500:    500.0: -2.12076: -0.83009:   -415.0: -420.04648:     56500
    113:   500:    500.0: -2.06958: -0.91812:   -459.1: -464.06094:     57000
    114:   500:    500.0: -2.62001: -1.09939:   -549.7: -554.69604:     57500
    115:   500:    500.0: -2.85769: -1.04682:   -523.4: -528.40857:     58000
    116:   500:    500.0: -2.00539: -0.92158:   -460.8: -465.79138:     58500
    117:   500:    500.0: -3.05126: -1.08645:   -543.2: -548.22662:     59000
    118:   500:    500.0: -2.16607: -0.94107:   -470.5: -475.53635:     59500
    119:   500:    500.0: -2.74862: -1.12241:   -561.2: -566.20258:     60000
    120:   500:    500.0: -2.79271: -1.04280:   -521.4: -526.40228:     60500
    121:   500:    500.0: -2.93722: -1.09685:   -548.4: -553.42383:     61000
    122:   500:    500.0: -2.40705: -0.99178:   -495.9: -500.89105:     61500
    123:   500:    500.0: -2.64430: -1.08619:   -543.1: -548.09729:     62000
    124:   500:    500.0: -2.96183: -1.18882:   -594.4: -599.41119:     62500
    125:   500:    500.0: -2.82240: -1.14595:   -573.0: -577.97461:     63000
    126:   500:    500.0: -2.16654: -0.86238:   -431.2: -436.19055:     63500
    127:   500:    500.0: -3.15425: -1.26909:   -634.5: -639.54431:     64000
    128:   500:    500.0: -3.48229: -1.22143:   -610.7: -615.71576:     64500
    129:   500:    500.0: -2.51529: -0.98407:   -492.0: -497.03278:     65000
    130:   500:    500.0: -2.92602: -1.06564:   -532.8: -537.81897:     65500
    131:   500:    500.0: -2.20354: -0.86019:   -430.1: -435.09262:     66000
    132:   500:    500.0: -2.63985: -1.02694:   -513.5: -518.47156:     66500
    133:   500:    500.0: -2.53676: -1.02322:   -511.6: -516.61069:     67000
    134:   500:    500.0: -1.94829: -0.76602:   -383.0: -388.01132:     67500
    135:   500:    500.0: -2.04262: -0.90422:   -452.1: -457.10989:     68000
    136:   500:    500.0: -3.16287: -1.22786:   -613.9: -618.93250:     68500
    137:   500:    500.0: -2.71266: -0.97807:   -489.0: -494.03403:     69000
    138:   500:    500.0: -2.37005: -0.96945:   -484.7: -489.72406:     69500
    139:   500:    500.0: -2.59852: -1.13680:   -568.4: -573.39960:     70000
    140:   500:    500.0: -2.69218: -1.06077:   -530.4: -535.38409:     70500
    141:   500:    500.0: -3.19647: -1.16303:   -581.5: -586.51526:     71000
    142:   500:    500.0: -1.99134: -0.86652:   -433.3: -438.25888:     71500
    143:   500:    500.0: -2.23657: -0.84712:   -423.6: -428.55875:     72000
    144:   500:    500.0: -2.08222: -0.89281:   -446.4: -451.40323:     72500
    145:   500:    500.0: -2.71865: -1.10610:   -553.0: -558.04980:     73000
    146:   500:    500.0: -2.18337: -0.88008:   -440.0: -445.03967:     73500
    147:   500:    500.0: -2.66839: -1.18835:   -594.2: -599.17584:     74000
    148:   500:    500.0: -2.19821: -0.81206:   -406.0: -411.03000:     74500
    149:   500:    500.0: -2.13926: -0.92374:   -461.9: -466.87115:     75000
    150:   500:    500.0: -2.05718: -0.97656:   -488.3: -493.28131:     75500
    151:   500:    500.0: -2.44159: -0.98061:   -490.3: -495.30612:     76000
    152:   500:    500.0: -2.31385: -0.84460:   -422.3: -427.29938:     76500
    153:   500:    500.0: -2.58586: -1.04373:   -521.9: -526.86676:     77000
    154:   500:    500.0: -2.23571: -0.96228:   -481.1: -486.13800:     77500
    155:   500:    500.0: -2.08130: -0.99295:   -496.5: -501.47507:     78000
    156:   500:    500.0: -1.87146: -0.84046:   -420.2: -425.23145:     78500
    157:   500:    500.0: -2.57177: -1.04238:   -521.2: -526.19220:     79000
    158:   500:    500.0: -2.53646: -1.03751:   -518.8: -523.75677:     79500
    159:   500:    500.0: -2.52090: -1.07946:   -539.7: -544.72839:     80000
    160:   500:    500.0: -2.72586: -1.03373:   -516.9: -521.86694:     80500
    161:   500:    500.0: -2.80466: -1.00610:   -503.1: -508.05148:     81000
    162:   500:    500.0: -2.27372: -0.82040:   -410.2: -415.19806:     81500
    163:   500:    500.0: -2.36731: -0.99734:   -498.7: -503.67136:     82000
    164:   500:    500.0: -2.31294: -0.93331:   -466.7: -471.65347:     82500
    165:   500:    500.0: -2.50496: -1.03868:   -519.3: -524.33954:     83000
    166:   500:    500.0: -3.12426: -1.14300:   -571.5: -576.50171:     83500
    167:   500:    500.0: -1.92452: -0.80648:   -403.2: -408.24210:     84000
    168:   500:    500.0: -3.09931: -1.18672:   -593.4: -598.35815:     84500
    169:   500:    500.0: -2.68444: -1.09205:   -546.0: -551.02661:     85000
    170:   500:    500.0: -2.19364: -0.93846:   -469.2: -474.22968:     85500
    171:   500:    500.0: -2.53137: -1.02807:   -514.0: -519.03564:     86000
    172:   500:    500.0: -2.62292: -0.98861:   -494.3: -499.30743:     86500
    173:   500:    500.0: -2.39696: -0.95538:   -477.7: -482.68912:     87000
    174:   500:    500.0: -2.76962: -1.09038:   -545.2: -550.18823:     87500
    175:   500:    500.0: -2.40574: -0.86849:   -434.2: -439.24374:     88000
    176:   500:    500.0: -2.67812: -1.02954:   -514.8: -519.77136:     88500
    177:   500:    500.0: -1.92363: -0.85307:   -426.5: -431.53525:     89000
    178:   500:    500.0: -3.04425: -1.18109:   -590.5: -595.54510:     89500
    179:   500:    500.0: -2.65884: -1.06549:   -532.7: -537.74719:     90000
    180:   500:    500.0: -2.65846: -1.06021:   -530.1: -535.10608:     90500
    181:   500:    500.0: -2.89825: -1.02046:   -510.2: -515.22821:     91000
    182:   500:    500.0: -2.64477: -1.06544:   -532.7: -537.72223:     91500
    183:   500:    500.0: -3.15698: -1.08595:   -543.0: -547.97272:     92000
    184:   500:    500.0: -4.12153: -1.43140:   -715.7: -720.70081:     92500
