episodes:steps:mean_steps(10):rwd:mean_rwd:rwd_sum:score_sum:iter
      0:   500:     50.0: -6.64479: -2.88042:  -1440.2:-703.91954:       500
      1:   500:    100.0: -4.78872: -2.44604:  -1223.0:-599.91682:      1000
      2:   500:    150.0: -5.77718: -2.69008:  -1345.0:-657.97798:      1500
      3:   500:    200.0: -4.78469: -2.06550:  -1032.7:-504.79480:      2000
      4:   500:    250.0: -5.33985: -2.46171:  -1230.9:-602.53044:      2500
      5:   500:    300.0: -5.65011: -2.82441:  -1412.2:-690.71240:      3000
      6:   500:    350.0: -4.76194: -2.36418:  -1182.1:-579.50967:      3500
      7:   500:    400.0: -6.52361: -2.91570:  -1457.8:-713.07249:      4000
      8:   500:    450.0: -5.28872: -2.53548:  -1267.7:-621.04313:      4500
      9:   500:    500.0: -5.69433: -2.60999:  -1305.0:-638.66543:      5000
     10:   500:    500.0: -6.62123: -2.63746:  -1318.7:-643.29845:      5500
     11:   500:    500.0: -5.42998: -2.83332:  -1416.7:-693.85147:      6000
     12:   500:    500.0: -5.53419: -2.44726:  -1223.6:-598.38413:      6500
     13:   500:    500.0: -5.95982: -2.68451:  -1342.3:-656.64583:      7000
     14:   500:    500.0: -5.30167: -2.36726:  -1183.6:-578.92908:      7500
     15:   500:    500.0: -6.01084: -2.74261:  -1371.3:-671.05572:      8000
     16:   500:    500.0: -4.47249: -2.51102:  -1255.5:-615.37620:      8500
     17:   500:    500.0: -5.35850: -2.46467:  -1232.3:-603.18076:      9000
     18:   500:    500.0: -5.35004: -2.88147:  -1440.7:-704.90968:      9500
     19:   500:    500.0: -6.67935: -2.72080:  -1360.4:-663.96319:     10000
     20:   500:    500.0: -4.69206: -2.73478:  -1367.4:-671.10305:     10500
     21:   500:    500.0: -4.51718: -2.20738:  -1103.7:-540.92925:     11000
     22:   500:    500.0: -6.00992: -2.67250:  -1336.2:-653.51790:     11500
     23:   500:    500.0: -5.55525: -2.51480:  -1257.4:-615.24283:     12000
     24:   500:    500.0: -5.95068: -2.49695:  -1248.5:-609.78684:     12500
     25:   500:    500.0: -5.36354: -2.30937:  -1154.7:-564.32353:     13000
     26:   500:    500.0: -4.83924: -2.41390:  -1206.9:-591.75954:     13500
     27:   500:    500.0: -6.60015: -2.92118:  -1460.6:-714.21829:     14000
     28:   500:    500.0: -5.30592: -2.38722:  -1193.6:-583.97462:     14500
     29:   500:    500.0: -5.94617: -2.64599:  -1323.0:-647.03070:     15000
     30:   500:    500.0: -5.08622: -2.49359:  -1246.8:-611.07217:     15500
     31:   500:    500.0: -5.67390: -2.44105:  -1220.5:-596.49763:     16000
     32:   500:    500.0: -5.64870: -2.36982:  -1184.9:-578.74582:     16500
     33:   500:    500.0: -5.28310: -2.46461:  -1232.3:-603.34363:     17000
     34:   500:    500.0: -5.24409: -2.44860:  -1224.3:-599.42860:     17500
     35:   500:    500.0: -5.49190: -2.65930:  -1329.7:-651.49994:     18000
     36:   500:    500.0: -5.03106: -2.50325:  -1251.6:-613.61605:     18500
     37:   500:    500.0: -5.15724: -2.55882:  -1279.4:-625.80463:     19000
     38:   500:    500.0: -6.08704: -2.77206:  -1386.0:-678.23098:     19500
     39:   500:    500.0: -6.05490: -2.78159:  -1390.8:-680.73141:     20000
     40:   500:    500.0: -5.74829: -2.46933:  -1234.7:-603.39058:     20500
     41:   500:    500.0: -5.32894: -2.40194:  -1201.0:-587.55607:     21000
     42:   500:    500.0: -5.31203: -2.41789:  -1208.9:-591.59177:     21500
     43:   500:    500.0: -5.13607: -2.39542:  -1197.7:-586.39933:     22000
     44:   500:    500.0: -5.14044: -2.38391:  -1192.0:-583.50639:     22500
     45:   500:    500.0: -5.48948: -2.57532:  -1287.7:-629.33154:     23000
     46:   500:    500.0: -3.99586: -2.41271:  -1206.4:-592.07011:     23500
     47:   500:    500.0: -5.90156: -2.77044:  -1385.2:-676.99846:     24000
     48:   500:    500.0: -5.16363: -2.38269:  -1191.3:-583.19779:     24500
     49:   500:    500.0: -4.95908: -2.39645:  -1198.2:-585.08992:     25000
     50:   500:    500.0: -5.85737: -2.50810:  -1254.0:-612.82401:     25500
     51:   500:    500.0: -6.64091: -2.85587:  -1427.9:-697.80562:     26000
     52:   500:    500.0: -5.22099: -2.30325:  -1151.6:-563.17520:     26500
     53:   500:    500.0: -6.27737: -2.89297:  -1446.5:-707.96251:     27000
     54:   500:    500.0: -5.92568: -2.49206:  -1246.0:-608.71052:     27500
     55:   500:    500.0: -4.97043: -2.49993:  -1250.0:-611.47183:     28000
     56:   500:    500.0: -6.20027: -2.82156:  -1410.8:-690.31030:     28500
     57:   500:    500.0: -6.20860: -2.64647:  -1323.2:-646.53063:     29000
     58:   500:    500.0: -5.96609: -2.88390:  -1441.9:-706.48260:     29500
     59:   500:    500.0: -5.37723: -2.63831:  -1319.2:-646.54844:     30000
     60:   500:    500.0: -5.59578: -2.19188:  -1095.9:-534.39432:     30500
     61:   500:    500.0: -5.58010: -2.72806:  -1364.0:-668.47297:     31000
     62:   500:    500.0: -5.31069: -2.44105:  -1220.5:-595.49013:     31500
     63:   500:    500.0: -5.55222: -2.44859:  -1224.3:-598.66671:     32000
     64:   500:    500.0: -6.43229: -2.73693:  -1368.5:-668.56306:     32500
     65:   500:    500.0: -4.50723: -2.14190:  -1070.9:-523.95555:     33000
     66:   500:    500.0: -5.97541: -2.67626:  -1338.1:-654.53048:     33500
     67:   500:    500.0: -5.76716: -2.48155:  -1240.8:-606.32346:     34000
     68:   500:    500.0: -4.50643: -2.51601:  -1258.0:-616.58385:     34500
     69:   500:    500.0: -5.42902: -2.58170:  -1290.9:-632.25340:     35000
     70:   500:    500.0: -5.43439: -2.62790:  -1313.9:-643.78476:     35500
     71:   500:    500.0: -6.46124: -2.80231:  -1401.2:-684.87580:     36000
     72:   500:    500.0: -6.68385: -2.81082:  -1405.4:-686.44635:     36500
     73:   500:    500.0: -5.60649: -2.50230:  -1251.1:-611.96019:     37000
     74:   500:    500.0: -6.19487: -2.74243:  -1371.2:-669.60125:     37500
     75:   500:    500.0: -6.01626: -2.93522:  -1467.6:-719.16639:     38000
     76:   500:    500.0: -5.04544: -2.52548:  -1262.7:-619.17552:     38500
     77:   500:    500.0: -5.45061: -2.49494:  -1247.5:-610.50575:     39000
     78:   500:    500.0: -5.83797: -2.49989:  -1249.9:-610.86721:     39500
     79:   500:    500.0: -5.41784: -2.62073:  -1310.4:-642.04512:     40000
     80:   500:    500.0: -5.08490: -2.55416:  -1277.1:-626.25402:     40500
     81:   500:    500.0: -4.57354: -2.23576:  -1117.9:-547.90642:     41000
     82:   500:    500.0: -5.53510: -2.50210:  -1251.0:-612.07759:     41500
     83:   500:    500.0: -5.27070: -2.77433:  -1387.2:-679.58607:     42000
     84:   500:    500.0: -5.17399: -2.54375:  -1271.9:-623.43157:     42500
     85:   500:    500.0: -6.78808: -2.97469:  -1487.3:-727.15378:     43000
     86:   500:    500.0: -6.21817: -2.57101:  -1285.5:-627.60969:     43500
     87:   500:    500.0: -5.40614: -2.81370:  -1406.9:-690.33030:     44000
     88:   500:    500.0: -5.89529: -2.58758:  -1293.8:-632.61053:     44500
     89:   500:    500.0: -5.27256: -2.54607:  -1273.0:-623.71650:     45000
     90:   500:    500.0: -5.50548: -2.52061:  -1260.3:-615.83270:     45500
     91:   500:    500.0: -5.60513: -2.59888:  -1299.4:-634.74918:     46000
     92:   500:    500.0: -5.98064: -2.71867:  -1359.3:-665.16014:     46500
     93:   500:    500.0: -5.66676: -2.56349:  -1281.7:-627.14889:     47000
     94:   500:    500.0: -5.95577: -2.81089:  -1405.4:-688.24546:     47500
     95:   500:    500.0: -5.46752: -2.69854:  -1349.3:-660.60620:     48000
     96:   500:    500.0: -4.89196: -2.34740:  -1173.7:-575.00759:     48500
     97:   500:    500.0: -5.09950: -2.42318:  -1211.6:-593.53429:     49000
     98:   500:    500.0: -6.12068: -2.71797:  -1359.0:-664.69162:     49500
     99:   500:    500.0: -5.61138: -2.55884:  -1279.4:-626.09614:     50000
    100:   500:    500.0: -5.32677: -2.30855:  -1154.3:-564.20377:     50500
    101:   500:    500.0: -6.18489: -2.65355:  -1326.8:-648.37990:     51000
    102:   500:    500.0: -5.94026: -2.75611:  -1378.1:-674.60354:     51500
    103:   500:    500.0: -5.30928: -2.68489:  -1342.4:-658.34401:     52000
    104:   500:    500.0: -4.83181: -2.45271:  -1226.4:-600.18010:     52500
    105:   500:    500.0: -5.60812: -2.64791:  -1324.0:-648.36768:     53000
    106:   500:    500.0: -6.04464: -2.81955:  -1409.8:-690.18268:     53500
    107:   500:    500.0: -5.05600: -2.50150:  -1250.8:-613.13102:     54000
    108:   500:    500.0: -5.37856: -2.51918:  -1259.6:-616.77704:     54500
    109:   500:    500.0: -5.66323: -2.50464:  -1252.3:-612.41677:     55000
    110:   500:    500.0: -5.92864: -2.66529:  -1332.6:-652.00518:     55500
    111:   500:    500.0: -6.82960: -2.84542:  -1422.7:-694.73767:     56000
    112:   500:    500.0: -5.67249: -2.54513:  -1272.6:-622.50735:     56500
    113:   500:    500.0: -4.11383: -2.53505:  -1267.5:-621.41838:     57000
    114:   500:    500.0: -6.85685: -3.06759:  -1533.8:-750.25285:     57500
    115:   500:    500.0: -5.53352: -2.61810:  -1309.0:-641.14473:     58000
    116:   500:    500.0: -5.64631: -2.53546:  -1267.7:-620.14109:     58500
    117:   500:    500.0: -5.50153: -2.68951:  -1344.8:-659.05754:     59000
    118:   500:    500.0: -4.40367: -2.24251:  -1121.3:-548.24572:     59500
    119:   500:    500.0: -5.62241: -2.44943:  -1224.7:-598.72661:     60000
    120:   500:    500.0: -5.93118: -2.60396:  -1302.0:-636.57129:     60500
    121:   500:    500.0: -6.07089: -2.92355:  -1461.8:-713.99922:     61000
    122:   500:    500.0: -5.92414: -2.83021:  -1415.1:-692.02777:     61500
    123:   500:    500.0: -5.99497: -2.63977:  -1319.9:-645.37334:     62000
    124:   500:    500.0: -6.16800: -2.81837:  -1409.2:-689.59526:     62500
    125:   500:    500.0: -4.65211: -2.48934:  -1244.7:-611.09804:     63000
    126:   500:    500.0: -6.62917: -3.06903:  -1534.5:-751.11022:     63500
    127:   500:    500.0: -5.75845: -2.52475:  -1262.4:-617.20123:     64000
    128:   500:    500.0: -6.27695: -2.63780:  -1318.9:-644.17209:     64500
    129:   500:    500.0: -5.71476: -2.49510:  -1247.5:-609.88433:     65000
    130:   500:    500.0: -5.82283: -2.68928:  -1344.6:-658.16269:     65500
    131:   500:    500.0: -5.48957: -2.42635:  -1213.2:-593.25395:     66000
    132:   500:    500.0: -4.39960: -2.47526:  -1237.6:-607.09305:     66500
    133:   500:    500.0: -5.57766: -2.65420:  -1327.1:-649.73959:     67000
    134:   500:    500.0: -6.29242: -2.86248:  -1431.2:-700.30070:     67500
    135:   500:    500.0: -3.79020: -2.35931:  -1179.7:-578.79541:     68000
    136:   500:    500.0: -5.15051: -2.71461:  -1357.3:-664.41492:     68500
    137:   500:    500.0: -5.75622: -2.39200:  -1196.0:-584.03946:     69000
    138:   500:    500.0: -5.40812: -2.51083:  -1255.4:-613.65025:     69500
    139:   500:    500.0: -5.65401: -2.58502:  -1292.5:-632.51584:     70000
    140:   500:    500.0: -4.78617: -2.46201:  -1231.0:-602.85884:     70500
    141:   500:    500.0: -5.14014: -2.65885:  -1329.4:-652.38645:     71000
    142:   500:    500.0: -6.06109: -2.59761:  -1298.8:-634.65155:     71500
    143:   500:    500.0: -5.73770: -2.63209:  -1316.0:-644.08817:     72000
    144:   500:    500.0: -5.32537: -2.56359:  -1281.8:-627.89470:     72500
    145:   500:    500.0: -5.62405: -2.60927:  -1304.6:-638.67230:     73000
    146:   500:    500.0: -6.80233: -2.77760:  -1388.8:-677.81765:     73500
    147:   500:    500.0: -6.39121: -2.82742:  -1413.7:-691.29981:     74000
    148:   500:    500.0: -6.83278: -3.11478:  -1557.4:-762.07295:     74500
    149:   500:    500.0: -5.82884: -2.67590:  -1338.0:-654.86993:     75000
    150:   500:    500.0: -5.61928: -2.60704:  -1303.5:-638.13003:     75500
    151:   500:    500.0: -4.64804: -2.67604:  -1338.0:-655.25268:     76000
    152:   500:    500.0: -5.59719: -2.53415:  -1267.1:-619.10991:     76500
    153:   500:    500.0: -6.14573: -2.43085:  -1215.4:-592.77482:     77000
    154:   500:    500.0: -4.52981: -2.24434:  -1122.2:-550.13030:     77500
    155:   500:    500.0: -4.51711: -2.46187:  -1230.9:-602.65696:     78000
    156:   500:    500.0: -5.94080: -2.59036:  -1295.2:-633.13077:     78500
    157:   500:    500.0: -4.86952: -2.23297:  -1116.5:-546.44434:     79000
    158:   500:    500.0: -6.24184: -2.48200:  -1241.0:-605.31186:     79500
    159:   500:    500.0: -5.23484: -2.38524:  -1192.6:-583.61587:     80000
    160:   500:    500.0: -5.70499: -2.52450:  -1262.3:-617.25459:     80500
    161:   500:    500.0: -6.74232: -3.02988:  -1514.9:-741.05592:     81000
    162:   500:    500.0: -5.39304: -2.58663:  -1293.3:-633.63111:     81500
    163:   500:    500.0: -5.86249: -2.66450:  -1332.3:-651.94913:     82000
    164:   500:    500.0: -6.85965: -2.88835:  -1444.2:-705.36632:     82500
    165:   500:    500.0: -5.78698: -2.61444:  -1307.2:-639.59939:     83000
    166:   500:    500.0: -5.61617: -2.59318:  -1296.6:-634.68400:     83500
    167:   500:    500.0: -5.48057: -2.73795:  -1369.0:-671.20036:     84000
    168:   500:    500.0: -5.40582: -2.76978:  -1384.9:-679.19915:     84500
    169:   500:    500.0: -6.22252: -2.78425:  -1392.1:-680.94053:     85000
    170:   500:    500.0: -5.78953: -2.51989:  -1259.9:-615.88817:     85500
    171:   500:    500.0: -5.97062: -2.38706:  -1193.5:-582.24972:     86000
    172:   500:    500.0: -5.77174: -2.62834:  -1314.2:-643.07774:     86500
    173:   500:    500.0: -5.44537: -2.51809:  -1259.0:-616.32690:     87000
    174:   500:    500.0: -4.74791: -2.24575:  -1122.9:-549.93292:     87500
    175:   500:    500.0: -5.91138: -2.61328:  -1306.6:-638.93372:     88000
    176:   500:    500.0: -6.30121: -2.96420:  -1482.1:-725.72523:     88500
    177:   500:    500.0: -6.77810: -2.83171:  -1415.9:-691.42382:     89000
    178:   500:    500.0: -5.80441: -2.77110:  -1385.5:-678.70752:     89500
    179:   500:    500.0: -5.62462: -2.63194:  -1316.0:-644.33783:     90000
    180:   500:    500.0: -5.59822: -2.21250:  -1106.2:-539.51391:     90500
    181:   500:    500.0: -5.43144: -2.66635:  -1333.2:-653.41362:     91000
    182:   500:    500.0: -5.51601: -2.57142:  -1285.7:-629.44629:     91500
    183:   500:    500.0: -6.37743: -2.91799:  -1459.0:-714.09435:     92000
    184:   500:    500.0: -5.50321: -2.52081:  -1260.4:-616.69964:     92500
    185:   500:    500.0: -6.36636: -2.93980:  -1469.9:-719.56629:     93000
    186:   500:    500.0: -5.70487: -2.86034:  -1430.2:-701.28237:     93500
    187:   500:    500.0: -5.60760: -2.55747:  -1278.7:-625.77389:     94000
    188:   500:    500.0: -6.52100: -2.66198:  -1331.0:-649.62589:     94500
    189:   500:    500.0: -6.61059: -2.69977:  -1349.9:-658.84788:     95000
    190:   500:    500.0: -5.52309: -2.92815:  -1464.1:-717.16086:     95500
    191:   500:    500.0: -6.11881: -2.47385:  -1236.9:-603.58233:     96000
    192:   500:    500.0: -5.51046: -2.56115:  -1280.6:-626.92330:     96500
    193:   500:    500.0: -6.65848: -2.87614:  -1438.1:-702.81135:     97000
    194:   500:    500.0: -4.94415: -2.59269:  -1296.3:-634.97159:     97500
    195:   500:    500.0: -5.83004: -2.59217:  -1296.1:-633.99852:     98000
    196:   500:    500.0: -5.97717: -2.43802:  -1219.0:-594.96975:     98500
    197:   500:    500.0: -5.04866: -2.40512:  -1202.6:-587.66296:     99000
    198:   500:    500.0: -6.46128: -2.61651:  -1308.3:-638.40955:     99500
    199:   500:    500.0: -5.47766: -2.54798:  -1274.0:-622.31539:    100000
    200:   500:    500.0: -5.88679: -2.82567:  -1412.8:-692.09677:    100500
    201:   500:    500.0: -5.70473: -2.69284:  -1346.4:-659.36708:    101000
    202:   500:    500.0: -6.97396: -3.02529:  -1512.6:-739.33868:    101500
    203:   500:    500.0: -5.97679: -2.96816:  -1484.1:-726.95300:    102000
    204:   500:    500.0: -5.84931: -2.81018:  -1405.1:-688.41558:    102500
    205:   500:    500.0: -5.79407: -2.86477:  -1432.4:-700.77379:    103000
    206:   500:    500.0: -6.21980: -2.67730:  -1338.6:-654.20334:    103500
    207:   500:    500.0: -5.39081: -2.53400:  -1267.0:-620.44882:    104000
    208:   500:    500.0: -6.07087: -2.66807:  -1334.0:-652.36472:    104500
    209:   500:    500.0: -6.12188: -2.95573:  -1477.9:-724.06028:    105000
    210:   500:    500.0: -5.70934: -2.70443:  -1352.2:-661.30061:    105500
    211:   500:    500.0: -5.75379: -2.92845:  -1464.2:-717.16105:    106000
    212:   500:    500.0: -6.79608: -2.93016:  -1465.1:-715.96902:    106500
    213:   500:    500.0: -5.30524: -2.69930:  -1349.7:-661.97619:    107000
    214:   500:    500.0: -7.20228: -2.89867:  -1449.3:-707.13073:    107500
    215:   500:    500.0: -5.64993: -3.03455:  -1517.3:-742.99131:    108000
    216:   500:    500.0: -5.96999: -2.88306:  -1441.5:-706.26415:    108500
    217:   500:    500.0: -5.26275: -2.45970:  -1229.9:-602.17289:    109000
    218:   500:    500.0: -5.64627: -2.60298:  -1301.5:-637.03921:    109500
    219:   500:    500.0: -5.18762: -2.39497:  -1197.5:-586.22720:    110000
    220:   500:    500.0: -5.79471: -2.54719:  -1273.6:-622.72874:    110500
    221:   500:    500.0: -6.10832: -2.77712:  -1388.6:-679.43927:    111000
    222:   500:    500.0: -5.25647: -2.72443:  -1362.2:-666.52163:    111500
    223:   500:    500.0: -6.35284: -2.78825:  -1394.1:-681.60324:    112000
    224:   500:    500.0: -6.01616: -2.53391:  -1267.0:-618.85881:    112500
    225:   500:    500.0: -6.37440: -2.76466:  -1382.3:-675.66253:    113000
    226:   500:    500.0: -6.04698: -2.86075:  -1430.4:-699.26255:    113500
    227:   500:    500.0: -4.92364: -2.67777:  -1338.9:-655.78330:    114000
    228:   500:    500.0: -5.74676: -2.52695:  -1263.5:-617.78623:    114500
    229:   500:    500.0: -6.25752: -2.81218:  -1406.1:-687.87333:    115000
    230:   500:    500.0: -6.08564: -3.11029:  -1555.1:-762.79021:    115500
    231:   500:    500.0: -7.62251: -3.03957:  -1519.8:-741.30629:    116000
    232:   500:    500.0: -5.45721: -2.64069:  -1320.3:-646.94206:    116500
    233:   500:    500.0: -5.75718: -2.75402:  -1377.0:-674.48840:    117000
    234:   500:    500.0: -6.16735: -2.70789:  -1353.9:-661.95739:    117500
    235:   500:    500.0: -5.93437: -2.85043:  -1425.2:-696.36302:    118000
    236:   500:    500.0: -5.76438: -2.46571:  -1232.9:-602.32776:    118500
    237:   500:    500.0: -5.93005: -2.74969:  -1374.8:-673.06676:    119000
    238:   500:    500.0: -5.33930: -2.28517:  -1142.6:-558.33034:    119500
    239:   500:    500.0: -5.70949: -2.62902:  -1314.5:-643.38077:    120000
    240:   500:    500.0: -6.32669: -2.75213:  -1376.1:-672.62994:    120500
    241:   500:    500.0: -5.75391: -2.39403:  -1197.0:-584.53989:    121000
    242:   500:    500.0: -6.00145: -2.56910:  -1284.6:-627.67629:    121500
    243:   500:    500.0: -5.86477: -2.83793:  -1419.0:-693.69781:    122000
    244:   500:    500.0: -5.20603: -2.70407:  -1352.0:-662.23173:    122500
    245:   500:    500.0: -5.55756: -2.45439:  -1227.2:-600.12257:    123000
    246:   500:    500.0: -5.58160: -2.52390:  -1262.0:-617.46858:    123500
    247:   500:    500.0: -6.23171: -2.84673:  -1423.4:-696.63517:    124000
    248:   500:    500.0: -6.55564: -2.85107:  -1425.5:-696.83186:    124500
    249:   500:    500.0: -7.37431: -3.14817:  -1574.1:-769.04324:    125000
    250:   500:    500.0: -5.61584: -2.74199:  -1371.0:-670.83514:    125500
    251:   500:    500.0: -5.27765: -2.57644:  -1288.2:-629.99861:    126000
    252:   500:    500.0: -5.14643: -2.38175:  -1190.9:-582.42664:    126500
    253:   500:    500.0: -5.85606: -2.57790:  -1288.9:-630.26708:    127000
    254:   500:    500.0: -5.58294: -2.43365:  -1216.8:-594.86795:    127500
    255:   500:    500.0: -5.78189: -2.54081:  -1270.4:-620.97984:    128000
    256:   500:    500.0: -5.80865: -2.53079:  -1265.4:-618.65528:    128500
    257:   500:    500.0: -6.02397: -2.69553:  -1347.8:-659.23331:    129000
    258:   500:    500.0: -6.16955: -2.81056:  -1405.3:-687.62757:    129500
    259:   500:    500.0: -6.15092: -2.90897:  -1454.5:-712.28496:    130000
    260:   500:    500.0: -5.95680: -2.80291:  -1401.5:-686.26708:    130500
    261:   500:    500.0: -5.75260: -2.63763:  -1318.8:-645.50572:    131000
    262:   500:    500.0: -5.47028: -2.68011:  -1340.1:-656.82144:    131500
    263:   500:    500.0: -5.89137: -2.60054:  -1300.3:-635.82198:    132000
    264:   500:    500.0: -5.25759: -2.60609:  -1303.0:-637.72438:    132500
    265:   500:    500.0: -6.44022: -2.90919:  -1454.6:-711.64645:    133000
    266:   500:    500.0: -6.31507: -2.97201:  -1486.0:-727.64590:    133500
    267:   500:    500.0: -6.34000: -2.78865:  -1394.3:-681.73417:    134000
    268:   500:    500.0: -4.79680: -2.60028:  -1300.1:-636.37805:    134500
    269:   500:    500.0: -5.75817: -2.84963:  -1424.8:-698.31035:    135000
    270:   500:    500.0: -5.19259: -2.27241:  -1136.2:-555.52170:    135500
    271:   500:    500.0: -5.52766: -2.74932:  -1374.7:-672.61076:    136000
    272:   500:    500.0: -6.17098: -2.82281:  -1411.4:-690.71315:    136500
    273:   500:    500.0: -5.28501: -2.82654:  -1413.3:-692.82673:    137000
    274:   500:    500.0: -5.03726: -2.68083:  -1340.4:-656.36020:    137500
    275:   500:    500.0: -5.96278: -2.72538:  -1362.7:-666.84874:    138000
    276:   500:    500.0: -4.94890: -2.66935:  -1334.7:-652.23824:    138500
    277:   500:    500.0: -6.40516: -2.68827:  -1344.1:-656.49731:    139000
    278:   500:    500.0: -4.50195: -2.65464:  -1327.3:-649.11054:    139500
    279:   500:    500.0: -6.53878: -3.21875:  -1609.4:-788.76943:    140000
    280:   500:    500.0: -6.02393: -2.74100:  -1370.5:-670.67887:    140500
    281:   500:    500.0: -6.14647: -2.71857:  -1359.3:-664.71507:    141000
    282:   500:    500.0: -5.68380: -2.59169:  -1295.8:-634.12137:    141500
    283:   500:    500.0: -6.76321: -3.11360:  -1556.8:-761.95326:    142000
    284:   500:    500.0: -5.59396: -2.57857:  -1289.3:-631.12905:    142500
    285:   500:    500.0: -6.24911: -2.66999:  -1335.0:-652.29802:    143000
    286:   500:    500.0: -5.82059: -2.67035:  -1335.2:-653.47845:    143500
    287:   500:    500.0: -5.72032: -2.71680:  -1358.4:-663.64529:    144000
    288:   500:    500.0: -5.39552: -2.66573:  -1332.9:-653.34576:    144500
    289:   500:    500.0: -7.23591: -3.22070:  -1610.3:-787.61275:    145000
    290:   500:    500.0: -4.40041: -2.67101:  -1335.5:-654.25300:    145500
    291:   500:    500.0: -5.48931: -2.93945:  -1469.7:-719.65361:    146000
    292:   500:    500.0: -5.81874: -2.78000:  -1390.0:-680.86093:    146500
    293:   500:    500.0: -5.97992: -2.87691:  -1438.5:-704.70908:    147000
    294:   500:    500.0: -6.85859: -2.79246:  -1396.2:-681.40762:    147500
    295:   500:    500.0: -6.75470: -2.93710:  -1468.6:-717.85499:    148000
    296:   500:    500.0: -5.22769: -2.76955:  -1384.8:-678.56265:    148500
    297:   500:    500.0: -5.37295: -2.74940:  -1374.7:-674.33176:    149000
    298:   500:    500.0: -4.65534: -2.43426:  -1217.1:-595.48747:    149500
    299:   500:    500.0: -6.13849: -2.58017:  -1290.1:-630.16278:    150000
    300:   500:    500.0: -5.96827: -2.36216:  -1181.1:-576.05762:    150500
    301:   500:    500.0: -6.00574: -2.72026:  -1360.1:-664.21241:    151000
    302:   500:    500.0: -4.26646: -2.58677:  -1293.4:-634.32811:    151500
    303:   500:    500.0: -6.41916: -2.89627:  -1448.1:-708.45069:    152000
    304:   500:    500.0: -6.82829: -3.10443:  -1552.2:-759.46766:    152500
    305:   500:    500.0: -6.02830: -2.69486:  -1347.4:-659.06628:    153000
    306:   500:    500.0: -6.09475: -2.65235:  -1326.2:-648.29486:    153500
    307:   500:    500.0: -5.56838: -2.75951:  -1379.8:-676.37237:    154000
    308:   500:    500.0: -6.50586: -2.76115:  -1380.6:-674.46186:    154500
    309:   500:    500.0: -6.19394: -2.77827:  -1389.1:-679.50514:    155000
    310:   500:    500.0: -6.40183: -2.89898:  -1449.5:-709.17532:    155500
    311:   500:    500.0: -7.35790: -3.28454:  -1642.3:-803.24634:    156000
    312:   500:    500.0: -7.17336: -3.29212:  -1646.1:-805.55222:    156500
    313:   500:    500.0: -5.41410: -2.49628:  -1248.1:-610.94568:    157000
    314:   500:    500.0: -6.03683: -2.65361:  -1326.8:-648.74865:    157500
    315:   500:    500.0: -6.20040: -2.71389:  -1356.9:-663.10973:    158000
    316:   500:    500.0: -5.04964: -2.75472:  -1377.4:-674.23619:    158500
    317:   500:    500.0: -7.27491: -3.18818:  -1594.1:-777.45122:    159000
    318:   500:    500.0: -6.37374: -2.87782:  -1438.9:-703.96333:    159500
    319:   500:    500.0: -6.02615: -2.60993:  -1305.0:-637.90835:    160000
    320:   500:    500.0: -7.02808: -3.10591:  -1553.0:-759.35402:    160500
    321:   500:    500.0: -5.45270: -2.73441:  -1367.2:-670.38893:    161000
    322:   500:    500.0: -6.26491: -2.68292:  -1341.5:-655.50325:    161500
    323:   500:    500.0: -7.51985: -3.05915:  -1529.6:-746.44141:    162000
    324:   500:    500.0: -5.62850: -2.44718:  -1223.6:-598.12690:    162500
    325:   500:    500.0: -5.73095: -2.62340:  -1311.7:-641.95319:    163000
    326:   500:    500.0: -5.74740: -2.42741:  -1213.7:-592.89564:    163500
    327:   500:    500.0: -5.76927: -2.74695:  -1373.5:-672.73047:    164000
    328:   500:    500.0: -6.22027: -2.72761:  -1363.8:-666.83307:    164500
    329:   500:    500.0: -5.83244: -2.73402:  -1367.0:-669.32627:    165000
    330:   500:    500.0: -6.23682: -2.70493:  -1352.5:-661.05827:    165500
    331:   500:    500.0: -4.93141: -2.52856:  -1264.3:-620.19717:    166000
    332:   500:    500.0: -5.91754: -2.58465:  -1292.3:-631.79379:    166500
    333:   500:    500.0: -5.63201: -2.77809:  -1389.0:-680.87428:    167000
    334:   500:    500.0: -6.16997: -2.75500:  -1377.5:-673.50880:    167500
    335:   500:    500.0: -5.59834: -2.68910:  -1344.5:-658.70031:    168000
    336:   500:    500.0: -6.71836: -3.20435:  -1602.2:-784.73459:    168500
    337:   500:    500.0: -6.39059: -2.69211:  -1346.1:-657.49774:    169000
    338:   500:    500.0: -5.11386: -2.70276:  -1351.4:-661.38726:    169500
    339:   500:    500.0: -5.80919: -2.56904:  -1284.5:-628.22969:    170000
    340:   500:    500.0: -5.30940: -2.69953:  -1349.8:-662.01610:    170500
    341:   500:    500.0: -5.29051: -2.66663:  -1333.3:-653.84423:    171000
    342:   500:    500.0: -5.96226: -2.77461:  -1387.3:-679.22825:    171500
    343:   500:    500.0: -5.62046: -2.61533:  -1307.7:-640.18916:    172000
    344:   500:    500.0: -5.09617: -2.42177:  -1210.9:-593.09922:    172500
    345:   500:    500.0: -5.53859: -2.52167:  -1260.8:-616.96804:    173000
    346:   500:    500.0: -5.75167: -2.83487:  -1417.4:-693.65735:    173500
    347:   500:    500.0: -5.92088: -2.74673:  -1373.4:-672.31244:    174000
    348:   500:    500.0: -6.29665: -2.87723:  -1438.6:-704.02736:    174500
    349:   500:    500.0: -6.68021: -3.17297:  -1586.5:-776.98280:    175000
    350:   500:    500.0: -5.96153: -2.48541:  -1242.7:-606.85868:    175500
    351:   500:    500.0: -4.47765: -3.01151:  -1505.8:-738.66460:    176000
    352:   500:    500.0: -6.40822: -2.73272:  -1366.4:-667.58442:    176500
    353:   500:    500.0: -6.82333: -2.88711:  -1443.6:-705.19588:    177000
    354:   500:    500.0: -5.44306: -2.58263:  -1291.3:-632.47419:    177500
    355:   500:    500.0: -6.54414: -2.83459:  -1417.3:-692.72834:    178000
    356:   500:    500.0: -5.61619: -2.49523:  -1247.6:-610.23467:    178500
    357:   500:    500.0: -5.84786: -2.89276:  -1446.4:-708.99658:    179000
    358:   500:    500.0: -6.92982: -2.85083:  -1425.4:-695.82857:    179500
    359:   500:    500.0: -7.22250: -3.08930:  -1544.6:-754.73036:    180000
    360:   500:    500.0: -6.07062: -2.99421:  -1497.1:-733.80938:    180500
    361:   500:    500.0: -5.55368: -2.79504:  -1397.5:-683.77754:    181000
    362:   500:    500.0: -5.48377: -2.58545:  -1292.7:-632.47237:    181500
    363:   500:    500.0: -6.33248: -2.57398:  -1287.0:-628.13883:    182000
    364:   500:    500.0: -6.65030: -2.80086:  -1400.4:-684.03460:    182500
    365:   500:    500.0: -5.53299: -2.48330:  -1241.6:-607.39819:    183000
    366:   500:    500.0: -5.78647: -2.56334:  -1281.7:-626.80862:    183500
    367:   500:    500.0: -5.18813: -2.80435:  -1402.2:-686.40298:    184000
    368:   500:    500.0: -5.93342: -2.89491:  -1447.5:-708.29425:    184500
    369:   500:    500.0: -6.22587: -2.60177:  -1300.9:-635.29965:    185000
    370:   500:    500.0: -6.53543: -2.95071:  -1475.4:-721.78126:    185500
    371:   500:    500.0: -6.64781: -2.85970:  -1429.9:-698.76562:    186000
    372:   500:    500.0: -6.19590: -2.63039:  -1315.2:-642.63796:    186500
    373:   500:    500.0: -6.78172: -2.90835:  -1454.2:-710.50938:    187000
    374:   500:    500.0: -6.25218: -2.71870:  -1359.3:-664.46817:    187500
    375:   500:    500.0: -5.26799: -2.32646:  -1163.2:-568.85235:    188000
    376:   500:    500.0: -6.01176: -2.88983:  -1444.9:-707.85045:    188500
    377:   500:    500.0: -6.25999: -2.69569:  -1347.8:-658.71200:    189000
    378:   500:    500.0: -6.50214: -3.09472:  -1547.4:-756.09492:    189500
    379:   500:    500.0: -5.68772: -2.57180:  -1285.9:-629.13395:    190000
    380:   500:    500.0: -6.50987: -2.71683:  -1358.4:-663.38479:    190500
