episodes:steps:mean_steps(10):rwd:mean_rwd:rwd_sum:rwd_sum-?*step:iter
      0:  2000:    200.0:  0.25685: -0.00476:     -9.5:  -29.52253:      2000
      1:  2000:    400.0: -0.23459:  0.00128:      2.6:  -17.44845:      4000
      2:  2000:    600.0:  0.57558:  0.00245:      4.9:  -15.09058:      6000
      3:  2000:    800.0: -0.11138:  0.00431:      8.6:  -11.37638:      8000
      4:  2000:   1000.0:  0.13790:  0.00197:      3.9:  -16.06289:     10000
      5:  2000:   1200.0:  0.02331:  0.00166:      3.3:  -16.67439:     12000
      6:  2000:   1400.0:  0.65015: -0.00050:     -1.0:  -20.99906:     14000
      7:  2000:   1600.0: -0.93769: -0.00196:     -3.9:  -23.92149:     16000
      8:  2000:   1800.0:  0.17200:  0.00304:      6.1:  -13.91997:     18000
      9:  2000:   2000.0:  0.00746: -0.00049:     -1.0:  -20.97856:     20000
     10:  2000:   2000.0: -0.02448:  0.00339:      6.8:  -13.21953:     22000
     11:  2000:   2000.0:  0.88042:  0.00014:      0.3:  -19.72065:     24000
     12:  2000:   2000.0:  0.05448: -0.00189:     -3.8:  -23.77799:     26000
     13:  2000:   2000.0: -0.07427:  0.00104:      2.1:  -17.92057:     28000
     14:  2000:   2000.0: -0.12425:  0.00146:      2.9:  -17.07642:     30000
     15:  2000:   2000.0: -0.49183:  0.00075:      1.5:  -18.50844:     32000
     16:  2000:   2000.0: -0.46406:  0.00268:      5.4:  -14.63375:     34000
     17:  2000:   2000.0: -0.56379:  0.00031:      0.6:  -19.38166:     36000
     18:  2000:   2000.0:  0.37148:  0.00518:     10.4:   -9.64685:     38000
     19:  2000:   2000.0: -0.29376:  0.00218:      4.4:  -15.64845:     40000
     20:  2000:   2000.0:  1.17873:  0.00165:      3.3:  -16.69822:     42000
     21:  2000:   2000.0: -0.38745: -0.00206:     -4.1:  -24.12768:     44000
     22:  2000:   2000.0: -0.69516:  0.00136:      2.7:  -17.28901:     46000
     23:  2000:   2000.0:  0.31772:  0.00506:     10.1:   -9.88742:     48000
     24:  2000:   2000.0:  0.38724: -0.00330:     -6.6:  -26.59374:     50000
     25:  2000:   2000.0: -0.05195: -0.00004:     -0.1:  -20.07505:     52000
     26:  2000:   2000.0: -0.15678:  0.00165:      3.3:  -16.70827:     54000
     27:  2000:   2000.0:  0.38556:  0.00070:      1.4:  -18.59059:     56000
     28:  2000:   2000.0:  0.63453: -0.00091:     -1.8:  -21.81504:     58000
     29:  2000:   2000.0: -0.30261: -0.00258:     -5.2:  -25.15086:     60000
     30:  2000:   2000.0:  0.20936:  0.00118:      2.4:  -17.64771:     62000
     31:  2000:   2000.0: -0.83425:  0.00157:      3.1:  -16.85286:     64000
     32:  2000:   2000.0: -0.20061:  0.00132:      2.6:  -17.35820:     66000
     33:  2000:   2000.0:  0.97090: -0.00100:     -2.0:  -21.99579:     68000
     34:  2000:   2000.0:  0.08152:  0.00205:      4.1:  -15.90404:     70000
     35:  2000:   2000.0:  0.78379: -0.00056:     -1.1:  -21.11105:     72000
     36:  2000:   2000.0: -0.47780:  0.00098:      2.0:  -18.03809:     74000
     37:  2000:   2000.0:  0.38330:  0.00326:      6.5:  -13.48593:     76000
     38:  2000:   2000.0:  0.53838:  0.00402:      8.0:  -11.95649:     78000
     39:  2000:   2000.0: -0.75694:  0.00214:      4.3:  -15.72810:     80000
     40:  2000:   2000.0:  0.63455: -0.00385:     -7.7:  -27.69265:     82000
     41:  2000:   2000.0:  0.52767: -0.00361:     -7.2:  -27.21813:     84000
     42:  2000:   2000.0: -0.59005:  0.00285:      5.7:  -14.29353:     86000
     43:  2000:   2000.0: -0.60184: -0.00026:     -0.5:  -20.51809:     88000
     44:  2000:   2000.0:  0.47271: -0.00095:     -1.9:  -21.89358:     90000
     45:  2000:   2000.0:  0.75497:  0.00380:      7.6:  -12.39771:     92000
     46:  2000:   2000.0: -0.37698:  0.00182:      3.6:  -16.36551:     94000
     47:  2000:   2000.0:  0.12214:  0.00141:      2.8:  -17.18674:     96000
     48:  2000:   2000.0: -0.86233: -0.00190:     -3.8:  -23.79326:     98000
     49:  2000:   2000.0:  0.78499:  0.00259:      5.2:  -14.81100:    100000
     50:  2000:   2000.0:  0.59626:  0.00155:      3.1:  -16.89476:    102000
     51:  2000:   2000.0: -0.68507:  0.00135:      2.7:  -17.29335:    104000
     52:  2000:   2000.0: -0.80689:  0.00262:      5.2:  -14.76037:    106000
     53:  2000:   2000.0: -0.62955: -0.00095:     -1.9:  -21.90285:    108000
     54:  2000:   2000.0:  0.36948:  0.00089:      1.8:  -18.21312:    110000
     55:  2000:   2000.0:  0.53988:  0.00391:      7.8:  -12.17270:    112000
     56:  2000:   2000.0: -0.26877:  0.00219:      4.4:  -15.62032:    114000
     57:  2000:   2000.0:  0.15194:  0.00193:      3.9:  -16.13593:    116000
     58:  2000:   2000.0: -0.13336:  0.00196:      3.9:  -16.08750:    118000
     59:  2000:   2000.0: -0.55179: -0.00030:     -0.6:  -20.60517:    120000
     60:  2000:   2000.0: -0.65787: -0.00420:     -8.4:  -28.40744:    122000
     61:  2000:   2000.0: -0.66097: -0.00185:     -3.7:  -23.69632:    124000
     62:  2000:   2000.0:  0.45363:  0.00311:      6.2:  -13.77976:    126000
     63:  2000:   2000.0: -0.19474:  0.00110:      2.2:  -17.79851:    128000
     64:  2000:   2000.0:  0.14552:  0.00207:      4.1:  -15.86779:    130000
     65:  2000:   2000.0: -0.27196: -0.00751:    -15.0:  -35.01170:    132000
     66:  2000:   2000.0:  0.05352: -0.00198:     -4.0:  -23.95894:    134000
     67:  2000:   2000.0:  0.80765:  0.00183:      3.7:  -16.34282:    136000
     68:  2000:   2000.0: -0.03966:  0.00387:      7.7:  -12.25243:    138000
     69:  2000:   2000.0: -0.53510:  0.00168:      3.4:  -16.64977:    140000
     70:  2000:   2000.0:  0.26570: -0.00177:     -3.5:  -23.54229:    142000
     71:  2000:   2000.0: -0.36111:  0.00232:      4.6:  -15.35316:    144000
     72:  2000:   2000.0: -0.05262: -0.00157:     -3.1:  -23.13474:    146000
     73:  2000:   2000.0: -0.59098:  0.00099:      2.0:  -18.02103:    148000
     74:  2000:   2000.0: -0.55140: -0.00234:     -4.7:  -24.68449:    150000
     75:  2000:   2000.0:  0.19241:  0.00059:      1.2:  -18.82987:    152000
     76:  2000:   2000.0: -0.28175:  0.00208:      4.2:  -15.84727:    154000
     77:  2000:   2000.0:  0.10826: -0.00309:     -6.2:  -26.18979:    156000
     78:  2000:   2000.0: -0.31328:  0.00169:      3.4:  -16.61959:    158000
     79:  2000:   2000.0:  0.91279: -0.00066:     -1.3:  -21.32891:    160000
     80:  2000:   2000.0:  0.83369:  0.00285:      5.7:  -14.30756:    162000
     81:  2000:   2000.0: -0.33622:  0.00425:      8.5:  -11.50190:    164000
     82:  2000:   2000.0: -0.74111:  0.00211:      4.2:  -15.78572:    166000
     83:  2000:   2000.0: -0.23794: -0.00316:     -6.3:  -26.32512:    168000
     84:  2000:   2000.0: -0.03888:  0.00092:      1.8:  -18.15381:    170000
     85:  2000:   2000.0: -0.44264: -0.00757:    -15.1:  -35.14766:    172000
     86:  2000:   2000.0:  0.70477: -0.00014:     -0.3:  -20.27170:    174000
     87:  2000:   2000.0:  1.61500:  0.00090:      1.8:  -18.20254:    176000
     88:  2000:   2000.0: -0.62372: -0.00195:     -3.9:  -23.90221:    178000
     89:  2000:   2000.0: -0.27206: -0.00081:     -1.6:  -21.61602:    180000
     90:  2000:   2000.0: -0.94555: -0.00694:    -13.9:  -33.88820:    182000
     91:  2000:   2000.0: -1.12718: -0.01109:    -22.2:  -42.17584:    184000
     92:  2000:   2000.0: -0.25357: -0.00201:     -4.0:  -24.02039:    186000
     93:  2000:   2000.0: -0.25396:  0.00310:      6.2:  -13.79847:    188000
     94:  2000:   2000.0: -0.26690:  0.00198:      4.0:  -16.04740:    190000
     95:  2000:   2000.0: -0.58211:  0.00061:      1.2:  -18.78366:    192000
     96:  2000:   2000.0:  0.63182:  0.00035:      0.7:  -19.30070:    194000
     97:  2000:   2000.0:  1.23553:  0.00089:      1.8:  -18.21785:    196000
     98:  2000:   2000.0:  0.15684:  0.00257:      5.1:  -14.85846:    198000
     99:  2000:   2000.0: -0.85348: -0.00645:    -12.9:  -32.89933:    200000
    100:  2000:   2000.0:  0.71740: -0.00138:     -2.8:  -22.75781:    202000
    101:  2000:   2000.0:  1.14091: -0.00078:     -1.6:  -21.56538:    204000
    102:  2000:   2000.0:  0.36615: -0.00194:     -3.9:  -23.87193:    206000
    103:  2000:   2000.0:  1.38276:  0.00303:      6.1:  -13.94377:    208000
    104:  2000:   2000.0:  0.19290:  0.00480:      9.6:  -10.40090:    210000
    105:  2000:   2000.0:  0.73844:  0.00375:      7.5:  -12.50836:    212000
    106:  2000:   2000.0: -0.57990: -0.00131:     -2.6:  -22.61548:    214000
    107:  2000:   2000.0: -0.26220: -0.00164:     -3.3:  -23.27449:    216000
    108:  2000:   2000.0: -1.32125: -0.01909:    -38.2:  -58.17564:    218000
    109:  2000:   2000.0:  0.40299: -0.00109:     -2.2:  -22.18615:    220000
    110:  2000:   2000.0:  0.08976: -0.00257:     -5.1:  -25.13896:    222000
    111:  2000:   2000.0:  0.69385:  0.00100:      2.0:  -17.99642:    224000
    112:  2000:   2000.0: -0.22677:  0.00249:      5.0:  -15.01282:    226000
    113:  2000:   2000.0: -0.44406: -0.00011:     -0.2:  -20.22015:    228000
    114:  2000:   2000.0: -0.32107: -0.00180:     -3.6:  -23.60522:    230000
    115:  2000:   2000.0:  0.49605: -0.00145:     -2.9:  -22.90529:    232000
    116:  2000:   2000.0:  0.21336: -0.01082:    -21.6:  -41.63519:    234000
    117:  2000:   2000.0:  0.55487: -0.00224:     -4.5:  -24.47207:    236000
    118:  2000:   2000.0: -0.78392:  0.00111:      2.2:  -17.77600:    238000
    119:  2000:   2000.0: -0.54628:  0.00102:      2.0:  -17.96696:    240000
    120:  2000:   2000.0: -0.51943: -0.00058:     -1.2:  -21.16979:    242000
    121:  2000:   2000.0: -0.60960: -0.00031:     -0.6:  -20.61100:    244000
    122:  2000:   2000.0: -0.82169:  0.00186:      3.7:  -16.27457:    246000
    123:  2000:   2000.0: -0.21723:  0.00168:      3.4:  -16.63026:    248000
    124:  2000:   2000.0: -0.13258: -0.00559:    -11.2:  -31.18196:    250000
    125:  2000:   2000.0:  1.03717:  0.00005:      0.1:  -19.89327:    252000
    126:  2000:   2000.0:  0.10816:  0.00199:      4.0:  -16.02082:    254000
    127:  2000:   2000.0: -0.17118: -0.01026:    -20.5:  -40.52831:    256000
    128:  2000:   2000.0:  0.36667: -0.00363:     -7.3:  -27.25893:    258000
    129:  2000:   2000.0: -0.60748:  0.00221:      4.4:  -15.57597:    260000
    130:  2000:   2000.0:  0.59546:  0.00139:      2.8:  -17.22072:    262000
    131:  2000:   2000.0:  0.08827:  0.00143:      2.9:  -17.14963:    264000
    132:  2000:   2000.0: -0.19943: -0.00258:     -5.2:  -25.16639:    266000
    133:  2000:   2000.0:  1.36773:  0.00208:      4.2:  -15.83925:    268000
    134:  2000:   2000.0: -0.23407: -0.00070:     -1.4:  -21.40940:    270000
    135:  2000:   2000.0:  0.81267:  0.00042:      0.8:  -19.15312:    272000
    136:  2000:   2000.0: -0.72230: -0.00451:     -9.0:  -29.02664:    274000
    137:  2000:   2000.0:  0.02349:  0.00252:      5.0:  -14.96844:    276000
    138:  2000:   2000.0: -0.29249: -0.00432:     -8.6:  -28.63515:    278000
    139:  2000:   2000.0: -0.09019: -0.00356:     -7.1:  -27.11909:    280000
    140:  2000:   2000.0: -0.46022: -0.00329:     -6.6:  -26.57069:    282000
    141:  2000:   2000.0:  0.18231: -0.00071:     -1.4:  -21.41043:    284000
    142:  2000:   2000.0: -0.12642: -0.00259:     -5.2:  -25.18313:    286000
    143:  2000:   2000.0: -0.85940: -0.00225:     -4.5:  -24.49695:    288000
    144:  2000:   2000.0:  2.10843: -0.00263:     -5.3:  -25.25868:    290000
    145:  2000:   2000.0: -0.23541:  0.00003:      0.1:  -19.94812:    292000
    146:  2000:   2000.0: -0.12016: -0.00057:     -1.1:  -21.14956:    294000
    147:  2000:   2000.0: -0.35425:  0.00002:      0.0:  -19.96434:    296000
    148:  2000:   2000.0:  0.08123: -0.00243:     -4.9:  -24.86960:    298000
    149:  2000:   2000.0:  0.04903: -0.00058:     -1.2:  -21.15215:    300000
    150:  2000:   2000.0:  0.11945: -0.01085:    -21.7:  -41.69557:    302000
    151:  2000:   2000.0:  0.08701: -0.00273:     -5.5:  -25.45662:    304000
    152:  2000:   2000.0:  0.35509:  0.00014:      0.3:  -19.71010:    306000
    153:  2000:   2000.0: -0.35897: -0.00460:     -9.2:  -29.19048:    308000
    154:  2000:   2000.0:  0.41519:  0.00157:      3.1:  -16.85687:    310000
    155:  2000:   2000.0:  0.14531:  0.00077:      1.5:  -18.45146:    312000
    156:  2000:   2000.0: -0.52759: -0.00256:     -5.1:  -25.11609:    314000
    157:  2000:   2000.0:  0.40678:  0.00238:      4.8:  -15.24424:    316000
    158:  2000:   2000.0: -0.65858:  0.00311:      6.2:  -13.78167:    318000
    159:  2000:   2000.0: -0.89498: -0.00215:     -4.3:  -24.29308:    320000
    160:  2000:   2000.0: -0.85896: -0.00198:     -4.0:  -23.96086:    322000
    161:  2000:   2000.0:  0.33472:  0.00141:      2.8:  -17.17583:    324000
    162:  2000:   2000.0: -0.29440: -0.00919:    -18.4:  -38.37344:    326000
    163:  2000:   2000.0: -0.00124: -0.00065:     -1.3:  -21.29608:    328000
    164:  2000:   2000.0:  0.43239:  0.00265:      5.3:  -14.69586:    330000
    165:  2000:   2000.0: -0.74021:  0.00143:      2.9:  -17.13050:    332000
    166:  2000:   2000.0: -0.80798: -0.00078:     -1.6:  -21.56718:    334000
    167:  2000:   2000.0:  0.50613:  0.00007:      0.1:  -19.85238:    336000
    168:  2000:   2000.0: -0.69481: -0.00948:    -19.0:  -38.96065:    338000
    169:  2000:   2000.0:  0.63098:  0.00158:      3.2:  -16.83596:    340000
    170:  2000:   2000.0:  0.58228: -0.00011:     -0.2:  -20.21240:    342000
    171:  2000:   2000.0: -0.81658: -0.00353:     -7.1:  -27.05319:    344000
    172:  2000:   2000.0: -0.33924:  0.00289:      5.8:  -14.22871:    346000
    173:  2000:   2000.0:  0.68337:  0.00071:      1.4:  -18.57638:    348000
    174:  2000:   2000.0: -0.57355:  0.00017:      0.3:  -19.65374:    350000
    175:  2000:   2000.0:  0.32860:  0.00085:      1.7:  -18.29330:    352000
    176:  2000:   2000.0:  0.32600: -0.00811:    -16.2:  -36.21699:    354000
    177:  2000:   2000.0:  0.38709: -0.00662:    -13.2:  -33.23797:    356000
    178:  2000:   2000.0:  1.54248: -0.00387:     -7.7:  -27.73105:    358000
    179:  2000:   2000.0: -0.66494: -0.00422:     -8.4:  -28.44717:    360000
    180:  2000:   2000.0:  1.46216: -0.00467:     -9.3:  -29.34457:    362000
    181:  2000:   2000.0: -0.79088: -0.00255:     -5.1:  -25.10981:    364000
    182:  2000:   2000.0:  0.02088: -0.00328:     -6.6:  -26.55998:    366000
    183:  2000:   2000.0: -0.21567: -0.00279:     -5.6:  -25.57742:    368000
    184:  2000:   2000.0:  0.19434: -0.00652:    -13.0:  -33.04522:    370000
    185:  2000:   2000.0:  2.09478: -0.01519:    -30.4:  -50.37262:    372000
    186:  2000:   2000.0:  0.26664: -0.00766:    -15.3:  -35.31225:    374000
    187:  2000:   2000.0: -0.52225: -0.00420:     -8.4:  -28.39902:    376000
    188:  2000:   2000.0:  0.02746: -0.00109:     -2.2:  -22.18219:    378000
    189:  2000:   2000.0:  0.58997:  0.00184:      3.7:  -16.32273:    380000
    190:  2000:   2000.0: -0.64163: -0.00371:     -7.4:  -27.41480:    382000
    191:  2000:   2000.0: -1.29443: -0.00413:     -8.3:  -28.26117:    384000
    192:  2000:   2000.0: -1.04927: -0.02283:    -45.7:  -65.65024:    386000
    193:  2000:   2000.0:  0.41818: -0.00044:     -0.9:  -20.87441:    388000
    194:  2000:   2000.0:  0.26472: -0.00078:     -1.6:  -21.56318:    390000
    195:  2000:   2000.0:  0.31474: -0.00303:     -6.1:  -26.05477:    392000
    196:  2000:   2000.0: -0.26937: -0.00436:     -8.7:  -28.72934:    394000
    197:  2000:   2000.0:  0.46716: -0.00320:     -6.4:  -26.40996:    396000
    198:  2000:   2000.0: -0.37229: -0.00143:     -2.9:  -22.86734:    398000
    199:  2000:   2000.0:  0.14992: -0.00099:     -2.0:  -21.97391:    400000
    200:  2000:   2000.0: -0.38735:  0.00039:      0.8:  -19.22543:    402000
    201:  2000:   2000.0:  0.65867: -0.00046:     -0.9:  -20.91215:    404000
    202:  2000:   2000.0: -0.00050:  0.00160:      3.2:  -16.79545:    406000
    203:  2000:   2000.0: -0.02995:  0.00017:      0.3:  -19.66926:    408000
    204:  2000:   2000.0:  0.21027:  0.00074:      1.5:  -18.52300:    410000
    205:  2000:   2000.0:  0.11163:  0.00111:      2.2:  -17.77642:    412000
    206:  2000:   2000.0:  0.47619:  0.00128:      2.6:  -17.44139:    414000
    207:  2000:   2000.0:  0.06788: -0.00721:    -14.4:  -34.41138:    416000
    208:  2000:   2000.0: -0.09361: -0.00196:     -3.9:  -23.91632:    418000
    209:  2000:   2000.0: -0.68405: -0.00123:     -2.5:  -22.46516:    420000
    210:  2000:   2000.0:  0.23537: -0.00549:    -11.0:  -30.97089:    422000
    211:  2000:   2000.0: -0.73731: -0.00299:     -6.0:  -25.97526:    424000
    212:  2000:   2000.0: -0.35267: -0.00210:     -4.2:  -24.19283:    426000
    213:  2000:   2000.0: -0.48568: -0.00793:    -15.9:  -35.85341:    428000
    214:  2000:   2000.0:  0.96858: -0.00226:     -4.5:  -24.52076:    430000
    215:  2000:   2000.0: -0.25430: -0.00127:     -2.5:  -22.53647:    432000
    216:  2000:   2000.0:  0.84809: -0.00313:     -6.3:  -26.25373:    434000
    217:  2000:   2000.0:  0.02561:  0.00182:      3.6:  -16.35758:    436000
    218:  2000:   2000.0:  0.83260: -0.00230:     -4.6:  -24.60316:    438000
    219:  2000:   2000.0: -0.49625:  0.00044:      0.9:  -19.11402:    440000
    220:  2000:   2000.0: -0.74412: -0.00245:     -4.9:  -24.89673:    442000
    221:  2000:   2000.0: -0.83118: -0.00263:     -5.3:  -25.25900:    444000
    222:  2000:   2000.0:  0.00124: -0.00335:     -6.7:  -26.69489:    446000
    223:  2000:   2000.0:  0.28202: -0.00670:    -13.4:  -33.40517:    448000
    224:  2000:   2000.0:  0.33354: -0.00292:     -5.8:  -25.83635:    450000
    225:  2000:   2000.0: -0.08844:  0.00008:      0.2:  -19.83993:    452000
    226:  2000:   2000.0:  1.08035: -0.00031:     -0.6:  -20.62498:    454000
    227:  2000:   2000.0: -0.30123: -0.00242:     -4.8:  -24.83880:    456000
    228:  2000:   2000.0: -1.16893: -0.00944:    -18.9:  -38.88770:    458000
    229:  2000:   2000.0: -0.63728: -0.00113:     -2.3:  -22.25623:    460000
    230:  2000:   2000.0: -0.73560: -0.00150:     -3.0:  -23.00877:    462000
    231:  2000:   2000.0: -0.62524:  0.00106:      2.1:  -17.87372:    464000
    232:  2000:   2000.0:  0.57169:  0.00011:      0.2:  -19.77790:    466000
    233:  2000:   2000.0: -0.51098: -0.00124:     -2.5:  -22.47841:    468000
    234:  2000:   2000.0: -0.96324: -0.00964:    -19.3:  -39.28717:    470000
    235:  2000:   2000.0: -1.07085: -0.00228:     -4.6:  -24.55291:    472000
    236:  2000:   2000.0:  1.29229: -0.00294:     -5.9:  -25.87553:    474000
    237:  2000:   2000.0: -0.65147: -0.00784:    -15.7:  -35.67632:    476000
    238:  2000:   2000.0: -0.91713: -0.00309:     -6.2:  -26.18954:    478000
    239:  2000:   2000.0:  0.27276: -0.00789:    -15.8:  -35.77726:    480000
    240:  2000:   2000.0: -1.14910: -0.00399:     -8.0:  -27.98536:    482000
    241:  2000:   2000.0:  0.79021: -0.01201:    -24.0:  -44.01110:    484000
    242:  2000:   2000.0: -0.09841: -0.00571:    -11.4:  -31.42970:    486000
    243:  2000:   2000.0: -0.21033: -0.00673:    -13.5:  -33.45348:    488000
    244:  2000:   2000.0:  0.39345: -0.01771:    -35.4:  -55.42289:    490000
    245:  2000:   2000.0: -0.62093: -0.00777:    -15.5:  -35.54825:    492000
    246:  2000:   2000.0:  2.39220: -0.02644:    -52.9:  -72.87532:    494000
    247:  2000:   2000.0:  0.95571: -0.00576:    -11.5:  -31.51598:    496000
    248:  2000:   2000.0:  0.34588: -0.00383:     -7.7:  -27.66801:    498000
    249:  2000:   2000.0:  0.23290: -0.00196:     -3.9:  -23.92369:    500000
    250:  2000:   2000.0: -0.18971: -0.00192:     -3.8:  -23.83807:    502000
    251:  2000:   2000.0:  0.20737: -0.00476:     -9.5:  -29.51072:    504000
    252:  2000:   2000.0: -0.19662: -0.00244:     -4.9:  -24.88099:    506000
    253:  2000:   2000.0: -0.35230: -0.00054:     -1.1:  -21.08807:    508000
    254:  2000:   2000.0:  0.13656: -0.00140:     -2.8:  -22.79343:    510000
    255:  2000:   2000.0: -0.17812: -0.00198:     -4.0:  -23.95874:    512000
    256:  2000:   2000.0: -0.85904: -0.00015:     -0.3:  -20.30102:    514000
    257:  2000:   2000.0:  0.37240: -0.00114:     -2.3:  -22.28386:    516000
    258:  2000:   2000.0: -0.52480: -0.00590:    -11.8:  -31.80280:    518000
    259:  2000:   2000.0: -1.19529: -0.00683:    -13.7:  -33.66280:    520000
    260:  2000:   2000.0:  0.07558: -0.00142:     -2.8:  -22.84066:    522000
    261:  2000:   2000.0:  1.02815: -0.00317:     -6.3:  -26.34636:    524000
    262:  2000:   2000.0: -1.03754: -0.01522:    -30.4:  -50.44932:    526000
    263:  2000:   2000.0: -1.03315: -0.00694:    -13.9:  -33.88086:    528000
    264:  2000:   2000.0:  0.03567: -0.00308:     -6.2:  -26.15323:    530000
    265:  2000:   2000.0:  0.67520: -0.00759:    -15.2:  -35.18670:    532000
    266:  2000:   2000.0: -0.20167: -0.01061:    -21.2:  -41.22894:    534000
    267:  2000:   2000.0: -0.48029: -0.00570:    -11.4:  -31.40772:    536000
    268:  2000:   2000.0:  0.02157: -0.00432:     -8.6:  -28.64262:    538000
    269:  2000:   2000.0: -1.15219: -0.00415:     -8.3:  -28.29233:    540000
    270:  2000:   2000.0: -0.17055: -0.00818:    -16.4:  -36.35438:    542000
    271:  2000:   2000.0: -0.12780: -0.00373:     -7.5:  -27.46794:    544000
    272:  2000:   2000.0: -0.37882: -0.00327:     -6.5:  -26.53667:    546000
    273:  2000:   2000.0:  0.96656: -0.00385:     -7.7:  -27.69595:    548000
    274:  2000:   2000.0:  0.13038: -0.00267:     -5.3:  -25.33446:    550000
    275:  2000:   2000.0:  0.24781: -0.00695:    -13.9:  -33.89376:    552000
    276:  2000:   2000.0: -0.12255: -0.00166:     -3.3:  -23.31144:    554000
    277:  2000:   2000.0: -0.20975: -0.00161:     -3.2:  -23.22034:    556000
    278:  2000:   2000.0: -0.86824: -0.00224:     -4.5:  -24.48942:    558000
    279:  2000:   2000.0:  0.60287: -0.00003:     -0.1:  -20.06672:    560000
    280:  2000:   2000.0:  0.19848:  0.00008:      0.2:  -19.84342:    562000
    281:  2000:   2000.0: -0.90175: -0.00375:     -7.5:  -27.49721:    564000
    282:  2000:   2000.0: -0.73394: -0.00422:     -8.4:  -28.44692:    566000
    283:  2000:   2000.0:  1.14203: -0.00182:     -3.6:  -23.63405:    568000
    284:  2000:   2000.0: -0.37502: -0.00193:     -3.9:  -23.86817:    570000
    285:  2000:   2000.0: -0.48908: -0.01541:    -30.8:  -50.81126:    572000
    286:  2000:   2000.0:  0.45194: -0.00493:     -9.9:  -29.85655:    574000
    287:  2000:   2000.0: -0.57795: -0.00701:    -14.0:  -34.01459:    576000
    288:  2000:   2000.0: -0.16153: -0.00852:    -17.0:  -37.04794:    578000
    289:  2000:   2000.0:  0.23489: -0.00562:    -11.2:  -31.24961:    580000
    290:  2000:   2000.0:  1.09145: -0.00488:     -9.8:  -29.75929:    582000
    291:  2000:   2000.0: -1.04651: -0.00595:    -11.9:  -31.89397:    584000
    292:  2000:   2000.0: -1.01719: -0.00524:    -10.5:  -30.48844:    586000
    293:  2000:   2000.0: -0.02518: -0.00278:     -5.6:  -25.55640:    588000
    294:  2000:   2000.0: -1.28284: -0.01598:    -32.0:  -51.95471:    590000
    295:  2000:   2000.0: -0.75271: -0.00727:    -14.5:  -34.54635:    592000
    296:  2000:   2000.0:  0.03416: -0.00354:     -7.1:  -27.07770:    594000
    297:  2000:   2000.0:  1.16336: -0.00366:     -7.3:  -27.31489:    596000
    298:  2000:   2000.0: -0.30840: -0.00098:     -2.0:  -21.96882:    598000
    299:  2000:   2000.0:  0.10890: -0.00031:     -0.6:  -20.61693:    600000
    300:  2000:   2000.0: -0.64087: -0.00351:     -7.0:  -27.01390:    602000
    301:  2000:   2000.0:  1.24927: -0.00654:    -13.1:  -33.07987:    604000
    302:  2000:   2000.0:  1.20087: -0.00396:     -7.9:  -27.91185:    606000
    303:  2000:   2000.0: -0.12042: -0.01163:    -23.3:  -43.26569:    608000
    304:  2000:   2000.0: -0.39027: -0.00088:     -1.8:  -21.76784:    610000
    305:  2000:   2000.0:  0.24348: -0.00040:     -0.8:  -20.79568:    612000
    306:  2000:   2000.0: -0.76644: -0.00151:     -3.0:  -23.02252:    614000
    307:  2000:   2000.0: -0.31035: -0.00021:     -0.4:  -20.42414:    616000
    308:  2000:   2000.0: -0.44444: -0.00281:     -5.6:  -25.61404:    618000
    309:  2000:   2000.0: -0.14780: -0.00432:     -8.6:  -28.64466:    620000
    310:  2000:   2000.0: -0.89566: -0.00222:     -4.4:  -24.44381:    622000
    311:  2000:   2000.0: -0.76197: -0.00159:     -3.2:  -23.17477:    624000
    312:  2000:   2000.0:  2.40329: -0.00754:    -15.1:  -35.08624:    626000
    313:  2000:   2000.0: -0.92925: -0.00326:     -6.5:  -26.51145:    628000
    314:  2000:   2000.0:  0.38752: -0.00140:     -2.8:  -22.80306:    630000
    315:  2000:   2000.0:  0.53135: -0.00304:     -6.1:  -26.07286:    632000
    316:  2000:   2000.0:  0.15332: -0.00757:    -15.1:  -35.14184:    634000
    317:  2000:   2000.0: -0.92616: -0.00921:    -18.4:  -38.42262:    636000
    318:  2000:   2000.0:  0.12218: -0.00211:     -4.2:  -24.22605:    638000
    319:  2000:   2000.0: -1.25516: -0.01347:    -26.9:  -46.93803:    640000
    320:  2000:   2000.0:  0.35245: -0.00221:     -4.4:  -24.41895:    642000
    321:  2000:   2000.0:  0.08422: -0.00463:     -9.3:  -29.25602:    644000
    322:  2000:   2000.0: -0.74147: -0.00276:     -5.5:  -25.52985:    646000
    323:  2000:   2000.0:  1.32386: -0.00613:    -12.3:  -32.25201:    648000
    324:  2000:   2000.0:  3.55757: -0.01579:    -31.6:  -51.58210:    650000
    325:  2000:   2000.0: -0.80817: -0.00430:     -8.6:  -28.59265:    652000
    326:  2000:   2000.0:  0.42530: -0.00088:     -1.8:  -21.76740:    654000
    327:  2000:   2000.0: -0.45381: -0.01102:    -22.0:  -42.04659:    656000
    328:  2000:   2000.0:  0.08466: -0.00559:    -11.2:  -31.18054:    658000
    329:  2000:   2000.0: -0.07330: -0.00423:     -8.5:  -28.46172:    660000
    330:  2000:   2000.0:  0.40823: -0.00238:     -4.8:  -24.76468:    662000
    331:  2000:   2000.0: -0.00615: -0.00508:    -10.2:  -30.15902:    664000
    332:  2000:   2000.0: -0.40441: -0.00353:     -7.1:  -27.06820:    666000
    333:  2000:   2000.0: -0.42993: -0.00263:     -5.3:  -25.26038:    668000
    334:  2000:   2000.0:  0.61829: -0.00365:     -7.3:  -27.29296:    670000
    335:  2000:   2000.0: -0.31461: -0.00409:     -8.2:  -28.17700:    672000
    336:  2000:   2000.0: -1.08268: -0.00401:     -8.0:  -28.01174:    674000
    337:  2000:   2000.0: -0.46194: -0.00097:     -1.9:  -21.93606:    676000
    338:  2000:   2000.0:  0.63742: -0.00560:    -11.2:  -31.20505:    678000
    339:  2000:   2000.0: -0.71292: -0.00243:     -4.9:  -24.86737:    680000
    340:  2000:   2000.0: -0.15035: -0.00540:    -10.8:  -30.79847:    682000
    341:  2000:   2000.0:  1.15945: -0.00822:    -16.4:  -36.44358:    684000
    342:  2000:   2000.0:  1.12591: -0.00427:     -8.5:  -28.54237:    686000
    343:  2000:   2000.0:  0.21362: -0.00384:     -7.7:  -27.67645:    688000
    344:  2000:   2000.0: -0.78018: -0.00306:     -6.1:  -26.12337:    690000
    345:  2000:   2000.0:  1.67292: -0.01431:    -28.6:  -48.62129:    692000
    346:  2000:   2000.0:  0.60962: -0.00778:    -15.6:  -35.55802:    694000
    347:  2000:   2000.0: -0.90898: -0.00675:    -13.5:  -33.50122:    696000
    348:  2000:   2000.0:  0.78404: -0.00524:    -10.5:  -30.47844:    698000
    349:  2000:   2000.0:  0.28995: -0.00606:    -12.1:  -32.11419:    700000
    350:  2000:   2000.0: -0.27539: -0.00388:     -7.8:  -27.75987:    702000
    351:  2000:   2000.0: -0.08915: -0.00334:     -6.7:  -26.68244:    704000
    352:  2000:   2000.0:  0.07337: -0.00251:     -5.0:  -25.02560:    706000
    353:  2000:   2000.0: -0.14610: -0.00337:     -6.7:  -26.73724:    708000
    354:  2000:   2000.0: -0.71537: -0.00569:    -11.4:  -31.38667:    710000
    355:  2000:   2000.0:  0.04736: -0.02114:    -42.3:  -62.28988:    712000
    356:  2000:   2000.0: -0.83954: -0.00386:     -7.7:  -27.71685:    714000
    357:  2000:   2000.0:  0.93912: -0.00948:    -19.0:  -38.96523:    716000
    358:  2000:   2000.0:  0.73715: -0.00547:    -10.9:  -30.94028:    718000
    359:  2000:   2000.0: -0.33970: -0.01019:    -20.4:  -40.37810:    720000
    360:  2000:   2000.0:  0.39794: -0.00823:    -16.5:  -36.46569:    722000
    361:  2000:   2000.0:  0.43020: -0.00291:     -5.8:  -25.81820:    724000
    362:  2000:   2000.0: -0.47778: -0.00398:     -8.0:  -27.96254:    726000
    363:  2000:   2000.0:  0.17011: -0.00245:     -4.9:  -24.89133:    728000
    364:  2000:   2000.0: -1.15694: -0.00603:    -12.1:  -32.06213:    730000
    365:  2000:   2000.0: -0.92257: -0.00311:     -6.2:  -26.22714:    732000
    366:  2000:   2000.0:  1.05096: -0.00507:    -10.1:  -30.13110:    734000
    367:  2000:   2000.0:  0.04961: -0.00205:     -4.1:  -24.09827:    736000
    368:  2000:   2000.0: -0.96867: -0.00266:     -5.3:  -25.31806:    738000
    369:  2000:   2000.0: -0.30775: -0.00220:     -4.4:  -24.39790:    740000
    370:  2000:   2000.0: -0.84112: -0.00398:     -8.0:  -27.95045:    742000
    371:  2000:   2000.0: -0.47549: -0.00530:    -10.6:  -30.60913:    744000
    372:  2000:   2000.0:  0.89292: -0.00240:     -4.8:  -24.80394:    746000
    373:  2000:   2000.0:  0.04138: -0.00793:    -15.9:  -35.86889:    748000
    374:  2000:   2000.0: -0.38513: -0.00327:     -6.5:  -26.53666:    750000
    375:  2000:   2000.0:  0.40204: -0.00460:     -9.2:  -29.19211:    752000
    376:  2000:   2000.0:  1.15171: -0.00567:    -11.3:  -31.34509:    754000
    377:  2000:   2000.0: -0.32108: -0.00360:     -7.2:  -27.19731:    756000
    378:  2000:   2000.0: -0.81207: -0.00323:     -6.5:  -26.46998:    758000
    379:  2000:   2000.0:  0.18425: -0.00432:     -8.6:  -28.64946:    760000
    380:  2000:   2000.0:  0.08879: -0.00451:     -9.0:  -29.01868:    762000
    381:  2000:   2000.0: -0.86960: -0.02594:    -51.9:  -71.88775:    764000
    382:  2000:   2000.0:  0.06502: -0.00372:     -7.4:  -27.43081:    766000
    383:  2000:   2000.0: -1.01501: -0.00502:    -10.0:  -30.03329:    768000
    384:  2000:   2000.0:  0.88149: -0.00680:    -13.6:  -33.60555:    770000
    385:  2000:   2000.0: -0.91600: -0.00888:    -17.8:  -37.76466:    772000
    386:  2000:   2000.0:  0.25655: -0.00278:     -5.6:  -25.56918:    774000
    387:  2000:   2000.0: -0.81868: -0.00607:    -12.1:  -32.14217:    776000
    388:  2000:   2000.0: -1.02203: -0.00410:     -8.2:  -28.19002:    778000
    389:  2000:   2000.0:  0.23185: -0.00587:    -11.7:  -31.73870:    780000
    390:  2000:   2000.0: -0.02656: -0.00355:     -7.1:  -27.10742:    782000
    391:  2000:   2000.0: -0.53928: -0.00723:    -14.5:  -34.46592:    784000
    392:  2000:   2000.0:  0.60384: -0.00278:     -5.6:  -25.55594:    786000
    393:  2000:   2000.0: -0.01527: -0.00309:     -6.2:  -26.18094:    788000
    394:  2000:   2000.0: -0.24227: -0.00420:     -8.4:  -28.39120:    790000
    395:  2000:   2000.0: -0.31521: -0.00651:    -13.0:  -33.01358:    792000
    396:  2000:   2000.0: -0.92283: -0.00190:     -3.8:  -23.79002:    794000
    397:  2000:   2000.0: -0.82201: -0.00288:     -5.8:  -25.76352:    796000
    398:  2000:   2000.0: -0.82330: -0.00615:    -12.3:  -32.30688:    798000
    399:  2000:   2000.0: -0.36535: -0.00362:     -7.2:  -27.24244:    800000
    400:  2000:   2000.0: -0.71539: -0.00317:     -6.3:  -26.33317:    802000
    401:  2000:   2000.0: -0.20789: -0.00468:     -9.4:  -29.36351:    804000
    402:  2000:   2000.0: -0.34745: -0.01121:    -22.4:  -42.42092:    806000
    403:  2000:   2000.0: -0.86919: -0.00445:     -8.9:  -28.89748:    808000
    404:  2000:   2000.0: -0.08865: -0.00313:     -6.3:  -26.25310:    810000
    405:  2000:   2000.0:  0.83688: -0.00198:     -4.0:  -23.96497:    812000
    406:  2000:   2000.0: -0.33544: -0.00267:     -5.3:  -25.34780:    814000
    407:  2000:   2000.0:  0.01061: -0.00502:    -10.0:  -30.03830:    816000
    408:  2000:   2000.0:  0.35793: -0.00075:     -1.5:  -21.49865:    818000
    409:  2000:   2000.0:  0.44784: -0.00482:     -9.6:  -29.64057:    820000
    410:  2000:   2000.0:  1.13597: -0.00078:     -1.6:  -21.55287:    822000
    411:  2000:   2000.0:  0.43828: -0.00171:     -3.4:  -23.41018:    824000
    412:  2000:   2000.0:  0.03773: -0.00267:     -5.3:  -25.34885:    826000
    413:  2000:   2000.0: -0.40436: -0.00445:     -8.9:  -28.89480:    828000
    414:  2000:   2000.0: -0.04469: -0.00463:     -9.3:  -29.26369:    830000
    415:  2000:   2000.0:  1.33836: -0.00406:     -8.1:  -28.12786:    832000
    416:  2000:   2000.0: -0.57053: -0.00539:    -10.8:  -30.78041:    834000
    417:  2000:   2000.0:  0.47628: -0.00167:     -3.3:  -23.34978:    836000
    418:  2000:   2000.0:  0.54525: -0.00308:     -6.2:  -26.15357:    838000
    419:  2000:   2000.0:  0.48629: -0.00583:    -11.7:  -31.65105:    840000
    420:  2000:   2000.0: -0.03078: -0.00501:    -10.0:  -30.02384:    842000
    421:  2000:   2000.0:  0.78572: -0.00113:     -2.3:  -22.26353:    844000
    422:  2000:   2000.0: -0.07526: -0.00305:     -6.1:  -26.10159:    846000
    423:  2000:   2000.0:  0.10351: -0.01563:    -31.3:  -51.25214:    848000
    424:  2000:   2000.0: -0.95755: -0.00301:     -6.0:  -26.02286:    850000
    425:  2000:   2000.0: -0.55942: -0.00142:     -2.8:  -22.84674:    852000
    426:  2000:   2000.0: -0.04194: -0.00629:    -12.6:  -32.57539:    854000
    427:  2000:   2000.0: -0.81541: -0.00125:     -2.5:  -22.49664:    856000
    428:  2000:   2000.0: -0.16498: -0.00178:     -3.6:  -23.55738:    858000
    429:  2000:   2000.0:  0.16795:  0.00069:      1.4:  -18.62436:    860000
    430:  2000:   2000.0:  1.46701: -0.00151:     -3.0:  -23.01364:    862000
    431:  2000:   2000.0:  0.68753: -0.00117:     -2.3:  -22.34417:    864000
    432:  2000:   2000.0: -0.05176: -0.00318:     -6.4:  -26.36859:    866000
    433:  2000:   2000.0: -0.35694: -0.00041:     -0.8:  -20.81340:    868000
    434:  2000:   2000.0:  0.75382: -0.00084:     -1.7:  -21.67164:    870000
    435:  2000:   2000.0:  0.55258: -0.00103:     -2.1:  -22.06049:    872000
    436:  2000:   2000.0: -0.30202: -0.00377:     -7.5:  -27.54154:    874000
    437:  2000:   2000.0: -2.15472: -0.05943:   -118.9: -138.86258:    876000
    438:  2000:   2000.0: -0.18383: -0.00204:     -4.1:  -24.08507:    878000
    439:  2000:   2000.0: -0.76497: -0.00381:     -7.6:  -27.61186:    880000
    440:  2000:   2000.0: -0.69856: -0.00213:     -4.3:  -24.25270:    882000
    441:  2000:   2000.0:  0.64588: -0.00177:     -3.5:  -23.53555:    884000
    442:  2000:   2000.0:  0.32203: -0.00148:     -3.0:  -22.96936:    886000
    443:  2000:   2000.0: -0.13448: -0.00148:     -3.0:  -22.96959:    888000
    444:  2000:   2000.0:  0.07068: -0.00130:     -2.6:  -22.59172:    890000
    445:  2000:   2000.0:  0.26560: -0.00203:     -4.1:  -24.05130:    892000
    446:  2000:   2000.0:  0.81370: -0.00086:     -1.7:  -21.72763:    894000
    447:  2000:   2000.0: -0.10160: -0.00307:     -6.1:  -26.13522:    896000
    448:  2000:   2000.0: -0.61109: -0.00328:     -6.6:  -26.55631:    898000
    449:  2000:   2000.0: -0.45374: -0.00219:     -4.4:  -24.37851:    900000
    450:  2000:   2000.0:  0.52311: -0.00373:     -7.5:  -27.45726:    902000
    451:  2000:   2000.0:  0.43116: -0.00652:    -13.0:  -33.04005:    904000
    452:  2000:   2000.0: -0.71272: -0.01154:    -23.1:  -43.07300:    906000
    453:  2000:   2000.0: -0.53807: -0.01445:    -28.9:  -48.90408:    908000
    454:  2000:   2000.0:  0.11822: -0.00187:     -3.7:  -23.74800:    910000
    455:  2000:   2000.0: -1.15619: -0.00451:     -9.0:  -29.02118:    912000
    456:  2000:   2000.0: -1.20258: -0.00255:     -5.1:  -25.10743:    914000
    457:  2000:   2000.0: -0.29668: -0.00374:     -7.5:  -27.48386:    916000
    458:  2000:   2000.0: -1.21249: -0.00559:    -11.2:  -31.17320:    918000
    459:  2000:   2000.0: -0.13498: -0.00648:    -13.0:  -32.95853:    920000
    460:  2000:   2000.0:  1.14893: -0.00346:     -6.9:  -26.92690:    922000
    461:  2000:   2000.0: -0.16625: -0.00559:    -11.2:  -31.17295:    924000
    462:  2000:   2000.0:  0.16096: -0.00067:     -1.3:  -21.34028:    926000
    463:  2000:   2000.0: -1.02037: -0.00371:     -7.4:  -27.42246:    928000
    464:  2000:   2000.0:  0.14578:  0.00014:      0.3:  -19.72707:    930000
    465:  2000:   2000.0:  0.56027: -0.00580:    -11.6:  -31.59282:    932000
