episodes:steps:mean_steps(10):rwd:mean_rwd:rwd_sum:rwd_sum-?*step:iter
      0:   165:     16.5: -0.10000: -0.53674:    -88.6:-105.06281:       165
      1:   235:     40.0: -0.10000: -0.95669:   -224.8:-248.32309:       400
      2:   333:     73.3: -0.10000: -0.65528:   -218.2:-251.50981:       733
      3:   150:     88.3: -0.10000: -0.08812:    -13.2: -28.21867:       883
      4:   178:    106.1: -0.10000: -0.18352:    -32.7: -50.46713:      1061
      5:    75:    113.6: -0.10000: -0.01727:     -1.3:  -8.79528:      1136
      6:    79:    121.5: -0.10000: -0.05063:     -4.0: -11.90006:      1215
      7:   152:    136.7: -0.10000: -0.08266:    -12.6: -27.76370:      1367
      8:    61:    142.8: -0.10000: -0.02800:     -1.7:  -7.80804:      1428
      9:    94:    152.2: -0.10000:  0.01230:      1.2:  -8.24395:      1522
     10:   142:    149.9: -0.10000: -0.06275:     -8.9: -23.11070:      1664
     11:    65:    132.9: -0.10000: -0.03158:     -2.1:  -8.55294:      1729
     12:    78:    107.4: -0.10000: -0.01030:     -0.8:  -8.60320:      1807
     13:    65:     98.9: -0.10000: -0.01470:     -1.0:  -7.45559:      1872
     14:   137:     94.8: -0.10000: -0.04294:     -5.9: -19.58256:      2009
     15:   114:     98.7: -0.10000: -0.06049:     -6.9: -18.29630:      2123
     16:   197:    110.5: -0.10000: -0.22671:    -44.7: -64.36212:      2320
     17:    70:    102.3: -0.10000:  0.00100:      0.1:  -6.93008:      2390
     18:   117:    107.9: -0.10000: -0.05310:     -6.2: -17.91226:      2507
     19:   118:    110.3: -0.10000: -0.07114:     -8.4: -20.19482:      2625
     20:   143:    110.4: -0.10000: -0.09286:    -13.3: -27.57961:      2768
     21:    58:    109.7: -0.10000: -0.00972:     -0.6:  -6.36357:      2826
     22:   114:    113.3: -0.10000: -0.05622:     -6.4: -17.80855:      2940
     23:   168:    123.6: -0.10000: -0.14585:    -24.5: -41.30230:      3108
     24:   190:    128.9: -0.10000: -0.14876:    -28.3: -47.26499:      3298
     25:   114:    128.9: -0.10000: -0.05310:     -6.1: -17.45286:      3412
     26:   115:    120.7: -0.10000: -0.01103:     -1.3: -12.76815:      3527
     27:    82:    121.9: -0.10000:  0.00522:      0.4:  -7.77196:      3609
     28:    77:    117.9: -0.10000:  0.02080:      1.6:  -6.09815:      3686
     29:    73:    113.4: -0.10000:  0.01342:      1.0:  -6.32060:      3759
     30:   318:    130.9: -0.10000: -0.34973:   -111.2:-143.01529:      4077
     31:    58:    130.9: -0.10000: -0.01312:     -0.8:  -6.56095:      4135
     32:    75:    127.0: -0.10000: -0.00912:     -0.7:  -8.18369:      4210
     33:    99:    120.1: -0.10000: -0.01967:     -1.9: -11.84691:      4309
     34:   152:    116.3: -0.10000: -0.07225:    -11.0: -26.18165:      4461
     35:   113:    116.2: -0.10000: -0.04196:     -4.7: -16.04116:      4574
     36:   134:    118.1: -0.10000: -0.12505:    -16.8: -30.15712:      4708
     37:   161:    126.0: -0.10000: -0.08638:    -13.9: -30.00681:      4869
     38:   121:    130.4: -0.10000:  0.00922:      1.1: -10.98415:      4990
     39:    77:    130.8: -0.10000: -0.06504:     -5.0: -12.70791:      5067
     40:    60:    105.0: -0.10000:  0.00936:      0.6:  -5.43852:      5127
     41:   244:    123.6: -0.10000: -0.14885:    -36.3: -60.71946:      5371
     42:    79:    124.0: -0.10000: -0.00117:     -0.1:  -7.99258:      5450
     43:   274:    141.5: -0.10000: -0.14629:    -40.1: -67.48331:      5724
     44:    96:    135.9: -0.10000: -0.01999:     -1.9: -11.51857:      5820
     45:    54:    130.0: -0.10000:  0.00376:      0.2:  -5.19702:      5874
     46:   206:    137.2: -0.10000: -0.08068:    -16.6: -37.21942:      6080
     47:   122:    133.3: -0.10000: -0.04235:     -5.2: -17.36700:      6202
     48:    58:    127.0: -0.10000:  0.01336:      0.8:  -5.02487:      6260
     49:   142:    133.5: -0.10000: -0.09668:    -13.7: -27.92840:      6402
     50:   269:    154.4: -0.10000: -0.01446:     -3.9: -30.78858:      6671
     51:   140:    144.0: -0.10000: -0.02595:     -3.6: -17.63251:      6811
     52:    62:    142.3: -0.10000:  0.01406:      0.9:  -5.32804:      6873
     53:   137:    128.6: -0.10000: -0.06776:     -9.3: -22.98346:      7010
     54:    77:    126.7: -0.10000:  0.00245:      0.2:  -7.51128:      7087
     55:    89:    130.2: -0.10000:  0.02367:      2.1:  -6.79295:      7176
     56:    78:    117.4: -0.10000: -0.01898:     -1.5:  -9.28075:      7254
     57:    73:    112.5: -0.10000:  0.00291:      0.2:  -7.08740:      7327
     58:   113:    118.0: -0.10000: -0.06292:     -7.1: -18.40993:      7440
     59:    69:    110.7: -0.10000:  0.01107:      0.8:  -6.13651:      7509
     60:   145:     98.3: -0.10000: -0.02561:     -3.7: -18.21342:      7654
     61:   112:     95.5: -0.10000:  0.00092:      0.1: -11.09733:      7766
     62:   120:    101.3: -0.10000: -0.03202:     -3.8: -15.84180:      7886
     63:    69:     94.5: -0.10000: -0.01227:     -0.8:  -7.74643:      7955
     64:   266:    113.4: -0.10000:  0.02754:      7.3: -19.27402:      8221
     65:   182:    122.7: -0.10000: -0.16110:    -29.3: -47.51978:      8403
     66:    70:    121.9: -0.10000: -0.00630:     -0.4:  -7.44127:      8473
     67:    68:    121.4: -0.10000:  0.00720:      0.5:  -6.31058:      8541
     68:    75:    117.6: -0.10000: -0.01486:     -1.1:  -8.61477:      8616
     69:   133:    124.0: -0.10000: -0.03569:     -4.7: -18.04645:      8749
     70:   146:    124.1: -0.10000: -0.03746:     -5.5: -20.06969:      8895
     71:   131:    126.0: -0.10000: -0.05617:     -7.4: -20.45776:      9026
     72:   124:    126.4: -0.10000: -0.06388:     -7.9: -20.32056:      9150
     73:   136:    133.1: -0.10000: -0.03975:     -5.4: -19.00626:      9286
     74:   180:    124.5: -0.10000: -0.01299:     -2.3: -20.33843:      9466
     75:   129:    119.2: -0.10000: -0.00039:     -0.1: -12.95033:      9595
     76:    91:    121.3: -0.10000:  0.00034:      0.0:  -9.06893:      9686
     77:    75:    122.0: -0.10000:  0.01971:      1.5:  -6.02205:      9761
     78:   121:    126.6: -0.10000: -0.03061:     -3.7: -15.80430:      9882
     79:    91:    122.4: -0.10000:  0.00008:      0.0:  -9.09258:      9973
     80:   122:    120.0: -0.10000: -0.01572:     -1.9: -14.11737:     10095
     81:    64:    113.3: -0.10000: -0.01045:     -0.7:  -7.06896:     10159
     82:    75:    108.4: -0.10000:  0.02334:      1.8:  -5.74919:     10234
     83:    77:    102.5: -0.10000:  0.01864:      1.4:  -6.26493:     10311
     84:    81:     92.6: -0.10000:  0.00092:      0.1:  -8.02541:     10392
     85:   101:     89.8: -0.10000: -0.01556:     -1.6: -11.67111:     10493
     86:    64:     87.1: -0.10000: -0.01107:     -0.7:  -7.10821:     10557
     87:   113:     90.9: -0.10000: -0.03844:     -4.3: -15.64352:     10670
     88:   128:     91.6: -0.10000: -0.00902:     -1.2: -13.95400:     10798
     89:   217:    104.2: -0.10000:  0.05112:     11.1: -10.60706:     11015
     90:    89:    100.9: -0.10000:  0.00310:      0.3:  -8.62386:     11104
     91:   138:    108.3: -0.10000: -0.00166:     -0.2: -14.02921:     11242
     92:    75:    108.3: -0.10000:  0.00808:      0.6:  -6.89366:     11317
     93:   100:    110.6: -0.10000:  0.00705:      0.7:  -9.29464:     11417
     94:   138:    116.3: -0.10000: -0.00526:     -0.7: -14.52540:     11555
     95:   169:    123.1: -0.10000:  0.02575:      4.4: -12.54881:     11724
     96:   221:    138.8: -0.10000:  0.02064:      4.6: -17.53792:     11945
     97:   127:    140.2: -0.10000:  0.03365:      4.3:  -8.42679:     12072
     98:    69:    134.3: -0.10000: -0.02944:     -2.0:  -8.93147:     12141
     99:   193:    131.9: -0.10000:  0.02589:      5.0: -14.30262:     12334
    100:    99:    132.9: -0.10000:  0.00375:      0.4:  -9.52909:     12433
    101:    72:    126.3: -0.10000:  0.00444:      0.3:  -6.88009:     12505
    102:    63:    125.1: -0.10000: -0.01247:     -0.8:  -7.08548:     12568
    103:   136:    128.7: -0.10000: -0.00230:     -0.3: -13.91337:     12704
    104:   240:    138.9: -0.10000:  0.02749:      6.6: -17.40149:     12944
    105:   112:    133.2: -0.10000:  0.02453:      2.7:  -8.45311:     13056
    106:    77:    118.8: -0.10000: -0.00589:     -0.5:  -8.15315:     13133
    107:   171:    123.2: -0.10000:  0.03323:      5.7: -11.41718:     13304
    108:    86:    124.9: -0.10000:  0.03436:      3.0:  -5.64532:     13390
    109:    91:    114.7: -0.10000:  0.01422:      1.3:  -7.80591:     13481
    110:   141:    118.9: -0.10000:  0.01592:      2.2: -11.85547:     13622
    111:    87:    120.4: -0.10000:  0.00797:      0.7:  -8.00623:     13709
    112:    88:    122.9: -0.10000:  0.00592:      0.5:  -8.27893:     13797
    113:   107:    120.0: -0.10000:  0.00349:      0.4: -10.32644:     13904
    114:    87:    104.7: -0.10000:  0.02348:      2.0:  -6.65709:     13991
    115:    72:    100.7: -0.10000:  0.00959:      0.7:  -6.50971:     14063
    116:   116:    104.6: -0.10000: -0.01506:     -1.7: -13.34724:     14179
    117:    75:     95.0: -0.10000:  0.02417:      1.8:  -5.68695:     14254
    118:   171:    103.5: -0.10000:  0.00236:      0.4: -16.69717:     14425
    119:   101:    104.5: -0.10000: -0.00531:     -0.5: -10.63628:     14526
    120:    65:     96.9: -0.10000:  0.00385:      0.3:  -6.24955:     14591
    121:   144:    102.6: -0.10000:  0.03064:      4.4:  -9.98774:     14735
    122:   120:    105.8: -0.10000:  0.01730:      2.1:  -9.92436:     14855
    123:    72:    102.3: -0.10000: -0.00893:     -0.6:  -7.84305:     14927
    124:   103:    103.9: -0.10000:  0.00127:      0.1: -10.16965:     15030
    125:    78:    104.5: -0.10000:  0.01122:      0.9:  -6.92506:     15108
    126:   137:    106.6: -0.10000:  0.01366:      1.9: -11.82829:     15245
    127:    88:    107.9: -0.10000:  0.00146:      0.1:  -8.67129:     15333
    128:    79:     98.7: -0.10000:  0.02214:      1.7:  -6.15128:     15412
    129:   180:    106.6: -0.10000:  0.00461:      0.8: -17.17056:     15592
    130:    98:    109.9: -0.10000:  0.02752:      2.7:  -7.10318:     15690
    131:    84:    103.9: -0.10000:  0.02134:      1.8:  -6.60738:     15774
    132:   114:    103.3: -0.10000: -0.00780:     -0.9: -12.28925:     15888
    133:    67:    102.8: -0.10000: -0.02424:     -1.6:  -8.32406:     15955
    134:   109:    103.4: -0.10000: -0.01104:     -1.2: -12.10289:     16064
    135:   121:    107.7: -0.10000:  0.01175:      1.4: -10.67857:     16185
    136:    92:    103.2: -0.10000:  0.02178:      2.0:  -7.19606:     16277
    137:    79:    102.3: -0.10000: -0.00662:     -0.5:  -8.42324:     16356
    138:    67:    101.1: -0.10000: -0.01656:     -1.1:  -7.80932:     16423
    139:    68:     89.9: -0.10000:  0.01567:      1.1:  -5.73432:     16491
    140:   118:     91.9: -0.10000: -0.00404:     -0.5: -12.27636:     16609
    141:    57:     89.2: -0.10000:  0.00975:      0.6:  -5.14422:     16666
    142:   230:    100.8: -0.10000:  0.03440:      7.9: -15.08688:     16896
    143:    83:    102.4: -0.10000:  0.00577:      0.5:  -7.82127:     16979
    144:    94:    100.9: -0.10000:  0.02264:      2.1:  -7.27184:     17073
    145:   131:    101.9: -0.10000:  0.01642:      2.2: -10.94908:     17204
    146:    86:    101.3: -0.10000: -0.02014:     -1.7: -10.33182:     17290
    147:   139:    107.3: -0.10000:  0.01650:      2.3: -11.60626:     17429
    148:   102:    110.8: -0.10000: -0.00330:     -0.3: -10.53687:     17531
    149:    62:    110.2: -0.10000:  0.01344:      0.8:  -5.36659:     17593
    150:    97:    108.1: -0.10000:  0.02438:      2.4:  -7.33509:     17690
    151:    99:    112.3: -0.10000:  0.03578:      3.5:  -6.35805:     17789
    152:    63:     95.6: -0.10000:  0.01319:      0.8:  -5.46897:     17852
    153:    76:     94.9: -0.10000: -0.00954:     -0.7:  -8.32482:     17928
    154:    71:     92.6: -0.10000:  0.00201:      0.1:  -6.95704:     17999
    155:   184:     97.9: -0.10000:  0.01585:      2.9: -15.48279:     18183
    156:   111:    100.4: -0.10000: -0.00675:     -0.7: -11.84874:     18294
    157:    77:     94.2: -0.10000: -0.00391:     -0.3:  -8.00130:     18371
    158:   135:     97.5: -0.10000:  0.01200:      1.6: -11.88035:     18506
    159:    85:     99.8: -0.10000:  0.01523:      1.3:  -7.20573:     18591
    160:    67:     96.8: -0.10000: -0.00175:     -0.1:  -6.81729:     18658
    161:   177:    104.6: -0.10000:  0.04454:      7.9:  -9.81664:     18835
    162:    93:    107.6: -0.10000:  0.01440:      1.3:  -7.96096:     18928
    163:    78:    107.8: -0.10000:  0.00842:      0.7:  -7.14345:     19006
    164:    64:    107.1: -0.10000: -0.01731:     -1.1:  -7.50762:     19070
    165:    84:     97.1: -0.10000:  0.01149:      1.0:  -7.43482:     19154
    166:    69:     92.9: -0.10000:  0.00316:      0.2:  -6.68198:     19223
    167:    74:     92.6: -0.10000:  0.01340:      1.0:  -6.40846:     19297
    168:   130:     92.1: -0.10000: -0.00702:     -0.9: -13.91245:     19427
    169:    96:     93.2: -0.10000: -0.00335:     -0.3:  -9.92203:     19523
    170:   127:     99.2: -0.10000: -0.01172:     -1.5: -14.18837:     19650
    171:    74:     88.9: -0.10000: -0.00744:     -0.6:  -7.95053:     19724
    172:    56:     85.2: -0.10000:  0.00031:      0.0:  -5.58292:     19780
    173:    77:     85.1: -0.10000:  0.01727:      1.3:  -6.37003:     19857
    174:    64:     85.1: -0.10000:  0.01434:      0.9:  -5.48192:     19921
    175:   111:     87.8: -0.10000:  0.00698:      0.8: -10.32512:     20032
    176:   131:     94.0: -0.10000: -0.01925:     -2.5: -15.62163:     20163
    177:   165:    103.1: -0.10000: -0.02398:     -4.0: -20.45712:     20328
    178:   101:    100.2: -0.10000: -0.02299:     -2.3: -12.42175:     20429
    179:    85:     99.1: -0.10000:  0.02751:      2.3:  -6.16166:     20514
    180:    82:     94.6: -0.10000: -0.01545:     -1.3:  -9.46716:     20596
    181:   129:    100.1: -0.10000: -0.01603:     -2.1: -14.96754:     20725
    182:   131:    107.6: -0.10000: -0.01054:     -1.4: -14.48055:     20856
    183:    80:    107.9: -0.10000:  0.01998:      1.6:  -6.40180:     20936
    184:    75:    109.0: -0.10000:  0.02408:      1.8:  -5.69385:     21011
    185:   283:    126.2: -0.10000:  0.04283:     12.1: -16.17910:     21294
    186:    98:    122.9: -0.10000:  0.01717:      1.7:  -8.11730:     21392
    187:   187:    125.1: -0.10000:  0.01161:      2.2: -16.52887:     21579
    188:    81:    123.1: -0.10000: -0.00358:     -0.3:  -8.39026:     21660
    189:   101:    124.7: -0.10000:  0.02511:      2.5:  -7.56414:     21761
    190:   154:    131.9: -0.10000:  0.03535:      5.4:  -9.95580:     21915
    191:   157:    134.7: -0.10000: -0.00929:     -1.5: -17.15878:     22072
    192:    98:    131.4: -0.10000:  0.01349:      1.3:  -8.47830:     22170
    193:    73:    130.7: -0.10000: -0.02940:     -2.1:  -9.44602:     22243
    194:    62:    129.4: -0.10000: -0.01184:     -0.7:  -6.93439:     22305
    195:    83:    109.4: -0.10000: -0.00745:     -0.6:  -8.91872:     22388
    196:   141:    113.7: -0.10000:  0.01609:      2.3: -11.83196:     22529
    197:   129:    107.9: -0.10000:  0.00014:      0.0: -12.88154:     22658
    198:   112:    111.0: -0.10000: -0.04994:     -5.6: -16.79333:     22770
    199:   134:    114.3: -0.10000: -0.01703:     -2.3: -15.68236:     22904
    200:   111:    110.0: -0.10000: -0.05956:     -6.6: -17.71087:     23015
    201:    81:    102.4: -0.10000:  0.00608:      0.5:  -7.60712:     23096
    202:   123:    104.9: -0.10000:  0.02067:      2.5:  -9.75767:     23219
    203:    96:    107.2: -0.10000:  0.00565:      0.5:  -9.05728:     23315
    204:   243:    125.3: -0.10000:  0.04539:     11.0: -13.26975:     23558
    205:    84:    125.4: -0.10000: -0.00026:     -0.0:  -8.42168:     23642
    206:    72:    118.5: -0.10000:  0.01775:      1.3:  -5.92210:     23714
    207:   107:    116.3: -0.10000:  0.00446:      0.5: -10.22255:     23821
    208:    96:    114.7: -0.10000:  0.02664:      2.6:  -7.04241:     23917
    209:   268:    128.1: -0.10000:  0.02719:      7.3: -19.51439:     24185
    210:   118:    128.8: -0.10000: -0.00853:     -1.0: -12.80649:     24303
    211:   157:    136.4: -0.10000:  0.03578:      5.6: -10.08177:     24460
    212:   119:    136.0: -0.10000: -0.03333:     -4.0: -15.86651:     24579
    213:   126:    139.0: -0.10000:  0.01869:      2.4: -10.24555:     24705
    214:    77:    122.4: -0.10000: -0.00253:     -0.2:  -7.89482:     24782
    215:    69:    120.9: -0.10000: -0.00630:     -0.4:  -7.33495:     24851
    216:    56:    119.3: -0.10000:  0.00434:      0.2:  -5.35675:     24907
    217:    80:    116.6: -0.10000: -0.00687:     -0.5:  -8.54928:     24987
    218:    88:    115.8: -0.10000:  0.02033:      1.8:  -7.01085:     25075
    219:    68:     95.8: -0.10000: -0.03680:     -2.5:  -9.30211:     25143
    220:    79:     91.9: -0.10000:  0.00033:      0.0:  -7.87398:     25222
    221:   373:    113.5: -0.10000:  0.06784:     25.3: -11.99398:     25595
    222:   148:    116.4: -0.10000:  0.00160:      0.2: -14.56383:     25743
    223:   143:    118.1: -0.10000:  0.02393:      3.4: -10.87835:     25886
    224:    95:    119.9: -0.10000:  0.01014:      1.0:  -8.53701:     25981
    225:    96:    122.6: -0.10000: -0.00758:     -0.7: -10.32766:     26077
    226:    82:    125.2: -0.10000:  0.01044:      0.9:  -7.34380:     26159
    227:    83:    125.5: -0.10000: -0.00279:     -0.2:  -8.53125:     26242
    228:    64:    123.1: -0.10000:  0.00910:      0.6:  -5.81785:     26306
    229:    54:    121.7: -0.10000:  0.00677:      0.4:  -5.03416:     26360
    230:    83:    122.1: -0.10000:  0.00935:      0.8:  -7.52416:     26443
    231:    56:     90.4: -0.10000: -0.03227:     -1.8:  -7.40730:     26499
    232:    88:     84.4: -0.10000: -0.03801:     -3.3: -12.14463:     26587
    233:    79:     78.0: -0.10000:  0.00453:      0.4:  -7.54182:     26666
    234:   182:     86.7: -0.10000:  0.01872:      3.4: -14.79323:     26848
    235:    67:     83.8: -0.10000:  0.00220:      0.1:  -6.55250:     26915
    236:    75:     83.1: -0.10000:  0.02029:      1.5:  -5.97855:     26990
    237:   100:     84.8: -0.10000:  0.01797:      1.8:  -8.20266:     27090
    238:    83:     86.7: -0.10000:  0.00132:      0.1:  -8.19053:     27173
    239:    75:     88.8: -0.10000:  0.02269:      1.7:  -5.79861:     27248
    240:    94:     89.9: -0.10000:  0.00566:      0.5:  -8.86769:     27342
    241:   101:     94.4: -0.10000: -0.03071:     -3.1: -13.20185:     27443
    242:    63:     91.9: -0.10000:  0.00044:      0.0:  -6.27209:     27506
    243:   101:     94.1: -0.10000:  0.00546:      0.6:  -9.54901:     27607
    244:   144:     90.3: -0.10000: -0.00863:     -1.2: -15.64323:     27751
    245:   275:    111.1: -0.10000:  0.07062:     19.4:  -8.07950:     28026
    246:   104:    114.0: -0.10000:  0.00467:      0.5:  -9.91471:     28130
    247:    96:    113.6: -0.10000:  0.01291:      1.2:  -8.36059:     28226
    248:   114:    116.7: -0.10000:  0.01192:      1.4: -10.04110:     28340
    249:    63:    115.5: -0.10000: -0.02009:     -1.3:  -7.56538:     28403
    250:   247:    130.8: -0.10000:  0.03597:      8.9: -15.81530:     28650
    251:   122:    132.9: -0.10000: -0.03076:     -3.8: -15.95305:     28772
    252:   109:    137.5: -0.10000: -0.01325:     -1.4: -12.34455:     28881
    253:   373:    164.7: -0.10000:  0.06873:     25.6: -11.66234:     29254
    254:   112:    161.5: -0.10000: -0.01247:     -1.4: -12.59645:     29366
    255:   143:    148.3: -0.10000:  0.01745:      2.5: -11.80516:     29509
    256:    97:    147.6: -0.10000:  0.00640:      0.6:  -9.07921:     29606
    257:   247:    162.7: -0.10000:  0.03154:      7.8: -16.90916:     29853
    258:    90:    160.3: -0.10000:  0.01459:      1.3:  -7.68661:     29943
    259:   129:    166.9: -0.10000: -0.00863:     -1.1: -14.01305:     30072
    260:   150:    157.2: -0.10000:  0.00843:      1.3: -13.73563:     30222
    261:   211:    166.1: -0.10000:  0.03914:      8.3: -12.84221:     30433
    262:    77:    162.9: -0.10000:  0.00754:      0.6:  -7.11953:     30510
    263:   100:    135.6: -0.10000:  0.02254:      2.3:  -7.74607:     30610
    264:   134:    137.8: -0.10000:  0.01740:      2.3: -11.06806:     30744
    265:    82:    131.7: -0.10000:  0.01610:      1.3:  -6.87989:     30826
    266:   272:    149.2: -0.10000:  0.00470:      1.3: -25.92086:     31098
    267:    87:    133.2: -0.10000:  0.00583:      0.5:  -8.19278:     31185
    268:    75:    131.7: -0.10000: -0.02187:     -1.6:  -9.14007:     31260
    269:   112:    130.0: -0.10000:  0.00046:      0.1: -11.14830:     31372
    270:    65:    121.5: -0.10000: -0.00815:     -0.5:  -7.02991:     31437
    271:   189:    119.3: -0.10000:  0.03103:      5.9: -13.03543:     31626
    272:    88:    120.4: -0.10000: -0.02934:     -2.6: -11.38234:     31714
    273:    60:    116.4: -0.10000: -0.00444:     -0.3:  -6.26658:     31774
    274:   108:    113.8: -0.10000:  0.00256:      0.3: -10.52339:     31882
    275:    87:    114.3: -0.10000:  0.01876:      1.6:  -7.06776:     31969
    276:    67:     93.8: -0.10000: -0.00928:     -0.6:  -7.32184:     32036
    277:    64:     91.5: -0.10000: -0.00970:     -0.6:  -7.02055:     32100
    278:    63:     90.3: -0.10000: -0.01618:     -1.0:  -7.31964:     32163
    279:    85:     87.6: -0.10000:  0.00082:      0.1:  -8.43032:     32248
    280:    62:     87.3: -0.10000:  0.00457:      0.3:  -5.91688:     32310
    281:    75:     75.9: -0.10000: -0.01718:     -1.3:  -8.78860:     32385
    282:   152:     82.3: -0.10000: -0.02124:     -3.2: -18.42773:     32537
    283:   117:     88.0: -0.10000:  0.01021:      1.2: -10.50557:     32654
    284:    64:     83.6: -0.10000: -0.01886:     -1.2:  -7.60696:     32718
    285:   129:     87.8: -0.10000: -0.03468:     -4.5: -17.37386:     32847
    286:   153:     96.4: -0.10000:  0.01883:      2.9: -12.41946:     33000
    287:    70:     97.0: -0.10000: -0.02494:     -1.7:  -8.74608:     33070
    288:    65:     97.2: -0.10000:  0.00292:      0.2:  -6.31027:     33135
    289:   136:    102.3: -0.10000: -0.01219:     -1.7: -15.25729:     33271
    290:    72:    103.3: -0.10000:  0.00321:      0.2:  -6.96873:     33343
    291:    93:    105.1: -0.10000:  0.00968:      0.9:  -8.40008:     33436
    292:    62:     96.1: -0.10000:  0.01627:      1.0:  -5.19145:     33498
    293:    83:     92.7: -0.10000:  0.02593:      2.2:  -6.14797:     33581
    294:   115:     97.8: -0.10000:  0.02684:      3.1:  -8.41309:     33696
    295:    84:     93.3: -0.10000:  0.03455:      2.9:  -5.49755:     33780
    296:    71:     85.1: -0.10000: -0.01328:     -0.9:  -8.04283:     33851
    297:   130:     91.1: -0.10000: -0.00007:     -0.0: -13.00882:     33981
    298:    70:     91.6: -0.10000: -0.07367:     -5.2: -12.15721:     34051
    299:   213:     99.3: -0.10000: -0.05044:    -10.7: -32.04472:     34264
    300:    90:    101.1: -0.10000:  0.00918:      0.8:  -8.17417:     34354
    301:   109:    102.7: -0.10000: -0.00318:     -0.3: -11.24692:     34463
    302:   121:    108.6: -0.10000: -0.01332:     -1.6: -13.71164:     34584
    303:   105:    110.8: -0.10000:  0.01301:      1.4:  -9.13437:     34689
    304:    57:    105.0: -0.10000:  0.00550:      0.3:  -5.38665:     34746
    305:    61:    102.7: -0.10000:  0.01981:      1.2:  -4.89136:     34807
    306:   150:    110.6: -0.10000: -0.01955:     -2.9: -17.93231:     34957
    307:    60:    103.6: -0.10000: -0.01707:     -1.0:  -7.02437:     35017
    308:    79:    104.5: -0.10000:  0.00469:      0.4:  -7.52936:     35096
    309:    89:     92.1: -0.10000:  0.02985:      2.7:  -6.24346:     35185
    310:   187:    101.8: -0.10000:  0.00344:      0.6: -18.05722:     35372
    311:    65:     97.4: -0.10000:  0.00279:      0.2:  -6.31896:     35437
    312:   139:     99.2: -0.10000:  0.00605:      0.8: -13.05907:     35576
    313:    91:     97.8: -0.10000: -0.03640:     -3.3: -12.41230:     35667
    314:   109:    103.0: -0.10000:  0.02565:      2.8:  -8.10464:     35776
    315:   220:    118.9: -0.10000:  0.00980:      2.2: -19.84303:     35996
    316:    91:    113.0: -0.10000:  0.01726:      1.6:  -7.52899:     36087
    317:    63:    113.3: -0.10000: -0.00031:     -0.0:  -6.31940:     36150
    318:    98:    115.2: -0.10000:  0.00646:      0.6:  -9.16651:     36248
    319:   117:    118.0: -0.10000: -0.00854:     -1.0: -12.69920:     36365
    320:   140:    113.3: -0.10000: -0.02059:     -2.9: -16.88239:     36505
    321:   104:    117.2: -0.10000:  0.00443:      0.5:  -9.93953:     36609
    322:   142:    117.5: -0.10000: -0.00599:     -0.9: -15.05005:     36751
    323:    84:    116.8: -0.10000:  0.02415:      2.0:  -6.37111:     36835
    324:    97:    115.6: -0.10000: -0.00472:     -0.5: -10.15786:     36932
    325:    90:    102.6: -0.10000: -0.04889:     -4.4: -13.40038:     37022
    326:   117:    105.2: -0.10000:  0.00899:      1.1: -10.64817:     37139
    327:    72:    106.1: -0.10000: -0.03591:     -2.6:  -9.78561:     37211
    328:    93:    105.6: -0.10000: -0.00718:     -0.7:  -9.96796:     37304
    329:    96:    103.5: -0.10000:  0.03079:      3.0:  -6.64444:     37400
    330:   186:    108.1: -0.10000:  0.04679:      8.7:  -9.89749:     37586
    331:   117:    109.4: -0.10000: -0.00583:     -0.7: -12.38268:     37703
    332:   192:    114.4: -0.10000:  0.01953:      3.7: -15.45062:     37895
    333:    88:    114.8: -0.10000:  0.01483:      1.3:  -7.49469:     37983
    334:   132:    118.3: -0.10000: -0.08055:    -10.6: -23.83206:     38115
    335:    82:    117.5: -0.10000:  0.01644:      1.3:  -6.85230:     38197
    336:   121:    117.9: -0.10000: -0.00826:     -1.0: -13.09946:     38318
    337:    53:    116.0: -0.10000: -0.00364:     -0.2:  -5.49289:     38371
    338:   107:    117.4: -0.10000: -0.01188:     -1.3: -11.97067:     38478
    339:   115:    119.3: -0.10000: -0.01523:     -1.8: -13.25201:     38593
    340:   150:    115.7: -0.10000:  0.00445:      0.7: -14.33267:     38743
    341:   134:    117.4: -0.10000: -0.03273:     -4.4: -17.78631:     38877
    342:    84:    106.6: -0.10000:  0.02192:      1.8:  -6.55895:     38961
    343:   208:    118.6: -0.10000: -0.02244:     -4.7: -25.46651:     39169
    344:   177:    123.1: -0.10000:  0.01249:      2.2: -15.48959:     39346
    345:    86:    123.5: -0.10000:  0.03457:      3.0:  -5.62723:     39432
    346:   134:    124.8: -0.10000:  0.02986:      4.0:  -9.39822:     39566
    347:    88:    128.3: -0.10000: -0.04930:     -4.3: -13.13807:     39654
    348:    92:    126.8: -0.10000:  0.03269:      3.0:  -6.19270:     39746
    349:    68:    122.1: -0.10000: -0.00783:     -0.5:  -7.33245:     39814
    350:    62:    113.3: -0.10000: -0.01408:     -0.9:  -7.07267:     39876
    351:   138:    113.7: -0.10000:  0.00068:      0.1: -13.70618:     40014
    352:    80:    113.3: -0.10000:  0.00342:      0.3:  -7.72667:     40094
    353:    60:     98.5: -0.10000: -0.01683:     -1.0:  -7.00986:     40154
    354:   103:     91.1: -0.10000:  0.00227:      0.2: -10.06665:     40257
    355:   140:     96.5: -0.10000:  0.00665:      0.9: -13.06969:     40397
    356:   165:     99.6: -0.10000:  0.03530:      5.8: -10.67495:     40562
    357:   152:    106.0: -0.10000:  0.01904:      2.9: -12.30625:     40714
    358:   168:    113.6: -0.10000: -0.08059:    -13.5: -30.33834:     40882
    359:   108:    117.6: -0.10000: -0.03817:     -4.1: -14.92241:     40990
    360:    62:    117.6: -0.10000:  0.00755:      0.5:  -5.73206:     41052
    361:   219:    125.7: -0.10000: -0.05405:    -11.8: -33.73647:     41271
    362:    53:    123.0: -0.10000: -0.00392:     -0.2:  -5.50774:     41324
    363:    65:    123.5: -0.10000:  0.01617:      1.1:  -5.44914:     41389
    364:    76:    120.8: -0.10000: -0.00635:     -0.5:  -8.08225:     41465
    365:    69:    113.7: -0.10000: -0.00263:     -0.2:  -7.08153:     41534
    366:    67:    103.9: -0.10000: -0.03394:     -2.3:  -8.97369:     41601
    367:    64:     95.1: -0.10000:  0.00359:      0.2:  -6.17028:     41665
    368:    79:     86.2: -0.10000:  0.01693:      1.3:  -6.56255:     41744
    369:   173:     92.7: -0.10000:  0.02126:      3.7: -13.62283:     41917
    370:   136:    100.1: -0.10000:  0.01428:      1.9: -11.65784:     42053
    371:   141:     92.3: -0.10000: -0.04031:     -5.7: -19.78312:     42194
    372:    84:     95.4: -0.10000:  0.03099:      2.6:  -5.79686:     42278
    373:   115:    100.4: -0.10000:  0.00005:      0.0: -11.49447:     42393
    374:    95:    102.3: -0.10000: -0.01836:     -1.7: -11.24396:     42488
    375:    74:    102.8: -0.10000: -0.00332:     -0.2:  -7.64531:     42562
    376:    90:    105.1: -0.10000:  0.00538:      0.5:  -8.51591:     42652
    377:    81:    106.8: -0.10000: -0.01687:     -1.4:  -9.46640:     42733
    378:   118:    110.7: -0.10000:  0.01399:      1.7: -10.14964:     42851
    379:   108:    104.2: -0.10000: -0.03693:     -4.0: -14.78846:     42959
    380:    97:    100.3: -0.10000:  0.04168:      4.0:  -5.65681:     43056
    381:    58:     92.0: -0.10000: -0.01635:     -0.9:  -6.74814:     43114
    382:   144:     98.0: -0.10000:  0.00855:      1.2: -13.16942:     43258
    383:    58:     92.3: -0.10000: -0.01311:     -0.8:  -6.56057:     43316
    384:    91:     91.9: -0.10000:  0.02426:      2.2:  -6.89209:     43407
    385:   208:    105.3: -0.10000:  0.04642:      9.7: -11.14474:     43615
    386:    66:    102.9: -0.10000:  0.00855:      0.6:  -6.03543:     43681
    387:    64:    101.2: -0.10000: -0.03671:     -2.3:  -8.74935:     43745
    388:    55:     94.9: -0.10000:  0.00557:      0.3:  -5.19375:     43800
    389:    96:     93.7: -0.10000: -0.00287:     -0.3:  -9.87505:     43896
    390:   108:     94.8: -0.10000: -0.00082:     -0.1: -10.88892:     44004
    391:   135:    102.5: -0.10000: -0.01622:     -2.2: -15.68950:     44139
    392:    98:     97.9: -0.10000:  0.02450:      2.4:  -7.39906:     44237
    393:    60:     98.1: -0.10000:  0.00097:      0.1:  -5.94188:     44297
    394:   119:    100.9: -0.10000:  0.01374:      1.6: -10.26498:     44416
    395:    66:     86.7: -0.10000: -0.01006:     -0.7:  -7.26389:     44482
    396:    67:     86.8: -0.10000: -0.00128:     -0.1:  -6.78557:     44549
    397:   131:     93.5: -0.10000:  0.00154:      0.2: -12.89815:     44680
    398:    67:     94.7: -0.10000: -0.01864:     -1.2:  -7.94888:     44747
    399:    73:     92.4: -0.10000:  0.00784:      0.6:  -6.72758:     44820
    400:    61:     87.7: -0.10000:  0.01075:      0.7:  -5.44425:     44881
    401:    63:     80.5: -0.10000: -0.01777:     -1.1:  -7.41947:     44944
    402:   161:     86.8: -0.10000:  0.02302:      3.7: -12.39329:     45105
    403:    62:     87.0: -0.10000:  0.01000:      0.6:  -5.57995:     45167
    404:   140:     89.1: -0.10000: -0.02036:     -2.9: -16.85091:     45307
    405:    97:     92.2: -0.10000:  0.00256:      0.2:  -9.45187:     45404
    406:    92:     94.7: -0.10000: -0.03084:     -2.8: -12.03683:     45496
    407:   112:     92.8: -0.10000:  0.01704:      1.9:  -9.29127:     45608
    408:   118:     97.9: -0.10000:  0.00012:      0.0: -11.78578:     45726
    409:    57:     96.3: -0.10000: -0.01280:     -0.7:  -6.42964:     45783
    410:   303:    120.5: -0.10000:  0.01077:      3.3: -27.03582:     46086
    411:   122:    126.4: -0.10000:  0.02166:      2.6:  -9.55795:     46208
    412:    55:    115.8: -0.10000: -0.00348:     -0.2:  -5.69150:     46263
    413:    99:    119.5: -0.10000:  0.00505:      0.5:  -9.39963:     46362
    414:   136:    119.1: -0.10000: -0.01835:     -2.5: -16.09550:     46498
    415:    86:    118.0: -0.10000: -0.01964:     -1.7: -10.28944:     46584
    416:   106:    119.4: -0.10000:  0.00473:      0.5: -10.09832:     46690
    417:   121:    120.3: -0.10000: -0.00830:     -1.0: -13.10489:     46811
    418:   103:    118.8: -0.10000: -0.02091:     -2.2: -12.45408:     46914
    419:    93:    122.4: -0.10000:  0.01088:      1.0:  -8.28813:     47007
    420:    72:     99.3: -0.10000: -0.02088:     -1.5:  -8.70327:     47079
    421:    92:     96.3: -0.10000:  0.01855:      1.7:  -7.49359:     47171
    422:    87:     99.5: -0.10000:  0.03052:      2.7:  -6.04491:     47258
    423:   122:    101.8: -0.10000: -0.01537:     -1.9: -14.07457:     47380
    424:   191:    107.3: -0.10000: -0.01467:     -2.8: -21.90240:     47571
    425:    91:    107.8: -0.10000: -0.01630:     -1.5: -10.58310:     47662
    426:    94:    106.6: -0.10000:  0.01966:      1.8:  -7.55187:     47756
    427:   229:    117.4: -0.10000:  0.01397:      3.2: -19.70045:     47985
    428:   115:    118.6: -0.10000: -0.02131:     -2.5: -13.95050:     48100
    429:   148:    124.1: -0.10000: -0.06120:     -9.1: -23.85700:     48248
    430:    74:    124.3: -0.10000:  0.01054:      0.8:  -6.61995:     48322
    431:   103:    125.4: -0.10000:  0.02042:      2.1:  -8.19641:     48425
    432:    63:    123.0: -0.10000: -0.02679:     -1.7:  -7.98796:     48488
    433:    68:    117.6: -0.10000:  0.00948:      0.6:  -6.15524:     48556
    434:   142:    112.7: -0.10000:  0.00274:      0.4: -13.81127:     48698
    435:    72:    110.8: -0.10000:  0.00188:      0.1:  -7.06492:     48770
    436:   235:    124.9: -0.10000:  0.00734:      1.7: -21.77429:     49005
    437:   101:    112.1: -0.10000:  0.03020:      3.0:  -7.05026:     49106
    438:    66:    107.2: -0.10000: -0.02474:     -1.6:  -8.23296:     49172
    439:   126:    105.0: -0.10000: -0.01332:     -1.7: -14.27830:     49298
    440:    70:    104.6: -0.10000:  0.00587:      0.4:  -6.58937:     49368
    441:    63:    100.6: -0.10000: -0.00480:     -0.3:  -6.60244:     49431
    442:   206:    114.9: -0.10000: -0.02413:     -5.0: -25.57006:     49637
    443:   124:    120.5: -0.10000:  0.00211:      0.3: -12.13876:     49761
    444:   237:    130.0: -0.10000:  0.02693:      6.4: -17.31723:     49998
    445:   144:    137.2: -0.10000:  0.04585:      6.6:  -7.79717:     50142
    446:   124:    126.1: -0.10000:  0.01338:      1.7: -10.74039:     50266
    447:   130:    129.0: -0.10000: -0.00873:     -1.1: -14.13442:     50396
    448:    71:    129.5: -0.10000:  0.00168:      0.1:  -6.98060:     50467
    449:    90:    125.9: -0.10000:  0.01766:      1.6:  -7.41034:     50557
    450:   239:    142.8: -0.10000:  0.03395:      8.1: -15.78577:     50796
    451:    74:    143.9: -0.10000:  0.01910:      1.4:  -5.98688:     50870
    452:   135:    136.8: -0.10000: -0.02074:     -2.8: -16.30041:     51005
    453:    76:    132.0: -0.10000: -0.01418:     -1.1:  -8.67758:     51081
    454:   114:    119.7: -0.10000:  0.00787:      0.9: -10.50251:     51195
    455:    55:    110.8: -0.10000:  0.01052:      0.6:  -4.92158:     51250
    456:   102:    108.6: -0.10000:  0.01331:      1.4:  -8.84220:     51352
    457:    77:    103.3: -0.10000: -0.02967:     -2.3:  -9.98433:     51429
    458:    60:    102.2: -0.10000: -0.00811:     -0.5:  -6.48665:     51489
    459:    78:    101.0: -0.10000: -0.01870:     -1.5:  -9.25836:     51567
    460:    69:     84.0: -0.10000: -0.00352:     -0.2:  -7.14262:     51636
    461:    75:     84.1: -0.10000: -0.04295:     -3.2: -10.72110:     51711
    462:   194:     90.0: -0.10000: -0.00044:     -0.1: -19.48551:     51905
    463:    72:     89.6: -0.10000:  0.01725:      1.2:  -5.95831:     51977
    464:    65:     84.7: -0.10000:  0.00788:      0.5:  -5.98785:     52042
    465:    64:     85.6: -0.10000: -0.01497:     -1.0:  -7.35794:     52106
    466:    56:     81.0: -0.10000: -0.00687:     -0.4:  -5.98458:     52162
    467:    57:     79.0: -0.10000:  0.00713:      0.4:  -5.29335:     52219
    468:    99:     82.9: -0.10000:  0.02643:      2.6:  -7.28370:     52318
    469:    83:     83.4: -0.10000: -0.00070:     -0.1:  -8.35818:     52401
    470:    65:     83.0: -0.10000:  0.00663:      0.4:  -6.06935:     52466
    471:    63:     81.8: -0.10000: -0.00096:     -0.1:  -6.36070:     52529
    472:   170:     79.4: -0.10000: -0.03891:     -6.6: -23.61448:     52699
    473:    80:     80.2: -0.10000:  0.01211:      1.0:  -7.03135:     52779
    474:   212:     94.9: -0.10000:  0.04111:      8.7: -12.48559:     52991
    475:    98:     98.3: -0.10000:  0.01433:      1.4:  -8.39574:     53089
    476:    83:    101.0: -0.10000: -0.00396:     -0.3:  -8.62871:     53172
    477:   125:    107.8: -0.10000:  0.00920:      1.2: -11.34976:     53297
    478:    77:    105.6: -0.10000:  0.02430:      1.9:  -5.82926:     53374
    479:   194:    116.7: -0.10000:  0.04859:      9.4:  -9.97360:     53568
    480:    93:    119.5: -0.10000: -0.00706:     -0.7:  -9.95684:     53661
    481:   197:    132.9: -0.10000:  0.03513:      6.9: -12.77990:     53858
    482:   105:    126.4: -0.10000:  0.00388:      0.4: -10.09251:     53963
    483:    97:    128.1: -0.10000:  0.03827:      3.7:  -5.98734:     54060
    484:    61:    113.0: -0.10000:  0.00434:      0.3:  -5.83511:     54121
    485:   163:    119.5: -0.10000:  0.01791:      2.9: -13.38099:     54284
    486:   120:    123.2: -0.10000: -0.00561:     -0.7: -12.67370:     54404
    487:   104:    121.1: -0.10000:  0.01261:      1.3:  -9.08808:     54508
    488:    77:    121.1: -0.10000:  0.02455:      1.9:  -5.80962:     54585
    489:   330:    134.7: -0.10000:  0.04763:     15.7: -17.28221:     54915
    490:   149:    140.3: -0.10000:  0.00877:      1.3: -13.59283:     55064
    491:   106:    131.2: -0.10000: -0.00057:     -0.1: -10.66086:     55170
    492:   103:    131.0: -0.10000: -0.00751:     -0.8: -11.07396:     55273
    493:   138:    135.1: -0.10000: -0.00165:     -0.2: -14.02805:     55411
    494:    81:    137.1: -0.10000:  0.00340:      0.3:  -7.82462:     55492
    495:    73:    128.1: -0.10000: -0.01131:     -0.8:  -8.12559:     55565
    496:    59:    122.0: -0.10000: -0.01113:     -0.7:  -6.55660:     55624
    497:   140:    125.6: -0.10000:  0.03321:      4.6:  -9.35072:     55764
    498:   109:    128.8: -0.10000:  0.01178:      1.3:  -9.61567:     55873
    499:   191:    114.9: -0.10000:  0.01981:      3.8: -15.31703:     56064
    500:    61:    106.1: -0.10000: -0.01888:     -1.2:  -7.25194:     56125
    501:   105:    106.0: -0.10000: -0.00862:     -0.9: -11.40503:     56230
    502:   123:    108.0: -0.10000:  0.01778:      2.2: -10.11256:     56353
    503:   221:    116.3: -0.10000:  0.03786:      8.4: -13.73388:     56574
    504:   112:    119.4: -0.10000: -0.01964:     -2.2: -13.39973:     56686
    505:   100:    122.1: -0.10000:  0.01142:      1.1:  -8.85755:     56786
    506:    74:    123.6: -0.10000: -0.03902:     -2.9: -10.28768:     56860
    507:    68:    116.4: -0.10000:  0.00492:      0.3:  -6.46536:     56928
    508:   105:    116.0: -0.10000: -0.04464:     -4.7: -15.18725:     57033
    509:   100:    106.9: -0.10000:  0.00459:      0.5:  -9.54058:     57133
    510:   232:    124.0: -0.10000: -0.03972:     -9.2: -32.41546:     57365
    511:   133:    126.8: -0.10000:  0.00904:      1.2: -12.09771:     57498
    512:    69:    121.4: -0.10000: -0.00573:     -0.4:  -7.29512:     57567
    513:   139:    113.2: -0.10000:  0.03042:      4.2:  -9.67231:     57706
    514:    73:    109.3: -0.10000:  0.01468:      1.1:  -6.22827:     57779
    515:   165:    115.8: -0.10000:  0.02590:      4.3: -12.22673:     57944
    516:    89:    117.3: -0.10000:  0.01224:      1.1:  -7.81072:     58033
    517:    88:    119.3: -0.10000:  0.02851:      2.5:  -6.29096:     58121
    518:   112:    120.0: -0.10000: -0.01138:     -1.3: -12.47457:     58233
    519:    57:    115.7: -0.10000: -0.00634:     -0.4:  -6.06123:     58290
    520:    64:     98.9: -0.10000: -0.00034:     -0.0:  -6.42196:     58354
    521:   133:     98.9: -0.10000: -0.03422:     -4.6: -17.85073:     58487
    522:    99:    101.9: -0.10000:  0.02029:      2.0:  -7.89085:     58586
    523:    96:     97.6: -0.10000:  0.00923:      0.9:  -8.71369:     58682
    524:   110:    101.3: -0.10000: -0.00514:     -0.6: -11.56554:     58792
    525:    63:     91.1: -0.10000: -0.00628:     -0.4:  -6.69595:     58855
    526:   118:     94.0: -0.10000:  0.00297:      0.4: -11.44956:     58973
    527:    72:     92.4: -0.10000:  0.00110:      0.1:  -7.12096:     59045
    528:   168:     98.0: -0.10000: -0.02291:     -3.8: -20.64824:     59213
    529:   139:    106.2: -0.10000: -0.07759:    -10.8: -24.68494:     59352
    530:    90:    108.8: -0.10000:  0.02225:      2.0:  -6.99794:     59442
    531:   116:    107.1: -0.10000: -0.02446:     -2.8: -14.43699:     59558
    532:    94:    106.6: -0.10000: -0.00236:     -0.2:  -9.62195:     59652
    533:   293:    126.3: -0.10000:  0.05677:     16.6: -12.66614:     59945
    534:   202:    135.5: -0.10000: -0.00047:     -0.1: -20.29555:     60147
    535:    69:    136.1: -0.10000:  0.01607:      1.1:  -5.79128:     60216
    536:   192:    143.5: -0.10000:  0.02660:      5.1: -14.09266:     60408
    537:   176:    153.9: -0.10000:  0.00858:      1.5: -16.09004:     60584
    538:    61:    143.2: -0.10000: -0.00424:     -0.3:  -6.35846:     60645
    539:    72:    136.5: -0.10000:  0.01203:      0.9:  -6.33375:     60717
    540:    97:    137.2: -0.10000: -0.01483:     -1.4: -11.13873:     60814
    541:   115:    137.1: -0.10000: -0.01140:     -1.3: -12.81096:     60929
    542:   115:    139.2: -0.10000: -0.02194:     -2.5: -14.02257:     61044
    543:    86:    118.5: -0.10000: -0.00055:     -0.0:  -8.64764:     61130
    544:   102:    108.5: -0.10000: -0.01601:     -1.6: -11.83273:     61232
    545:    62:    107.8: -0.10000:  0.01278:      0.8:  -5.40774:     61294
    546:   135:    102.1: -0.10000:  0.00015:      0.0: -13.47977:     61429
    547:    68:     91.3: -0.10000:  0.01175:      0.8:  -6.00133:     61497
    548:   132:     98.4: -0.10000: -0.00665:     -0.9: -14.07796:     61629
    549:   109:    102.1: -0.10000:  0.00672:      0.7: -10.16750:     61738
    550:    79:    100.3: -0.10000: -0.00382:     -0.3:  -8.20199:     61817
    551:    81:     96.9: -0.10000: -0.01026:     -0.8:  -8.93144:     61898
    552:    57:     91.1: -0.10000:  0.01056:      0.6:  -5.09790:     61955
    553:    66:     89.1: -0.10000:  0.00008:      0.0:  -6.59475:     62021
    554:    79:     86.8: -0.10000:  0.00053:      0.0:  -7.85822:     62100
    555:    88:     89.4: -0.10000:  0.03285:      2.9:  -5.90886:     62188
    556:    85:     84.4: -0.10000:  0.02287:      1.9:  -6.55619:     62273
    557:   122:     89.8: -0.10000:  0.00592:      0.7: -11.47771:     62395
    558:    69:     83.5: -0.10000:  0.00939:      0.6:  -6.25213:     62464
    559:    87:     81.3: -0.10000:  0.03113:      2.7:  -5.99181:     62551
    560:    76:     81.0: -0.10000: -0.00959:     -0.7:  -8.32856:     62627
    561:    57:     78.6: -0.10000: -0.00535:     -0.3:  -6.00519:     62684
    562:   121:     85.0: -0.10000: -0.01034:     -1.3: -13.35160:     62805
    563:   108:     89.2: -0.10000:  0.03725:      4.0:  -6.77679:     62913
    564:   162:     97.5: -0.10000:  0.03347:      5.4: -10.77860:     63075
    565:    64:     95.1: -0.10000:  0.00704:      0.5:  -5.94965:     63139
    566:   125:     99.1: -0.10000:  0.01592:      2.0: -10.50991:     63264
    567:    90:     95.9: -0.10000: -0.00211:     -0.2:  -9.18961:     63354
    568:    54:     94.4: -0.10000: -0.01044:     -0.6:  -5.96352:     63408
    569:   106:     96.3: -0.10000: -0.01537:     -1.6: -12.22913:     63514
    570:    76:     96.3: -0.10000:  0.00486:      0.4:  -7.23055:     63590
    571:    81:     98.7: -0.10000: -0.01473:     -1.2:  -9.29301:     63671
    572:    96:     96.2: -0.10000:  0.01028:      1.0:  -8.61296:     63767
    573:   135:     98.9: -0.10000: -0.01343:     -1.8: -15.31352:     63902
    574:    74:     90.1: -0.10000:  0.00785:      0.6:  -6.81939:     63976
    575:   310:    114.7: -0.10000:  0.04845:     15.0: -15.97978:     64286
    576:    77:    109.9: -0.10000: -0.01468:     -1.1:  -8.83008:     64363
    577:   102:    111.1: -0.10000:  0.02177:      2.2:  -7.97969:     64465
    578:   103:    116.0: -0.10000:  0.01990:      2.0:  -8.25069:     64568
    579:   126:    118.0: -0.10000:  0.00105:      0.1: -12.46786:     64694
    580:    96:    120.0: -0.10000:  0.01938:      1.9:  -7.73927:     64790
    581:    65:    118.4: -0.10000: -0.02559:     -1.7:  -8.16338:     64855
    582:    79:    116.7: -0.10000: -0.00221:     -0.2:  -8.07443:     64934
    583:    97:    112.9: -0.10000:  0.01552:      1.5:  -8.19481:     65031
    584:    87:    114.2: -0.10000: -0.00488:     -0.4:  -9.12413:     65118
    585:   232:    106.4: -0.10000:  0.03582:      8.3: -14.88865:     65350
    586:   101:    108.8: -0.10000:  0.01396:      1.4:  -8.68960:     65451
    587:   207:    119.3: -0.10000:  0.00591:      1.2: -19.47584:     65658
    588:   108:    119.8: -0.10000:  0.00406:      0.4: -10.36098:     65766
    589:   104:    117.6: -0.10000: -0.00335:     -0.3: -10.74858:     65870
    590:    85:    116.5: -0.10000:  0.03005:      2.6:  -5.94543:     65955
    591:   107:    120.7: -0.10000: -0.00858:     -0.9: -11.61853:     66062
    592:   126:    125.4: -0.10000: -0.00575:     -0.7: -13.32471:     66188
    593:   150:    130.7: -0.10000: -0.01261:     -1.9: -16.89100:     66338
    594:   181:    140.1: -0.10000:  0.03831:      6.9: -11.16662:     66519
    595:    60:    122.9: -0.10000: -0.01027:     -0.6:  -6.61613:     66579
    596:    80:    120.8: -0.10000:  0.01442:      1.2:  -6.84659:     66659
    597:   141:    114.2: -0.10000:  0.02619:      3.7: -10.40708:     66800
    598:    90:    112.4: -0.10000:  0.03589:      3.2:  -5.76963:     66890
    599:   188:    120.8: -0.10000:  0.01526:      2.9: -15.93196:     67078
    600:    88:    121.1: -0.10000: -0.01190:     -1.0:  -9.84726:     67166
    601:    72:    117.6: -0.10000:  0.00182:      0.1:  -7.06914:     67238
    602:   134:    118.4: -0.10000:  0.02306:      3.1: -10.31025:     67372
    603:   138:    117.2: -0.10000: -0.00977:     -1.3: -15.14872:     67510
    604:    83:    107.4: -0.10000:  0.02590:      2.1:  -6.15029:     67593
    605:   129:    114.3: -0.10000:  0.00259:      0.3: -12.56540:     67722
    606:    61:    112.4: -0.10000: -0.00087:     -0.1:  -6.15280:     67783
    607:   133:    111.6: -0.10000: -0.03252:     -4.3: -17.62532:     67916
    608:    71:    109.7: -0.10000:  0.02233:      1.6:  -5.51453:     67987
    609:    91:    100.0: -0.10000: -0.00044:     -0.0:  -9.14033:     68078
    610:   103:    101.5: -0.10000:  0.01057:      1.1:  -9.21144:     68181
    611:    89:    103.2: -0.10000:  0.00580:      0.5:  -8.38368:     68270
    612:    71:     96.9: -0.10000: -0.01006:     -0.7:  -7.81416:     68341
    613:    63:     89.4: -0.10000: -0.01748:     -1.1:  -7.40112:     68404
    614:    62:     87.3: -0.10000:  0.00387:      0.2:  -5.95978:     68466
    615:    75:     81.9: -0.10000:  0.00281:      0.2:  -7.28938:     68541
    616:    88:     84.6: -0.10000:  0.02238:      2.0:  -6.83073:     68629
    617:    61:     77.4: -0.10000:  0.00422:      0.3:  -5.84259:     68690
    618:    59:     76.2: -0.10000:  0.00243:      0.1:  -5.75667:     68749
    619:    91:     76.2: -0.10000:  0.01482:      1.3:  -7.75106:     68840
    620:    61:     72.0: -0.10000: -0.00229:     -0.1:  -6.23992:     68901
    621:    76:     70.7: -0.10000:  0.00562:      0.4:  -7.17292:     68977
    622:   157:     79.3: -0.10000:  0.03691:      5.8:  -9.90561:     69134
    623:   100:     83.0: -0.10000:  0.00426:      0.4:  -9.57422:     69234
    624:    71:     83.9: -0.10000: -0.01154:     -0.8:  -7.91967:     69305
    625:    59:     82.3: -0.10000:  0.01341:      0.8:  -5.10876:     69364
    626:    90:     82.5: -0.10000:  0.02428:      2.2:  -6.81452:     69454
    627:    68:     83.2: -0.10000: -0.00258:     -0.2:  -6.97568:     69522
    628:   139:     91.2: -0.10000:  0.01424:      2.0: -11.92095:     69661
    629:    58:     87.9: -0.10000: -0.01320:     -0.8:  -6.56584:     69719
    630:   113:     93.1: -0.10000:  0.00925:      1.0: -10.25445:     69832
    631:   152:    100.7: -0.10000:  0.02861:      4.3: -10.85128:     69984
    632:    86:     93.6: -0.10000: -0.00011:     -0.0:  -8.60940:     70070
    633:   119:     95.5: -0.10000: -0.03878:     -4.6: -16.51489:     70189
    634:    57:     94.1: -0.10000: -0.00677:     -0.4:  -6.08579:     70246
    635:    62:     94.4: -0.10000:  0.00296:      0.2:  -6.01643:     70308
    636:    83:     93.7: -0.10000:  0.02153:      1.8:  -6.51324:     70391
    637:    81:     95.0: -0.10000:  0.03128:      2.5:  -5.56601:     70472
    638:   159:     97.0: -0.10000: -0.00463:     -0.7: -16.63687:     70631
    639:    74:     98.6: -0.10000:  0.02470:      1.8:  -5.57188:     70705
    640:   252:    112.5: -0.10000:  0.04760:     12.0: -13.20550:     70957
    641:    76:    104.9: -0.10000:  0.01349:      1.0:  -6.57464:     71033
    642:    90:    105.3: -0.10000: -0.00975:     -0.9:  -9.87788:     71123
    643:    73:    100.7: -0.10000: -0.01100:     -0.8:  -8.10310:     71196
    644:   194:    114.4: -0.10000:  0.03996:      7.8: -11.64787:     71390
    645:   114:    119.6: -0.10000:  0.00208:      0.2: -11.16339:     71504
    646:    81:    119.4: -0.10000:  0.03777:      3.1:  -5.04035:     71585
    647:   140:    125.3: -0.10000:  0.02240:      3.1: -10.86342:     71725
    648:   106:    120.0: -0.10000: -0.00442:     -0.5: -11.06883:     71831
    649:   142:    126.8: -0.10000:  0.00319:      0.5: -13.74742:     71973
    650:    85:    110.1: -0.10000:  0.02917:      2.5:  -6.02021:     72058
    651:   221:    124.6: -0.10000:  0.04560:     10.1: -12.02299:     72279
    652:   107:    126.3: -0.10000:  0.00313:      0.3: -10.36509:     72386
    653:   106:    129.6: -0.10000:  0.00353:      0.4: -10.22619:     72492
    654:   125:    122.7: -0.10000:  0.01219:      1.5: -10.97574:     72617
    655:   129:    124.2: -0.10000: -0.03347:     -4.3: -17.21733:     72746
    656:   290:    145.1: -0.10000:  0.05739:     16.6: -12.35555:     73036
    657:    68:    137.9: -0.10000: -0.02115:     -1.4:  -8.23817:     73104
    658:   101:    137.4: -0.10000:  0.00686:      0.7:  -9.40740:     73205
    659:   110:    134.2: -0.10000:  0.00639:      0.7: -10.29678:     73315
    660:   118:    137.5: -0.10000: -0.00688:     -0.8: -12.61145:     73433
    661:   108:    126.2: -0.10000: -0.00139:     -0.1: -10.94967:     73541
    662:   235:    139.0: -0.10000:  0.03481:      8.2: -15.32008:     73776
    663:   289:    157.3: -0.10000:  0.06345:     18.3: -10.56422:     74065
    664:    86:    153.4: -0.10000: -0.00202:     -0.2:  -8.77378:     74151
    665:   109:    151.4: -0.10000:  0.02049:      2.2:  -8.66617:     74260
    666:    76:    130.0: -0.10000:  0.00895:      0.7:  -6.91963:     74336
    667:    70:    130.2: -0.10000:  0.00827:      0.6:  -6.42128:     74406
    668:    86:    128.7: -0.10000:  0.01768:      1.5:  -7.07974:     74492
    669:   122:    129.9: -0.10000:  0.00835:      1.0: -11.18174:     74614
    670:    81:    126.2: -0.10000: -0.01847:     -1.5:  -9.59577:     74695
    671:    72:    122.6: -0.10000:  0.02214:      1.6:  -5.60595:     74767
    672:   226:    121.7: -0.10000:  0.04238:      9.6: -13.02183:     74993
    673:    66:     99.4: -0.10000: -0.02151:     -1.4:  -8.01964:     75059
    674:    71:     97.9: -0.10000:  0.00672:      0.5:  -6.62280:     75130
    675:    71:     94.1: -0.10000: -0.02428:     -1.7:  -8.82422:     75201
    676:   155:    102.0: -0.10000:  0.00241:      0.4: -15.12692:     75356
    677:   175:    112.5: -0.10000: -0.04995:     -8.7: -26.24133:     75531
    678:   212:    125.1: -0.10000:  0.03833:      8.1: -13.07392:     75743
    679:   113:    124.2: -0.10000:  0.00471:      0.5: -10.76816:     75856
    680:    84:    124.5: -0.10000:  0.00369:      0.3:  -8.09038:     75940
    681:   174:    134.7: -0.10000:  0.02731:      4.8: -12.64783:     76114
    682:   141:    126.2: -0.10000:  0.03310:      4.7:  -9.43317:     76255
    683:   122:    131.8: -0.10000:  0.01896:      2.3:  -9.88666:     76377
    684:    67:    131.4: -0.10000:  0.00308:      0.2:  -6.49359:     76444
    685:    87:    133.0: -0.10000:  0.03428:      3.0:  -5.71749:     76531
    686:    75:    125.0: -0.10000:  0.02081:      1.6:  -5.93961:     76606
    687:    91:    116.6: -0.10000:  0.03700:      3.4:  -5.73326:     76697
    688:   118:    107.2: -0.10000:  0.02569:      3.0:  -8.76907:     76815
    689:   137:    109.6: -0.10000:  0.02343:      3.2: -10.49034:     76952
    690:   178:    119.0: -0.10000: -0.02517:     -4.5: -22.28083:     77130
    691:    83:    109.9: -0.10000:  0.01847:      1.5:  -6.76682:     77213
    692:    75:    103.3: -0.10000: -0.01221:     -0.9:  -8.41597:     77288
    693:    65:     97.6: -0.10000: -0.00663:     -0.4:  -6.93093:     77353
    694:   173:    108.2: -0.10000:  0.03337:      5.8: -11.52755:     77526
    695:   106:    110.1: -0.10000:  0.02002:      2.1:  -8.47776:     77632
    696:    68:    109.4: -0.10000:  0.00406:      0.3:  -6.52421:     77700
    697:    68:    107.1: -0.10000:  0.02387:      1.6:  -5.17686:     77768
    698:    85:    103.8: -0.10000:  0.01594:      1.4:  -7.14536:     77853
    699:    75:     97.6: -0.10000:  0.00174:      0.1:  -7.36924:     77928
    700:    70:     86.8: -0.10000: -0.00259:     -0.2:  -7.18136:     77998
    701:    77:     86.2: -0.10000:  0.02742:      2.1:  -5.58893:     78075
    702:   179:     96.6: -0.10000:  0.03678:      6.6: -11.31564:     78254
    703:   101:    100.2: -0.10000: -0.00275:     -0.3: -10.37746:     78355
    704:    74:     90.3: -0.10000:  0.00050:      0.0:  -7.36320:     78429
    705:   106:     90.3: -0.10000: -0.01023:     -1.1: -11.68480:     78535
    706:   127:     96.2: -0.10000:  0.01174:      1.5: -11.20939:     78662
    707:    96:     99.0: -0.10000:  0.01031:      1.0:  -8.61014:     78758
    708:    86:     99.1: -0.10000: -0.01998:     -1.7: -10.31850:     78844
    709:   142:    105.8: -0.10000:  0.00680:      1.0: -13.23389:     78986
    710:   119:    110.7: -0.10000: -0.02238:     -2.7: -14.56273:     79105
    711:    67:    109.7: -0.10000: -0.01927:     -1.3:  -7.99106:     79172
    712:    78:     99.6: -0.10000: -0.00576:     -0.4:  -8.24937:     79250
    713:    90:     98.5: -0.10000: -0.02145:     -1.9: -10.93038:     79340
    714:   134:    104.5: -0.10000: -0.00149:     -0.2: -13.59939:     79474
    715:   146:    108.5: -0.10000: -0.02029:     -3.0: -17.56168:     79620
    716:    65:    102.3: -0.10000: -0.00044:     -0.0:  -6.52846:     79685
    717:   109:    103.6: -0.10000: -0.01823:     -2.0: -12.88732:     79794
    718:    60:    101.0: -0.10000:  0.01227:      0.7:  -5.26409:     79854
    719:   119:     98.7: -0.10000: -0.02450:     -2.9: -14.81507:     79973
    720:   411:    127.9: -0.10000:  0.06732:     27.7: -13.43133:     80384
    721:    82:    129.4: -0.10000:  0.00244:      0.2:  -7.99956:     80466
    722:    58:    127.4: -0.10000:  0.00011:      0.0:  -5.79364:     80524
    723:   115:    129.9: -0.10000: -0.03032:     -3.5: -14.98650:     80639
    724:    64:    122.9: -0.10000: -0.02323:     -1.5:  -7.88669:     80703
    725:   172:    125.5: -0.10000: -0.01733:     -3.0: -20.18142:     80875
    726:   178:    136.8: -0.10000:  0.02774:      4.9: -12.86275:     81053
    727:    77:    133.6: -0.10000:  0.00154:      0.1:  -7.58106:     81130
    728:   126:    140.2: -0.10000:  0.01068:      1.3: -11.25466:     81256
    729:    87:    137.0: -0.10000:  0.02725:      2.4:  -6.32903:     81343
    730:    65:    102.4: -0.10000: -0.00549:     -0.4:  -6.85711:     81408
    731:    87:    102.9: -0.10000: -0.03024:     -2.6: -11.33087:     81495
    732:    81:    105.2: -0.10000:  0.00977:      0.8:  -7.30884:     81576
    733:    72:    100.9: -0.10000:  0.00034:      0.0:  -7.17550:     81648
    734:   110:    105.5: -0.10000: -0.06203:     -6.8: -17.82295:     81758
    735:    56:     93.9: -0.10000: -0.01308:     -0.7:  -6.33271:     81814
    736:    64:     82.5: -0.10000: -0.02658:     -1.7:  -8.10129:     81878
    737:    59:     80.7: -0.10000: -0.00017:     -0.0:  -5.91004:     81937
    738:    59:     74.0: -0.10000: -0.01259:     -0.7:  -6.64282:     81996
    739:   269:     92.2: -0.10000:  0.04068:     10.9: -15.95626:     82265
    740:    78:     93.5: -0.10000:  0.01573:      1.2:  -6.57327:     82343
    741:    68:     91.6: -0.10000:  0.00692:      0.5:  -6.32924:     82411
    742:    79:     91.4: -0.10000:  0.00109:      0.1:  -7.81370:     82490
    743:   231:    107.3: -0.10000: -0.01843:     -4.3: -27.35828:     82721
    744:   115:    107.8: -0.10000: -0.03076:     -3.5: -15.03733:     82836
    745:   267:    128.9: -0.10000:  0.01869:      5.0: -21.70989:     83103
    746:    86:    131.1: -0.10000: -0.00718:     -0.6:  -9.21712:     83189
    747:    74:    132.6: -0.10000:  0.00819:      0.6:  -6.79389:     83263
    748:    89:    135.6: -0.10000:  0.01282:      1.1:  -7.75946:     83352
    749:   131:    121.8: -0.10000:  0.02753:      3.6:  -9.49366:     83483
    750:   131:    127.1: -0.10000: -0.01730:     -2.3: -15.36663:     83614
    751:   162:    136.5: -0.10000:  0.00904:      1.5: -14.73579:     83776
    752:    82:    136.8: -0.10000: -0.00644:     -0.5:  -8.72796:     83858
    753:    72:    120.9: -0.10000:  0.02838:      2.0:  -5.15634:     83930
    754:    73:    116.7: -0.10000:  0.01649:      1.2:  -6.09642:     84003
    755:   144:    104.4: -0.10000: -0.01714:     -2.5: -16.86797:     84147
    756:    77:    103.5: -0.10000:  0.01390:      1.1:  -6.62968:     84224
    757:    80:    104.1: -0.10000: -0.01930:     -1.5:  -9.54370:     84304
    758:   107:    105.9: -0.10000: -0.02633:     -2.8: -13.51757:     84411
    759:    64:     99.2: -0.10000:  0.00004:      0.0:  -6.39738:     84475
    760:    59:     92.0: -0.10000: -0.01231:     -0.7:  -6.62643:     84534
    761:   194:     95.2: -0.10000:  0.04195:      8.1: -11.26198:     84728
    762:    56:     92.6: -0.10000: -0.00915:     -0.5:  -6.11216:     84784
    763:    97:     95.1: -0.10000:  0.01544:      1.5:  -8.20202:     84881
    764:   106:     98.4: -0.10000: -0.00408:     -0.4: -11.03262:     84987
    765:   169:    100.9: -0.10000:  0.01552:      2.6: -14.27683:     85156
    766:   135:    106.7: -0.10000:  0.01812:      2.4: -11.05404:     85291
    767:    98:    108.5: -0.10000:  0.02252:      2.2:  -7.59322:     85389
    768:   137:    111.5: -0.10000: -0.00185:     -0.3: -13.95278:     85526
    769:    82:    113.3: -0.10000: -0.01870:     -1.5:  -9.73330:     85608
    770:   110:    118.4: -0.10000: -0.02310:     -2.5: -13.54058:     85718
    771:   146:    113.6: -0.10000:  0.00944:      1.4: -13.22237:     85864
    772:   109:    118.9: -0.10000: -0.01444:     -1.6: -12.47428:     85973
    773:   222:    131.4: -0.10000:  0.02135:      4.7: -17.45962:     86195
    774:   143:    135.1: -0.10000:  0.00852:      1.2: -13.08095:     86338
    775:   107:    128.9: -0.10000: -0.00719:     -0.8: -11.46914:     86445
    776:   205:    135.9: -0.10000:  0.02540:      5.2: -15.29255:     86650
    777:    89:    135.0: -0.10000:  0.02489:      2.2:  -6.68498:     86739
    778:    92:    130.5: -0.10000: -0.00518:     -0.5:  -9.67639:     86831
    779:    85:    130.8: -0.10000:  0.00629:      0.5:  -7.96548:     86916
    780:   131:    132.9: -0.10000:  0.00152:      0.2: -12.90034:     87047
    781:    84:    126.7: -0.10000: -0.01162:     -1.0:  -9.37593:     87131
    782:   114:    127.2: -0.10000:  0.01891:      2.2:  -9.24388:     87245
    783:    70:    112.0: -0.10000: -0.00134:     -0.1:  -7.09355:     87315
    784:    72:    104.9: -0.10000: -0.01418:     -1.0:  -8.22107:     87387
    785:   130:    107.2: -0.10000: -0.01161:     -1.5: -14.50877:     87517
    786:    86:     95.3: -0.10000: -0.00783:     -0.7:  -9.27311:     87603
    787:    71:     93.5: -0.10000:  0.01828:      1.3:  -5.80233:     87674
    788:   123:     96.6: -0.10000: -0.01133:     -1.4: -13.69414:     87797
    789:    61:     94.2: -0.10000: -0.00768:     -0.5:  -6.56854:     87858
    790:    88:     89.9: -0.10000:  0.02489:      2.2:  -6.60947:     87946
    791:   239:    105.4: -0.10000:  0.04837:     11.6: -12.34042:     88185
    792:    85:    102.5: -0.10000:  0.02045:      1.7:  -6.76150:     88270
    793:   155:    111.0: -0.10000:  0.01405:      2.2: -13.32265:     88425
    794:    58:    109.6: -0.10000:  0.00400:      0.2:  -5.56799:     88483
    795:   127:    109.3: -0.10000:  0.01466:      1.9: -10.83756:     88610
    796:    77:    108.4: -0.10000:  0.02358:      1.8:  -5.88404:     88687
    797:    55:    106.8: -0.10000: -0.00002:     -0.0:  -5.50109:     88742
    798:   187:    113.2: -0.10000:  0.03804:      7.1: -11.58559:     88929
    799:    66:    113.7: -0.10000: -0.02425:     -1.6:  -8.20054:     88995
    800:   306:    135.5: -0.10000:  0.06914:     21.2:  -9.44379:     89301
    801:   133:    124.9: -0.10000:  0.01057:      1.4: -11.89398:     89434
    802:    75:    123.9: -0.10000: -0.01915:     -1.4:  -8.93601:     89509
    803:    90:    117.4: -0.10000:  0.00736:      0.7:  -8.33725:     89599
    804:   236:    135.2: -0.10000:  0.05420:     12.8: -10.80996:     89835
    805:    69:    129.4: -0.10000: -0.00155:     -0.1:  -7.00694:     89904
    806:   130:    134.7: -0.10000:  0.03636:      4.7:  -8.27358:     90034
    807:   145:    143.7: -0.10000: -0.02477:     -3.6: -18.09114:     90179
    808:   134:    138.4: -0.10000:  0.01620:      2.2: -11.22984:     90313
    809:    71:    138.9: -0.10000: -0.01154:     -0.8:  -7.91932:     90384
    810:    67:    115.0: -0.10000:  0.00294:      0.2:  -6.50287:     90451
    811:   112:    112.9: -0.10000:  0.02046:      2.3:  -8.90900:     90563
    812:   116:    117.0: -0.10000:  0.01270:      1.5: -10.12640:     90679
    813:   106:    118.6: -0.10000:  0.02312:      2.5:  -8.14936:     90785
    814:    70:    102.0: -0.10000: -0.00953:     -0.7:  -7.66731:     90855
    815:   123:    107.4: -0.10000:  0.00115:      0.1: -12.15820:     90978
    816:    72:    101.6: -0.10000: -0.03842:     -2.8:  -9.96648:     91050
    817:    57:     92.8: -0.10000: -0.01161:     -0.7:  -6.36182:     91107
    818:   257:    105.1: -0.10000:  0.02350:      6.0: -19.66059:     91364
    819:   169:    114.9: -0.10000:  0.01859:      3.1: -13.75788:     91533
    820:    91:    117.3: -0.10000:  0.03774:      3.4:  -5.66566:     91624
    821:   346:    140.7: -0.10000:  0.05565:     19.3: -15.34423:     91970
    822:   127:    141.8: -0.10000: -0.00672:     -0.9: -13.55365:     92097
    823:   200:    151.2: -0.10000:  0.02856:      5.7: -14.28877:     92297
    824:   185:    162.7: -0.10000: -0.02424:     -4.5: -22.98388:     92482
    825:   104:    160.8: -0.10000: -0.02390:     -2.5: -12.88600:     92586
    826:    71:    160.7: -0.10000:  0.01934:      1.4:  -5.72710:     92657
    827:   173:    172.3: -0.10000:  0.03324:      5.8: -11.54900:     92830
    828:    78:    154.4: -0.10000:  0.00662:      0.5:  -7.28398:     92908
    829:   121:    149.6: -0.10000:  0.03534:      4.3:  -7.82410:     93029
    830:   149:    155.4: -0.10000:  0.01516:      2.3: -12.64107:     93178
    831:    62:    127.0: -0.10000:  0.00578:      0.4:  -5.84169:     93240
    832:    84:    122.7: -0.10000:  0.00792:      0.7:  -7.73455:     93324
    833:    79:    110.6: -0.10000:  0.01464:      1.2:  -6.74367:     93403
    834:    81:    100.2: -0.10000:  0.02804:      2.3:  -5.82870:     93484
    835:    94:     99.2: -0.10000:  0.02475:      2.3:  -7.07358:     93578
    836:    55:     97.6: -0.10000: -0.00626:     -0.3:  -5.84438:     93633
    837:    68:     87.1: -0.10000: -0.00103:     -0.1:  -6.87007:     93701
    838:   119:     91.2: -0.10000: -0.00567:     -0.7: -12.57497:     93820
    839:   118:     90.9: -0.10000:  0.01965:      2.3:  -9.48107:     93938
    840:    71:     83.1: -0.10000: -0.02076:     -1.5:  -8.57400:     94009
    841:    91:     86.0: -0.10000:  0.02119:      1.9:  -7.17127:     94100
    842:    58:     83.4: -0.10000:  0.00335:      0.2:  -5.60565:     94158
    843:   122:     87.7: -0.10000: -0.00132:     -0.2: -12.36153:     94280
    844:   124:     92.0: -0.10000: -0.01342:     -1.7: -14.06352:     94404
    845:   159:     98.5: -0.10000:  0.00080:      0.1: -15.77290:     94563
    846:   121:    105.1: -0.10000: -0.00013:     -0.0: -12.11628:     94684
    847:   235:    121.8: -0.10000:  0.03873:      9.1: -14.39917:     94919
    848:    73:    117.2: -0.10000: -0.00442:     -0.3:  -7.62235:     94992
    849:    99:    115.3: -0.10000:  0.02858:      2.8:  -7.07073:     95091
    850:    79:    116.1: -0.10000:  0.01943:      1.5:  -6.36470:     95170
    851:   147:    121.7: -0.10000:  0.01735:      2.5: -12.15010:     95317
    852:    92:    125.1: -0.10000: -0.02348:     -2.2: -11.36033:     95409
    853:   118:    124.7: -0.10000: -0.04422:     -5.2: -17.01759:     95527
    854:   140:    126.3: -0.10000:  0.03473:      4.9:  -9.13724:     95667
    855:    65:    116.9: -0.10000:  0.00649:      0.4:  -6.07794:     95732
    856:   114:    116.2: -0.10000:  0.00011:      0.0: -11.38703:     95846
    857:   101:    102.8: -0.10000:  0.00867:      0.9:  -9.22459:     95947
    858:    99:    105.4: -0.10000:  0.00347:      0.3:  -9.55620:     96046
    859:   172:    112.7: -0.10000:  0.02079:      3.6: -13.62391:     96218
    860:   368:    141.6: -0.10000:  0.06747:     24.8: -11.96975:     96586
    861:    90:    135.9: -0.10000:  0.01955:      1.8:  -7.24047:     96676
    862:    93:    136.0: -0.10000: -0.00469:     -0.4:  -9.73592:     96769
    863:    68:    131.0: -0.10000:  0.00195:      0.1:  -6.66763:     96837
    864:   101:    127.1: -0.10000: -0.00027:     -0.0: -10.12760:     96938
    865:    93:    129.9: -0.10000:  0.00678:      0.6:  -8.66931:     97031
    866:   104:    128.9: -0.10000:  0.01517:      1.6:  -8.82192:     97135
    867:    62:    125.0: -0.10000:  0.00094:      0.1:  -6.14197:     97197
    868:   117:    126.8: -0.10000: -0.02104:     -2.5: -14.16167:     97314
    869:    95:    119.1: -0.10000: -0.00123:     -0.1:  -9.61709:     97409
    870:   288:    111.1: -0.10000:  0.03635:     10.5: -18.33008:     97697
    871:    71:    109.2: -0.10000: -0.00632:     -0.4:  -7.54886:     97768
    872:    93:    109.2: -0.10000: -0.01803:     -1.7: -10.97725:     97861
    873:   106:    113.0: -0.10000:  0.00447:      0.5: -10.12634:     97967
    874:   100:    112.9: -0.10000:  0.00961:      1.0:  -9.03898:     98067
    875:    62:    109.8: -0.10000: -0.00148:     -0.1:  -6.29156:     98129
    876:   149:    114.3: -0.10000:  0.00578:      0.9: -14.03942:     98278
    877:   122:    120.3: -0.10000: -0.00063:     -0.1: -12.27627:     98400
    878:   148:    123.4: -0.10000:  0.02320:      3.4: -11.36655:     98548
    879:   164:    130.3: -0.10000:  0.01782:      2.9: -13.47831:     98712
    880:    75:    109.0: -0.10000: -0.00284:     -0.2:  -7.71270:     98787
    881:    54:    107.3: -0.10000: -0.00613:     -0.3:  -5.73119:     98841
    882:   128:    110.8: -0.10000:  0.00754:      1.0: -11.83515:     98969
    883:    90:    109.2: -0.10000:  0.00788:      0.7:  -8.29065:     99059
    884:    57:    104.9: -0.10000:  0.00233:      0.1:  -5.56730:     99116
    885:    59:    104.6: -0.10000:  0.00240:      0.1:  -5.75822:     99175
    886:    61:     95.8: -0.10000:  0.02022:      1.2:  -4.86655:     99236
    887:    98:     93.4: -0.10000: -0.05071:     -5.0: -14.76928:     99334
    888:   202:     98.8: -0.10000:  0.02870:      5.8: -14.40202:     99536
    889:   262:    108.6: -0.10000:  0.03913:     10.3: -15.94688:     99798
    890:   194:    120.5: -0.10000:  0.04152:      8.1: -11.34517:     99992
    891:    73:    122.4: -0.10000: -0.01250:     -0.9:  -8.21225:    100065
    892:    63:    115.9: -0.10000: -0.01867:     -1.2:  -7.47593:    100128
    893:    52:    112.1: -0.10000:  0.00080:      0.0:  -5.15849:    100180
    894:    69:    113.3: -0.10000:  0.00401:      0.3:  -6.62301:    100249
    895:    71:    114.5: -0.10000:  0.00735:      0.5:  -6.57846:    100320
    896:    60:    114.4: -0.10000: -0.00064:     -0.0:  -6.03819:    100380
    897:    63:    110.9: -0.10000: -0.08839:     -5.6: -11.86885:    100443
    898:    64:     97.1: -0.10000: -0.00297:     -0.2:  -6.59021:    100507
    899:   114:     82.3: -0.10000: -0.02183:     -2.5: -13.88905:    100621
    900:   115:     74.4: -0.10000:  0.03023:      3.5:  -8.02352:    100736
    901:    79:     75.0: -0.10000: -0.02446:     -1.9:  -9.83212:    100815
    902:    76:     76.3: -0.10000: -0.00659:     -0.5:  -8.10113:    100891
    903:    58:     76.9: -0.10000: -0.00718:     -0.4:  -6.21656:    100949
    904:    94:     79.4: -0.10000:  0.00688:      0.6:  -8.75373:    101043
    905:    84:     80.7: -0.10000: -0.02005:     -1.7: -10.08441:    101127
    906:    85:     83.2: -0.10000:  0.01291:      1.1:  -7.40233:    101212
    907:    76:     84.5: -0.10000:  0.01390:      1.1:  -6.54337:    101288
    908:    83:     86.4: -0.10000:  0.01908:      1.6:  -6.71628:    101371
    909:    81:     83.1: -0.10000:  0.02721:      2.2:  -5.89626:    101452
    910:   117:     83.3: -0.10000:  0.00947:      1.1: -10.59236:    101569
    911:    62:     81.6: -0.10000:  0.01945:      1.2:  -4.99380:    101631
    912:    85:     82.5: -0.10000:  0.01696:      1.4:  -7.05839:    101716
    913:   109:     87.6: -0.10000:  0.01499:      1.6:  -9.26601:    101825
    914:   126:     90.8: -0.10000: -0.02760:     -3.5: -16.07717:    101951
    915:    65:     88.9: -0.10000:  0.00442:      0.3:  -6.21280:    102016
    916:   148:     95.2: -0.10000: -0.01797:     -2.7: -17.46001:    102164
    917:    94:     97.0: -0.10000: -0.00270:     -0.3:  -9.65369:    102258
    918:    69:     95.6: -0.10000: -0.01096:     -0.8:  -7.65626:    102327
    919:    89:     96.4: -0.10000: -0.00626:     -0.6:  -9.45708:    102416
    920:   101:     94.8: -0.10000: -0.01820:     -1.8: -11.93868:    102517
    921:   131:    101.7: -0.10000:  0.02068:      2.7: -10.39152:    102648
    922:    77:    100.9: -0.10000: -0.01993:     -1.5:  -9.23482:    102725
    923:    68:     96.8: -0.10000: -0.03177:     -2.2:  -8.96023:    102793
    924:    84:     92.6: -0.10000: -0.01631:     -1.4:  -9.77024:    102877
    925:   142:    100.3: -0.10000: -0.01706:     -2.4: -16.62206:    103019
    926:    93:     94.8: -0.10000:  0.00728:      0.7:  -8.62341:    103112
    927:   102:     95.6: -0.10000:  0.01598:      1.6:  -8.56969:    103214
    928:   177:    106.4: -0.10000:  0.02125:      3.8: -13.93845:    103391
    929:    69:    104.4: -0.10000: -0.03097:     -2.1:  -9.03687:    103460
    930:   114:    105.7: -0.10000:  0.00326:      0.4: -11.02875:    103574
    931:   101:    102.7: -0.10000:  0.02323:      2.3:  -7.75374:    103675
    932:   171:    112.1: -0.10000:  0.02883:      4.9: -12.17091:    103846
    933:    96:    114.9: -0.10000:  0.02359:      2.3:  -7.33526:    103942
    934:   186:    125.1: -0.10000:  0.03344:      6.2: -12.38106:    104128
    935:   103:    121.2: -0.10000:  0.00803:      0.8:  -9.47322:    104231
    936:    56:    117.5: -0.10000:  0.02153:      1.2:  -4.39450:    104287
    937:    73:    114.6: -0.10000: -0.03155:     -2.3:  -9.60282:    104360
    938:    70:    103.9: -0.10000: -0.00106:     -0.1:  -7.07445:    104430
    939:   103:    107.3: -0.10000: -0.05237:     -5.4: -15.69429:    104533
    940:   117:    107.6: -0.10000: -0.02764:     -3.2: -14.93440:    104650
    941:   108:    108.3: -0.10000: -0.03058:     -3.3: -14.10252:    104758
    942:   175:    108.7: -0.10000:  0.03712:      6.5: -11.00413:    104933
    943:    74:    106.5: -0.10000: -0.00319:     -0.2:  -7.63588:    105007
    944:    77:     95.6: -0.10000:  0.00756:      0.6:  -7.11752:    105084
    945:   179:    103.2: -0.10000:  0.03957:      7.1: -10.81748:    105263
    946:    70:    104.6: -0.10000: -0.03484:     -2.4:  -9.43884:    105333
    947:   106:    107.9: -0.10000:  0.01229:      1.3:  -9.29676:    105439
    948:   117:    112.6: -0.10000: -0.03182:     -3.7: -15.42237:    105556
    949:   110:    113.3: -0.10000:  0.00168:      0.2: -10.81508:    105666
    950:   119:    113.5: -0.10000: -0.00020:     -0.0: -11.92403:    105785
    951:    63:    109.0: -0.10000:  0.00071:      0.0:  -6.25511:    105848
    952:    63:     97.8: -0.10000: -0.00144:     -0.1:  -6.39091:    105911
    953:   197:    110.1: -0.10000:  0.05257:     10.4:  -9.34289:    106108
    954:   174:    119.8: -0.10000:  0.04050:      7.0: -10.35327:    106282
    955:    88:    110.7: -0.10000:  0.00758:      0.7:  -8.13304:    106370
    956:    95:    113.2: -0.10000:  0.00014:      0.0:  -9.48659:    106465
    957:   110:    113.6: -0.10000: -0.00960:     -1.1: -12.05634:    106575
    958:    71:    109.0: -0.10000:  0.01458:      1.0:  -6.06472:    106646
    959:   300:    128.0: -0.10000:  0.06224:     18.7: -11.32744:    106946
    960:    86:    124.7: -0.10000:  0.01486:      1.3:  -7.32209:    107032
    961:   347:    153.1: -0.10000:  0.05290:     18.4: -16.34447:    107379
    962:    67:    153.5: -0.10000:  0.00475:      0.3:  -6.38142:    107446
    963:   113:    145.1: -0.10000:  0.02192:      2.5:  -8.82276:    107559
    964:    87:    136.4: -0.10000: -0.01411:     -1.2:  -9.92800:    107646
    965:    96:    137.2: -0.10000: -0.02770:     -2.7: -12.25924:    107742
    966:    78:    135.5: -0.10000: -0.00825:     -0.6:  -8.44384:    107820
    967:   147:    139.2: -0.10000:  0.02190:      3.2: -11.48063:    107967
    968:    53:    137.4: -0.10000:  0.01715:      0.9:  -4.39110:    108020
    969:   164:    123.8: -0.10000: -0.00069:     -0.1: -16.51379:    108184
    970:   108:    126.0: -0.10000:  0.01122:      1.2:  -9.58831:    108292
    971:   184:    109.7: -0.10000:  0.02063:      3.8: -14.60351:    108476
    972:    69:    109.9: -0.10000: -0.04015:     -2.8:  -9.67060:    108545
    973:    82:    106.8: -0.10000: -0.00187:     -0.2:  -8.35312:    108627
    974:   151:    113.2: -0.10000:  0.01412:      2.1: -12.96853:    108778
    975:    92:    112.8: -0.10000: -0.02026:     -1.9: -11.06426:    108870
    976:    71:    112.1: -0.10000:  0.01940:      1.4:  -5.72287:    108941
    977:   110:    108.4: -0.10000:  0.00616:      0.7: -10.32277:    109051
    978:    80:    111.1: -0.10000: -0.00647:     -0.5:  -8.51727:    109131
    979:   294:    124.1: -0.10000:  0.06120:     18.0: -11.40860:    109425
    980:    86:    121.9: -0.10000:  0.01794:      1.5:  -7.05739:    109511
    981:   177:    121.2: -0.10000:  0.01870:      3.3: -14.38929:    109688
    982:    73:    121.6: -0.10000:  0.02230:      1.6:  -5.67231:    109761
    983:    93:    122.7: -0.10000:  0.00577:      0.5:  -8.76378:    109854
    984:    74:    115.0: -0.10000:  0.00617:      0.5:  -6.94351:    109928
    985:    61:    111.9: -0.10000:  0.02128:      1.3:  -4.80169:    109989
    986:    66:    111.4: -0.10000:  0.00504:      0.3:  -6.26761:    110055
    987:   178:    118.2: -0.10000:  0.03023:      5.4: -12.41820:    110233
    988:    91:    119.3: -0.10000:  0.01948:      1.8:  -7.32730:    110324
    989:    75:     97.4: -0.10000: -0.00300:     -0.2:  -7.72471:    110399
    990:   105:     99.3: -0.10000:  0.00973:      1.0:  -9.47789:    110504
    991:    57:     87.3: -0.10000:  0.00435:      0.2:  -5.45230:    110561
    992:    68:     86.8: -0.10000: -0.03139:     -2.1:  -8.93452:    110629
    993:   169:     94.4: -0.10000:  0.00705:      1.2: -15.70805:    110798
    994:    81:     95.1: -0.10000:  0.02631:      2.1:  -5.96900:    110879
    995:    74:     96.4: -0.10000:  0.01290:      1.0:  -6.44512:    110953
    996:   101:     99.9: -0.10000:  0.01518:      1.5:  -8.56728:    111054
    997:   139:     96.0: -0.10000:  0.00531:      0.7: -13.16154:    111193
    998:   162:    103.1: -0.10000:  0.03658:      5.9: -10.27358:    111355
