episodes:steps:mean_steps(10):rwd:mean_rwd:rwd_sum:score_sum:iter
      0:   500:     50.0: -1.35103: -0.81776:   -408.9:-408.88079:       500
      1:   500:    100.0: -1.53828: -0.79928:   -399.6:-399.63978:      1000
      2:   500:    150.0: -1.44432: -0.80607:   -403.0:-403.03365:      1500
      3:   500:    200.0: -1.48897: -0.78860:   -394.3:-394.29823:      2000
      4:   500:    250.0: -1.46426: -0.74038:   -370.2:-370.18781:      2500
      5:   500:    300.0: -1.54433: -0.79599:   -398.0:-397.99281:      3000
      6:   500:    350.0: -1.52102: -0.85503:   -427.5:-427.51683:      3500
      7:   500:    400.0: -1.30304: -0.73539:   -367.7:-367.69553:      4000
      8:   500:    450.0: -1.54402: -0.80962:   -404.8:-404.80884:      4500
      9:   500:    500.0: -1.44825: -0.75946:   -379.7:-379.73180:      5000
     10:   500:    500.0: -1.38692: -0.78533:   -392.7:-392.66378:      5500
     11:   500:    500.0: -1.50690: -0.73069:   -365.3:-365.34408:      6000
     12:   500:    500.0: -1.54886: -0.80756:   -403.8:-403.77775:      6500
     13:   500:    500.0: -1.31160: -0.71363:   -356.8:-356.81591:      7000
     14:   500:    500.0: -1.55942: -0.75909:   -379.5:-379.54553:      7500
     15:   500:    500.0: -1.53874: -0.68661:   -343.3:-343.30569:      8000
     16:   500:    500.0: -1.57223: -0.85059:   -425.3:-425.29634:      8500
     17:   500:    500.0: -1.46109: -0.81786:   -408.9:-408.93088:      9000
     18:   500:    500.0: -1.38413: -0.75982:   -379.9:-379.90914:      9500
     19:   500:    500.0: -1.49953: -0.83052:   -415.3:-415.25914:     10000
     20:   500:    500.0: -1.53893: -0.89205:   -446.0:-446.02728:     10500
     21:   500:    500.0: -1.58234: -0.72090:   -360.5:-360.45030:     11000
     22:   500:    500.0: -1.47764: -0.74091:   -370.5:-370.45537:     11500
     23:   500:    500.0: -1.35530: -0.73193:   -366.0:-365.96243:     12000
     24:   500:    500.0: -1.58089: -0.73997:   -370.0:-369.98480:     12500
     25:   500:    500.0: -1.46546: -0.77414:   -387.1:-387.06749:     13000
     26:   500:    500.0: -1.50419: -0.82752:   -413.8:-413.76210:     13500
     27:   500:    500.0: -1.48521: -0.77910:   -389.6:-389.55254:     14000
     28:   500:    500.0: -1.47865: -0.76060:   -380.3:-380.29790:     14500
     29:   500:    500.0: -1.46930: -0.72521:   -362.6:-362.60725:     15000
     30:   500:    500.0: -1.55583: -0.87350:   -436.8:-436.75127:     15500
     31:   500:    500.0: -1.59687: -0.78451:   -392.3:-392.25631:     16000
     32:   500:    500.0: -1.42179: -0.75849:   -379.2:-379.24690:     16500
     33:   500:    500.0: -1.49515: -0.78613:   -393.1:-393.06671:     17000
     34:   500:    500.0: -1.59424: -0.78327:   -391.6:-391.63391:     17500
     35:   500:    500.0: -1.44863: -0.81583:   -407.9:-407.91721:     18000
     36:   500:    500.0: -1.49227: -0.81213:   -406.1:-406.06266:     18500
     37:   500:    500.0: -1.41918: -0.74474:   -372.4:-372.36946:     19000
     38:   500:    500.0: -1.48396: -0.68463:   -342.3:-342.31690:     19500
     39:   500:    500.0: -1.54060: -0.83889:   -419.4:-419.44423:     20000
     40:   500:    500.0: -1.50391: -0.79858:   -399.3:-399.29217:     20500
     41:   500:    500.0: -1.41908: -0.77999:   -390.0:-389.99399:     21000
     42:   500:    500.0: -1.42893: -0.74601:   -373.0:-373.00748:     21500
     43:   500:    500.0: -1.52494: -0.83456:   -417.3:-417.27937:     22000
     44:   500:    500.0: -1.40144: -0.75959:   -379.8:-379.79376:     22500
     45:   500:    500.0: -1.41626: -0.79755:   -398.8:-398.77641:     23000
     46:   500:    500.0: -1.51073: -0.79169:   -395.8:-395.84567:     23500
     47:   500:    500.0: -1.49427: -0.80917:   -404.6:-404.58472:     24000
     48:   500:    500.0: -1.53509: -0.87621:   -438.1:-438.10438:     24500
     49:   500:    500.0: -1.51525: -0.81377:   -406.9:-406.88480:     25000
     50:   500:    500.0: -1.55291: -0.84791:   -424.0:-423.95408:     25500
     51:   500:    500.0: -1.52861: -0.82891:   -414.5:-414.45269:     26000
     52:   500:    500.0: -1.52628: -0.76949:   -384.7:-384.74612:     26500
     53:   500:    500.0: -1.52328: -0.75821:   -379.1:-379.10550:     27000
     54:   500:    500.0: -1.44885: -0.78465:   -392.3:-392.32479:     27500
     55:   500:    500.0: -1.49277: -0.78165:   -390.8:-390.82356:     28000
     56:   500:    500.0: -1.58631: -0.80966:   -404.8:-404.82738:     28500
     57:   500:    500.0: -1.44801: -0.85600:   -428.0:-428.00141:     29000
     58:   500:    500.0: -1.47645: -0.66404:   -332.0:-332.01827:     29500
     59:   500:    500.0: -1.53933: -0.83234:   -416.2:-416.17087:     30000
     60:   500:    500.0: -1.39311: -0.68617:   -343.1:-343.08501:     30500
     61:   500:    500.0: -1.47042: -0.73705:   -368.5:-368.52324:     31000
     62:   500:    500.0: -1.50173: -0.84416:   -422.1:-422.07799:     31500
     63:   500:    500.0: -1.45167: -0.75971:   -379.9:-379.85335:     32000
     64:   500:    500.0: -1.45223: -0.76370:   -381.9:-381.85233:     32500
     65:   500:    500.0: -1.46693: -0.79417:   -397.1:-397.08290:     33000
     66:   500:    500.0: -1.52545: -0.72071:   -360.4:-360.35505:     33500
     67:   500:    500.0: -1.42849: -0.80403:   -402.0:-402.01642:     34000
     68:   500:    500.0: -1.48204: -0.83300:   -416.5:-416.50033:     34500
     69:   500:    500.0: -1.47841: -0.74440:   -372.2:-372.19807:     35000
     70:   500:    500.0: -1.44569: -0.77991:   -390.0:-389.95530:     35500
     71:   500:    500.0: -1.36161: -0.87345:   -436.7:-436.72710:     36000
     72:   500:    500.0: -1.49327: -0.76124:   -380.6:-380.61879:     36500
     73:   500:    500.0: -1.56472: -0.79234:   -396.2:-396.16901:     37000
     74:   500:    500.0: -1.39903: -0.74956:   -374.8:-374.77802:     37500
     75:   500:    500.0: -1.40770: -0.73156:   -365.8:-365.77855:     38000
     76:   500:    500.0: -1.51832: -0.77674:   -388.4:-388.37113:     38500
     77:   500:    500.0: -1.44522: -0.74207:   -371.0:-371.03615:     39000
     78:   500:    500.0: -1.48513: -0.76285:   -381.4:-381.42256:     39500
     79:   500:    500.0: -1.53322: -0.83741:   -418.7:-418.70486:     40000
     80:   500:    500.0: -1.53416: -0.82344:   -411.7:-411.71898:     40500
     81:   500:    500.0: -1.54808: -0.83747:   -418.7:-418.73378:     41000
     82:   500:    500.0: -1.53954: -0.75259:   -376.3:-376.29329:     41500
     83:   500:    500.0: -1.40458: -0.75379:   -376.9:-376.89538:     42000
     84:   500:    500.0: -1.37156: -0.75133:   -375.7:-375.66537:     42500
     85:   500:    500.0: -1.34989: -0.72894:   -364.5:-364.46873:     43000
     86:   500:    500.0: -1.39638: -0.78084:   -390.4:-390.41962:     43500
     87:   500:    500.0: -1.57376: -0.83957:   -419.8:-419.78739:     44000
     88:   500:    500.0: -1.38581: -0.79002:   -395.0:-395.00978:     44500
     89:   500:    500.0: -1.42543: -0.70527:   -352.6:-352.63385:     45000
     90:   500:    500.0: -1.50070: -0.76914:   -384.6:-384.56943:     45500
     91:   500:    500.0: -1.55962: -0.89687:   -448.4:-448.43470:     46000
     92:   500:    500.0: -1.61111: -0.78818:   -394.1:-394.08821:     46500
     93:   500:    500.0: -1.33361: -0.68275:   -341.4:-341.37387:     47000
     94:   500:    500.0: -1.49111: -0.79814:   -399.1:-399.06862:     47500
     95:   500:    500.0: -1.39640: -0.75389:   -376.9:-376.94510:     48000
     96:   500:    500.0: -1.52699: -0.79771:   -398.9:-398.85344:     48500
     97:   500:    500.0: -1.51671: -0.76971:   -384.9:-384.85428:     49000
     98:   500:    500.0: -1.47157: -0.78402:   -392.0:-392.01028:     49500
     99:   500:    500.0: -1.36533: -0.76583:   -382.9:-382.91646:     50000
    100:   500:    500.0: -1.64213: -0.80267:   -401.3:-401.33242:     50500
    101:   500:    500.0: -1.43637: -0.73617:   -368.1:-368.08485:     51000
    102:   500:    500.0: -1.29787: -0.64964:   -324.8:-324.82170:     51500
    103:   500:    500.0: -1.53757: -0.82072:   -410.4:-410.35929:     52000
    104:   500:    500.0: -1.53159: -0.72842:   -364.2:-364.21028:     52500
    105:   500:    500.0: -1.40583: -0.77740:   -388.7:-388.69790:     53000
    106:   500:    500.0: -1.40775: -0.77586:   -387.9:-387.92947:     53500
    107:   500:    500.0: -1.50687: -0.72662:   -363.3:-363.30831:     54000
    108:   500:    500.0: -1.27759: -0.71298:   -356.5:-356.49080:     54500
    109:   500:    500.0: -1.42418: -0.80975:   -404.9:-404.87730:     55000
    110:   500:    500.0: -1.49110: -0.79818:   -399.1:-399.09177:     55500
    111:   500:    500.0: -1.32935: -0.78534:   -392.7:-392.67164:     56000
    112:   500:    500.0: -1.53603: -0.81460:   -407.3:-407.30098:     56500
    113:   500:    500.0: -1.54311: -0.75557:   -377.8:-377.78431:     57000
    114:   500:    500.0: -1.45796: -0.72684:   -363.4:-363.41967:     57500
