episodes:steps:mean_steps(10):rwd:mean_rwd:rwd_sum:score_sum:iter
      0:   500:     50.0: -4.28316: -1.72923:   -864.6:-792.58032:       500
      1:   500:    100.0: -4.56973: -1.95405:   -977.0:-881.40442:      1000
      2:   500:    150.0: -2.17169: -1.89796:   -949.0:-875.73330:      1500
      3:   500:    200.0: -4.21190: -1.82269:   -911.3:-865.99843:      2000
      4:   500:    250.0: -4.46971: -1.81363:   -906.8:-810.10071:      2500
      5:   500:    300.0: -4.22792: -1.85740:   -928.7:-876.74031:      3000
      6:   500:    350.0:  7.38878: -1.94673:   -973.4:-943.48802:      3500
      7:   500:    400.0: -4.39953: -1.84589:   -922.9:-847.58460:      4000
      8:   500:    450.0: -4.42656: -1.87173:   -935.9:-870.43542:      4500
      9:   500:    500.0: -4.42667: -1.91142:   -955.7:-851.09819:      5000
     10:   500:    500.0: -4.29027: -1.84075:   -920.4:-855.61482:      5500
     11:   500:    500.0: -4.38876: -1.81374:   -906.9:-859.48812:      6000
     12:   500:    500.0: -3.98944: -1.66901:   -834.5:-786.58590:      6500
     13:   500:    500.0: -4.92828: -1.81524:   -907.6:-827.47945:      7000
     14:   500:    500.0: -4.24950: -1.70979:   -854.9:-770.55682:      7500
     15:   500:    500.0: -4.37834: -1.81007:   -905.0:-809.44030:      8000
     16:   500:    500.0: -4.14939: -1.70250:   -851.2:-798.96113:      8500
     17:   500:    500.0: -4.21880: -1.81418:   -907.1:-860.48918:      9000
     18:   500:    500.0: -4.57745: -1.95103:   -975.5:-851.97337:      9500
     19:   500:    500.0:  0.76243: -1.62260:   -811.3:-723.87578:     10000
     20:   500:    500.0: -4.12071: -1.67599:   -838.0:-778.35330:     10500
     21:   500:    500.0: -4.02785: -1.68341:   -841.7:-801.41964:     11000
     22:   500:    500.0:  3.73315: -1.79226:   -896.1:-831.41125:     11500
     23:   500:    500.0: -4.07427: -1.61737:   -808.7:-732.40942:     12000
     24:   500:    500.0: -4.64782: -2.03494:  -1017.5:-921.25151:     12500
     25:   500:    500.0: -4.54682: -1.98928:   -994.6:-921.01855:     13000
     26:   500:    500.0: -4.33180: -1.83838:   -919.2:-849.46518:     13500
     27:   500:    500.0: -4.35062: -1.80292:   -901.5:-813.70623:     14000
     28:   500:    500.0: -4.02395: -1.66116:   -830.6:-780.01585:     14500
     29:   500:    500.0:  8.36858: -1.77803:   -889.0:-834.29426:     15000
     30:   500:    500.0: -4.46727: -1.90354:   -951.8:-842.42158:     15500
     31:   500:    500.0:  2.13677: -1.80057:   -900.3:-841.85307:     16000
     32:   500:    500.0:  5.96159: -1.86457:   -932.3:-853.30466:     16500
     33:   500:    500.0: -3.84027: -1.53080:   -765.4:-724.35585:     17000
     34:   500:    500.0: -4.39667: -1.83811:   -919.1:-823.52124:     17500
     35:   500:    500.0:  1.01199: -2.02709:  -1013.5:-894.33490:     18000
     36:   500:    500.0: -3.01686: -1.83908:   -919.5:-829.77277:     18500
     37:   500:    500.0: -4.32684: -1.89764:   -948.8:-887.83553:     19000
     38:   500:    500.0:  6.07814: -1.80078:   -900.4:-839.55641:     19500
     39:   500:    500.0:  5.42348: -1.51910:   -759.6:-695.58890:     20000
     40:   500:    500.0:  3.31269: -1.88307:   -941.5:-849.96525:     20500
     41:   500:    500.0: -4.53933: -1.74469:   -872.3:-785.29467:     21000
     42:   500:    500.0: -4.36615: -1.87486:   -937.4:-859.45042:     21500
     43:   500:    500.0: -4.25989: -1.74238:   -871.2:-813.80270:     22000
     44:   500:    500.0: -4.17845: -1.70435:   -852.2:-771.96425:     22500
     45:   500:    500.0: -4.27559: -1.80176:   -900.9:-839.04515:     23000
     46:   500:    500.0: -4.23998: -1.72140:   -860.7:-801.34984:     23500
     47:   500:    500.0: -4.40614: -1.84160:   -920.8:-808.51381:     24000
     48:   500:    500.0: -4.38198: -1.89552:   -947.8:-872.61537:     24500
     49:   500:    500.0: -4.53352: -1.91711:   -958.6:-897.30345:     25000
     50:   500:    500.0:  6.87638: -1.72468:   -862.3:-807.21475:     25500
     51:   500:    500.0: -4.48142: -1.87028:   -935.1:-833.95423:     26000
     52:   500:    500.0:  4.63288: -1.64819:   -824.1:-771.02325:     26500
     53:   500:    500.0: -4.31563: -1.77158:   -885.8:-809.75970:     27000
     54:   500:    500.0:  3.39662: -1.86639:   -933.2:-814.01756:     27500
     55:   500:    500.0: -4.15982: -1.79804:   -899.0:-854.02155:     28000
     56:   500:    500.0: -4.23490: -1.77867:   -889.3:-825.64384:     28500
     57:   500:    500.0: -4.22081: -1.74536:   -872.7:-803.63048:     29000
     58:   500:    500.0: -4.24399: -1.78297:   -891.5:-849.49157:     29500
     59:   500:    500.0: -4.24315: -1.68870:   -844.4:-744.50347:     30000
     60:   500:    500.0: -3.11131: -1.97833:   -989.2:-933.98406:     30500
     61:   500:    500.0: -4.15151: -1.65991:   -830.0:-763.07920:     31000
     62:   500:    500.0: -4.09467: -1.77845:   -889.2:-843.96635:     31500
     63:   500:    500.0: -4.37445: -1.74162:   -870.8:-799.04961:     32000
     64:   500:    500.0: -2.58924: -1.68554:   -842.8:-801.55563:     32500
     65:   500:    500.0: -4.67093: -1.96038:   -980.2:-859.37639:     33000
     66:   500:    500.0: -3.97089: -1.62728:   -813.6:-782.00075:     33500
     67:   500:    500.0: -4.27022: -1.69411:   -847.1:-775.61417:     34000
     68:   500:    500.0: -4.49957: -1.93724:   -968.6:-886.59796:     34500
     69:   500:    500.0: -4.72914: -1.97764:   -988.8:-913.99763:     35000
     70:   500:    500.0: -4.48307: -1.81980:   -909.9:-824.55257:     35500
     71:   500:    500.0: -4.50524: -1.95343:   -976.7:-893.58890:     36000
     72:   500:    500.0:  7.16720: -1.73272:   -866.4:-803.17670:     36500
     73:   500:    500.0: -4.29821: -1.75591:   -878.0:-806.89585:     37000
     74:   500:    500.0:  7.52830: -1.65534:   -827.7:-753.10989:     37500
     75:   500:    500.0: -4.20226: -1.73714:   -868.6:-791.95224:     38000
     76:   500:    500.0: -4.27537: -1.73069:   -865.3:-773.77838:     38500
     77:   500:    500.0: -4.51578: -1.71728:   -858.6:-789.24407:     39000
     78:   500:    500.0: -4.06162: -1.74897:   -874.5:-803.09576:     39500
     79:   500:    500.0: -4.48188: -1.91605:   -958.0:-873.73886:     40000
     80:   500:    500.0:  3.79176: -1.77056:   -885.3:-822.35611:     40500
     81:   500:    500.0: -4.21681: -1.66091:   -830.5:-770.03849:     41000
     82:   500:    500.0: -4.17888: -1.73439:   -867.2:-804.41274:     41500
     83:   500:    500.0: -4.02977: -1.65727:   -828.6:-779.83531:     42000
     84:   500:    500.0: -4.63944: -2.06252:  -1031.3:-945.65424:     42500
     85:   500:    500.0:  5.78082: -1.99993:  -1000.0:-908.44708:     43000
     86:   500:    500.0: -4.39056: -1.67188:   -835.9:-772.18446:     43500
     87:   500:    500.0:  6.52161: -1.87383:   -936.9:-890.01130:     44000
     88:   500:    500.0:  4.95405: -1.80278:   -901.4:-815.00674:     44500
     89:   500:    500.0: -4.48872: -1.84923:   -924.6:-827.90154:     45000
     90:   500:    500.0:  4.66369: -1.79814:   -899.1:-844.17886:     45500
     91:   500:    500.0: -4.51706: -1.94363:   -971.8:-887.07539:     46000
     92:   500:    500.0: -4.40259: -1.81663:   -908.3:-806.39804:     46500
     93:   500:    500.0:  3.92629: -1.75993:   -880.0:-830.23313:     47000
     94:   500:    500.0: -4.85141: -1.95623:   -978.1:-923.90548:     47500
     95:   500:    500.0: -4.29672: -1.87701:   -938.5:-884.92859:     48000
     96:   500:    500.0: -4.98074: -1.83439:   -917.2:-820.75031:     48500
     97:   500:    500.0: -4.67684: -1.84557:   -922.8:-858.48662:     49000
     98:   500:    500.0: -4.65289: -1.75492:   -877.5:-812.78224:     49500
     99:   500:    500.0: -4.14191: -1.77227:   -886.1:-860.15391:     50000
    100:   500:    500.0: -4.30790: -1.78879:   -894.4:-797.21419:     50500
    101:   500:    500.0: -4.28555: -1.78177:   -890.9:-812.72503:     51000
    102:   500:    500.0: -4.41458: -1.74781:   -873.9:-823.84722:     51500
    103:   500:    500.0: -4.63307: -1.95038:   -975.2:-861.68453:     52000
    104:   500:    500.0: -4.54790: -1.93710:   -968.5:-854.83934:     52500
    105:   500:    500.0: -4.22797: -1.82745:   -913.7:-834.52070:     53000
    106:   500:    500.0: -4.47780: -1.93579:   -967.9:-897.39478:     53500
    107:   500:    500.0: -4.79587: -2.00700:  -1003.5:-889.01738:     54000
    108:   500:    500.0: -4.34862: -1.84815:   -924.1:-853.78797:     54500
    109:   500:    500.0: -4.35482: -1.84712:   -923.6:-865.99515:     55000
    110:   500:    500.0: -4.53609: -1.91833:   -959.2:-862.44204:     55500
    111:   500:    500.0: -4.42195: -1.95546:   -977.7:-922.04186:     56000
    112:   500:    500.0: -4.28175: -1.78434:   -892.2:-800.35161:     56500
    113:   500:    500.0: -4.16088: -1.76944:   -884.7:-828.60103:     57000
    114:   500:    500.0: -4.68664: -2.06098:  -1030.5:-921.40226:     57500
    115:   500:    500.0: -4.25203: -1.74017:   -870.1:-798.35775:     58000
    116:   500:    500.0: -4.65469: -1.83229:   -916.1:-837.99783:     58500
    117:   500:    500.0: -4.29496: -1.58838:   -794.2:-745.03592:     59000
    118:   500:    500.0: -4.33958: -1.72821:   -864.1:-773.28951:     59500
    119:   500:    500.0: -4.30994: -1.83322:   -916.6:-830.62750:     60000
    120:   500:    500.0: -3.65254: -1.80173:   -900.9:-813.99642:     60500
    121:   500:    500.0: -4.35647: -1.84176:   -920.9:-850.19178:     61000
    122:   500:    500.0: -4.77624: -1.80955:   -904.8:-825.91862:     61500
    123:   500:    500.0: -4.42898: -1.89240:   -946.2:-872.04270:     62000
    124:   500:    500.0: -4.63401: -2.03827:  -1019.1:-923.06142:     62500
    125:   500:    500.0: -4.37656: -1.90106:   -950.5:-870.08794:     63000
    126:   500:    500.0: -4.40607: -1.76967:   -884.8:-831.70034:     63500
    127:   500:    500.0: -4.35154: -1.88390:   -942.0:-883.88976:     64000
    128:   500:    500.0: -4.24775: -1.73267:   -866.3:-791.00475:     64500
    129:   500:    500.0: 11.12115: -1.88294:   -941.5:-846.47865:     65000
    130:   500:    500.0: -5.19390: -1.90110:   -950.5:-886.54600:     65500
    131:   500:    500.0: -3.94137: -1.64026:   -820.1:-790.04216:     66000
    132:   500:    500.0: -4.17527: -1.62505:   -812.5:-744.68943:     66500
    133:   500:    500.0: -4.39387: -1.79785:   -898.9:-791.06402:     67000
    134:   500:    500.0: -4.61487: -2.00539:  -1002.7:-900.43133:     67500
    135:   500:    500.0: -4.47807: -1.96334:   -981.7:-904.84044:     68000
    136:   500:    500.0: -4.65387: -1.94341:   -971.7:-861.38173:     68500
    137:   500:    500.0: -4.23220: -1.74306:   -871.5:-787.64456:     69000
    138:   500:    500.0: -4.45256: -1.95343:   -976.7:-894.98523:     69500
    139:   500:    500.0: -4.13937: -1.70530:   -852.6:-805.38289:     70000
    140:   500:    500.0: -4.33105: -1.86238:   -931.2:-888.67534:     70500
    141:   500:    500.0:  8.29148: -1.64827:   -824.1:-791.96903:     71000
    142:   500:    500.0: -4.65889: -1.79141:   -895.7:-840.44722:     71500
    143:   500:    500.0:  3.71149: -1.71643:   -858.2:-786.88528:     72000
    144:   500:    500.0: -4.26160: -1.77983:   -889.9:-845.67245:     72500
    145:   500:    500.0: -3.94560: -1.63042:   -815.2:-771.21273:     73000
    146:   500:    500.0:  1.80487: -1.75613:   -878.1:-817.94243:     73500
    147:   500:    500.0: -4.48860: -1.95877:   -979.4:-897.61675:     74000
    148:   500:    500.0: -4.33321: -1.82811:   -914.1:-856.12540:     74500
    149:   500:    500.0: -4.02510: -1.71093:   -855.5:-814.33874:     75000
    150:   500:    500.0:  2.28908: -1.63822:   -819.1:-814.03012:     75500
    151:   500:    500.0: -4.27024: -1.78474:   -892.4:-834.82173:     76000
    152:   500:    500.0: -4.33121: -1.81975:   -909.9:-844.71557:     76500
    153:   500:    500.0: -4.25901: -1.84466:   -922.3:-858.42500:     77000
    154:   500:    500.0: -4.24634: -1.79444:   -897.2:-834.02988:     77500
    155:   500:    500.0: -4.42353: -1.87762:   -938.8:-863.93235:     78000
    156:   500:    500.0: -4.49757: -1.99909:   -999.5:-928.54746:     78500
    157:   500:    500.0:  7.70689: -1.78468:   -892.3:-830.33380:     79000
    158:   500:    500.0:  5.35716: -1.73776:   -868.9:-795.32985:     79500
    159:   500:    500.0: -4.36674: -1.89657:   -948.3:-879.70910:     80000
    160:   500:    500.0: -4.25439: -1.63808:   -819.0:-742.65278:     80500
    161:   500:    500.0: -4.20376: -1.90220:   -951.1:-902.82214:     81000
    162:   500:    500.0: -4.83321: -1.94864:   -974.3:-886.57529:     81500
    163:   500:    500.0:  5.61635: -1.95698:   -978.5:-939.13471:     82000
    164:   500:    500.0: -4.08734: -1.74562:   -872.8:-834.60920:     82500
    165:   500:    500.0: -4.55406: -2.02770:  -1013.9:-906.10881:     83000
    166:   500:    500.0:  4.34541: -1.96472:   -982.4:-902.35356:     83500
    167:   500:    500.0: -4.13209: -1.71182:   -855.9:-788.58064:     84000
    168:   500:    500.0: -4.19853: -1.74862:   -874.3:-797.17066:     84500
    169:   500:    500.0: -4.48335: -1.87103:   -935.5:-838.66936:     85000
    170:   500:    500.0: -5.11818: -2.11773:  -1058.9:-941.97718:     85500
    171:   500:    500.0: -4.27208: -1.83757:   -918.8:-856.67926:     86000
    172:   500:    500.0: -4.79024: -1.74099:   -870.5:-816.76416:     86500
    173:   500:    500.0: -4.46800: -1.89624:   -948.1:-868.14545:     87000
    174:   500:    500.0: -2.67239: -1.96715:   -983.6:-904.07773:     87500
    175:   500:    500.0: -4.14619: -1.69032:   -845.2:-753.00600:     88000
    176:   500:    500.0: -4.53967: -1.97940:   -989.7:-894.12998:     88500
    177:   500:    500.0: -4.68728: -1.94651:   -973.3:-883.39658:     89000
    178:   500:    500.0:  6.16010: -1.59508:   -797.5:-763.81155:     89500
    179:   500:    500.0: -4.12499: -1.74715:   -873.6:-833.14355:     90000
    180:   500:    500.0: -4.37515: -1.80889:   -904.4:-822.04728:     90500
    181:   500:    500.0: -4.80689: -1.85605:   -928.0:-872.09233:     91000
    182:   500:    500.0: -4.17688: -1.78943:   -894.7:-829.32077:     91500
    183:   500:    500.0: -4.36734: -1.94406:   -972.0:-927.22939:     92000
    184:   500:    500.0:  6.77743: -1.82245:   -911.2:-903.58274:     92500
    185:   500:    500.0: -4.10868: -1.65215:   -826.1:-736.86546:     93000
    186:   500:    500.0: -4.56435: -2.02335:  -1011.7:-956.00338:     93500
    187:   500:    500.0:  4.01530: -1.70637:   -853.2:-816.79106:     94000
    188:   500:    500.0: -4.13357: -1.80022:   -900.1:-889.02097:     94500
    189:   500:    500.0: -4.72142: -2.07261:  -1036.3:-941.98096:     95000
    190:   500:    500.0: -4.26096: -1.87867:   -939.3:-868.33106:     95500
    191:   500:    500.0: -4.25675: -1.78389:   -891.9:-813.62072:     96000
    192:   500:    500.0: 10.79170: -1.64358:   -821.8:-775.56747:     96500
    193:   500:    500.0: -4.56286: -2.00237:  -1001.2:-924.96685:     97000
    194:   500:    500.0: 12.59337: -1.82642:   -913.2:-855.66768:     97500
    195:   500:    500.0: -4.05079: -1.65003:   -825.0:-745.66095:     98000
    196:   500:    500.0: -4.51514: -1.95935:   -979.7:-883.51700:     98500
    197:   500:    500.0:  4.86659: -1.88897:   -944.5:-896.55436:     99000
    198:   500:    500.0: -4.12638: -1.73877:   -869.4:-795.44959:     99500
    199:   500:    500.0: -4.21164: -1.70094:   -850.5:-767.34496:    100000
    200:   500:    500.0: -4.69523: -2.04067:  -1020.3:-933.94292:    100500
    201:   500:    500.0: -5.74553: -2.12360:  -1061.8:-942.01171:    101000
    202:   500:    500.0: -4.66772: -2.04022:  -1020.1:-931.06833:    101500
    203:   500:    500.0: -4.22645: -1.87354:   -936.8:-881.70633:    102000
    204:   500:    500.0: -3.93150: -1.59797:   -799.0:-737.08859:    102500
    205:   500:    500.0: -4.13697: -1.69429:   -847.1:-791.61725:    103000
    206:   500:    500.0: -4.45742: -1.86627:   -933.1:-845.48037:    103500
    207:   500:    500.0: -4.42923: -1.82687:   -913.4:-825.56061:    104000
    208:   500:    500.0: -4.13265: -1.70765:   -853.8:-809.91579:    104500
    209:   500:    500.0: -4.47261: -1.99693:   -998.5:-939.62839:    105000
    210:   500:    500.0: -4.18381: -1.74813:   -874.1:-805.80666:    105500
    211:   500:    500.0: -4.66619: -2.16480:  -1082.4:-1010.74161:    106000
    212:   500:    500.0: -4.34537: -1.84950:   -924.7:-827.74735:    106500
    213:   500:    500.0: -4.54593: -1.94999:   -975.0:-890.09038:    107000
    214:   500:    500.0: -4.23902: -1.80693:   -903.5:-844.56789:    107500
    215:   500:    500.0: -4.51093: -1.97588:   -987.9:-894.42525:    108000
    216:   500:    500.0: -4.80585: -1.95705:   -978.5:-924.29395:    108500
    217:   500:    500.0: -4.13884: -1.77037:   -885.2:-837.31411:    109000
    218:   500:    500.0:  1.85871: -1.92698:   -963.5:-881.60073:    109500
    219:   500:    500.0:  4.22744: -1.49993:   -750.0:-720.33704:    110000
    220:   500:    500.0:  9.58729: -1.87715:   -938.6:-861.93018:    110500
    221:   500:    500.0: -4.45561: -1.93868:   -969.3:-911.99144:    111000
    222:   500:    500.0: -4.54509: -1.95224:   -976.1:-903.65248:    111500
    223:   500:    500.0:  1.16296: -1.76474:   -882.4:-852.29657:    112000
    224:   500:    500.0: -4.92181: -2.00885:  -1004.4:-957.09719:    112500
    225:   500:    500.0: -4.78901: -1.88633:   -943.2:-871.78718:    113000
    226:   500:    500.0: -4.13116: -1.78826:   -894.1:-867.48103:    113500
    227:   500:    500.0: -4.39043: -1.86256:   -931.3:-855.52254:    114000
    228:   500:    500.0: -4.61648: -1.99470:   -997.3:-891.39796:    114500
    229:   500:    500.0: -4.49735: -1.91382:   -956.9:-863.33893:    115000
    230:   500:    500.0: -4.61019: -1.98801:   -994.0:-899.39286:    115500
    231:   500:    500.0: -4.62784: -1.77875:   -889.4:-822.16622:    116000
    232:   500:    500.0: -3.75887: -1.52652:   -763.3:-722.14797:    116500
    233:   500:    500.0: -4.76993: -1.82398:   -912.0:-855.30367:    117000
    234:   500:    500.0: -4.44170: -1.89383:   -946.9:-886.50389:    117500
    235:   500:    500.0: -4.46122: -1.93958:   -969.8:-882.02294:    118000
    236:   500:    500.0: -4.56077: -2.02437:  -1012.2:-938.86716:    118500
    237:   500:    500.0: -4.66976: -1.81139:   -905.7:-821.83324:    119000
    238:   500:    500.0: -4.53508: -1.90879:   -954.4:-875.52538:    119500
    239:   500:    500.0: -4.69388: -1.97878:   -989.4:-875.95118:    120000
    240:   500:    500.0: -3.20244: -1.66564:   -832.8:-791.23172:    120500
    241:   500:    500.0: -4.33184: -1.82215:   -911.1:-826.33415:    121000
    242:   500:    500.0:  5.07720: -1.82210:   -911.1:-869.93078:    121500
    243:   500:    500.0:  1.50754: -1.87774:   -938.9:-854.49030:    122000
    244:   500:    500.0: -5.02125: -1.88833:   -944.2:-854.42775:    122500
    245:   500:    500.0: -4.32174: -1.75869:   -879.3:-773.36084:    123000
    246:   500:    500.0: -3.34069: -1.71553:   -857.8:-791.48057:    123500
    247:   500:    500.0: -3.91174: -1.62542:   -812.7:-781.80000:    124000
    248:   500:    500.0: -4.40231: -1.84768:   -923.8:-845.30119:    124500
    249:   500:    500.0: -4.67848: -1.83262:   -916.3:-826.85054:    125000
    250:   500:    500.0: 10.36108: -1.84876:   -924.4:-910.28662:    125500
    251:   500:    500.0: 10.75576: -1.95772:   -978.9:-880.29827:    126000
    252:   500:    500.0: -4.44739: -1.81077:   -905.4:-848.88444:    126500
    253:   500:    500.0: -4.65349: -1.97519:   -987.6:-864.90873:    127000
    254:   500:    500.0: -4.28977: -1.73322:   -866.6:-768.73753:    127500
    255:   500:    500.0: -4.31642: -1.84425:   -922.1:-867.86740:    128000
    256:   500:    500.0: -4.38532: -1.89387:   -946.9:-857.77669:    128500
    257:   500:    500.0: -4.54437: -2.00290:  -1001.5:-911.44184:    129000
    258:   500:    500.0: -4.66970: -2.06973:  -1034.9:-928.35216:    129500
    259:   500:    500.0: -4.83086: -1.95774:   -978.9:-898.24291:    130000
    260:   500:    500.0: -4.50028: -1.96174:   -980.9:-898.74756:    130500
    261:   500:    500.0: -4.60039: -2.01279:  -1006.4:-929.99982:    131000
    262:   500:    500.0: -4.57114: -1.99723:   -998.6:-884.59322:    131500
    263:   500:    500.0: -4.64043: -2.01392:  -1007.0:-917.08368:    132000
    264:   500:    500.0: -4.39111: -1.85279:   -926.4:-850.94023:    132500
    265:   500:    500.0:  3.39410: -1.77357:   -886.8:-823.48821:    133000
    266:   500:    500.0: 13.13464: -2.09718:  -1048.6:-949.12188:    133500
    267:   500:    500.0: -4.31138: -1.80060:   -900.3:-812.96593:    134000
    268:   500:    500.0: -4.44808: -1.90889:   -954.4:-903.97472:    134500
    269:   500:    500.0: -4.23180: -1.72286:   -861.4:-761.28366:    135000
    270:   500:    500.0: -4.17645: -1.70037:   -850.2:-774.23628:    135500
    271:   500:    500.0: -4.33618: -1.84322:   -921.6:-849.76090:    136000
    272:   500:    500.0: -4.18147: -1.72117:   -860.6:-802.02343:    136500
    273:   500:    500.0: -4.27929: -1.77098:   -885.5:-815.02395:    137000
    274:   500:    500.0: -4.13397: -1.70834:   -854.2:-807.23815:    137500
    275:   500:    500.0: -4.20712: -1.80429:   -902.1:-833.10035:    138000
    276:   500:    500.0: -4.53925: -1.92861:   -964.3:-869.49495:    138500
    277:   500:    500.0: -3.98274: -1.71473:   -857.4:-821.37358:    139000
    278:   500:    500.0: -4.24792: -1.79307:   -896.5:-831.02952:    139500
    279:   500:    500.0: -4.61904: -2.00841:  -1004.2:-932.19552:    140000
    280:   500:    500.0: -4.34367: -1.79162:   -895.8:-799.37756:    140500
    281:   500:    500.0: -4.45039: -1.89277:   -946.4:-870.27098:    141000
    282:   500:    500.0: -4.59431: -2.03277:  -1016.4:-933.04166:    141500
    283:   500:    500.0: -4.33664: -1.77008:   -885.0:-785.79521:    142000
    284:   500:    500.0: -4.11081: -1.50079:   -750.4:-678.41372:    142500
    285:   500:    500.0: -4.52414: -1.89240:   -946.2:-830.18837:    143000
    286:   500:    500.0:  3.09997: -1.98771:   -993.9:-912.56863:    143500
    287:   500:    500.0: -4.39684: -1.92987:   -964.9:-893.04335:    144000
    288:   500:    500.0:  2.37993: -1.85034:   -925.2:-861.41438:    144500
    289:   500:    500.0: -4.17394: -1.53362:   -766.8:-694.64499:    145000
    290:   500:    500.0: -4.62786: -2.07542:  -1037.7:-943.41691:    145500
    291:   500:    500.0: -2.15342: -1.95857:   -979.3:-936.31251:    146000
    292:   500:    500.0: -4.14584: -1.77402:   -887.0:-834.68049:    146500
    293:   500:    500.0: -4.30389: -1.82727:   -913.6:-835.80384:    147000
    294:   500:    500.0: -4.26638: -1.78011:   -890.1:-816.80298:    147500
    295:   500:    500.0:  4.51065: -1.75708:   -878.5:-814.14270:    148000
    296:   500:    500.0:  4.30791: -1.73722:   -868.6:-834.50105:    148500
    297:   500:    500.0: -4.40677: -1.86970:   -934.8:-836.96432:    149000
    298:   500:    500.0:  3.18562: -1.86069:   -930.3:-901.89345:    149500
    299:   500:    500.0: -4.18636: -1.76135:   -880.7:-831.95324:    150000
    300:   500:    500.0: -4.56670: -2.03608:  -1018.0:-970.24992:    150500
    301:   500:    500.0: -4.40052: -1.82697:   -913.5:-847.57957:    151000
    302:   500:    500.0: -4.35884: -1.81284:   -906.4:-822.20838:    151500
    303:   500:    500.0: -4.22100: -1.74391:   -872.0:-819.30454:    152000
    304:   500:    500.0: -4.60668: -2.03367:  -1016.8:-937.38479:    152500
    305:   500:    500.0: -4.34584: -1.76240:   -881.2:-766.16774:    153000
    306:   500:    500.0: -4.46137: -1.88761:   -943.8:-837.86163:    153500
    307:   500:    500.0: -4.41197: -1.86143:   -930.7:-839.62669:    154000
    308:   500:    500.0: -4.37450: -1.85063:   -925.3:-822.41310:    154500
    309:   500:    500.0: -4.86042: -1.94650:   -973.2:-899.26955:    155000
    310:   500:    500.0: -4.46228: -1.98614:   -993.1:-924.38084:    155500
    311:   500:    500.0: -4.54156: -1.95407:   -977.0:-870.81074:    156000
    312:   500:    500.0: -4.60243: -1.98531:   -992.7:-898.54069:    156500
    313:   500:    500.0: -4.13854: -1.70796:   -854.0:-797.88104:    157000
    314:   500:    500.0: -4.65347: -2.10967:  -1054.8:-980.52310:    157500
    315:   500:    500.0: -4.60016: -2.00141:  -1000.7:-911.39433:    158000
    316:   500:    500.0: -4.27074: -1.83261:   -916.3:-848.11132:    158500
    317:   500:    500.0: -4.30322: -1.73334:   -866.7:-803.82207:    159000
    318:   500:    500.0: -4.21766: -1.71074:   -855.4:-796.71933:    159500
    319:   500:    500.0: -4.23781: -1.73324:   -866.6:-814.03530:    160000
    320:   500:    500.0: -4.49020: -1.86053:   -930.3:-840.15200:    160500
    321:   500:    500.0: -4.57917: -1.98916:   -994.6:-945.51497:    161000
    322:   500:    500.0: -5.16250: -2.05150:  -1025.8:-932.12990:    161500
    323:   500:    500.0: -4.36101: -1.85527:   -927.6:-868.27610:    162000
    324:   500:    500.0: -4.18190: -1.78754:   -893.8:-827.93571:    162500
    325:   500:    500.0: -4.07734: -1.69937:   -849.7:-796.87026:    163000
    326:   500:    500.0: -4.81736: -2.16365:  -1081.8:-973.34559:    163500
    327:   500:    500.0: -4.44463: -1.86422:   -932.1:-829.82189:    164000
    328:   500:    500.0: -4.41268: -1.89265:   -946.3:-882.30514:    164500
    329:   500:    500.0: -4.49853: -1.86095:   -930.5:-816.63126:    165000
    330:   500:    500.0: -4.22363: -1.75442:   -877.2:-814.04340:    165500
    331:   500:    500.0: -4.32241: -1.86313:   -931.6:-864.56874:    166000
    332:   500:    500.0: -4.62255: -2.02930:  -1014.7:-907.54292:    166500
    333:   500:    500.0: -4.31140: -1.79888:   -899.4:-819.65771:    167000
    334:   500:    500.0:  4.25040: -1.87622:   -938.1:-869.93006:    167500
    335:   500:    500.0: -4.26533: -1.86905:   -934.5:-891.10342:    168000
    336:   500:    500.0: -4.46174: -1.85737:   -928.7:-845.04897:    168500
    337:   500:    500.0: -4.55734: -1.97070:   -985.3:-895.29550:    169000
    338:   500:    500.0: -4.70927: -2.07042:  -1035.2:-927.07523:    169500
    339:   500:    500.0: -4.55612: -1.99832:   -999.2:-919.72249:    170000
    340:   500:    500.0: -4.45802: -1.96783:   -983.9:-919.44440:    170500
    341:   500:    500.0: -4.63523: -2.10492:  -1052.5:-977.85085:    171000
    342:   500:    500.0: -3.98609: -1.64945:   -824.7:-785.06025:    171500
    343:   500:    500.0: -4.58717: -1.94602:   -973.0:-880.62009:    172000
    344:   500:    500.0: -4.35021: -1.79677:   -898.4:-796.40367:    172500
    345:   500:    500.0: -4.91792: -1.93864:   -969.3:-865.71017:    173000
    346:   500:    500.0: -4.30905: -1.78723:   -893.6:-877.21430:    173500
    347:   500:    500.0: -4.31931: -1.74013:   -870.1:-790.81585:    174000
    348:   500:    500.0: -4.27975: -1.87745:   -938.7:-891.08621:    174500
    349:   500:    500.0: -4.05418: -1.71131:   -855.7:-830.10411:    175000
    350:   500:    500.0: -4.45486: -2.01241:  -1006.2:-958.18976:    175500
    351:   500:    500.0: -4.63047: -1.83120:   -915.6:-843.29278:    176000
    352:   500:    500.0: -1.05704: -1.75023:   -875.1:-823.87887:    176500
    353:   500:    500.0: -4.17731: -1.71632:   -858.2:-784.69619:    177000
    354:   500:    500.0: -4.46522: -1.91033:   -955.2:-848.07410:    177500
    355:   500:    500.0: -0.82449: -1.57412:   -787.1:-769.79198:    178000
    356:   500:    500.0: -4.22687: -1.81608:   -908.0:-855.92385:    178500
    357:   500:    500.0: -4.27014: -1.78634:   -893.2:-822.63123:    179000
    358:   500:    500.0: -4.33591: -1.81809:   -909.0:-796.17908:    179500
    359:   500:    500.0: -4.25862: -1.72732:   -863.7:-795.99695:    180000
    360:   500:    500.0: -4.40998: -1.95920:   -979.6:-891.17853:    180500
    361:   500:    500.0: -4.14850: -1.80378:   -901.9:-857.43599:    181000
    362:   500:    500.0: -4.10650: -1.74264:   -871.3:-795.98045:    181500
    363:   500:    500.0: -4.01845: -1.69306:   -846.5:-773.07723:    182000
    364:   500:    500.0: -4.53004: -1.97808:   -989.0:-887.91568:    182500
    365:   500:    500.0: -4.54613: -2.01378:  -1006.9:-929.49162:    183000
    366:   500:    500.0: -4.64526: -1.76015:   -880.1:-808.78113:    183500
    367:   500:    500.0: -4.35227: -1.85880:   -929.4:-860.12685:    184000
    368:   500:    500.0: -4.52660: -1.79653:   -898.3:-831.41645:    184500
    369:   500:    500.0: -4.60305: -2.05156:  -1025.8:-949.09515:    185000
    370:   500:    500.0: -4.37762: -1.83366:   -916.8:-870.09519:    185500
    371:   500:    500.0:  6.08638: -1.83406:   -917.0:-836.44101:    186000
    372:   500:    500.0: -4.75676: -2.12711:  -1063.6:-931.52066:    186500
    373:   500:    500.0: -4.42018: -1.98946:   -994.7:-934.57600:    187000
    374:   500:    500.0: -4.31527: -1.93521:   -967.6:-948.38146:    187500
    375:   500:    500.0: -3.84222: -1.54432:   -772.2:-753.78978:    188000
    376:   500:    500.0: -4.48961: -1.92752:   -963.8:-880.36425:    188500
    377:   500:    500.0: -0.56950: -1.66018:   -830.1:-764.56525:    189000
    378:   500:    500.0: -4.66611: -2.00587:  -1002.9:-875.45008:    189500
    379:   500:    500.0: -4.35834: -1.86506:   -932.5:-874.41747:    190000
    380:   500:    500.0: -4.41418: -1.87429:   -937.1:-861.85781:    190500
    381:   500:    500.0: -4.45859: -1.89832:   -949.2:-883.66864:    191000
    382:   500:    500.0: -4.39049: -1.83828:   -919.1:-848.54322:    191500
    383:   500:    500.0: -4.15486: -1.75933:   -879.7:-855.77079:    192000
    384:   500:    500.0: -4.41270: -1.89647:   -948.2:-875.63922:    192500
    385:   500:    500.0: -4.38602: -1.95486:   -977.4:-927.32980:    193000
    386:   500:    500.0: -4.00355: -1.67246:   -836.2:-771.64066:    193500
    387:   500:    500.0: -3.67748: -1.49588:   -747.9:-739.07029:    194000
    388:   500:    500.0: -4.00275: -1.66436:   -832.2:-790.72578:    194500
    389:   500:    500.0:  6.99019: -1.92316:   -961.6:-892.86447:    195000
    390:   500:    500.0: -4.44059: -1.85692:   -928.5:-816.95187:    195500
    391:   500:    500.0: -4.49133: -1.97990:   -990.0:-912.66369:    196000
    392:   500:    500.0: -4.45202: -1.78143:   -890.7:-807.10373:    196500
    393:   500:    500.0: -4.21139: -1.78227:   -891.1:-826.76812:    197000
    394:   500:    500.0: -3.96065: -1.64720:   -823.6:-775.58735:    197500
    395:   500:    500.0: -4.33434: -1.84550:   -922.7:-870.29027:    198000
    396:   500:    500.0: -4.15096: -1.76654:   -883.3:-814.02867:    198500
    397:   500:    500.0: -4.33617: -1.95959:   -979.8:-935.76346:    199000
    398:   500:    500.0: -4.06684: -1.72993:   -865.0:-837.79526:    199500
    399:   500:    500.0: -4.15972: -1.78967:   -894.8:-840.42864:    200000
    400:   500:    500.0: -4.51950: -1.95847:   -979.2:-896.82127:    200500
    401:   500:    500.0: -4.09543: -1.70901:   -854.5:-785.71263:    201000
    402:   500:    500.0:  4.76836: -1.72398:   -862.0:-831.29219:    201500
    403:   500:    500.0: -4.39704: -1.92682:   -963.4:-915.99249:    202000
    404:   500:    500.0: -3.84089: -1.53285:   -766.4:-731.30190:    202500
    405:   500:    500.0: -4.13425: -1.68439:   -842.2:-779.46245:    203000
    406:   500:    500.0: -4.58565: -1.78414:   -892.1:-827.12732:    203500
    407:   500:    500.0: -3.91090: -1.56839:   -784.2:-744.60287:    204000
    408:   500:    500.0: -4.33150: -1.72048:   -860.2:-779.80929:    204500
    409:   500:    500.0: -4.57265: -1.92751:   -963.8:-863.70091:    205000
    410:   500:    500.0: -5.23894: -2.05955:  -1029.8:-961.80879:    205500
    411:   500:    500.0: -1.37786: -1.82595:   -913.0:-856.43108:    206000
    412:   500:    500.0: -4.31211: -1.58285:   -791.4:-736.51393:    206500
    413:   500:    500.0: -4.41530: -1.85138:   -925.7:-818.86697:    207000
    414:   500:    500.0:  3.18279: -1.54769:   -773.8:-692.00635:    207500
    415:   500:    500.0: -4.17667: -1.72777:   -863.9:-785.52389:    208000
    416:   500:    500.0: -4.19172: -1.78042:   -890.2:-837.62748:    208500
    417:   500:    500.0: -4.30699: -1.73701:   -868.5:-794.10370:    209000
    418:   500:    500.0: -1.52271: -1.87105:   -935.5:-864.38194:    209500
    419:   500:    500.0: -4.17929: -1.74128:   -870.6:-810.12105:    210000
    420:   500:    500.0: -4.38891: -1.91571:   -957.9:-876.20967:    210500
    421:   500:    500.0: -4.32654: -1.78157:   -890.8:-835.22001:    211000
    422:   500:    500.0:  5.73075: -1.80462:   -902.3:-821.69374:    211500
    423:   500:    500.0: -4.43891: -1.69729:   -848.6:-795.43876:    212000
    424:   500:    500.0: -4.24495: -1.82297:   -911.5:-861.10715:    212500
    425:   500:    500.0: -4.05585: -1.82348:   -911.7:-889.98657:    213000
    426:   500:    500.0:  1.32193: -1.62970:   -814.8:-778.52959:    213500
    427:   500:    500.0: -4.22310: -1.71822:   -859.1:-798.28133:    214000
    428:   500:    500.0: -4.10733: -1.70105:   -850.5:-783.35464:    214500
    429:   500:    500.0: -4.47552: -1.91477:   -957.4:-884.99451:    215000
    430:   500:    500.0:  5.64751: -1.72233:   -861.2:-801.93616:    215500
    431:   500:    500.0: -4.43256: -1.90846:   -954.2:-876.49381:    216000
    432:   500:    500.0: -4.29432: -1.77999:   -890.0:-808.69943:    216500
    433:   500:    500.0: -4.32085: -1.78275:   -891.4:-816.41995:    217000
    434:   500:    500.0: -4.73704: -2.08771:  -1043.9:-926.01417:    217500
    435:   500:    500.0: -4.15035: -1.66856:   -834.3:-755.98781:    218000
    436:   500:    500.0: -4.04384: -1.62284:   -811.4:-774.85325:    218500
    437:   500:    500.0: -4.41369: -1.82109:   -910.5:-819.00496:    219000
    438:   500:    500.0: -4.34502: -1.95378:   -976.9:-940.99532:    219500
    439:   500:    500.0: -4.71738: -1.98946:   -994.7:-950.69943:    220000
    440:   500:    500.0: -3.94795: -1.50613:   -753.1:-703.38909:    220500
    441:   500:    500.0: -4.41624: -1.86979:   -934.9:-873.76455:    221000
    442:   500:    500.0: -4.24741: -1.73083:   -865.4:-802.35573:    221500
    443:   500:    500.0: -4.14026: -1.71285:   -856.4:-804.15802:    222000
    444:   500:    500.0: -4.36375: -1.87740:   -938.7:-866.57884:    222500
    445:   500:    500.0: -4.06186: -1.59530:   -797.7:-742.13877:    223000
    446:   500:    500.0: -4.10212: -1.63754:   -818.8:-759.10897:    223500
    447:   500:    500.0: -4.42196: -1.82000:   -910.0:-805.92687:    224000
    448:   500:    500.0: -4.09657: -1.63933:   -819.7:-768.93048:    224500
    449:   500:    500.0: -4.40149: -1.73834:   -869.2:-816.05071:    225000
    450:   500:    500.0: -4.05438: -1.65410:   -827.0:-773.44804:    225500
    451:   500:    500.0: -3.82842: -1.52043:   -760.2:-722.40336:    226000
    452:   500:    500.0:  0.09971: -1.85919:   -929.6:-884.24608:    226500
    453:   500:    500.0: -4.39822: -1.82363:   -911.8:-820.82794:    227000
    454:   500:    500.0: -4.73229: -1.65282:   -826.4:-748.83505:    227500
    455:   500:    500.0: -4.80738: -2.10768:  -1053.8:-943.89648:    228000
    456:   500:    500.0: -4.24286: -1.70266:   -851.3:-762.17258:    228500
    457:   500:    500.0: -4.26909: -1.75212:   -876.1:-777.70489:    229000
    458:   500:    500.0: -4.54088: -1.86577:   -932.9:-832.41660:    229500
    459:   500:    500.0: -3.62139: -1.83550:   -917.7:-836.29821:    230000
    460:   500:    500.0: -4.75158: -1.80308:   -901.5:-822.91568:    230500
    461:   500:    500.0:  4.28595: -1.86558:   -932.8:-865.36033:    231000
    462:   500:    500.0: -4.33254: -1.82723:   -913.6:-841.99597:    231500
    463:   500:    500.0: -3.73671: -1.59311:   -796.6:-806.32885:    232000
    464:   500:    500.0: -4.39886: -1.82296:   -911.5:-808.88160:    232500
    465:   500:    500.0: -4.19837: -1.73593:   -868.0:-795.65517:    233000
    466:   500:    500.0: -4.05211: -1.65237:   -826.2:-778.92911:    233500
    467:   500:    500.0: -4.28545: -1.80356:   -901.8:-832.65163:    234000
    468:   500:    500.0:  3.49640: -1.59674:   -798.4:-730.24458:    234500
    469:   500:    500.0: -1.61999: -1.69309:   -846.5:-793.20399:    235000
    470:   500:    500.0: -4.53788: -1.93946:   -969.7:-872.53549:    235500
    471:   500:    500.0: -3.90810: -1.66353:   -831.8:-798.92397:    236000
    472:   500:    500.0: -4.52764: -1.84521:   -922.6:-823.89713:    236500
    473:   500:    500.0: -4.59717: -1.95913:   -979.6:-861.95635:    237000
    474:   500:    500.0: -4.25122: -1.81109:   -905.5:-853.15133:    237500
    475:   500:    500.0: -3.85705: -1.54625:   -773.1:-730.74946:    238000
    476:   500:    500.0: -4.47564: -1.89198:   -946.0:-854.60212:    238500
    477:   500:    500.0: -4.47740: -1.87510:   -937.6:-845.99259:    239000
    478:   500:    500.0:  0.54082: -1.53718:   -768.6:-748.32991:    239500
    479:   500:    500.0: -3.95545: -1.64227:   -821.1:-796.59116:    240000
    480:   500:    500.0: -4.45873: -1.89905:   -949.5:-868.02607:    240500
    481:   500:    500.0: -4.31053: -1.89412:   -947.1:-877.29841:    241000
    482:   500:    500.0: -4.09391: -1.65999:   -830.0:-737.81374:    241500
    483:   500:    500.0: -4.16743: -1.72848:   -864.2:-841.25547:    242000
    484:   500:    500.0: -3.99729: -1.66562:   -832.8:-762.28640:    242500
    485:   500:    500.0: -4.04797: -1.70005:   -850.0:-811.97787:    243000
    486:   500:    500.0: -3.75117: -1.53046:   -765.2:-748.40756:    243500
    487:   500:    500.0: -4.23598: -1.75244:   -876.2:-809.87059:    244000
    488:   500:    500.0: -4.31386: -1.73670:   -868.3:-777.70997:    244500
    489:   500:    500.0: -4.04832: -1.64961:   -824.8:-780.17751:    245000
    490:   500:    500.0: -4.18998: -1.61110:   -805.5:-776.82592:    245500
    491:   500:    500.0: -4.36581: -1.80904:   -904.5:-825.77838:    246000
    492:   500:    500.0: -3.78713: -1.51312:   -756.6:-708.50938:    246500
    493:   500:    500.0: -3.96753: -1.55872:   -779.4:-736.93099:    247000
    494:   500:    500.0: -4.68562: -2.09950:  -1049.7:-957.01676:    247500
    495:   500:    500.0: -4.41065: -1.87442:   -937.2:-857.05848:    248000
    496:   500:    500.0: -4.41741: -1.81165:   -905.8:-884.37214:    248500
    497:   500:    500.0: -5.11807: -1.73751:   -868.8:-818.95787:    249000
    498:   500:    500.0: -4.11027: -1.70245:   -851.2:-804.57823:    249500
    499:   500:    500.0: -4.05301: -1.77843:   -889.2:-834.85985:    250000
    500:   500:    500.0: -3.90899: -1.54116:   -770.6:-708.59757:    250500
    501:   500:    500.0: -4.28761: -1.73304:   -866.5:-791.01572:    251000
    502:   500:    500.0: -0.68402: -1.62060:   -810.3:-770.59970:    251500
    503:   500:    500.0: -3.92325: -1.61230:   -806.2:-764.81383:    252000
    504:   500:    500.0: -4.16551: -1.64968:   -824.8:-735.60656:    252500
    505:   500:    500.0: -4.18293: -1.70932:   -854.7:-801.19982:    253000
    506:   500:    500.0: -1.34803: -1.40466:   -702.3:-670.19695:    253500
    507:   500:    500.0: -4.58376: -1.97985:   -989.9:-881.02668:    254000
    508:   500:    500.0: -4.31707: -1.88765:   -943.8:-890.02594:    254500
    509:   500:    500.0: -4.10100: -1.71432:   -857.2:-778.47949:    255000
    510:   500:    500.0: -4.31752: -1.82429:   -912.1:-840.21400:    255500
    511:   500:    500.0: -4.02462: -1.61678:   -808.4:-753.53621:    256000
    512:   500:    500.0: -4.17591: -1.76871:   -884.4:-844.46955:    256500
    513:   500:    500.0: -3.86880: -1.55565:   -777.8:-730.04888:    257000
    514:   500:    500.0: 11.23519: -1.90462:   -952.3:-835.42732:    257500
    515:   500:    500.0: -4.13003: -1.64064:   -820.3:-753.00705:    258000
    516:   500:    500.0: -4.16027: -1.71921:   -859.6:-802.50839:    258500
    517:   500:    500.0: -4.07015: -1.69626:   -848.1:-802.55325:    259000
    518:   500:    500.0: -4.47593: -1.88674:   -943.4:-870.68749:    259500
    519:   500:    500.0: -4.31418: -1.84874:   -924.4:-863.02026:    260000
    520:   500:    500.0:  0.23676: -1.74658:   -873.3:-823.92013:    260500
    521:   500:    500.0: -4.32724: -1.82205:   -911.0:-832.56183:    261000
    522:   500:    500.0: -3.91498: -1.59014:   -795.1:-772.22191:    261500
    523:   500:    500.0: -3.98737: -1.59232:   -796.2:-753.57995:    262000
    524:   500:    500.0: -4.10917: -1.65265:   -826.3:-750.55890:    262500
    525:   500:    500.0: -2.24520: -1.44552:   -722.8:-694.21421:    263000
    526:   500:    500.0: -4.33572: -1.81017:   -905.1:-813.87600:    263500
    527:   500:    500.0: -4.32114: -1.76527:   -882.6:-794.12476:    264000
    528:   500:    500.0: -4.16766: -1.75033:   -875.2:-791.84426:    264500
    529:   500:    500.0: -4.24269: -1.81777:   -908.9:-851.96613:    265000
    530:   500:    500.0: -4.06361: -1.72268:   -861.3:-809.97268:    265500
    531:   500:    500.0: -4.06846: -1.71039:   -855.2:-799.32964:    266000
    532:   500:    500.0: -4.17386: -1.72284:   -861.4:-780.42808:    266500
    533:   500:    500.0: -4.50137: -1.89245:   -946.2:-876.99525:    267000
    534:   500:    500.0: -3.83955: -1.56340:   -781.7:-746.25011:    267500
    535:   500:    500.0: -4.29397: -1.76525:   -882.6:-807.85506:    268000
    536:   500:    500.0: -4.42023: -1.94361:   -971.8:-914.01376:    268500
    537:   500:    500.0: -5.26306: -2.05207:  -1026.0:-919.48616:    269000
    538:   500:    500.0:  5.27580: -1.61805:   -809.0:-761.66519:    269500
    539:   500:    500.0:  2.72694: -1.95397:   -977.0:-957.21849:    270000
    540:   500:    500.0: -4.19069: -1.70843:   -854.2:-809.79961:    270500
    541:   500:    500.0: -3.73452: -1.48459:   -742.3:-702.07256:    271000
    542:   500:    500.0: -4.31163: -1.87676:   -938.4:-859.45613:    271500
    543:   500:    500.0: -5.03354: -2.04839:  -1024.2:-929.10891:    272000
    544:   500:    500.0: -4.12603: -1.72679:   -863.4:-798.16891:    272500
    545:   500:    500.0: -3.93580: -1.55582:   -777.9:-709.34074:    273000
    546:   500:    500.0:  4.88843: -1.80100:   -900.5:-843.20104:    273500
    547:   500:    500.0: -4.14541: -1.67296:   -836.5:-802.41769:    274000
    548:   500:    500.0: -4.39874: -1.88797:   -944.0:-868.74142:    274500
    549:   500:    500.0: -4.45146: -1.85035:   -925.2:-818.15602:    275000
    550:   500:    500.0: -4.40471: -1.88729:   -943.6:-831.41607:    275500
    551:   500:    500.0:  3.61813: -1.59789:   -798.9:-768.65040:    276000
    552:   500:    500.0: -4.03658: -1.66134:   -830.7:-807.27027:    276500
    553:   500:    500.0: -4.13817: -1.67794:   -839.0:-769.27412:    277000
    554:   500:    500.0: -4.00852: -1.56335:   -781.7:-703.54798:    277500
    555:   500:    500.0: -4.37868: -1.75745:   -878.7:-790.42675:    278000
    556:   500:    500.0: -4.12546: -1.54855:   -774.3:-744.26246:    278500
    557:   500:    500.0: -4.46546: -1.86469:   -932.3:-844.92597:    279000
    558:   500:    500.0:  1.18024: -1.69177:   -845.9:-820.63152:    279500
    559:   500:    500.0: -4.36895: -1.90124:   -950.6:-886.26588:    280000
    560:   500:    500.0:  2.62012: -1.44350:   -721.8:-683.32145:    280500
    561:   500:    500.0: -4.23863: -1.76420:   -882.1:-792.36060:    281000
    562:   500:    500.0: -4.27993: -1.64686:   -823.4:-783.07632:    281500
    563:   500:    500.0: -3.69390: -1.51260:   -756.3:-717.70499:    282000
    564:   500:    500.0: -4.25586: -1.74502:   -872.5:-801.22366:    282500
    565:   500:    500.0: -4.32390: -1.78952:   -894.8:-806.17996:    283000
    566:   500:    500.0: -4.23995: -1.81315:   -906.6:-832.16690:    283500
    567:   500:    500.0: -4.34943: -1.73525:   -867.6:-781.93310:    284000
    568:   500:    500.0: -4.20191: -1.67584:   -837.9:-815.79449:    284500
    569:   500:    500.0:  6.14250: -1.63606:   -818.0:-768.45214:    285000
    570:   500:    500.0: -3.96478: -1.56323:   -781.6:-704.48744:    285500
    571:   500:    500.0: -4.14577: -1.72719:   -863.6:-806.45376:    286000
    572:   500:    500.0: -3.76264: -1.53506:   -767.5:-737.73865:    286500
    573:   500:    500.0: -4.39106: -1.89319:   -946.6:-921.14539:    287000
    574:   500:    500.0: -3.89169: -1.55819:   -779.1:-743.48558:    287500
    575:   500:    500.0: -4.45933: -1.89741:   -948.7:-881.33362:    288000
    576:   500:    500.0: -5.39219: -2.10878:  -1054.4:-929.51745:    288500
    577:   500:    500.0: -3.98040: -1.62423:   -812.1:-784.56931:    289000
    578:   500:    500.0: -4.05959: -1.68377:   -841.9:-779.47076:    289500
    579:   500:    500.0:  0.29697: -1.55714:   -778.6:-749.53979:    290000
    580:   500:    500.0: -4.55294: -1.76341:   -881.7:-832.47401:    290500
    581:   500:    500.0: -4.22996: -1.76397:   -882.0:-811.16183:    291000
    582:   500:    500.0: -4.61875: -1.82439:   -912.2:-845.95926:    291500
    583:   500:    500.0: -4.28157: -1.59615:   -798.1:-807.31505:    292000
    584:   500:    500.0: -3.75685: -1.43714:   -718.6:-671.15279:    292500
    585:   500:    500.0: -4.25633: -1.80716:   -903.6:-839.70641:    293000
    586:   500:    500.0: -3.81176: -1.60582:   -802.9:-795.02755:    293500
    587:   500:    500.0: -4.16133: -1.76307:   -881.5:-830.81814:    294000
    588:   500:    500.0: -3.78365: -1.51049:   -755.2:-704.86519:    294500
    589:   500:    500.0: -3.81904: -1.56834:   -784.2:-737.17335:    295000
    590:   500:    500.0: -3.85152: -1.56337:   -781.7:-735.07279:    295500
    591:   500:    500.0:  3.60486: -1.90944:   -954.7:-906.90314:    296000
    592:   500:    500.0: -3.96836: -1.63583:   -817.9:-786.90396:    296500
    593:   500:    500.0: -4.30819: -1.76919:   -884.6:-807.57066:    297000
    594:   500:    500.0: -4.20471: -1.73322:   -866.6:-806.35692:    297500
    595:   500:    500.0: -4.16024: -1.71617:   -858.1:-765.60777:    298000
    596:   500:    500.0: -3.72881: -1.51012:   -755.1:-751.45961:    298500
    597:   500:    500.0: -3.74548: -1.46582:   -732.9:-677.02500:    299000
    598:   500:    500.0: -3.68491: -1.49572:   -747.9:-719.29890:    299500
    599:   500:    500.0:  2.09499: -1.62605:   -813.0:-755.20008:    300000
    600:   500:    500.0: -4.09657: -1.71633:   -858.2:-807.47815:    300500
    601:   500:    500.0: -4.41369: -1.81022:   -905.1:-816.68470:    301000
    602:   500:    500.0:  7.29384: -1.56340:   -781.7:-791.67951:    301500
    603:   500:    500.0: -3.69842: -1.41021:   -705.1:-651.58865:    302000
    604:   500:    500.0: -3.87093: -1.48194:   -741.0:-685.30371:    302500
    605:   500:    500.0: -3.18727: -1.70454:   -852.3:-771.21814:    303000
    606:   500:    500.0: -4.12091: -1.78928:   -894.6:-847.27725:    303500
    607:   500:    500.0: -3.86755: -1.67222:   -836.1:-827.85707:    304000
    608:   500:    500.0: -3.98513: -1.63333:   -816.7:-797.42111:    304500
    609:   500:    500.0: -4.52106: -1.96351:   -981.8:-939.48253:    305000
    610:   500:    500.0: -4.58807: -1.92995:   -965.0:-867.20884:    305500
    611:   500:    500.0: -3.94244: -1.58016:   -790.1:-737.95454:    306000
    612:   500:    500.0: -4.49455: -1.86259:   -931.3:-843.82012:    306500
    613:   500:    500.0: -4.37630: -1.87965:   -939.8:-896.75076:    307000
    614:   500:    500.0:  6.16984: -1.63445:   -817.2:-779.06572:    307500
    615:   500:    500.0: -4.48729: -1.99238:   -996.2:-917.02208:    308000
    616:   500:    500.0: -3.80835: -1.49854:   -749.3:-687.37328:    308500
    617:   500:    500.0: -4.05926: -1.68450:   -842.2:-785.71800:    309000
    618:   500:    500.0: -4.01221: -1.67155:   -835.8:-798.55958:    309500
    619:   500:    500.0:  1.07019: -1.68491:   -842.5:-821.09662:    310000
    620:   500:    500.0: -3.69076: -1.42934:   -714.7:-677.60036:    310500
    621:   500:    500.0: -4.01408: -1.61753:   -808.8:-766.45215:    311000
    622:   500:    500.0: -1.71352: -1.93527:   -967.6:-922.53239:    311500
    623:   500:    500.0: -4.19865: -1.75770:   -878.8:-819.75908:    312000
    624:   500:    500.0: -4.11800: -1.60389:   -801.9:-732.95427:    312500
    625:   500:    500.0: -3.74643: -1.55718:   -778.6:-755.95085:    313000
    626:   500:    500.0: -4.98241: -1.96137:   -980.7:-936.65710:    313500
    627:   500:    500.0: -3.91151: -1.49522:   -747.6:-663.08347:    314000
    628:   500:    500.0:  2.74067: -1.99365:   -996.8:-977.20182:    314500
    629:   500:    500.0: -4.27579: -1.79870:   -899.4:-826.55317:    315000
    630:   500:    500.0: -4.48913: -1.58209:   -791.0:-691.84696:    315500
    631:   500:    500.0:  5.40860: -1.86883:   -934.4:-882.61411:    316000
    632:   500:    500.0: -4.40055: -1.85102:   -925.5:-872.56581:    316500
    633:   500:    500.0: -3.85134: -1.58115:   -790.6:-732.40465:    317000
    634:   500:    500.0: -3.94378: -1.57326:   -786.6:-729.01870:    317500
    635:   500:    500.0: -4.00979: -1.63431:   -817.2:-761.99316:    318000
    636:   500:    500.0: -4.05301: -1.71510:   -857.6:-819.59699:    318500
    637:   500:    500.0: -3.92163: -1.62873:   -814.4:-769.65146:    319000
    638:   500:    500.0: -3.87248: -1.61198:   -806.0:-791.98679:    319500
    639:   500:    500.0: -3.91610: -1.51970:   -759.9:-734.60312:    320000
    640:   500:    500.0: -3.76324: -1.53224:   -766.1:-725.59827:    320500
    641:   500:    500.0: -3.93631: -1.52165:   -760.8:-723.61405:    321000
    642:   500:    500.0: -4.41176: -1.84738:   -923.7:-817.45550:    321500
    643:   500:    500.0: -3.96037: -1.60437:   -802.2:-777.60769:    322000
    644:   500:    500.0:  4.06519: -1.81321:   -906.6:-879.69120:    322500
    645:   500:    500.0: -4.16855: -1.54048:   -770.2:-745.51446:    323000
    646:   500:    500.0:  5.57456: -1.52275:   -761.4:-735.64996:    323500
    647:   500:    500.0: -4.18543: -1.83745:   -918.7:-896.35548:    324000
    648:   500:    500.0: -3.91432: -1.61902:   -809.5:-782.91595:    324500
    649:   500:    500.0: -3.86489: -1.50892:   -754.5:-681.33744:    325000
    650:   500:    500.0: -3.87646: -1.54424:   -772.1:-715.66706:    325500
    651:   500:    500.0: -4.39112: -1.81385:   -906.9:-867.70073:    326000
    652:   500:    500.0: -3.75012: -1.62492:   -812.5:-823.50242:    326500
    653:   500:    500.0: -3.83078: -1.59496:   -797.5:-759.56966:    327000
    654:   500:    500.0: -3.82504: -1.58696:   -793.5:-764.53244:    327500
    655:   500:    500.0: -4.22184: -1.76802:   -884.0:-852.30964:    328000
    656:   500:    500.0: -4.04091: -1.66670:   -833.4:-778.15804:    328500
    657:   500:    500.0: -4.34844: -1.58767:   -793.8:-723.31078:    329000
    658:   500:    500.0: -4.20678: -1.82429:   -912.1:-867.56376:    329500
    659:   500:    500.0: -4.23447: -1.79481:   -897.4:-853.58079:    330000
    660:   500:    500.0: -4.47102: -1.65394:   -827.0:-792.20171:    330500
    661:   500:    500.0: -3.73869: -1.51849:   -759.2:-744.87148:    331000
    662:   500:    500.0: -4.21128: -1.75286:   -876.4:-771.19469:    331500
    663:   500:    500.0: -3.83184: -1.51347:   -756.7:-695.11956:    332000
    664:   500:    500.0:  8.01360: -1.59493:   -797.5:-761.76671:    332500
    665:   500:    500.0: -3.93570: -1.65697:   -828.5:-842.74464:    333000
    666:   500:    500.0: -3.79379: -1.53827:   -769.1:-715.02653:    333500
    667:   500:    500.0:  5.65046: -1.65855:   -829.3:-739.22303:    334000
    668:   500:    500.0: -3.71347: -1.45295:   -726.5:-668.47371:    334500
    669:   500:    500.0:  4.82982: -2.03173:  -1015.9:-972.12168:    335000
    670:   500:    500.0: -3.79475: -1.57420:   -787.1:-773.24715:    335500
    671:   500:    500.0: -4.27385: -1.81932:   -909.7:-857.62664:    336000
    672:   500:    500.0: -3.98845: -1.49877:   -749.4:-696.55690:    336500
    673:   500:    500.0: -3.90572: -1.59142:   -795.7:-795.31712:    337000
    674:   500:    500.0: -3.95838: -1.59234:   -796.2:-728.19565:    337500
    675:   500:    500.0: -4.12800: -1.71461:   -857.3:-802.42599:    338000
    676:   500:    500.0: -4.00590: -1.71019:   -855.1:-827.44463:    338500
    677:   500:    500.0: -4.33910: -1.63529:   -817.6:-749.72296:    339000
    678:   500:    500.0: -4.27922: -1.73453:   -867.3:-813.57502:    339500
    679:   500:    500.0:  2.00067: -1.81787:   -908.9:-812.17558:    340000
    680:   500:    500.0: -3.94344: -1.60356:   -801.8:-765.23215:    340500
    681:   500:    500.0: -4.31460: -1.56701:   -783.5:-719.02157:    341000
    682:   500:    500.0: 12.48189: -1.55967:   -779.8:-795.17290:    341500
    683:   500:    500.0: -4.02246: -1.61039:   -805.2:-738.86274:    342000
    684:   500:    500.0: -3.66333: -1.39933:   -699.7:-675.30258:    342500
    685:   500:    500.0: -3.57809: -1.39912:   -699.6:-673.08980:    343000
    686:   500:    500.0: -3.50795: -1.53835:   -769.2:-764.77536:    343500
    687:   500:    500.0: -3.98717: -1.53777:   -768.9:-741.47889:    344000
    688:   500:    500.0:  6.75629: -1.74090:   -870.5:-825.01969:    344500
    689:   500:    500.0: -4.13149: -1.71075:   -855.4:-806.23522:    345000
    690:   500:    500.0:  6.09323: -1.85074:   -925.4:-848.91111:    345500
    691:   500:    500.0: -3.58718: -1.37778:   -688.9:-649.62921:    346000
    692:   500:    500.0:  0.97691: -1.49877:   -749.4:-716.42142:    346500
    693:   500:    500.0: -3.86791: -1.39972:   -699.9:-682.13657:    347000
    694:   500:    500.0: -3.59361: -1.43037:   -715.2:-661.89564:    347500
    695:   500:    500.0: -4.43191: -1.85523:   -927.6:-840.15204:    348000
    696:   500:    500.0: -3.83832: -1.54180:   -770.9:-718.33468:    348500
    697:   500:    500.0: -3.95573: -1.62428:   -812.1:-786.71325:    349000
    698:   500:    500.0: -3.72976: -1.51461:   -757.3:-710.07844:    349500
    699:   500:    500.0: -3.77464: -1.40781:   -703.9:-623.41166:    350000
    700:   500:    500.0: -3.93596: -1.62831:   -814.2:-773.75907:    350500
    701:   500:    500.0: -4.64198: -1.81961:   -909.8:-858.76807:    351000
    702:   500:    500.0: -1.05280: -1.63573:   -817.9:-815.24564:    351500
    703:   500:    500.0: -3.94756: -1.62056:   -810.3:-765.00556:    352000
    704:   500:    500.0: -0.17003: -1.69988:   -849.9:-775.84413:    352500
    705:   500:    500.0: -3.90164: -1.65720:   -828.6:-759.42529:    353000
    706:   500:    500.0: -4.18079: -1.68120:   -840.6:-768.02755:    353500
    707:   500:    500.0: -3.61758: -1.37187:   -685.9:-669.41035:    354000
    708:   500:    500.0: -4.42245: -1.68414:   -842.1:-755.29358:    354500
    709:   500:    500.0: -3.70849: -1.52212:   -761.1:-773.01349:    355000
    710:   500:    500.0: -4.33587: -1.84988:   -924.9:-867.58230:    355500
    711:   500:    500.0: -3.77881: -1.52681:   -763.4:-722.08813:    356000
    712:   500:    500.0: -4.11040: -1.71982:   -859.9:-794.48785:    356500
    713:   500:    500.0:  1.40525: -1.38913:   -694.6:-698.81254:    357000
    714:   500:    500.0: -3.06036: -1.16593:   -583.0:-590.17148:    357500
    715:   500:    500.0: -3.74889: -1.50565:   -752.8:-733.53431:    358000
    716:   500:    500.0: -3.70894: -1.51442:   -757.2:-731.22491:    358500
    717:   500:    500.0:  3.58983: -1.48768:   -743.8:-698.00993:    359000
    718:   500:    500.0: -3.85689: -1.57871:   -789.4:-747.04543:    359500
    719:   500:    500.0: -3.65158: -1.44403:   -722.0:-678.72858:    360000
    720:   500:    500.0: -4.09614: -1.68509:   -842.5:-767.38726:    360500
    721:   500:    500.0:  6.21015: -1.56242:   -781.2:-745.96884:    361000
    722:   500:    500.0:  3.05193: -1.38291:   -691.5:-694.27243:    361500
    723:   500:    500.0: -3.55327: -1.44638:   -723.2:-682.28757:    362000
    724:   500:    500.0: -3.78341: -1.47737:   -738.7:-727.22692:    362500
    725:   500:    500.0: -4.32363: -1.76263:   -881.3:-761.25175:    363000
    726:   500:    500.0: -3.86528: -1.40417:   -702.1:-663.28685:    363500
    727:   500:    500.0: -3.64763: -1.46305:   -731.5:-709.24871:    364000
    728:   500:    500.0: -3.80033: -1.51682:   -758.4:-719.11995:    364500
    729:   500:    500.0: -3.79653: -1.38985:   -694.9:-707.25130:    365000
    730:   500:    500.0: -3.95272: -1.58900:   -794.5:-724.78821:    365500
    731:   500:    500.0:  1.49574: -1.51306:   -756.5:-727.06361:    366000
    732:   500:    500.0: -3.65342: -1.36237:   -681.2:-645.46927:    366500
    733:   500:    500.0: -3.69908: -1.57655:   -788.3:-800.20310:    367000
    734:   500:    500.0: -3.84891: -1.50363:   -751.8:-709.86603:    367500
    735:   500:    500.0: -3.75634: -1.59320:   -796.6:-791.04237:    368000
    736:   500:    500.0: -3.78530: -1.49627:   -748.1:-695.88308:    368500
    737:   500:    500.0: -3.99261: -1.59603:   -798.0:-733.54227:    369000
    738:   500:    500.0: -3.78544: -1.49979:   -749.9:-716.61087:    369500
    739:   500:    500.0: -3.78401: -1.43262:   -716.3:-684.60694:    370000
    740:   500:    500.0: -3.49837: -1.37392:   -687.0:-635.39944:    370500
    741:   500:    500.0: -4.58250: -1.60474:   -802.4:-739.72873:    371000
    742:   500:    500.0: -3.96242: -1.53638:   -768.2:-721.75365:    371500
    743:   500:    500.0: -3.72784: -1.48018:   -740.1:-734.83233:    372000
    744:   500:    500.0: -3.72289: -1.49585:   -747.9:-741.67555:    372500
    745:   500:    500.0: -4.02233: -1.49723:   -748.6:-724.47148:    373000
    746:   500:    500.0: -3.94373: -1.63242:   -816.2:-772.89654:    373500
    747:   500:    500.0: -3.70998: -1.44547:   -722.7:-680.87176:    374000
    748:   500:    500.0: -4.00848: -1.43062:   -715.3:-701.29068:    374500
    749:   500:    500.0: -3.86248: -1.59256:   -796.3:-816.55322:    375000
    750:   500:    500.0: -0.00005: -1.45017:   -725.1:-695.20858:    375500
    751:   500:    500.0: -3.33016: -1.36252:   -681.3:-683.89508:    376000
    752:   500:    500.0:  7.55822: -1.65546:   -827.7:-823.44780:    376500
    753:   500:    500.0:  5.96821: -1.56172:   -780.9:-727.88374:    377000
    754:   500:    500.0: -3.50975: -1.39316:   -696.6:-668.85868:    377500
    755:   500:    500.0: -4.25148: -1.59731:   -798.7:-813.94559:    378000
    756:   500:    500.0: -3.69035: -1.44812:   -724.1:-703.72555:    378500
    757:   500:    500.0:  9.95145: -1.66322:   -831.6:-825.52017:    379000
    758:   500:    500.0: -3.93018: -1.55852:   -779.3:-735.24013:    379500
    759:   500:    500.0: -3.21870: -1.21764:   -608.8:-620.23949:    380000
    760:   500:    500.0: -3.80040: -1.52451:   -762.3:-710.98517:    380500
    761:   500:    500.0: -4.01198: -1.36190:   -680.9:-629.31240:    381000
    762:   500:    500.0: -3.69204: -1.45265:   -726.3:-705.35852:    381500
    763:   500:    500.0: -3.66281: -1.41635:   -708.2:-670.95975:    382000
    764:   500:    500.0: -3.57142: -1.39018:   -695.1:-694.16333:    382500
    765:   500:    500.0: -3.57655: -1.22188:   -610.9:-597.33547:    383000
    766:   500:    500.0: -3.50803: -1.22846:   -614.2:-621.30122:    383500
    767:   500:    500.0: -3.86214: -1.40016:   -700.1:-679.56542:    384000
    768:   500:    500.0: -3.61493: -1.33148:   -665.7:-631.63664:    384500
    769:   500:    500.0: -3.06526: -1.15389:   -576.9:-573.60663:    385000
    770:   500:    500.0: -3.60728: -1.36184:   -680.9:-662.35520:    385500
    771:   500:    500.0: -3.86162: -1.42970:   -714.9:-688.15083:    386000
    772:   500:    500.0:  1.22371: -1.48933:   -744.7:-695.12981:    386500
    773:   500:    500.0: -3.72373: -1.38132:   -690.7:-633.36352:    387000
    774:   500:    500.0: -3.48485: -1.32434:   -662.2:-627.23101:    387500
    775:   500:    500.0: -3.11603: -1.17964:   -589.8:-591.98298:    388000
    776:   500:    500.0: -4.18500: -1.46277:   -731.4:-697.65579:    388500
    777:   500:    500.0: -3.58351: -1.44709:   -723.5:-692.28050:    389000
    778:   500:    500.0: -3.55119: -1.39009:   -695.0:-679.79008:    389500
    779:   500:    500.0: -1.79159: -1.41501:   -707.5:-697.64115:    390000
    780:   500:    500.0: -3.59874: -1.45177:   -725.9:-718.80821:    390500
    781:   500:    500.0: -3.40408: -1.30493:   -652.5:-615.36326:    391000
    782:   500:    500.0: -3.88383: -1.67259:   -836.3:-839.92390:    391500
    783:   500:    500.0: -3.85859: -1.54145:   -770.7:-716.49317:    392000
    784:   500:    500.0: -3.68331: -1.48090:   -740.4:-704.75010:    392500
    785:   500:    500.0:  4.43610: -1.42890:   -714.4:-682.34080:    393000
    786:   500:    500.0: -3.72477: -1.43484:   -717.4:-647.82461:    393500
    787:   500:    500.0: -3.40887: -1.23418:   -617.1:-599.51564:    394000
    788:   500:    500.0: -3.53361: -1.41355:   -706.8:-679.93068:    394500
    789:   500:    500.0: -3.35589: -1.24367:   -621.8:-624.42888:    395000
    790:   500:    500.0: -4.33078: -1.62065:   -810.3:-754.20304:    395500
    791:   500:    500.0:  6.64883: -1.47230:   -736.1:-757.75389:    396000
    792:   500:    500.0: -3.35147: -1.30383:   -651.9:-636.35015:    396500
    793:   500:    500.0: -3.02582: -1.11609:   -558.0:-530.73130:    397000
    794:   500:    500.0: -3.58256: -1.36094:   -680.5:-628.76056:    397500
    795:   500:    500.0: -3.51871: -1.37247:   -686.2:-660.26285:    398000
    796:   500:    500.0: -4.15518: -1.66300:   -831.5:-748.01957:    398500
    797:   500:    500.0:  6.99769: -1.44376:   -721.9:-715.40905:    399000
    798:   500:    500.0: -3.53070: -1.29789:   -648.9:-660.77845:    399500
    799:   500:    500.0: -3.55924: -1.38027:   -690.1:-657.40085:    400000
    800:   500:    500.0: -4.71649: -1.70684:   -853.4:-853.25589:    400500
    801:   500:    500.0: -3.44858: -1.31303:   -656.5:-598.60919:    401000
    802:   500:    500.0:  3.48382: -1.34058:   -670.3:-662.22031:    401500
    803:   500:    500.0: -3.95670: -1.74470:   -872.4:-844.34072:    402000
    804:   500:    500.0: -2.17181: -1.34007:   -670.0:-678.25016:    402500
    805:   500:    500.0: -3.34015: -1.36516:   -682.6:-658.66036:    403000
    806:   500:    500.0: -3.56615: -1.21510:   -607.6:-609.88155:    403500
    807:   500:    500.0: -3.72964: -1.43499:   -717.5:-670.67715:    404000
    808:   500:    500.0: -3.39591: -1.32096:   -660.5:-650.91420:    404500
    809:   500:    500.0:  0.00006: -1.23655:   -618.3:-616.92120:    405000
    810:   500:    500.0: -4.08030: -1.49246:   -746.2:-712.91893:    405500
    811:   500:    500.0: -3.95597: -1.46717:   -733.6:-701.28091:    406000
    812:   500:    500.0: -3.93771: -1.59025:   -795.1:-774.73557:    406500
    813:   500:    500.0: -3.82903: -1.47392:   -737.0:-679.95768:    407000
    814:   500:    500.0: -3.79067: -1.48181:   -740.9:-708.80299:    407500
    815:   500:    500.0: -3.86895: -1.56024:   -780.1:-747.86409:    408000
    816:   500:    500.0: -3.83384: -1.30768:   -653.8:-618.87135:    408500
    817:   500:    500.0: -3.86138: -1.53454:   -767.3:-690.48685:    409000
    818:   500:    500.0: -4.12623: -1.66082:   -830.4:-734.13752:    409500
    819:   500:    500.0: -4.11080: -1.63095:   -815.5:-801.68337:    410000
    820:   500:    500.0: -3.17502: -1.25923:   -629.6:-683.17980:    410500
    821:   500:    500.0: -3.47188: -1.38235:   -691.2:-664.14363:    411000
    822:   500:    500.0: -3.56365: -1.30127:   -650.6:-629.97978:    411500
    823:   500:    500.0: -3.63965: -1.40638:   -703.2:-673.25219:    412000
    824:   500:    500.0: -3.19053: -1.19855:   -599.3:-587.05990:    412500
    825:   500:    500.0: -3.99780: -1.48573:   -742.9:-728.00296:    413000
    826:   500:    500.0: -0.60413: -1.42350:   -711.7:-698.99747:    413500
    827:   500:    500.0:  2.45084: -1.25749:   -628.7:-653.48925:    414000
    828:   500:    500.0: -3.19613: -1.29561:   -647.8:-658.37504:    414500
    829:   500:    500.0: -3.72331: -1.46047:   -730.2:-709.13791:    415000
    830:   500:    500.0: -3.85868: -1.41492:   -707.5:-698.60671:    415500
    831:   500:    500.0: -3.24646: -1.19109:   -595.5:-556.33092:    416000
    832:   500:    500.0:  7.78990: -1.41550:   -707.7:-714.69054:    416500
    833:   500:    500.0: -3.03651: -1.10137:   -550.7:-554.69232:    417000
    834:   500:    500.0: -3.58796: -1.34310:   -671.5:-657.25799:    417500
    835:   500:    500.0: -3.84733: -1.35423:   -677.1:-620.30045:    418000
    836:   500:    500.0: -4.49138: -1.67433:   -837.2:-749.73758:    418500
    837:   500:    500.0: -3.15386: -1.25436:   -627.2:-658.83494:    419000
    838:   500:    500.0: -3.64428: -1.48078:   -740.4:-712.38041:    419500
    839:   500:    500.0: -3.40300: -1.32629:   -663.1:-681.07169:    420000
    840:   500:    500.0: -3.78465: -1.60530:   -802.7:-789.98833:    420500
    841:   500:    500.0: -2.39749: -1.35969:   -679.8:-633.28374:    421000
    842:   500:    500.0: -3.48470: -1.21894:   -609.5:-603.32432:    421500
    843:   500:    500.0: -3.43842: -1.30366:   -651.8:-627.85279:    422000
    844:   500:    500.0: -2.95578: -1.28270:   -641.4:-615.70356:    422500
    845:   500:    500.0: -3.30634: -1.33619:   -668.1:-701.34392:    423000
    846:   500:    500.0: -3.59321: -1.50167:   -750.8:-744.80354:    423500
    847:   500:    500.0: -3.36913: -1.24628:   -623.1:-573.11676:    424000
    848:   500:    500.0: -3.66874: -1.39266:   -696.3:-684.28826:    424500
    849:   500:    500.0: -3.23881: -1.41011:   -705.1:-679.27204:    425000
    850:   500:    500.0: -0.86643: -1.24823:   -624.1:-583.21876:    425500
    851:   500:    500.0:  0.32065: -1.48132:   -740.7:-715.68326:    426000
    852:   500:    500.0: -3.78361: -1.52917:   -764.6:-742.16355:    426500
    853:   500:    500.0: -3.25552: -1.25172:   -625.9:-617.34109:    427000
    854:   500:    500.0: -3.90179: -1.63971:   -819.9:-772.29443:    427500
    855:   500:    500.0:  4.17119: -1.26976:   -634.9:-595.46980:    428000
    856:   500:    500.0: -3.77619: -1.47667:   -738.3:-701.07585:    428500
    857:   500:    500.0:  3.54704: -1.51383:   -756.9:-764.70696:    429000
    858:   500:    500.0: -3.46159: -1.32147:   -660.7:-612.28870:    429500
    859:   500:    500.0: -3.48319: -1.31409:   -657.0:-674.27244:    430000
    860:   500:    500.0: -3.48005: -1.36796:   -684.0:-679.53703:    430500
    861:   500:    500.0: -3.31811: -1.16704:   -583.5:-584.01017:    431000
    862:   500:    500.0: -3.38540: -1.28261:   -641.3:-648.78741:    431500
    863:   500:    500.0: -3.52800: -1.42093:   -710.5:-653.85242:    432000
    864:   500:    500.0: -3.85619: -1.68019:   -840.1:-816.12560:    432500
    865:   500:    500.0: -1.42441: -1.22636:   -613.2:-626.71123:    433000
    866:   500:    500.0: -4.04579: -1.68548:   -842.7:-758.93830:    433500
    867:   500:    500.0: -0.67000: -1.39374:   -696.9:-654.94082:    434000
    868:   500:    500.0: -3.17403: -1.23452:   -617.3:-645.15953:    434500
    869:   500:    500.0: -3.29109: -1.24565:   -622.8:-603.52032:    435000
    870:   500:    500.0:  6.90575: -1.51150:   -755.8:-789.24813:    435500
    871:   500:    500.0: -3.69475: -1.59495:   -797.5:-738.58276:    436000
    872:   500:    500.0: -3.28185: -1.39012:   -695.1:-719.82282:    436500
    873:   500:    500.0: -2.92327: -1.09878:   -549.4:-582.93862:    437000
    874:   500:    500.0: -3.87735: -1.58832:   -794.2:-725.25533:    437500
    875:   500:    500.0: -3.42812: -1.39530:   -697.6:-711.52500:    438000
    876:   500:    500.0:  9.52308: -1.46466:   -732.3:-736.21146:    438500
    877:   500:    500.0: -3.02385: -1.03284:   -516.4:-526.15947:    439000
    878:   500:    500.0: -3.51382: -1.36936:   -684.7:-636.11348:    439500
    879:   500:    500.0:  5.79771: -1.38937:   -694.7:-678.64213:    440000
    880:   500:    500.0: -3.45938: -1.36206:   -681.0:-669.71109:    440500
    881:   500:    500.0: -4.12183: -1.79779:   -898.9:-814.84652:    441000
    882:   500:    500.0: -3.59579: -1.27363:   -636.8:-615.33396:    441500
    883:   500:    500.0: -3.20762: -1.30538:   -652.7:-658.33628:    442000
    884:   500:    500.0: -3.23431: -1.21337:   -606.7:-580.44453:    442500
    885:   500:    500.0:  5.30642: -1.16633:   -583.2:-618.79506:    443000
    886:   500:    500.0: -3.46260: -1.38247:   -691.2:-668.44019:    443500
    887:   500:    500.0: -3.42179: -1.36714:   -683.6:-657.06905:    444000
    888:   500:    500.0: -0.63339: -1.32563:   -662.8:-610.23435:    444500
    889:   500:    500.0: -3.26764: -1.24622:   -623.1:-634.52342:    445000
    890:   500:    500.0:  2.95260: -1.16408:   -582.0:-596.89590:    445500
    891:   500:    500.0: -3.33597: -1.25647:   -628.2:-602.84207:    446000
    892:   500:    500.0: -3.47276: -1.35741:   -678.7:-673.72454:    446500
    893:   500:    500.0: -3.70235: -1.53184:   -765.9:-711.64377:    447000
    894:   500:    500.0: -3.61782: -1.24665:   -623.3:-608.68981:    447500
    895:   500:    500.0: -3.80753: -1.54070:   -770.3:-740.53129:    448000
    896:   500:    500.0: -2.91803: -1.07755:   -538.8:-522.86525:    448500
    897:   500:    500.0: -3.21383: -1.19999:   -600.0:-562.47377:    449000
    898:   500:    500.0: -2.90247: -1.05562:   -527.8:-525.65116:    449500
    899:   500:    500.0: -3.26052: -1.11348:   -556.7:-516.31031:    450000
    900:   500:    500.0: 11.70466: -1.44353:   -721.8:-682.98704:    450500
    901:   500:    500.0: -2.90116: -1.02970:   -514.8:-526.55609:    451000
    902:   500:    500.0: -4.02902: -1.44902:   -724.5:-753.71506:    451500
    903:   500:    500.0: -3.25727: -1.19653:   -598.3:-618.64409:    452000
    904:   500:    500.0: -3.65560: -1.43548:   -717.7:-670.05591:    452500
    905:   500:    500.0: -3.70598: -1.37213:   -686.1:-682.97197:    453000
    906:   500:    500.0: -3.21374: -1.18060:   -590.3:-557.17271:    453500
    907:   500:    500.0: -3.00958: -1.39726:   -698.6:-651.33091:    454000
    908:   500:    500.0:  9.04994: -1.28145:   -640.7:-613.88784:    454500
    909:   500:    500.0: -3.72979: -1.58021:   -790.1:-741.90456:    455000
    910:   500:    500.0: -3.58575: -1.36442:   -682.2:-683.81018:    455500
    911:   500:    500.0:  4.85866: -1.12635:   -563.2:-550.02673:    456000
    912:   500:    500.0: -3.18336: -1.29174:   -645.9:-684.80534:    456500
    913:   500:    500.0: -3.62296: -1.38011:   -690.1:-628.99732:    457000
    914:   500:    500.0: -3.78765: -1.53490:   -767.4:-753.31410:    457500
    915:   500:    500.0: -1.69093: -1.13039:   -565.2:-554.80064:    458000
    916:   500:    500.0:  0.70978: -1.43810:   -719.0:-669.99233:    458500
    917:   500:    500.0:  2.09609: -1.10815:   -554.1:-613.85614:    459000
    918:   500:    500.0: -2.00380: -1.26752:   -633.8:-653.29705:    459500
    919:   500:    500.0: -3.33518: -1.34212:   -671.1:-652.04010:    460000
    920:   500:    500.0: -3.35578: -1.25794:   -629.0:-606.52358:    460500
    921:   500:    500.0:  5.38788: -1.20189:   -600.9:-584.92013:    461000
    922:   500:    500.0: -3.38520: -1.22379:   -611.9:-639.65881:    461500
    923:   500:    500.0: -3.28270: -1.23148:   -615.7:-564.78079:    462000
    924:   500:    500.0: -3.47389: -1.26136:   -630.7:-615.88673:    462500
    925:   500:    500.0: -3.44557: -1.27914:   -639.6:-600.34992:    463000
    926:   500:    500.0: -3.09007: -1.20677:   -603.4:-610.07526:    463500
    927:   500:    500.0: -3.30737: -1.20729:   -603.6:-636.81001:    464000
    928:   500:    500.0:  3.33003: -1.13480:   -567.4:-547.72123:    464500
    929:   500:    500.0: -3.51086: -1.28500:   -642.5:-631.84887:    465000
    930:   500:    500.0: -3.79660: -1.37182:   -685.9:-640.79999:    465500
    931:   500:    500.0: -3.91728: -1.47689:   -738.4:-702.78278:    466000
    932:   500:    500.0: -3.06653: -1.36139:   -680.7:-699.24334:    466500
    933:   500:    500.0: -3.10678: -1.22885:   -614.4:-578.14761:    467000
    934:   500:    500.0: -2.80575: -1.06444:   -532.2:-539.65851:    467500
    935:   500:    500.0: -3.11859: -1.17787:   -588.9:-530.07463:    468000
    936:   500:    500.0: -3.59952: -1.34394:   -672.0:-609.98557:    468500
    937:   500:    500.0: -3.00072: -1.13025:   -565.1:-540.06513:    469000
    938:   500:    500.0: -3.77043: -1.55699:   -778.5:-706.43764:    469500
    939:   500:    500.0:  4.83485: -1.37161:   -685.8:-689.83458:    470000
    940:   500:    500.0:  2.72609: -1.28802:   -644.0:-635.57290:    470500
    941:   500:    500.0: -3.18170: -1.10633:   -553.2:-556.06517:    471000
    942:   500:    500.0: -3.44953: -1.37087:   -685.4:-651.74347:    471500
    943:   500:    500.0:  8.66137: -1.22062:   -610.3:-629.52683:    472000
    944:   500:    500.0:  5.42343: -1.27632:   -638.2:-653.77164:    472500
    945:   500:    500.0: -3.10094: -1.24974:   -624.9:-695.91093:    473000
    946:   500:    500.0: -0.05361: -0.90803:   -454.0:-452.82936:    473500
    947:   500:    500.0:  2.03112: -1.05057:   -525.3:-573.18955:    474000
    948:   500:    500.0: -3.27958: -1.24676:   -623.4:-616.27250:    474500
    949:   500:    500.0:  7.75962: -1.22114:   -610.6:-649.55560:    475000
    950:   500:    500.0: -3.25689: -1.21340:   -606.7:-620.66699:    475500
    951:   500:    500.0: -2.82584: -1.03677:   -518.4:-557.53055:    476000
    952:   500:    500.0: -3.64316: -1.41341:   -706.7:-661.78448:    476500
    953:   500:    500.0: -3.46150: -1.35378:   -676.9:-666.68711:    477000
    954:   500:    500.0: -3.88938: -1.37907:   -689.5:-664.39640:    477500
    955:   500:    500.0: -3.12404: -1.23814:   -619.1:-584.36432:    478000
    956:   500:    500.0: -3.32884: -1.31501:   -657.5:-657.23917:    478500
    957:   500:    500.0: -3.00625: -1.02595:   -513.0:-537.12069:    479000
    958:   500:    500.0: -3.01772: -1.13862:   -569.3:-632.04973:    479500
    959:   500:    500.0: -3.25018: -1.08746:   -543.7:-505.17048:    480000
    960:   500:    500.0: -3.09209: -1.13789:   -568.9:-573.64357:    480500
    961:   500:    500.0: -3.37887: -1.33351:   -666.8:-674.83844:    481000
    962:   500:    500.0: -3.41884: -1.28170:   -640.9:-713.01609:    481500
    963:   500:    500.0: -2.85691: -1.00466:   -502.3:-506.00071:    482000
    964:   500:    500.0:  0.11627: -1.09516:   -547.6:-535.20129:    482500
    965:   500:    500.0: -2.69888: -1.04035:   -520.2:-537.66191:    483000
    966:   500:    500.0: -3.02397: -1.21886:   -609.4:-587.83228:    483500
    967:   500:    500.0:  0.98693: -0.96973:   -484.9:-497.02151:    484000
    968:   500:    500.0: -2.93840: -1.09570:   -547.9:-496.72831:    484500
    969:   500:    500.0: -3.03111: -1.05277:   -526.4:-499.01303:    485000
    970:   500:    500.0: -2.92972: -1.15167:   -575.8:-548.29473:    485500
    971:   500:    500.0: -3.08726: -1.22219:   -611.1:-553.97931:    486000
    972:   500:    500.0: -3.10673: -1.09236:   -546.2:-561.75091:    486500
    973:   500:    500.0: -2.83722: -1.06167:   -530.8:-563.06623:    487000
    974:   500:    500.0: -2.99337: -1.11262:   -556.3:-557.49657:    487500
    975:   500:    500.0: -3.13092: -1.13009:   -565.0:-521.02304:    488000
    976:   500:    500.0:  2.72220: -0.90793:   -454.0:-481.64147:    488500
    977:   500:    500.0: 22.14771: -1.15569:   -577.8:-640.62493:    489000
    978:   500:    500.0: -3.20057: -1.13561:   -567.8:-557.10824:    489500
    979:   500:    500.0:  3.31932: -0.88771:   -443.9:-466.51966:    490000
    980:   500:    500.0: -2.61313: -0.90997:   -455.0:-475.78209:    490500
    981:   500:    500.0: -2.88702: -0.99357:   -496.8:-499.86998:    491000
    982:   500:    500.0:  0.18622: -0.91679:   -458.4:-472.92077:    491500
    983:   500:    500.0: -3.07036: -1.17746:   -588.7:-568.24425:    492000
    984:   500:    500.0:  2.54835: -0.90653:   -453.3:-460.71956:    492500
    985:   500:    500.0: -2.66381: -0.88069:   -440.3:-493.20297:    493000
    986:   500:    500.0: -3.08945: -1.13050:   -565.3:-558.39976:    493500
    987:   500:    500.0: -2.96591: -0.98760:   -493.8:-444.49954:    494000
    988:   500:    500.0:  3.18553: -1.18685:   -593.4:-568.32179:    494500
    989:   500:    500.0: -3.34519: -1.26480:   -632.4:-588.24685:    495000
    990:   500:    500.0: -3.52437: -1.36865:   -684.3:-643.59149:    495500
    991:   500:    500.0: -2.60254: -0.91382:   -456.9:-497.52033:    496000
    992:   500:    500.0: -1.77277: -1.07776:   -538.9:-494.50486:    496500
    993:   500:    500.0: -3.15620: -1.07480:   -537.4:-578.48402:    497000
    994:   500:    500.0: -3.70538: -1.47698:   -738.5:-717.97661:    497500
    995:   500:    500.0: -2.68486: -1.00935:   -504.7:-519.94506:    498000
    996:   500:    500.0: -0.68568: -0.87343:   -436.7:-455.06331:    498500
    997:   500:    500.0: -2.40211: -1.09338:   -546.7:-610.11560:    499000
    998:   500:    500.0: -2.60052: -0.89062:   -445.3:-473.68720:    499500
    999:   500:    500.0: -2.73493: -0.94377:   -471.9:-546.94001:    500000
   1000:   500:    500.0:  0.83701: -0.91788:   -458.9:-484.81260:    500500
