episodes:steps:mean_steps(10):rwd:mean_rwd:rwd_sum:rwd_sum-?*step:iter
      0:   133:     13.3: -0.10000: -0.03227:     -4.3: -17.59222:       133
      1:    94:     22.7: -0.10000: -0.01770:     -1.7: -11.06367:       227
      2:    56:     28.3: -0.10000: -0.07468:     -4.2:  -9.78230:       283
      3:    64:     34.7: -0.10000: -0.06275:     -4.0: -10.41586:       347
      4:    79:     42.6: -0.10000: -0.03705:     -2.9: -10.82710:       426
      5:   103:     52.9: -0.10000: -0.12318:    -12.7: -22.98791:       529
      6:    86:     61.5: -0.10000: -0.08784:     -7.6: -16.15459:       615
      7:    78:     69.3: -0.10000: -0.06509:     -5.1: -12.87674:       693
      8:    79:     77.2: -0.10000: -0.08955:     -7.1: -14.97455:       772
      9:    78:     85.0: -0.10000: -0.17980:    -14.0: -21.82473:       850
     10:   125:     84.2: -0.10000: -0.08221:    -10.3: -22.77629:       975
     11:    71:     81.9: -0.10000: -0.05929:     -4.2: -11.30934:      1046
     12:    59:     82.2: -0.10000: -0.06894:     -4.1:  -9.96754:      1105
     13:    59:     81.7: -0.10000: -0.13872:     -8.2: -14.08458:      1164
     14:   114:     85.2: -0.10000: -0.03948:     -4.5: -15.90060:      1278
     15:    59:     80.8: -0.10000: -0.07167:     -4.2: -10.12877:      1337
     16:    72:     79.4: -0.10000: -0.04414:     -3.2: -10.37776:      1409
     17:    87:     80.3: -0.10000: -0.09847:     -8.6: -17.26692:      1496
     18:    94:     81.8: -0.10000: -0.05276:     -5.0: -14.35953:      1590
     19:    56:     79.6: -0.10000: -0.10043:     -5.6: -11.22392:      1646
     20:    88:     75.9: -0.10000: -0.05519:     -4.9: -13.65695:      1734
     21:    57:     74.5: -0.10000: -0.11303:     -6.4: -12.14250:      1791
     22:    75:     76.1: -0.10000: -0.06663:     -5.0: -12.49741:      1866
     23:    98:     80.0: -0.10000: -0.05756:     -5.6: -15.44079:      1964
     24:    73:     75.9: -0.10000: -0.09465:     -6.9: -14.20964:      2037
     25:   100:     80.0: -0.10000: -0.05855:     -5.9: -15.85501:      2137
     26:    99:     82.7: -0.10000: -0.07127:     -7.1: -16.95621:      2236
     27:    61:     80.1: -0.10000: -0.09562:     -5.8: -11.93264:      2297
     28:    92:     79.9: -0.10000: -0.03742:     -3.4: -12.64248:      2389
     29:    84:     82.7: -0.10000: -0.01057:     -0.9:  -9.28752:      2473
     30:    71:     81.0: -0.10000: -0.07094:     -5.0: -12.13665:      2544
     31:    79:     83.2: -0.10000: -0.05085:     -4.0: -11.91743:      2623
     32:    67:     82.4: -0.10000: -0.09843:     -6.6: -13.29514:      2690
     33:    94:     82.0: -0.10000: -0.04372:     -4.1: -13.50933:      2784
     34:    87:     83.4: -0.10000: -0.06833:     -5.9: -14.64464:      2871
     35:    59:     79.3: -0.10000: -0.07153:     -4.2: -10.12000:      2930
     36:    54:     74.8: -0.10000: -0.08021:     -4.3:  -9.73138:      2984
     37:    69:     75.6: -0.10000: -0.07322:     -5.1: -11.95198:      3053
     38:    98:     76.2: -0.10000: -0.07996:     -7.8: -17.63597:      3151
     39:    55:     73.3: -0.10000: -0.11496:     -6.3: -11.82303:      3206
     40:    68:     73.0: -0.10000: -0.09870:     -6.7: -13.51177:      3274
     41:    80:     73.1: -0.10000: -0.02144:     -1.7:  -9.71558:      3354
     42:   104:     76.8: -0.10000: -0.07368:     -7.7: -18.06287:      3458
     43:    71:     74.5: -0.10000: -0.04770:     -3.4: -10.48681:      3529
     44:   143:     80.1: -0.10000: -0.10111:    -14.5: -28.75860:      3672
     45:    93:     83.5: -0.10000: -0.12133:    -11.3: -20.58367:      3765
     46:    56:     83.7: -0.10000: -0.08755:     -4.9: -10.50291:      3821
     47:    60:     82.8: -0.10000: -0.09124:     -5.5: -11.47432:      3881
     48:    94:     82.4: -0.10000: -0.05100:     -4.8: -14.19405:      3975
     49:    92:     86.1: -0.10000: -0.04717:     -4.3: -13.53970:      4067
     50:    62:     85.5: -0.10000: -0.07403:     -4.6: -10.78964:      4129
     51:    95:     87.0: -0.10000: -0.06196:     -5.9: -15.38663:      4224
     52:   111:     87.7: -0.10000: -0.04982:     -5.5: -16.62973:      4335
     53:    99:     90.5: -0.10000: -0.07588:     -7.5: -17.41246:      4434
     54:   107:     86.9: -0.10000: -0.03485:     -3.7: -14.42922:      4541
     55:    98:     87.4: -0.10000: -0.05195:     -5.1: -14.89159:      4639
     56:    96:     91.4: -0.10000: -0.06149:     -5.9: -15.50315:      4735
     57:   133:     98.7: -0.10000: -0.04726:     -6.3: -19.58519:      4868
     58:   114:    100.7: -0.10000: -0.06800:     -7.8: -19.15175:      4982
     59:    67:     98.2: -0.10000: -0.08187:     -5.5: -12.18513:      5049
     60:    58:     97.8: -0.10000: -0.08847:     -5.1: -10.93145:      5107
     61:    85:     96.8: -0.10000: -0.03924:     -3.3: -11.83550:      5192
     62:    72:     92.9: -0.10000: -0.06988:     -5.0: -12.23120:      5264
     63:   121:     95.1: -0.10000: -0.05909:     -7.1: -19.24942:      5385
     64:    85:     92.9: -0.10000: -0.02773:     -2.4: -10.85745:      5470
     65:   116:     94.7: -0.10000: -0.06292:     -7.3: -18.89832:      5586
     66:    71:     92.2: -0.10000: -0.10779:     -7.7: -14.75324:      5657
     67:    74:     86.3: -0.10000: -0.08228:     -6.1: -13.48867:      5731
     68:    65:     81.4: -0.10000: -0.09066:     -5.9: -12.39267:      5796
     69:    90:     83.7: -0.10000: -0.10119:     -9.1: -18.10672:      5886
     70:    79:     85.8: -0.10000: -0.12342:     -9.7: -17.64993:      5965
     71:   131:     90.4: -0.10000: -0.09081:    -11.9: -24.99652:      6096
     72:    67:     89.9: -0.10000: -0.06598:     -4.4: -11.12051:      6163
     73:   186:     96.4: -0.10000: -0.00695:     -1.3: -19.89327:      6349
     74:    96:     97.5: -0.10000: -0.05681:     -5.5: -15.05385:      6445
     75:    63:     92.2: -0.10000: -0.11681:     -7.4: -13.65873:      6508
     76:    70:     92.1: -0.10000: -0.06393:     -4.5: -11.47483:      6578
     77:    54:     90.1: -0.10000: -0.08070:     -4.4:  -9.75806:      6632
     78:    66:     90.2: -0.10000: -0.09918:     -6.5: -13.14573:      6698
     79:    71:     88.3: -0.10000: -0.06399:     -4.5: -11.64305:      6769
