episodes:steps:mean_steps(10):rwd:mean_rwd:rwd_sum:rwd_sum-?*step:iter
      0:    54:      5.4:-10.00000:  0.68482:     37.0: -17.01970:        54
      1:    84:     13.8:-10.00000:  0.77802:     65.4: -18.64610:       138
      2:    73:     21.1:-10.00000:  0.76278:     55.7: -17.31706:       211
      3:    67:     27.8:-10.00000:  0.74647:     50.0: -16.98673:       278
      4:   136:     41.4:-10.00000:  0.86608:    117.8: -18.21309:       414
      5:    78:     49.2:-10.00000:  0.77451:     60.4: -17.58801:       492
      6:    73:     56.5:-10.00000:  0.74231:     54.2: -18.81162:       565
      7:    57:     62.2:-10.00000:  0.71638:     40.8: -16.16640:       622
      8:    71:     69.3:-10.00000:  0.75635:     53.7: -17.29885:       693
      9:   177:     87.0:-10.00000:  0.88412:    156.5: -20.51117:       870
     10:    66:     88.2:-10.00000:  0.73027:     48.2: -17.80239:       936
     11:    59:     85.7:-10.00000:  0.72842:     43.0: -16.02314:       995
     12:   116:     90.0:-10.00000:  0.81723:     94.8: -21.20123:      1111
     13:    80:     91.3:-10.00000:  0.77830:     62.3: -17.73589:      1191
     14:    74:     85.1:-10.00000:  0.74199:     54.9: -19.09307:      1265
     15:    60:     83.3:-10.00000:  0.71411:     42.8: -17.15325:      1325
     16:    60:     82.0:-10.00000:  0.71618:     43.0: -17.02947:      1385
     17:    54:     81.7:-10.00000:  0.70481:     38.1: -15.94028:      1439
     18:   110:     85.6:-10.00000:  0.80755:     88.8: -21.16973:      1549
     19:    63:     74.2:-10.00000:  0.70599:     44.5: -18.52236:      1612
     20:    87:     76.3:-10.00000:  0.79344:     69.0: -17.97088:      1699
     21:    61:     76.5:-10.00000:  0.74185:     45.3: -15.74694:      1760
     22:    80:     72.9:-10.00000:  0.76327:     61.1: -18.93806:      1840
     23:   146:     79.5:-10.00000:  0.85913:    125.4: -20.56763:      1986
     24:    92:     81.3:-10.00000:  0.80422:     74.0: -18.01173:      2078
     25:    83:     83.6:-10.00000:  0.76459:     63.5: -19.53906:      2161
     26:    59:     83.5:-10.00000:  0.72338:     42.7: -16.32067:      2220
     27:    56:     83.7:-10.00000:  0.70614:     39.5: -16.45597:      2276
     28:    65:     79.2:-10.00000:  0.73863:     48.0: -16.98915:      2341
     29:    70:     79.9:-10.00000:  0.77042:     53.9: -16.07044:      2411
     30:    64:     77.6:-10.00000:  0.74405:     47.6: -16.38054:      2475
     31:    70:     78.5:-10.00000:  0.74801:     52.4: -17.63944:      2545
     32:    92:     79.7:-10.00000:  0.81628:     75.1: -16.90221:      2637
     33:    54:     70.5:-10.00000:  0.71059:     38.4: -15.62807:      2691
     34:    63:     67.6:-10.00000:  0.71119:     44.8: -18.19515:      2754
     35:    62:     65.5:-10.00000:  0.74930:     46.5: -15.54367:      2816
     36:    66:     66.2:-10.00000:  0.71826:     47.4: -18.59512:      2882
     37:    81:     68.7:-10.00000:  0.76712:     62.1: -18.86330:      2963
     38:   102:     72.4:-10.00000:  0.80844:     82.5: -19.53961:      3065
     39:    64:     71.8:-10.00000:  0.74313:     47.6: -16.43940:      3129
     40:    58:     71.2:-10.00000:  0.70298:     40.8: -17.22728:      3187
     41:    99:     74.1:-10.00000:  0.80327:     79.5: -19.47646:      3286
     42:    55:     70.4:-10.00000:  0.70483:     38.8: -16.23408:      3341
