episodes:steps:mean_steps(10):rwd:mean_rwd:rwd_sum:score_sum:iter
      0:   500:     50.0: -2.89155: -1.22586:   -612.9:-820.63456:       500
      1:   500:    100.0: -2.85906: -1.24850:   -624.2:-832.51918:      1000
      2:   500:    150.0: -3.18002: -1.34568:   -672.8:-900.29279:      1500
      3:   500:    200.0: -3.03068: -1.25893:   -629.5:-841.28211:      2000
      4:   500:    250.0: -2.54685: -1.11629:   -558.1:-749.08604:      2500
      5:   500:    300.0: -3.01517: -1.24488:   -622.4:-831.36245:      3000
      6:   500:    350.0: -2.80845: -1.18730:   -593.6:-794.73924:      3500
      7:   500:    400.0: -2.90035: -1.22844:   -614.2:-821.81978:      4000
      8:   500:    450.0: -3.28934: -1.34595:   -673.0:-898.26690:      4500
      9:   500:    500.0: -2.95967: -1.20806:   -604.0:-806.37860:      5000
     10:   500:    500.0: -2.92467: -1.17414:   -587.1:-783.02269:      5500
     11:   500:    500.0: -3.05938: -1.28403:   -642.0:-858.53873:      6000
     12:   500:    500.0: -2.68609: -1.08784:   -543.9:-725.98138:      6500
     13:   500:    500.0: -2.85450: -1.25725:   -628.6:-844.30402:      7000
     14:   500:    500.0: -3.03316: -1.26827:   -634.1:-847.96770:      7500
     15:   500:    500.0: -2.90145: -1.20791:   -604.0:-807.51349:      8000
     16:   500:    500.0: -2.80117: -1.27440:   -637.2:-857.06757:      8500
     17:   500:    500.0: -2.92280: -1.17354:   -586.8:-782.39832:      9000
     18:   500:    500.0: -2.81504: -1.16440:   -582.2:-776.26808:      9500
     19:   500:    500.0: -2.71623: -1.19436:   -597.2:-801.42968:     10000
     20:   500:    500.0: -2.78014: -1.17601:   -588.0:-787.09660:     10500
     21:   500:    500.0: -3.06053: -1.31712:   -658.6:-882.22803:     11000
     22:   500:    500.0: -2.95274: -1.32230:   -661.1:-888.01508:     11500
     23:   500:    500.0: -2.91532: -1.24859:   -624.3:-836.11410:     12000
     24:   500:    500.0: -2.94386: -1.23897:   -619.5:-828.70958:     12500
     25:   500:    500.0: -1.73720: -1.10241:   -551.2:-738.86393:     13000
     26:   500:    500.0: -2.56126: -1.07583:   -537.9:-719.85085:     13500
     27:   500:    500.0: -3.38858: -1.36246:   -681.2:-907.91760:     14000
     28:   500:    500.0: -2.84387: -1.13530:   -567.6:-756.85939:     14500
     29:   500:    500.0: -2.95746: -1.21045:   -605.2:-808.09151:     15000
     30:   500:    500.0: -3.07857: -1.28004:   -640.0:-855.40972:     15500
     31:   500:    500.0: -2.98510: -1.25246:   -626.2:-837.49164:     16000
     32:   500:    500.0: -2.57126: -1.18333:   -591.7:-796.66404:     16500
     33:   500:    500.0: -1.75737: -1.22255:   -611.3:-821.46750:     17000
     34:   500:    500.0: -2.95166: -1.19973:   -599.9:-800.48961:     17500
     35:   500:    500.0: -3.00297: -1.23607:   -618.0:-826.38896:     18000
     36:   500:    500.0: -2.98405: -1.32534:   -662.7:-888.23398:     18500
     37:   500:    500.0: -2.84271: -1.24647:   -623.2:-833.96105:     19000
     38:   500:    500.0: -2.96757: -1.26762:   -633.8:-849.35079:     19500
     39:   500:    500.0: -2.46272: -1.27324:   -636.6:-851.40774:     20000
     40:   500:    500.0: -2.83227: -1.20096:   -600.5:-804.14833:     20500
     41:   500:    500.0: -3.30682: -1.43308:   -716.5:-959.99266:     21000
     42:   500:    500.0: -3.12479: -1.30108:   -650.5:-869.34929:     21500
     43:   500:    500.0: -2.69985: -1.22920:   -614.6:-821.11463:     22000
     44:   500:    500.0: -1.70967: -1.20364:   -601.8:-806.75938:     22500
     45:   500:    500.0: -3.19560: -1.29453:   -647.3:-863.24202:     23000
     46:   500:    500.0: -2.51984: -1.14533:   -572.7:-770.52384:     23500
     47:   500:    500.0: -2.89539: -1.24124:   -620.6:-831.28944:     24000
     48:   500:    500.0: -3.10887: -1.26966:   -634.8:-847.88237:     24500
     49:   500:    500.0: -2.84618: -1.14660:   -573.3:-764.68010:     25000
     50:   500:    500.0: -1.77787: -1.22446:   -612.2:-821.86284:     25500
     51:   500:    500.0: -2.78508: -1.15883:   -579.4:-775.10348:     26000
     52:   500:    500.0: -2.70629: -1.23218:   -616.1:-828.74199:     26500
     53:   500:    500.0: -3.21875: -1.30588:   -652.9:-871.06806:     27000
     54:   500:    500.0: -2.85182: -1.18626:   -593.1:-792.86139:     27500
     55:   500:    500.0: -2.64051: -1.14387:   -571.9:-766.97987:     28000
     56:   500:    500.0: -2.91432: -1.28958:   -644.8:-865.28732:     28500
     57:   500:    500.0: -1.59971: -1.20529:   -602.6:-808.04471:     29000
     58:   500:    500.0: -2.71058: -1.21703:   -608.5:-817.76515:     29500
     59:   500:    500.0: -2.73213: -1.11403:   -557.0:-743.68793:     30000
     60:   500:    500.0: -3.10804: -1.28399:   -642.0:-857.55422:     30500
     61:   500:    500.0: -2.69780: -1.16527:   -582.6:-780.93682:     31000
     62:   500:    500.0: -2.25206: -1.31075:   -655.4:-877.86503:     31500
     63:   500:    500.0: -2.77953: -1.21278:   -606.4:-813.37182:     32000
     64:   500:    500.0: -3.02340: -1.28629:   -643.1:-860.99083:     32500
     65:   500:    500.0: -2.97044: -1.33089:   -665.4:-893.86861:     33000
     66:   500:    500.0: -2.89777: -1.23894:   -619.5:-829.55116:     33500
     67:   500:    500.0: -2.70377: -1.15539:   -577.7:-773.92128:     34000
     68:   500:    500.0: -3.01075: -1.28707:   -643.5:-861.56976:     34500
     69:   500:    500.0: -2.94413: -1.24896:   -624.5:-835.89993:     35000
     70:   500:    500.0: -2.69537: -1.16601:   -583.0:-781.64246:     35500
     71:   500:    500.0: -1.93484: -1.23005:   -615.0:-819.81407:     36000
     72:   500:    500.0: -2.81914: -1.13836:   -569.2:-759.36355:     36500
     73:   500:    500.0: -2.73893: -1.18211:   -591.1:-792.27997:     37000
     74:   500:    500.0: -3.09077: -1.29662:   -648.3:-866.85054:     37500
