episodes:steps:mean_steps(10):rwd:mean_rwd:rwd_sum:rwd_sum-?*step:iter
      0:  2000:    200.0: -0.65931: -0.28293:   -565.9: -585.86066:      2000
      1:  2000:    400.0: -0.67651: -0.27824:   -556.5: -576.47589:      4000
      2:  2000:    600.0: -0.40404: -0.27158:   -543.2: -563.15167:      6000
      3:  2000:    800.0: -1.38900: -0.26473:   -529.5: -549.46844:      8000
      4:  2000:   1000.0: -1.16995: -0.26896:   -537.9: -557.92505:     10000
      5:  2000:   1200.0: -1.18253: -0.26606:   -532.1: -552.11560:     12000
      6:  2000:   1400.0:  0.08814: -0.25542:   -510.8: -530.83340:     14000
      7:  2000:   1600.0:  8.36759: -0.25196:   -503.9: -523.92032:     16000
      8:  2000:   1800.0:  0.63939: -0.22473:   -449.5: -469.46902:     18000
      9:  2000:   2000.0:  1.01797: -0.22910:   -458.2: -478.20587:     20000
     10:  2000:   2000.0:  1.57329: -0.22552:   -451.0: -471.03229:     22000
     11:  2000:   2000.0: -0.67070: -0.21480:   -429.6: -449.60925:     24000
     12:  2000:   2000.0:  0.65316: -0.22069:   -441.4: -461.37976:     26000
     13:  2000:   2000.0: -1.44587: -0.22254:   -445.1: -465.07968:     28000
     14:  2000:   2000.0: -0.91673: -0.21343:   -426.9: -446.86578:     30000
     15:  2000:   2000.0: -0.61754: -0.20494:   -409.9: -429.88919:     32000
     16:  2000:   2000.0: -1.79230: -0.21452:   -429.0: -449.03668:     34000
     17:  2000:   2000.0:  2.15412: -0.18259:   -365.2: -385.18121:     36000
     18:  2000:   2000.0:  0.83168: -0.21389:   -427.8: -447.78922:     38000
     19:  2000:   2000.0: -0.12542: -0.20392:   -407.8: -427.84946:     40000
