episodes:steps:mean_steps(10):rwd:mean_rwd:rwd_sum:rwd_sum-?*step:iter
      0:  2000:    200.0:-14.06252: -1.55825:  -3116.5:-3316.50977:      2000
      1:  2000:    400.0:-15.38842: -2.10866:  -4217.3:-4417.32324:      4000
      2:  2000:    600.0:-49.86441: -1.99528:  -3990.6:-4190.55713:      6000
      3:  2000:    800.0:  7.72632: -0.99126:  -1982.5:-2182.52063:      8000
      4:  2000:   1000.0:  1.51539:  0.04396:     87.9:-112.08326:     10000
      5:  2000:   1200.0:  2.10020:  0.02208:     44.2:-155.84470:     12000
      6:  2000:   1400.0:  4.96434:  0.03919:     78.4:-121.61046:     14000
      7:  2000:   1600.0:  0.25543:  0.04087:     81.7:-118.25491:     16000
      8:  2000:   1800.0:  0.86376:  0.03881:     77.6:-122.38730:     18000
      9:  2000:   2000.0: -2.77689:  0.05064:    101.3: -98.72230:     20000
     10:  2000:   2000.0:  4.49384:  0.04294:     85.9:-114.12819:     22000
     11:  2000:   2000.0:  4.41648:  0.03685:     73.7:-126.30983:     24000
     12:  2000:   2000.0: -0.82553:  0.04854:     97.1:-102.92006:     26000
     13:  2000:   2000.0:  0.16308:  0.04861:     97.2:-102.77367:     28000
     14:  2000:   2000.0: -3.42521:  0.03824:     76.5:-123.52157:     30000
     15:  2000:   2000.0:  1.98085:  0.05063:    101.3: -98.74508:     32000
     16:  2000:   2000.0:  2.53394:  0.05156:    103.1: -96.88359:     34000
     17:  2000:   2000.0: -1.01798:  0.04715:     94.3:-105.70932:     36000
     18:  2000:   2000.0:  1.28003:  0.03737:     74.7:-125.26228:     38000
     19:  2000:   2000.0: -3.06685:  0.04353:     87.1:-112.94420:     40000
     20:  2000:   2000.0:  0.88392:  0.04979:     99.6:-100.41856:     42000
     21:  2000:   2000.0:  0.30525:  0.04469:     89.4:-110.62200:     44000
     22:  2000:   2000.0: -0.49437:  0.02016:     40.3:-159.68718:     46000
     23:  2000:   2000.0: -3.19787:  0.04461:     89.2:-110.78973:     48000
     24:  2000:   2000.0:  5.13819:  0.03010:     60.2:-139.79282:     50000
     25:  2000:   2000.0: -4.17521:  0.03477:     69.5:-130.45960:     52000
     26:  2000:   2000.0: -0.04365:  0.04467:     89.3:-110.65495:     54000
     27:  2000:   2000.0: -0.22140:  0.04327:     86.5:-113.46561:     56000
     28:  2000:   2000.0: -0.84911:  0.04189:     83.8:-116.22498:     58000
     29:  2000:   2000.0: -2.33535:  0.01849:     37.0:-163.01449:     60000
     30:  2000:   2000.0: -2.57872:  0.04102:     82.0:-117.95662:     62000
     31:  2000:   2000.0: -3.37130:  0.03737:     74.7:-125.26189:     64000
     32:  2000:   2000.0: -0.56380:  0.03711:     74.2:-125.77332:     66000
     33:  2000:   2000.0: -1.83664:  0.04159:     83.2:-116.82794:     68000
     34:  2000:   2000.0: -0.20445:  0.04994:     99.9:-100.11926:     70000
     35:  2000:   2000.0: -1.25584:  0.04379:     87.6:-112.42058:     72000
     36:  2000:   2000.0:  0.38451:  0.05301:    106.0: -93.98749:     74000
     37:  2000:   2000.0: -0.40919:  0.04526:     90.5:-109.47482:     76000
     38:  2000:   2000.0:  2.81491:  0.04505:     90.1:-109.90665:     78000
     39:  2000:   2000.0:  3.22599:  0.04917:     98.3:-101.65714:     80000
     40:  2000:   2000.0: -0.76969:  0.04388:     87.8:-112.23660:     82000
     41:  2000:   2000.0: -0.47755:  0.03584:     71.7:-128.31058:     84000
     42:  2000:   2000.0:  6.01608:  0.01413:     28.3:-171.73325:     86000
     43:  2000:   2000.0:  0.15247:  0.04374:     87.5:-112.52761:     88000
     44:  2000:   2000.0: -3.52526:  0.04357:     87.1:-112.86668:     90000
     45:  2000:   2000.0: -1.61510:  0.04691:     93.8:-106.18762:     92000
     46:  2000:   2000.0: -0.84154:  0.04451:     89.0:-110.98931:     94000
     47:  2000:   2000.0: -0.98021:  0.04999:    100.0:-100.01549:     96000
     48:  2000:   2000.0:  3.60708:  0.04438:     88.8:-111.23666:     98000
     49:  2000:   2000.0:  5.16611:  0.04174:     83.5:-116.52646:    100000
     50:  2000:   2000.0: -4.18010:  0.01350:     27.0:-173.00501:    102000
     51:  2000:   2000.0:  0.41505:  0.04351:     87.0:-112.98785:    104000
     52:  2000:   2000.0:  0.33983:  0.04062:     81.2:-118.75786:    106000
     53:  2000:   2000.0: -0.71437:  0.04499:     90.0:-110.02990:    108000
     54:  2000:   2000.0:  0.47350:  0.04645:     92.9:-107.10715:    110000
     55:  2000:   2000.0: -0.31592:  0.04578:     91.6:-108.44208:    112000
     56:  2000:   2000.0:  0.87250:  0.03400:     68.0:-132.00180:    114000
     57:  2000:   2000.0: -2.58727:  0.04205:     84.1:-115.89243:    116000
     58:  2000:   2000.0:  5.07896:  0.04860:     97.2:-102.79082:    118000
     59:  2000:   2000.0:  0.71477:  0.04475:     89.5:-110.49702:    120000
     60:  2000:   2000.0: -3.49772:  0.04169:     83.4:-116.61266:    122000
     61:  2000:   2000.0: -3.29082:  0.05312:    106.2: -93.76945:    124000
     62:  2000:   2000.0:  4.97495:  0.05004:    100.1: -99.92074:    126000
     63:  2000:   2000.0:  0.61316:  0.04900:     98.0:-102.00043:    128000
     64:  2000:   2000.0: -3.39279:  0.03768:     75.4:-124.63783:    130000
     65:  2000:   2000.0: -0.11565:  0.04421:     88.4:-111.57487:    132000
     66:  2000:   2000.0: -2.64265:  0.04326:     86.5:-113.48934:    134000
     67:  2000:   2000.0:  4.55387:  0.04270:     85.4:-114.59032:    136000
     68:  2000:   2000.0:  2.68913:  0.04006:     80.1:-119.87158:    138000
     69:  2000:   2000.0: -2.80031:  0.03920:     78.4:-121.60688:    140000
     70:  2000:   2000.0:  0.29714:  0.03630:     72.6:-127.40982:    142000
     71:  2000:   2000.0: -1.07209:  0.05637:    112.7: -87.26231:    144000
     72:  2000:   2000.0:  1.46044:  0.05255:    105.1: -94.90923:    146000
     73:  2000:   2000.0:  0.13957:  0.04134:     82.7:-117.31429:    148000
     74:  2000:   2000.0: -3.22698:  0.04518:     90.4:-109.64664:    150000
     75:  2000:   2000.0: -4.01432:  0.04656:     93.1:-106.87379:    152000
     76:  2000:   2000.0:  3.67509:  0.05673:    113.5: -86.54771:    154000
     77:  2000:   2000.0: -1.40345:  0.03644:     72.9:-127.12656:    156000
     78:  2000:   2000.0: -0.57693:  0.05115:    102.3: -97.70553:    158000
     79:  2000:   2000.0: -0.37351:  0.04786:     95.7:-104.27219:    160000
     80:  2000:   2000.0: -2.47799:  0.03800:     76.0:-123.99930:    162000
     81:  2000:   2000.0: -0.02437:  0.04636:     92.7:-107.27724:    164000
     82:  2000:   2000.0: -3.52691:  0.03461:     69.2:-130.78918:    166000
     83:  2000:   2000.0: -0.71133:  0.04843:     96.9:-103.13408:    168000
     84:  2000:   2000.0: -3.58573:  0.04058:     81.2:-118.83547:    170000
     85:  2000:   2000.0: -2.67029:  0.03390:     67.8:-132.20358:    172000
     86:  2000:   2000.0: -3.67250:  0.03327:     66.5:-133.45288:    174000
     87:  2000:   2000.0:  4.93814:  0.04212:     84.2:-115.75945:    176000
     88:  2000:   2000.0:  4.68949:  0.04885:     97.7:-102.30336:    178000
     89:  2000:   2000.0:  3.82231:  0.03503:     70.1:-129.94846:    180000
     90:  2000:   2000.0:  3.15811:  0.04202:     84.0:-115.96816:    182000
     91:  2000:   2000.0: -0.67476:  0.03693:     73.9:-126.14027:    184000
     92:  2000:   2000.0: -2.54033:  0.03749:     75.0:-125.01012:    186000
     93:  2000:   2000.0: -4.10450:  0.02176:     43.5:-156.47234:    188000
     94:  2000:   2000.0: -0.52744:  0.04443:     88.9:-111.14616:    190000
     95:  2000:   2000.0:  2.87440:  0.04699:     94.0:-106.02650:    192000
     96:  2000:   2000.0:  1.62311:  0.02638:     52.8:-147.24203:    194000
     97:  2000:   2000.0: -4.28273:  0.04153:     83.1:-116.94054:    196000
     98:  2000:   2000.0:  0.51797:  0.04338:     86.8:-113.24745:    198000
     99:  2000:   2000.0:  5.01643:  0.04805:     96.1:-103.90346:    200000
    100:  2000:   2000.0: -4.00803:  0.02947:     58.9:-141.05763:    202000
    101:  2000:   2000.0: -3.36024:  0.03925:     78.5:-121.50154:    204000
