episodes:steps:mean_steps(10):rwd:mean_rwd:rwd_sum:score_sum:iter
      0:   500:     50.0: -4.03680: -1.70941:   -854.7:-854.70311:       500
      1:   500:    100.0: -3.46171: -1.57481:   -787.4:-787.40282:      1000
      2:   500:    150.0: -3.86891: -1.59684:   -798.4:-798.42072:      1500
      3:   500:    200.0: -4.04840: -1.68470:   -842.3:-842.34943:      2000
      4:   500:    250.0: -4.10392: -1.69182:   -845.9:-845.90803:      2500
      5:   500:    300.0: -3.92947: -1.57072:   -785.4:-785.35774:      3000
      6:   500:    350.0: -3.29972: -1.49042:   -745.2:-745.20994:      3500
      7:   500:    400.0: -3.98854: -1.67184:   -835.9:-835.92130:      4000
      8:   500:    450.0: -3.79672: -1.76798:   -884.0:-883.99009:      4500
      9:   500:    500.0: -4.47291: -1.78827:   -894.1:-894.13401:      5000
     10:   500:    500.0: -3.61882: -1.75337:   -876.7:-876.68285:      5500
     11:   500:    500.0: -3.77401: -1.62767:   -813.8:-813.83474:      6000
     12:   500:    500.0: -4.13330: -1.66858:   -834.3:-834.28899:      6500
     13:   500:    500.0: -4.40602: -1.80819:   -904.1:-904.09608:      7000
     14:   500:    500.0: -3.69967: -1.61781:   -808.9:-808.90451:      7500
     15:   500:    500.0: -3.99672: -1.63217:   -816.1:-816.08738:      8000
     16:   500:    500.0: -4.15189: -1.68636:   -843.2:-843.18158:      8500
     17:   500:    500.0: -3.66599: -1.53535:   -767.7:-767.67374:      9000
     18:   500:    500.0: -4.35324: -1.66244:   -831.2:-831.21752:      9500
     19:   500:    500.0: -4.06519: -1.67148:   -835.7:-835.74144:     10000
     20:   500:    500.0: -3.44640: -1.54740:   -773.7:-773.70211:     10500
     21:   500:    500.0: -3.87045: -1.71402:   -857.0:-857.01098:     11000
     22:   500:    500.0: -3.79908: -1.68159:   -840.8:-840.79604:     11500
     23:   500:    500.0: -4.22393: -1.68168:   -840.8:-840.84032:     12000
     24:   500:    500.0: -3.58727: -1.56678:   -783.4:-783.38909:     12500
     25:   500:    500.0: -3.95163: -1.64877:   -824.4:-824.38355:     13000
     26:   500:    500.0: -4.26651: -1.72642:   -863.2:-863.20767:     13500
     27:   500:    500.0: -3.82875: -1.66527:   -832.6:-832.63349:     14000
     28:   500:    500.0: -3.51855: -1.45297:   -726.5:-726.48269:     14500
     29:   500:    500.0: -4.13378: -1.74075:   -870.4:-870.37581:     15000
     30:   500:    500.0: -4.02407: -1.68361:   -841.8:-841.80345:     15500
     31:   500:    500.0: -4.19658: -1.80628:   -903.1:-903.13832:     16000
     32:   500:    500.0: -4.10533: -1.72819:   -864.1:-864.09574:     16500
     33:   500:    500.0: -4.07113: -1.70258:   -851.3:-851.29250:     17000
     34:   500:    500.0: -3.99411: -1.69715:   -848.6:-848.57561:     17500
     35:   500:    500.0: -4.25650: -1.76346:   -881.7:-881.73156:     18000
     36:   500:    500.0: -3.55404: -1.58780:   -793.9:-793.89760:     18500
     37:   500:    500.0: -4.01782: -1.71964:   -859.8:-859.82099:     19000
     38:   500:    500.0: -3.98282: -1.59402:   -797.0:-797.00986:     19500
     39:   500:    500.0: -4.14219: -1.72805:   -864.0:-864.02546:     20000
     40:   500:    500.0: -3.64320: -1.51909:   -759.5:-759.54609:     20500
     41:   500:    500.0: -4.37800: -1.81740:   -908.7:-908.70052:     21000
     42:   500:    500.0: -3.87218: -1.44805:   -724.0:-724.02614:     21500
     43:   500:    500.0: -4.09732: -1.84051:   -920.3:-920.25591:     22000
     44:   500:    500.0: -3.80408: -1.61430:   -807.1:-807.14983:     22500
     45:   500:    500.0: -3.72888: -1.54493:   -772.5:-772.46707:     23000
     46:   500:    500.0: -3.79992: -1.70580:   -852.9:-852.90068:     23500
     47:   500:    500.0: -3.79577: -1.51492:   -757.5:-757.45909:     24000
     48:   500:    500.0: -4.19146: -1.70872:   -854.4:-854.35742:     24500
     49:   500:    500.0: -3.84899: -1.62785:   -813.9:-813.92372:     25000
     50:   500:    500.0: -3.64900: -1.49944:   -749.7:-749.72229:     25500
     51:   500:    500.0: -3.80403: -1.61797:   -809.0:-808.98493:     26000
     52:   500:    500.0: -3.61479: -1.53189:   -765.9:-765.94304:     26500
     53:   500:    500.0: -3.91342: -1.60866:   -804.3:-804.32859:     27000
     54:   500:    500.0: -3.70641: -1.54916:   -774.6:-774.57871:     27500
     55:   500:    500.0: -4.33120: -1.78719:   -893.6:-893.59312:     28000
     56:   500:    500.0: -4.04917: -1.75907:   -879.5:-879.53607:     28500
     57:   500:    500.0: -3.49046: -1.53571:   -767.9:-767.85771:     29000
     58:   500:    500.0: -3.81427: -1.79122:   -895.6:-895.60851:     29500
     59:   500:    500.0: -4.11721: -1.74675:   -873.4:-873.37605:     30000
     60:   500:    500.0: -3.70035: -1.60249:   -801.2:-801.24549:     30500
     61:   500:    500.0: -4.16649: -1.81577:   -907.9:-907.88751:     31000
     62:   500:    500.0: -3.82288: -1.68646:   -843.2:-843.23179:     31500
     63:   500:    500.0: -4.33572: -1.78163:   -890.8:-890.81452:     32000
     64:   500:    500.0: -3.47605: -1.47934:   -739.7:-739.67127:     32500
     65:   500:    500.0: -3.61696: -1.55153:   -775.8:-775.76627:     33000
     66:   500:    500.0: -3.87357: -1.58200:   -791.0:-791.00152:     33500
     67:   500:    500.0: -3.62387: -1.55912:   -779.6:-779.55881:     34000
     68:   500:    500.0: -4.25858: -1.83732:   -918.7:-918.65860:     34500
     69:   500:    500.0: -3.70531: -1.60206:   -801.0:-801.03118:     35000
     70:   500:    500.0: -4.02195: -1.66215:   -831.1:-831.07716:     35500
     71:   500:    500.0: -3.46910: -1.56322:   -781.6:-781.61123:     36000
     72:   500:    500.0: -4.22300: -1.69436:   -847.2:-847.18198:     36500
     73:   500:    500.0: -3.65457: -1.49830:   -749.1:-749.14836:     37000
     74:   500:    500.0: -4.09740: -1.64086:   -820.4:-820.42821:     37500
     75:   500:    500.0: -3.65745: -1.58317:   -791.6:-791.58648:     38000
     76:   500:    500.0: -4.11548: -1.61894:   -809.5:-809.46918:     38500
     77:   500:    500.0: -3.09936: -1.46656:   -733.3:-733.28201:     39000
     78:   500:    500.0: -4.11967: -1.80323:   -901.6:-901.61522:     39500
     79:   500:    500.0: -3.64823: -1.51422:   -757.1:-757.11156:     40000
     80:   500:    500.0: -3.94285: -1.74260:   -871.3:-871.30185:     40500
     81:   500:    500.0: -3.77017: -1.58847:   -794.2:-794.23603:     41000
     82:   500:    500.0: -4.09120: -1.67170:   -835.8:-835.84873:     41500
     83:   500:    500.0: -4.30747: -1.80094:   -900.5:-900.47018:     42000
     84:   500:    500.0: -4.06981: -1.69037:   -845.2:-845.18641:     42500
     85:   500:    500.0: -3.55083: -1.57956:   -789.8:-789.77985:     43000
     86:   500:    500.0: -3.55556: -1.61265:   -806.3:-806.32328:     43500
     87:   500:    500.0: -3.99225: -1.72561:   -862.8:-862.80746:     44000
     88:   500:    500.0: -3.92099: -1.55834:   -779.2:-779.17095:     44500
     89:   500:    500.0: -4.17144: -1.85701:   -928.5:-928.50635:     45000
     90:   500:    500.0: -3.77811: -1.76546:   -882.7:-882.73215:     45500
     91:   500:    500.0: -3.78006: -1.58234:   -791.2:-791.16814:     46000
     92:   500:    500.0: -4.25841: -1.87039:   -935.2:-935.19589:     46500
     93:   500:    500.0: -3.82603: -1.70744:   -853.7:-853.71966:     47000
     94:   500:    500.0: -3.93051: -1.70934:   -854.7:-854.67135:     47500
     95:   500:    500.0: -3.79343: -1.67633:   -838.2:-838.16463:     48000
     96:   500:    500.0: -4.32468: -1.83756:   -918.8:-918.77769:     48500
     97:   500:    500.0: -3.92618: -1.65148:   -825.7:-825.73745:     49000
     98:   500:    500.0: -4.10468: -1.73890:   -869.4:-869.44795:     49500
     99:   500:    500.0: -3.90029: -1.63659:   -818.3:-818.29558:     50000
    100:   500:    500.0: -4.27878: -1.71501:   -857.5:-857.50755:     50500
    101:   500:    500.0: -4.01591: -1.72234:   -861.2:-861.17007:     51000
    102:   500:    500.0: -4.07017: -1.70311:   -851.6:-851.55577:     51500
    103:   500:    500.0: -3.59118: -1.47638:   -738.2:-738.18802:     52000
    104:   500:    500.0: -3.70889: -1.64372:   -821.9:-821.86169:     52500
    105:   500:    500.0: -4.10449: -1.72015:   -860.1:-860.07669:     53000
    106:   500:    500.0: -3.98152: -1.67738:   -838.7:-838.68920:     53500
    107:   500:    500.0: -3.91377: -1.68802:   -844.0:-844.01121:     54000
    108:   500:    500.0: -4.12880: -1.66406:   -832.0:-832.03120:     54500
    109:   500:    500.0: -3.46585: -1.54728:   -773.6:-773.63820:     55000
    110:   500:    500.0: -3.79564: -1.55529:   -777.6:-777.64468:     55500
    111:   500:    500.0: -4.24966: -1.79810:   -899.0:-899.04758:     56000
    112:   500:    500.0: -3.50248: -1.54786:   -773.9:-773.92946:     56500
    113:   500:    500.0: -3.35607: -1.51516:   -757.6:-757.57719:     57000
    114:   500:    500.0: -4.03188: -1.77181:   -885.9:-885.90744:     57500
    115:   500:    500.0: -3.75313: -1.56014:   -780.1:-780.06878:     58000
    116:   500:    500.0: -3.77736: -1.68614:   -843.1:-843.07010:     58500
    117:   500:    500.0: -4.19614: -1.83550:   -917.7:-917.74837:     59000
    118:   500:    500.0: -3.95494: -1.67908:   -839.5:-839.54071:     59500
    119:   500:    500.0: -3.70499: -1.59076:   -795.4:-795.37831:     60000
    120:   500:    500.0: -3.68855: -1.54574:   -772.9:-772.86889:     60500
    121:   500:    500.0: -4.04943: -1.65056:   -825.3:-825.28002:     61000
    122:   500:    500.0: -3.92351: -1.60216:   -801.1:-801.07932:     61500
    123:   500:    500.0: -4.08203: -1.72866:   -864.3:-864.32968:     62000
    124:   500:    500.0: -3.87465: -1.65698:   -828.5:-828.49187:     62500
    125:   500:    500.0: -4.21899: -1.66952:   -834.8:-834.75736:     63000
    126:   500:    500.0: -3.98487: -1.57984:   -789.9:-789.91783:     63500
    127:   500:    500.0: -4.23329: -1.67048:   -835.2:-835.23832:     64000
    128:   500:    500.0: -3.89111: -1.59981:   -799.9:-799.90748:     64500
    129:   500:    500.0: -3.98033: -1.71417:   -857.1:-857.08597:     65000
    130:   500:    500.0: -3.86798: -1.70210:   -851.1:-851.05235:     65500
    131:   500:    500.0: -3.63053: -1.49360:   -746.8:-746.79812:     66000
    132:   500:    500.0: -4.40010: -1.86038:   -930.2:-930.18830:     66500
    133:   500:    500.0: -4.27704: -1.75008:   -875.0:-875.04135:     67000
    134:   500:    500.0: -3.92402: -1.61647:   -808.2:-808.23297:     67500
    135:   500:    500.0: -3.69211: -1.70984:   -854.9:-854.91782:     68000
    136:   500:    500.0: -4.02493: -1.66063:   -830.3:-830.31339:     68500
    137:   500:    500.0: -3.99957: -1.72733:   -863.7:-863.66395:     69000
    138:   500:    500.0: -4.12982: -1.75327:   -876.6:-876.63518:     69500
    139:   500:    500.0: -3.78443: -1.46914:   -734.6:-734.57156:     70000
    140:   500:    500.0: -3.91500: -1.67033:   -835.2:-835.16306:     70500
    141:   500:    500.0: -4.20803: -1.78886:   -894.4:-894.42945:     71000
    142:   500:    500.0: -3.69862: -1.49794:   -749.0:-748.97183:     71500
    143:   500:    500.0: -3.63971: -1.57932:   -789.7:-789.65851:     72000
    144:   500:    500.0: -4.23049: -1.82202:   -911.0:-911.00760:     72500
    145:   500:    500.0: -4.23115: -1.91803:   -959.0:-959.01617:     73000
    146:   500:    500.0: -3.60969: -1.58901:   -794.5:-794.50527:     73500
    147:   500:    500.0: -4.39940: -1.88365:   -941.8:-941.82769:     74000
    148:   500:    500.0: -4.52709: -1.79075:   -895.4:-895.37650:     74500
    149:   500:    500.0: -4.01172: -1.76586:   -882.9:-882.93035:     75000
    150:   500:    500.0: -3.61628: -1.66835:   -834.2:-834.17262:     75500
    151:   500:    500.0: -4.16221: -1.85834:   -929.2:-929.16914:     76000
    152:   500:    500.0: -3.92935: -1.64927:   -824.6:-824.63539:     76500
    153:   500:    500.0: -4.12307: -1.72209:   -861.0:-861.04618:     77000
    154:   500:    500.0: -4.16902: -1.70614:   -853.1:-853.07145:     77500
    155:   500:    500.0: -3.91685: -1.66256:   -831.3:-831.28043:     78000
    156:   500:    500.0: -4.16413: -1.73443:   -867.2:-867.21330:     78500
    157:   500:    500.0: -3.99783: -1.77360:   -886.8:-886.79948:     79000
    158:   500:    500.0: -4.34508: -1.86754:   -933.8:-933.77186:     79500
    159:   500:    500.0: -4.55955: -1.86684:   -933.4:-933.41790:     80000
    160:   500:    500.0: -3.56148: -1.65918:   -829.6:-829.59125:     80500
    161:   500:    500.0: -4.62088: -1.85260:   -926.3:-926.30017:     81000
    162:   500:    500.0: -3.09839: -1.38232:   -691.2:-691.16226:     81500
    163:   500:    500.0: -4.02923: -1.69989:   -849.9:-849.94453:     82000
    164:   500:    500.0: -4.51232: -1.84671:   -923.4:-923.35614:     82500
    165:   500:    500.0: -4.26634: -1.71672:   -858.4:-858.36272:     83000
    166:   500:    500.0: -3.65918: -1.57644:   -788.2:-788.21866:     83500
    167:   500:    500.0: -4.33916: -1.78349:   -891.7:-891.74446:     84000
    168:   500:    500.0: -4.26678: -1.72403:   -862.0:-862.01537:     84500
    169:   500:    500.0: -4.35410: -1.82973:   -914.9:-914.86551:     85000
    170:   500:    500.0: -4.96284: -1.96600:   -983.0:-982.99840:     85500
    171:   500:    500.0: -3.79329: -1.59673:   -798.4:-798.36345:     86000
    172:   500:    500.0: -3.89406: -1.56450:   -782.3:-782.25159:     86500
    173:   500:    500.0: -4.11600: -1.77457:   -887.3:-887.28309:     87000
    174:   500:    500.0: -4.00131: -1.72243:   -861.2:-861.21494:     87500
    175:   500:    500.0: -4.14399: -1.66224:   -831.1:-831.11913:     88000
    176:   500:    500.0: -3.90191: -1.70870:   -854.4:-854.35205:     88500
    177:   500:    500.0: -3.78934: -1.66710:   -833.6:-833.55251:     89000
    178:   500:    500.0: -4.00977: -1.85122:   -925.6:-925.60753:     89500
    179:   500:    500.0: -4.04255: -1.70465:   -852.3:-852.32516:     90000
    180:   500:    500.0: -4.16415: -1.67596:   -838.0:-837.97910:     90500
    181:   500:    500.0: -4.14021: -1.86871:   -934.4:-934.35238:     91000
    182:   500:    500.0: -4.31196: -1.77113:   -885.6:-885.56501:     91500
    183:   500:    500.0: -3.75117: -1.65002:   -825.0:-825.01125:     92000
    184:   500:    500.0: -4.40256: -1.83425:   -917.1:-917.12401:     92500
    185:   500:    500.0: -4.05053: -1.79629:   -898.1:-898.14758:     93000
    186:   500:    500.0: -4.17715: -1.74303:   -871.5:-871.51377:     93500
    187:   500:    500.0: -3.88380: -1.67394:   -837.0:-836.96770:     94000
    188:   500:    500.0: -4.24390: -1.73125:   -865.6:-865.62712:     94500
    189:   500:    500.0: -3.52388: -1.50320:   -751.6:-751.60039:     95000
    190:   500:    500.0: -4.07479: -1.77738:   -888.7:-888.68857:     95500
    191:   500:    500.0: -4.69604: -1.88180:   -940.9:-940.89956:     96000
    192:   500:    500.0: -4.58711: -1.88350:   -941.8:-941.75253:     96500
    193:   500:    500.0: -4.13793: -1.77790:   -888.9:-888.94944:     97000
    194:   500:    500.0: -3.98972: -1.69278:   -846.4:-846.39111:     97500
    195:   500:    500.0: -3.81748: -1.68782:   -843.9:-843.90824:     98000
    196:   500:    500.0: -4.54666: -1.85685:   -928.4:-928.42663:     98500
    197:   500:    500.0: -4.05185: -1.78332:   -891.7:-891.66169:     99000
    198:   500:    500.0: -3.83699: -1.73300:   -866.5:-866.50223:     99500
    199:   500:    500.0: -3.54857: -1.69273:   -846.4:-846.36436:    100000
    200:   500:    500.0: -4.00436: -1.57237:   -786.2:-786.18510:    100500
    201:   500:    500.0: -4.35444: -1.75372:   -876.9:-876.86141:    101000
    202:   500:    500.0: -4.58855: -1.92419:   -962.1:-962.09514:    101500
    203:   500:    500.0: -3.46047: -1.53847:   -769.2:-769.23638:    102000
    204:   500:    500.0: -4.09964: -1.87206:   -936.0:-936.02811:    102500
    205:   500:    500.0: -4.44965: -1.81395:   -907.0:-906.97611:    103000
    206:   500:    500.0: -4.30591: -1.78031:   -890.2:-890.15587:    103500
    207:   500:    500.0: -4.03072: -1.80136:   -900.7:-900.67771:    104000
    208:   500:    500.0: -3.61614: -1.61757:   -808.8:-808.78536:    104500
    209:   500:    500.0: -4.14736: -1.60634:   -803.2:-803.16876:    105000
    210:   500:    500.0: -4.57253: -1.76368:   -881.8:-881.83889:    105500
    211:   500:    500.0: -4.39119: -1.81948:   -909.7:-909.73955:    106000
    212:   500:    500.0: -4.38482: -1.85094:   -925.5:-925.46927:    106500
    213:   500:    500.0: -3.81591: -1.72263:   -861.3:-861.31585:    107000
    214:   500:    500.0: -3.92522: -1.63203:   -816.0:-816.01773:    107500
    215:   500:    500.0: -4.20086: -1.78552:   -892.8:-892.75933:    108000
    216:   500:    500.0: -4.81470: -1.90821:   -954.1:-954.10380:    108500
    217:   500:    500.0: -3.42533: -1.50213:   -751.1:-751.06551:    109000
    218:   500:    500.0: -4.19263: -1.59213:   -796.1:-796.06541:    109500
    219:   500:    500.0: -4.17155: -1.66059:   -830.3:-830.29380:    110000
    220:   500:    500.0: -4.02130: -1.60122:   -800.6:-800.60814:    110500
    221:   500:    500.0: -3.82412: -1.65439:   -827.2:-827.19558:    111000
    222:   500:    500.0: -4.34391: -1.74512:   -872.6:-872.56150:    111500
    223:   500:    500.0: -4.09224: -1.82742:   -913.7:-913.70983:    112000
    224:   500:    500.0: -4.40119: -1.90344:   -951.7:-951.72245:    112500
    225:   500:    500.0: -4.29144: -1.84421:   -922.1:-922.10737:    113000
    226:   500:    500.0: -4.07726: -1.71959:   -859.8:-859.79281:    113500
    227:   500:    500.0: -4.05051: -1.64376:   -821.9:-821.88188:    114000
    228:   500:    500.0: -4.08367: -1.67565:   -837.8:-837.82467:    114500
    229:   500:    500.0: -4.80285: -1.94277:   -971.4:-971.38575:    115000
    230:   500:    500.0: -4.12382: -1.80006:   -900.0:-900.03177:    115500
    231:   500:    500.0: -4.06887: -1.90389:   -951.9:-951.94578:    116000
    232:   500:    500.0: -4.22476: -1.73498:   -867.5:-867.49144:    116500
    233:   500:    500.0: -4.25757: -1.79526:   -897.6:-897.63023:    117000
    234:   500:    500.0: -3.84691: -1.68447:   -842.2:-842.23249:    117500
    235:   500:    500.0: -3.98887: -1.63716:   -818.6:-818.58239:    118000
    236:   500:    500.0: -3.86530: -1.66095:   -830.5:-830.47616:    118500
    237:   500:    500.0: -4.35200: -1.86797:   -934.0:-933.98326:    119000
    238:   500:    500.0: -3.93396: -1.64690:   -823.5:-823.45148:    119500
    239:   500:    500.0: -4.53407: -1.73460:   -867.3:-867.30229:    120000
    240:   500:    500.0: -4.00925: -1.67707:   -838.5:-838.53635:    120500
    241:   500:    500.0: -4.56143: -1.79533:   -897.7:-897.66703:    121000
    242:   500:    500.0: -4.35390: -1.78307:   -891.5:-891.53704:    121500
    243:   500:    500.0: -4.36729: -1.83526:   -917.6:-917.63153:    122000
    244:   500:    500.0: -3.91868: -1.73409:   -867.0:-867.04663:    122500
    245:   500:    500.0: -3.50564: -1.56686:   -783.4:-783.43005:    123000
    246:   500:    500.0: -4.05907: -1.64714:   -823.6:-823.57177:    123500
    247:   500:    500.0: -3.98372: -1.71925:   -859.6:-859.62546:    124000
    248:   500:    500.0: -4.38462: -2.00544:  -1002.7:-1002.72032:    124500
    249:   500:    500.0: -3.48335: -1.48760:   -743.8:-743.80000:    125000
    250:   500:    500.0: -4.28017: -1.77956:   -889.8:-889.77853:    125500
    251:   500:    500.0: -4.44850: -1.86402:   -932.0:-932.01096:    126000
    252:   500:    500.0: -4.32798: -2.00062:  -1000.3:-1000.31089:    126500
    253:   500:    500.0: -4.01262: -1.79865:   -899.3:-899.32617:    127000
    254:   500:    500.0: -4.25809: -1.83208:   -916.0:-916.04178:    127500
    255:   500:    500.0: -3.64674: -1.64040:   -820.2:-820.19912:    128000
    256:   500:    500.0: -4.18923: -1.82792:   -914.0:-913.95930:    128500
    257:   500:    500.0: -3.90704: -1.64356:   -821.8:-821.78003:    129000
    258:   500:    500.0: -4.42080: -1.87133:   -935.7:-935.66600:    129500
    259:   500:    500.0: -4.17264: -1.64079:   -820.4:-820.39578:    130000
    260:   500:    500.0: -4.30318: -1.80776:   -903.9:-903.88109:    130500
    261:   500:    500.0: -4.12899: -1.73045:   -865.2:-865.22714:    131000
    262:   500:    500.0: -4.59725: -1.85360:   -926.8:-926.80221:    131500
    263:   500:    500.0: -3.93217: -1.68889:   -844.4:-844.44568:    132000
    264:   500:    500.0: -4.51346: -1.94829:   -974.1:-974.14514:    132500
    265:   500:    500.0: -4.24684: -1.79429:   -897.1:-897.14617:    133000
    266:   500:    500.0: -4.32332: -1.67631:   -838.2:-838.15321:    133500
    267:   500:    500.0: -4.42889: -1.86162:   -930.8:-930.81048:    134000
    268:   500:    500.0: -3.52783: -1.70014:   -850.1:-850.07188:    134500
    269:   500:    500.0: -4.50133: -1.86138:   -930.7:-930.69182:    135000
    270:   500:    500.0: -4.90364: -2.07603:  -1038.0:-1038.01744:    135500
    271:   500:    500.0: -3.63860: -1.63292:   -816.5:-816.46165:    136000
    272:   500:    500.0: -4.34119: -1.86147:   -930.7:-930.73320:    136500
    273:   500:    500.0: -4.68445: -1.95132:   -975.7:-975.66256:    137000
    274:   500:    500.0: -4.48838: -1.99106:   -995.5:-995.53200:    137500
    275:   500:    500.0: -4.27911: -1.66685:   -833.4:-833.42375:    138000
    276:   500:    500.0: -3.91081: -1.86543:   -932.7:-932.71398:    138500
    277:   500:    500.0: -4.40255: -1.84542:   -922.7:-922.71033:    139000
    278:   500:    500.0: -4.32666: -1.92298:   -961.5:-961.49085:    139500
    279:   500:    500.0: -3.66833: -1.60162:   -800.8:-800.81074:    140000
    280:   500:    500.0: -4.10611: -1.68733:   -843.7:-843.66564:    140500
    281:   500:    500.0: -4.46906: -1.95327:   -976.6:-976.63210:    141000
    282:   500:    500.0: -3.74023: -1.65822:   -829.1:-829.10718:    141500
    283:   500:    500.0: -4.24523: -1.77682:   -888.4:-888.41229:    142000
    284:   500:    500.0: -4.09745: -1.85079:   -925.4:-925.39603:    142500
    285:   500:    500.0: -4.70655: -2.03230:  -1016.1:-1016.14816:    143000
    286:   500:    500.0: -4.29963: -1.94433:   -972.2:-972.16317:    143500
    287:   500:    500.0: -4.34847: -1.80632:   -903.2:-903.15765:    144000
    288:   500:    500.0: -4.34821: -1.76992:   -885.0:-884.96143:    144500
    289:   500:    500.0: -3.98521: -1.82294:   -911.5:-911.47094:    145000
    290:   500:    500.0: -4.01014: -1.72297:   -861.5:-861.48533:    145500
    291:   500:    500.0: -4.13097: -1.84749:   -923.7:-923.74456:    146000
    292:   500:    500.0: -4.34101: -1.72426:   -862.1:-862.13259:    146500
    293:   500:    500.0: -4.35799: -1.92697:   -963.5:-963.48586:    147000
    294:   500:    500.0: -3.84595: -1.81630:   -908.1:-908.14877:    147500
    295:   500:    500.0: -4.21658: -1.75541:   -877.7:-877.70520:    148000
    296:   500:    500.0: -4.55713: -1.80073:   -900.4:-900.36514:    148500
    297:   500:    500.0: -4.27837: -1.94811:   -974.1:-974.05784:    149000
    298:   500:    500.0: -4.00073: -1.65783:   -828.9:-828.91740:    149500
    299:   500:    500.0: -4.03396: -1.64371:   -821.9:-821.85679:    150000
    300:   500:    500.0: -4.37685: -1.81148:   -905.7:-905.74034:    150500
    301:   500:    500.0: -3.95819: -1.65411:   -827.1:-827.05463:    151000
    302:   500:    500.0: -4.40768: -2.04106:  -1020.5:-1020.52880:    151500
    303:   500:    500.0: -4.28818: -1.82644:   -913.2:-913.22006:    152000
    304:   500:    500.0: -4.56708: -1.86926:   -934.6:-934.63082:    152500
    305:   500:    500.0: -4.16935: -1.69052:   -845.3:-845.25799:    153000
    306:   500:    500.0: -4.64394: -1.96808:   -984.0:-984.03831:    153500
    307:   500:    500.0: -4.12530: -1.75512:   -877.6:-877.55770:    154000
    308:   500:    500.0: -4.29956: -1.75085:   -875.4:-875.42312:    154500
    309:   500:    500.0: -4.36251: -1.85314:   -926.6:-926.56953:    155000
    310:   500:    500.0: -3.85813: -1.60158:   -800.8:-800.79174:    155500
    311:   500:    500.0: -5.15729: -2.07093:  -1035.5:-1035.46601:    156000
    312:   500:    500.0: -4.48531: -1.90726:   -953.6:-953.62919:    156500
    313:   500:    500.0: -3.78356: -1.72735:   -863.7:-863.67556:    157000
    314:   500:    500.0: -4.36621: -1.75988:   -879.9:-879.93804:    157500
    315:   500:    500.0: -4.07041: -1.69135:   -845.7:-845.67472:    158000
    316:   500:    500.0: -3.74687: -1.70262:   -851.3:-851.30870:    158500
    317:   500:    500.0: -4.27631: -1.89368:   -946.8:-946.84214:    159000
    318:   500:    500.0: -4.30248: -1.73905:   -869.5:-869.52268:    159500
    319:   500:    500.0: -4.17074: -1.77745:   -888.7:-888.72437:    160000
    320:   500:    500.0: -4.24176: -1.81258:   -906.3:-906.28845:    160500
    321:   500:    500.0: -4.60961: -1.89055:   -945.3:-945.27671:    161000
    322:   500:    500.0: -4.46998: -1.79675:   -898.4:-898.37309:    161500
    323:   500:    500.0: -4.81454: -2.00549:  -1002.7:-1002.74747:    162000
    324:   500:    500.0: -4.28018: -1.83830:   -919.2:-919.15026:    162500
    325:   500:    500.0: -4.81672: -2.06082:  -1030.4:-1030.40806:    163000
    326:   500:    500.0: -4.09134: -1.85714:   -928.6:-928.56766:    163500
    327:   500:    500.0: -4.45710: -1.86303:   -931.5:-931.51346:    164000
    328:   500:    500.0: -4.09473: -1.74707:   -873.5:-873.53682:    164500
    329:   500:    500.0: -4.96709: -1.87294:   -936.5:-936.46835:    165000
    330:   500:    500.0: -4.86527: -2.11340:  -1056.7:-1056.69904:    165500
    331:   500:    500.0: -4.37649: -1.80100:   -900.5:-900.49921:    166000
    332:   500:    500.0: -4.28248: -1.86767:   -933.8:-933.83622:    166500
    333:   500:    500.0: -4.36814: -1.89491:   -947.5:-947.45746:    167000
    334:   500:    500.0: -3.69588: -1.73246:   -866.2:-866.22738:    167500
    335:   500:    500.0: -4.65270: -1.87135:   -935.7:-935.67347:    168000
    336:   500:    500.0: -4.16564: -1.76156:   -880.8:-880.77765:    168500
    337:   500:    500.0: -4.25518: -1.68735:   -843.7:-843.67694:    169000
    338:   500:    500.0: -4.29489: -1.87857:   -939.3:-939.28346:    169500
    339:   500:    500.0: -4.40650: -1.77207:   -886.0:-886.03702:    170000
    340:   500:    500.0: -4.70235: -2.09712:  -1048.6:-1048.55800:    170500
    341:   500:    500.0: -4.66942: -2.00275:  -1001.4:-1001.37405:    171000
    342:   500:    500.0: -4.48784: -1.81885:   -909.4:-909.42740:    171500
    343:   500:    500.0: -4.24449: -1.69174:   -845.9:-845.86977:    172000
    344:   500:    500.0: -4.38463: -1.84377:   -921.9:-921.88419:    172500
    345:   500:    500.0: -3.68918: -1.60281:   -801.4:-801.40332:    173000
    346:   500:    500.0: -4.00005: -1.64348:   -821.7:-821.74196:    173500
    347:   500:    500.0: -4.19225: -1.77094:   -885.5:-885.47070:    174000
    348:   500:    500.0: -4.86669: -1.94500:   -972.5:-972.50167:    174500
    349:   500:    500.0: -4.12017: -1.84817:   -924.1:-924.08431:    175000
