episodes:steps:mean_steps(10):rwd:mean_rwd:rwd_sum:rwd_sum-?*step:iter
      0:  2000:    200.0:  0.05951:  0.00365:      7.3:  -12.70403:      2000
      1:  2000:    400.0: -0.12547:  0.00305:      6.1:  -13.90913:      4000
      2:  2000:    600.0: -0.08815:  0.00283:      5.7:  -14.33023:      6000
      3:  2000:    800.0: -0.05478:  0.00338:      6.8:  -13.24337:      8000
      4:  2000:   1000.0: -0.17706:  0.00354:      7.1:  -12.92460:     10000
      5:  2000:   1200.0: -0.05818:  0.00031:      0.6:  -19.38776:     12000
      6:  2000:   1400.0: -0.04927:  0.00164:      3.3:  -16.72849:     14000
      7:  2000:   1600.0: -0.12954:  0.00149:      3.0:  -17.01579:     16000
      8:  2000:   1800.0: -0.12567:  0.00313:      6.3:  -13.73008:     18000
      9:  2000:   2000.0: -0.04330:  0.00489:      9.8:  -10.21813:     20000
     10:  2000:   2000.0:  0.04785:  0.00222:      4.4:  -15.55089:     22000
     11:  2000:   2000.0: -0.15901: -0.00048:     -1.0:  -20.96772:     24000
     12:  2000:   2000.0: -0.45504:  0.00076:      1.5:  -18.47135:     26000
     13:  2000:   2000.0: -0.30314:  0.00102:      2.0:  -17.95094:     28000
     14:  2000:   2000.0: -0.04581:  0.00281:      5.6:  -14.37475:     30000
     15:  2000:   2000.0:  0.06404:  0.00284:      5.7:  -14.31057:     32000
     16:  2000:   2000.0: -0.11905:  0.00395:      7.9:  -12.09735:     34000
     17:  2000:   2000.0: -0.19362:  0.00281:      5.6:  -14.38647:     36000
     18:  2000:   2000.0: -0.55573:  0.00198:      4.0:  -16.04767:     38000
     19:  2000:   2000.0: -0.20697:  0.00200:      4.0:  -15.99324:     40000
     20:  2000:   2000.0: -0.14127:  0.00330:      6.6:  -13.39787:     42000
     21:  2000:   2000.0: -0.16096:  0.00276:      5.5:  -14.48500:     44000
     22:  2000:   2000.0: -0.26431: -0.00077:     -1.5:  -21.54156:     46000
     23:  2000:   2000.0: -0.10503:  0.00495:      9.9:  -10.09393:     48000
     24:  2000:   2000.0:  0.31373:  0.00228:      4.6:  -15.43085:     50000
     25:  2000:   2000.0: -0.18227:  0.00338:      6.8:  -13.23264:     52000
     26:  2000:   2000.0:  0.07821:  0.00243:      4.9:  -15.14901:     54000
     27:  2000:   2000.0: -0.30438: -0.00065:     -1.3:  -21.30551:     56000
     28:  2000:   2000.0:  0.03659:  0.00112:      2.2:  -17.76074:     58000
     29:  2000:   2000.0: -0.19218: -0.00340:     -6.8:  -26.80342:     60000
     30:  2000:   2000.0:  0.67266:  0.00176:      3.5:  -16.48827:     62000
     31:  2000:   2000.0: -0.16323:  0.00272:      5.4:  -14.56093:     64000
     32:  2000:   2000.0:  0.10723:  0.00476:      9.5:  -10.47874:     66000
     33:  2000:   2000.0: -0.04495:  0.00120:      2.4:  -17.60883:     68000
