episodes:steps:mean_steps(10):rwd:mean_rwd:rwd_sum:score_sum:iter
      0:   500:     50.0: -1.08967: -0.61183:   -305.9:-305.91533:       500
      1:   500:    100.0: -1.22330: -0.64181:   -320.9:-320.90307:      1000
      2:   500:    150.0: -1.14666: -0.59289:   -296.4:-296.44316:      1500
      3:   500:    200.0: -1.17443: -0.61750:   -308.8:-308.75095:      2000
      4:   500:    250.0: -1.10983: -0.54829:   -274.1:-274.14645:      2500
      5:   500:    300.0: -1.19182: -0.61871:   -309.4:-309.35561:      3000
      6:   500:    350.0: -1.19728: -0.63298:   -316.5:-316.49153:      3500
      7:   500:    400.0: -1.21044: -0.63796:   -319.0:-318.98078:      4000
      8:   500:    450.0: -1.17356: -0.63750:   -318.7:-318.74841:      4500
      9:   500:    500.0: -1.13224: -0.60300:   -301.5:-301.50193:      5000
     10:   500:    500.0: -1.08904: -0.53126:   -265.6:-265.63230:      5500
     11:   500:    500.0: -1.14801: -0.66645:   -333.2:-333.22386:      6000
     12:   500:    500.0: -1.20698: -0.58263:   -291.3:-291.31650:      6500
     13:   500:    500.0: -1.24079: -0.54303:   -271.5:-271.51652:      7000
     14:   500:    500.0: -1.03358: -0.55755:   -278.8:-278.77641:      7500
     15:   500:    500.0: -1.18738: -0.66864:   -334.3:-334.31971:      8000
     16:   500:    500.0: -1.07097: -0.58327:   -291.6:-291.63699:      8500
     17:   500:    500.0: -1.20459: -0.64943:   -324.7:-324.71545:      9000
     18:   500:    500.0: -1.13306: -0.62201:   -311.0:-311.00599:      9500
     19:   500:    500.0: -1.17643: -0.61837:   -309.2:-309.18345:     10000
     20:   500:    500.0: -1.22007: -0.63366:   -316.8:-316.82967:     10500
     21:   500:    500.0: -1.20582: -0.60703:   -303.5:-303.51341:     11000
