episodes:steps:mean_steps(10):rwd:mean_rwd:rwd_sum:score_sum:iter
      0:   500:     50.0: -0.91064: -0.47364:   -236.8:-236.82069:       500
      1:   500:    100.0: -0.89131: -0.50150:   -250.7:-250.74856:      1000
      2:   500:    150.0: -1.02105: -0.58461:   -292.3:-292.30367:      1500
      3:   500:    200.0: -0.93515: -0.56270:   -281.3:-281.34827:      2000
      4:   500:    250.0: -0.90194: -0.40964:   -204.8:-204.82108:      2500
      5:   500:    300.0: -0.93515: -0.51127:   -255.6:-255.63604:      3000
      6:   500:    350.0: -0.85235: -0.42125:   -210.6:-210.62436:      3500
      7:   500:    400.0: -0.97460: -0.58755:   -293.8:-293.77721:      4000
      8:   500:    450.0: -1.00280: -0.55163:   -275.8:-275.81571:      4500
      9:   500:    500.0: -0.98897: -0.66189:   -330.9:-330.94486:      5000
     10:   500:    500.0: -0.90354: -0.48339:   -241.7:-241.69537:      5500
     11:   500:    500.0: -0.86316: -0.47570:   -237.9:-237.85143:      6000
     12:   500:    500.0: -1.03479: -0.51677:   -258.4:-258.38382:      6500
     13:   500:    500.0: -0.94886: -0.56650:   -283.3:-283.25200:      7000
     14:   500:    500.0: -1.08116: -0.55221:   -276.1:-276.10301:      7500
     15:   500:    500.0: -0.93832: -0.52132:   -260.7:-260.65918:      8000
     16:   500:    500.0: -0.85104: -0.52790:   -263.9:-263.94974:      8500
     17:   500:    500.0: -1.12062: -0.62748:   -313.7:-313.73866:      9000
     18:   500:    500.0: -1.04616: -0.55377:   -276.9:-276.88338:      9500
     19:   500:    500.0: -0.98368: -0.57724:   -288.6:-288.61852:     10000
     20:   500:    500.0: -0.88079: -0.47304:   -236.5:-236.51762:     10500
     21:   500:    500.0: -0.97583: -0.54602:   -273.0:-273.01053:     11000
     22:   500:    500.0: -0.89333: -0.52681:   -263.4:-263.40378:     11500
     23:   500:    500.0: -0.94183: -0.51668:   -258.3:-258.33876:     12000
     24:   500:    500.0: -0.89312: -0.53792:   -269.0:-268.96164:     12500
     25:   500:    500.0: -0.93437: -0.50632:   -253.2:-253.15934:     13000
     26:   500:    500.0: -0.96827: -0.59801:   -299.0:-299.00499:     13500
     27:   500:    500.0: -0.79625: -0.50737:   -253.7:-253.68746:     14000
     28:   500:    500.0: -0.85233: -0.46828:   -234.1:-234.13943:     14500
     29:   500:    500.0: -0.94674: -0.47313:   -236.6:-236.56589:     15000
     30:   500:    500.0: -0.88341: -0.49780:   -248.9:-248.90103:     15500
     31:   500:    500.0: -0.91038: -0.59477:   -297.4:-297.38566:     16000
     32:   500:    500.0: -0.95675: -0.53520:   -267.6:-267.59956:     16500
     33:   500:    500.0: -0.90743: -0.56187:   -280.9:-280.93621:     17000
     34:   500:    500.0: -0.91507: -0.51596:   -258.0:-257.98187:     17500
     35:   500:    500.0: -0.99540: -0.62040:   -310.2:-310.20265:     18000
     36:   500:    500.0: -0.85258: -0.55413:   -277.1:-277.06572:     18500
     37:   500:    500.0: -0.93346: -0.46387:   -231.9:-231.93707:     19000
     38:   500:    500.0: -1.09782: -0.49336:   -246.7:-246.67834:     19500
     39:   500:    500.0: -0.89585: -0.41158:   -205.8:-205.78920:     20000
     40:   500:    500.0: -1.02427: -0.48377:   -241.9:-241.88463:     20500
     41:   500:    500.0: -0.92606: -0.50417:   -252.1:-252.08737:     21000
     42:   500:    500.0: -0.96421: -0.53785:   -268.9:-268.92575:     21500
     43:   500:    500.0: -0.91353: -0.56269:   -281.3:-281.34377:     22000
     44:   500:    500.0: -0.95993: -0.50035:   -250.2:-250.17335:     22500
     45:   500:    500.0: -1.01153: -0.56114:   -280.6:-280.57153:     23000
     46:   500:    500.0: -0.93831: -0.44541:   -222.7:-222.70675:     23500
     47:   500:    500.0: -0.88728: -0.52970:   -264.9:-264.85093:     24000
     48:   500:    500.0: -1.00745: -0.51753:   -258.8:-258.76351:     24500
     49:   500:    500.0: -1.02631: -0.59509:   -297.5:-297.54598:     25000
     50:   500:    500.0: -0.98012: -0.53910:   -269.6:-269.55124:     25500
     51:   500:    500.0: -1.00183: -0.58570:   -292.9:-292.85170:     26000
     52:   500:    500.0: -0.85769: -0.50941:   -254.7:-254.70725:     26500
     53:   500:    500.0: -0.89729: -0.46334:   -231.7:-231.66947:     27000
     54:   500:    500.0: -0.78362: -0.43987:   -219.9:-219.93509:     27500
     55:   500:    500.0: -0.92068: -0.52470:   -262.4:-262.35147:     28000
     56:   500:    500.0: -0.98185: -0.52890:   -264.4:-264.44984:     28500
     57:   500:    500.0: -0.93400: -0.56504:   -282.5:-282.51887:     29000
     58:   500:    500.0: -0.83700: -0.47045:   -235.2:-235.22569:     29500
     59:   500:    500.0: -0.85932: -0.52868:   -264.3:-264.33917:     30000
     60:   500:    500.0: -0.93145: -0.53058:   -265.3:-265.28836:     30500
     61:   500:    500.0: -0.88521: -0.55219:   -276.1:-276.09712:     31000
     62:   500:    500.0: -0.92043: -0.54263:   -271.3:-271.31746:     31500
     63:   500:    500.0: -0.96724: -0.52798:   -264.0:-263.98752:     32000
     64:   500:    500.0: -1.03219: -0.53941:   -269.7:-269.70341:     32500
     65:   500:    500.0: -1.01715: -0.59995:   -300.0:-299.97343:     33000
     66:   500:    500.0: -0.91023: -0.50173:   -250.9:-250.86705:     33500
     67:   500:    500.0: -0.80751: -0.44753:   -223.8:-223.76463:     34000
     68:   500:    500.0: -0.94606: -0.55256:   -276.3:-276.28143:     34500
     69:   500:    500.0: -0.89836: -0.54899:   -274.5:-274.49492:     35000
     70:   500:    500.0: -0.98371: -0.57494:   -287.5:-287.47020:     35500
     71:   500:    500.0: -1.11249: -0.57036:   -285.2:-285.17929:     36000
     72:   500:    500.0: -0.98538: -0.53562:   -267.8:-267.80984:     36500
     73:   500:    500.0: -0.88915: -0.55896:   -279.5:-279.47927:     37000
     74:   500:    500.0: -0.92476: -0.49277:   -246.4:-246.38714:     37500
     75:   500:    500.0: -0.75949: -0.45580:   -227.9:-227.90249:     38000
     76:   500:    500.0: -0.99578: -0.52599:   -263.0:-262.99652:     38500
     77:   500:    500.0: -1.03739: -0.56679:   -283.4:-283.39473:     39000
     78:   500:    500.0: -0.92353: -0.50798:   -254.0:-253.98883:     39500
     79:   500:    500.0: -0.94284: -0.53923:   -269.6:-269.61413:     40000
     80:   500:    500.0: -1.00233: -0.49970:   -249.9:-249.85007:     40500
     81:   500:    500.0: -1.01372: -0.57320:   -286.6:-286.59896:     41000
     82:   500:    500.0: -1.04893: -0.56536:   -282.7:-282.67960:     41500
     83:   500:    500.0: -0.82580: -0.53807:   -269.0:-269.03599:     42000
     84:   500:    500.0: -0.89942: -0.55117:   -275.6:-275.58532:     42500
     85:   500:    500.0: -0.93301: -0.62329:   -311.6:-311.64577:     43000
     86:   500:    500.0: -0.82310: -0.50066:   -250.3:-250.32850:     43500
     87:   500:    500.0: -0.79094: -0.46359:   -231.8:-231.79410:     44000
     88:   500:    500.0: -0.94408: -0.51814:   -259.1:-259.06854:     44500
     89:   500:    500.0: -0.93643: -0.51336:   -256.7:-256.67869:     45000
     90:   500:    500.0: -0.89827: -0.54783:   -273.9:-273.91523:     45500
     91:   500:    500.0: -0.99551: -0.54331:   -271.7:-271.65478:     46000
     92:   500:    500.0: -0.96822: -0.46393:   -232.0:-231.96399:     46500
     93:   500:    500.0: -0.82375: -0.47331:   -236.7:-236.65534:     47000
     94:   500:    500.0: -0.81758: -0.49576:   -247.9:-247.87755:     47500
     95:   500:    500.0: -1.03838: -0.57041:   -285.2:-285.20680:     48000
     96:   500:    500.0: -0.99261: -0.55800:   -279.0:-278.99940:     48500
     97:   500:    500.0: -0.79878: -0.50337:   -251.7:-251.68361:     49000
     98:   500:    500.0: -0.99416: -0.48397:   -242.0:-241.98347:     49500
     99:   500:    500.0: -0.79252: -0.46262:   -231.3:-231.31105:     50000
    100:   500:    500.0: -0.85975: -0.52724:   -263.6:-263.62082:     50500
    101:   500:    500.0: -0.89015: -0.47961:   -239.8:-239.80328:     51000
    102:   500:    500.0: -1.02791: -0.53369:   -266.8:-266.84263:     51500
    103:   500:    500.0: -0.90660: -0.54936:   -274.7:-274.67995:     52000
    104:   500:    500.0: -0.84043: -0.51107:   -255.5:-255.53617:     52500
    105:   500:    500.0: -0.83616: -0.43978:   -219.9:-219.88922:     53000
    106:   500:    500.0: -0.87343: -0.53502:   -267.5:-267.50784:     53500
    107:   500:    500.0: -0.97053: -0.52168:   -260.8:-260.84239:     54000
    108:   500:    500.0: -0.90825: -0.49920:   -249.6:-249.59878:     54500
    109:   500:    500.0: -0.93349: -0.50688:   -253.4:-253.44080:     55000
    110:   500:    500.0: -0.84839: -0.52592:   -263.0:-262.96237:     55500
    111:   500:    500.0: -0.96503: -0.54736:   -273.7:-273.67866:     56000
    112:   500:    500.0: -1.05641: -0.53062:   -265.3:-265.31219:     56500
    113:   500:    500.0: -0.88885: -0.50028:   -250.1:-250.14102:     57000
    114:   500:    500.0: -0.90837: -0.58103:   -290.5:-290.51576:     57500
    115:   500:    500.0: -0.89455: -0.59312:   -296.6:-296.56192:     58000
    116:   500:    500.0: -0.90164: -0.55918:   -279.6:-279.58804:     58500
    117:   500:    500.0: -0.98246: -0.56317:   -281.6:-281.58689:     59000
    118:   500:    500.0: -0.82167: -0.48508:   -242.5:-242.54086:     59500
    119:   500:    500.0: -0.94430: -0.49389:   -246.9:-246.94400:     60000
    120:   500:    500.0: -0.96650: -0.53438:   -267.2:-267.18909:     60500
    121:   500:    500.0: -0.90071: -0.57425:   -287.1:-287.12330:     61000
    122:   500:    500.0: -1.06231: -0.60531:   -302.7:-302.65568:     61500
    123:   500:    500.0: -1.01627: -0.55984:   -279.9:-279.92013:     62000
    124:   500:    500.0: -0.90455: -0.49268:   -246.3:-246.33836:     62500
    125:   500:    500.0: -0.86376: -0.46146:   -230.7:-230.72800:     63000
    126:   500:    500.0: -0.97118: -0.54638:   -273.2:-273.18935:     63500
    127:   500:    500.0: -0.87818: -0.49125:   -245.6:-245.62679:     64000
    128:   500:    500.0: -0.95419: -0.54474:   -272.4:-272.37109:     64500
    129:   500:    500.0: -0.84310: -0.48952:   -244.8:-244.76150:     65000
    130:   500:    500.0: -0.88878: -0.45193:   -226.0:-225.96538:     65500
    131:   500:    500.0: -0.97478: -0.57516:   -287.6:-287.58097:     66000
    132:   500:    500.0: -0.90718: -0.52450:   -262.2:-262.24933:     66500
    133:   500:    500.0: -0.85135: -0.50825:   -254.1:-254.12260:     67000
    134:   500:    500.0: -0.92496: -0.54691:   -273.5:-273.45674:     67500
    135:   500:    500.0: -0.94534: -0.48088:   -240.4:-240.43762:     68000
    136:   500:    500.0: -1.02038: -0.54736:   -273.7:-273.68240:     68500
    137:   500:    500.0: -1.02196: -0.61270:   -306.3:-306.34858:     69000
    138:   500:    500.0: -0.85445: -0.50183:   -250.9:-250.91331:     69500
    139:   500:    500.0: -0.96837: -0.57819:   -289.1:-289.09333:     70000
    140:   500:    500.0: -0.91684: -0.51325:   -256.6:-256.62487:     70500
    141:   500:    500.0: -0.98686: -0.63629:   -318.1:-318.14484:     71000
    142:   500:    500.0: -0.94019: -0.51748:   -258.7:-258.73936:     71500
    143:   500:    500.0: -0.97555: -0.53538:   -267.7:-267.69063:     72000
    144:   500:    500.0: -0.76193: -0.41599:   -208.0:-207.99504:     72500
    145:   500:    500.0: -0.92875: -0.39994:   -200.0:-199.97236:     73000
    146:   500:    500.0: -0.90211: -0.52898:   -264.5:-264.49197:     73500
    147:   500:    500.0: -1.05930: -0.57597:   -288.0:-287.98438:     74000
    148:   500:    500.0: -0.87280: -0.47181:   -235.9:-235.90675:     74500
    149:   500:    500.0: -1.02735: -0.54323:   -271.6:-271.61328:     75000
    150:   500:    500.0: -0.89485: -0.51543:   -257.7:-257.71744:     75500
    151:   500:    500.0: -0.91306: -0.52458:   -262.3:-262.29036:     76000
    152:   500:    500.0: -0.89594: -0.50591:   -253.0:-252.95708:     76500
    153:   500:    500.0: -0.91936: -0.57808:   -289.0:-289.04228:     77000
    154:   500:    500.0: -0.95583: -0.57274:   -286.4:-286.37162:     77500
    155:   500:    500.0: -0.90950: -0.52660:   -263.3:-263.30072:     78000
    156:   500:    500.0: -0.98583: -0.45898:   -229.5:-229.48848:     78500
    157:   500:    500.0: -0.97191: -0.46886:   -234.4:-234.42796:     79000
    158:   500:    500.0: -0.97065: -0.56969:   -284.8:-284.84406:     79500
    159:   500:    500.0: -0.94617: -0.51599:   -258.0:-257.99381:     80000
    160:   500:    500.0: -0.89969: -0.51473:   -257.4:-257.36325:     80500
    161:   500:    500.0: -0.99810: -0.55838:   -279.2:-279.19074:     81000
    162:   500:    500.0: -0.96384: -0.46810:   -234.0:-234.04893:     81500
    163:   500:    500.0: -0.80292: -0.44049:   -220.2:-220.24575:     82000
    164:   500:    500.0: -0.91686: -0.60428:   -302.1:-302.13863:     82500
    165:   500:    500.0: -0.98447: -0.49139:   -245.7:-245.69580:     83000
    166:   500:    500.0: -0.95394: -0.53698:   -268.5:-268.48848:     83500
    167:   500:    500.0: -0.85153: -0.41488:   -207.4:-207.44067:     84000
    168:   500:    500.0: -0.99879: -0.54832:   -274.2:-274.15989:     84500
    169:   500:    500.0: -0.92169: -0.48792:   -244.0:-243.96175:     85000
    170:   500:    500.0: -0.93306: -0.55651:   -278.3:-278.25366:     85500
    171:   500:    500.0: -0.90905: -0.43446:   -217.2:-217.23205:     86000
    172:   500:    500.0: -0.89559: -0.58891:   -294.5:-294.45686:     86500
    173:   500:    500.0: -0.85935: -0.49186:   -245.9:-245.93137:     87000
    174:   500:    500.0: -0.91591: -0.51646:   -258.2:-258.23227:     87500
    175:   500:    500.0: -1.02533: -0.52149:   -260.7:-260.74286:     88000
    176:   500:    500.0: -1.00526: -0.58106:   -290.5:-290.53182:     88500
    177:   500:    500.0: -0.94091: -0.56052:   -280.3:-280.26084:     89000
    178:   500:    500.0: -0.97162: -0.58105:   -290.5:-290.52301:     89500
    179:   500:    500.0: -0.90618: -0.48428:   -242.1:-242.14235:     90000
    180:   500:    500.0: -1.06683: -0.57044:   -285.2:-285.22082:     90500
