episodes:steps:mean_steps(10):rwd:mean_rwd:rwd_sum:rwd_sum-?*step:iter
      0:   438:     43.8: -0.10000: -1.51091:   -661.8:-705.58046:       438
      1:   131:     56.9: -0.10000: -0.21842:    -28.6: -41.71338:       569
      2:   141:     71.0: -0.10000: -0.27699:    -39.1: -53.15540:       710
      3:   186:     89.6: -0.10000: -0.58970:   -109.7:-128.28505:       896
      4:   108:    100.4: -0.10000: -0.10570:    -11.4: -22.21567:      1004
      5:   376:    138.0: -0.10000: -1.47465:   -554.5:-592.06924:      1380
      6:   164:    154.4: -0.10000: -0.31474:    -51.6: -68.01675:      1544
      7:    93:    163.7: -0.10000: -0.07967:     -7.4: -16.70936:      1637
      8:   217:    185.4: -0.10000: -0.58525:   -127.0:-148.69831:      1854
      9:    87:    194.1: -0.10000: -0.08681:     -7.6: -16.25243:      1941
     10:    90:    159.3: -0.10000: -0.05602:     -5.0: -14.04151:      2031
     11:   355:    181.7: -0.10000: -1.15870:   -411.3:-446.83847:      2386
     12:    57:    173.3: -0.10000:  0.00694:      0.4:  -5.30451:      2443
     13:   235:    178.2: -0.10000: -0.65839:   -154.7:-178.22116:      2678
     14:   359:    203.3: -0.10000: -1.19814:   -430.1:-466.03260:      3037
     15:    57:    171.4: -0.10000: -0.01051:     -0.6:  -6.29892:      3094
     16:   168:    171.8: -0.10000: -0.32314:    -54.3: -71.08748:      3262
     17:   177:    180.2: -0.10000: -0.30894:    -54.7: -72.38262:      3439
     18:    70:    165.5: -0.10000: -0.03622:     -2.5:  -9.53517:      3509
     19:   201:    176.9: -0.10000: -0.13004:    -26.1: -46.23887:      3710
     20:    69:    174.8: -0.10000: -0.05806:     -4.0: -10.90629:      3779
     21:   198:    159.1: -0.10000: -0.01566:     -3.1: -22.90095:      3977
     22:   520:    205.4: -0.10000:  0.06351:     33.0: -18.97402:      4497
     23:   140:    195.9: -0.10000: -0.00531:     -0.7: -14.74306:      4637
     24:    62:    166.2: -0.10000: -0.02103:     -1.3:  -7.50415:      4699
     25:   116:    172.1: -0.10000: -0.01499:     -1.7: -13.33881:      4815
