episodes:steps:mean_steps(10):rwd:mean_rwd:rwd_sum:rwd_sum-?*step:iter
      0:   500:     50.0: -3.48600: -1.19834:   -599.2: -604.17139:       500
      1:   500:    100.0: -2.68458: -1.20380:   -601.9: -606.90094:      1000
      2:   500:    150.0: -3.33106: -1.13119:   -565.6: -570.59546:      1500
      3:   500:    200.0: -3.10478: -1.07256:   -536.3: -541.27820:      2000
      4:   500:    250.0: -3.15975: -1.10435:   -552.2: -557.17584:      2500
      5:   500:    300.0: -2.45432: -0.88261:   -441.3: -446.30627:      3000
      6:   500:    350.0: -2.48902: -1.00828:   -504.1: -509.13760:      3500
      7:   500:    400.0: -2.70938: -1.04623:   -523.1: -528.11334:      4000
      8:   500:    450.0: -2.69932: -1.07420:   -537.1: -542.09991:      4500
      9:   500:    500.0: -3.12703: -1.11471:   -557.4: -562.35657:      5000
     10:   500:    500.0: -3.87804: -1.28948:   -644.7: -649.74115:      5500
     11:   500:    500.0: -2.59369: -0.99109:   -495.5: -500.54398:      6000
     12:   500:    500.0: -3.46442: -1.20883:   -604.4: -609.41351:      6500
     13:   500:    500.0: -2.53978: -0.98326:   -491.6: -496.62772:      7000
     14:   500:    500.0: -2.87338: -1.05746:   -528.7: -533.72925:      7500
     15:   500:    500.0: -2.77543: -1.02541:   -512.7: -517.70447:      8000
     16:   500:    500.0: -2.95913: -1.11678:   -558.4: -563.39124:      8500
     17:   500:    500.0: -3.09498: -1.08492:   -542.5: -547.46002:      9000
     18:   500:    500.0: -2.56879: -1.12823:   -564.1: -569.11371:      9500
     19:   500:    500.0: -2.47299: -1.10562:   -552.8: -557.81128:     10000
     20:   500:    500.0: -3.18508: -1.29885:   -649.4: -654.42462:     10500
     21:   500:    500.0: -2.94635: -1.12202:   -561.0: -566.01196:     11000
     22:   500:    500.0: -2.61292: -1.12885:   -564.4: -569.42322:     11500
     23:   500:    500.0: -2.84686: -1.05479:   -527.4: -532.39703:     12000
     24:   500:    500.0: -2.60359: -1.07838:   -539.2: -544.19049:     12500
     25:   500:    500.0: -3.38314: -1.21032:   -605.2: -610.15948:     13000
     26:   500:    500.0: -2.76916: -1.05652:   -528.3: -533.26080:     13500
     27:   500:    500.0: -3.36978: -1.18685:   -593.4: -598.42456:     14000
     28:   500:    500.0: -2.30736: -0.85203:   -426.0: -431.01404:     14500
     29:   500:    500.0: -3.11445: -1.10564:   -552.8: -557.82104:     15000
     30:   500:    500.0: -2.68407: -1.02679:   -513.4: -518.39746:     15500
     31:   500:    500.0: -2.87315: -1.13350:   -566.8: -571.75055:     16000
     32:   500:    500.0: -3.28321: -1.26855:   -634.3: -639.27295:     16500
     33:   500:    500.0: -3.15968: -1.13839:   -569.2: -574.19342:     17000
     34:   500:    500.0: -3.05881: -1.09769:   -548.8: -553.84528:     17500
     35:   500:    500.0: -3.44175: -1.21519:   -607.6: -612.59576:     18000
     36:   500:    500.0: -3.04436: -1.08840:   -544.2: -549.20227:     18500
     37:   500:    500.0: -3.17019: -1.17041:   -585.2: -590.20496:     19000
     38:   500:    500.0: -2.74269: -0.98113:   -490.6: -495.56439:     19500
     39:   500:    500.0: -3.59798: -1.23302:   -616.5: -621.50934:     20000
     40:   500:    500.0: -2.86960: -1.15038:   -575.2: -580.19019:     20500
     41:   500:    500.0: -2.68786: -1.04666:   -523.3: -528.33014:     21000
     42:   500:    500.0: -2.82302: -1.05199:   -526.0: -530.99310:     21500
     43:   500:    500.0: -2.94020: -1.13610:   -568.1: -573.05243:     22000
     44:   500:    500.0: -3.47746: -1.18394:   -592.0: -596.96844:     22500
     45:   500:    500.0: -3.05938: -1.23040:   -615.2: -620.20135:     23000
     46:   500:    500.0: -3.04486: -1.11442:   -557.2: -562.21130:     23500
     47:   500:    500.0: -2.45101: -0.93715:   -468.6: -473.57361:     24000
     48:   500:    500.0: -3.07218: -1.18941:   -594.7: -599.70361:     24500
     49:   500:    500.0: -3.29208: -1.13048:   -565.2: -570.24237:     25000
     50:   500:    500.0: -3.54681: -1.32466:   -662.3: -667.33130:     25500
     51:   500:    500.0: -2.64304: -1.04084:   -520.4: -525.41882:     26000
     52:   500:    500.0: -3.13265: -1.17661:   -588.3: -593.30713:     26500
     53:   500:    500.0: -2.89150: -1.04086:   -520.4: -525.43201:     27000
     54:   500:    500.0: -2.82767: -1.10831:   -554.2: -559.15698:     27500
     55:   500:    500.0: -2.79168: -1.07443:   -537.2: -542.21552:     28000
     56:   500:    500.0: -2.84628: -1.15097:   -575.5: -580.48407:     28500
     57:   500:    500.0: -2.28416: -0.88990:   -444.9: -449.94897:     29000
     58:   500:    500.0: -2.98636: -1.18897:   -594.5: -599.48651:     29500
     59:   500:    500.0: -3.85097: -1.35310:   -676.5: -681.54883:     30000
     60:   500:    500.0: -3.02339: -1.10054:   -550.3: -555.26862:     30500
     61:   500:    500.0: -3.28082: -1.16043:   -580.2: -585.21588:     31000
     62:   500:    500.0: -2.84835: -1.09086:   -545.4: -550.42993:     31500
     63:   500:    500.0: -2.44218: -0.97760:   -488.8: -493.79944:     32000
     64:   500:    500.0: -2.86115: -1.07793:   -539.0: -543.96283:     32500
     65:   500:    500.0: -2.71635: -1.09659:   -548.3: -553.29468:     33000
     66:   500:    500.0: -2.70046: -1.02084:   -510.4: -515.41907:     33500
     67:   500:    500.0: -3.52001: -1.28667:   -643.3: -648.33392:     34000
     68:   500:    500.0: -2.54896: -0.98899:   -494.5: -499.49518:     34500
     69:   500:    500.0: -3.18121: -1.28976:   -644.9: -649.87811:     35000
     70:   500:    500.0: -3.16647: -1.08635:   -543.2: -548.17480:     35500
     71:   500:    500.0: -2.78220: -1.03657:   -518.3: -523.28522:     36000
     72:   500:    500.0: -2.92561: -1.14386:   -571.9: -576.93237:     36500
     73:   500:    500.0: -2.94371: -1.17666:   -588.3: -593.32861:     37000
     74:   500:    500.0: -3.61456: -1.40391:   -702.0: -706.95544:     37500
     75:   500:    500.0: -2.67438: -0.95051:   -475.3: -480.25378:     38000
     76:   500:    500.0: -2.76749: -1.03122:   -515.6: -520.61139:     38500
     77:   500:    500.0: -2.25905: -0.80788:   -403.9: -408.94208:     39000
     78:   500:    500.0: -2.83027: -1.02335:   -511.7: -516.67310:     39500
     79:   500:    500.0: -3.43263: -1.11937:   -559.7: -564.68518:     40000
     80:   500:    500.0: -3.08411: -1.11152:   -555.8: -560.76190:     40500
     81:   500:    500.0: -2.68276: -1.03231:   -516.2: -521.15674:     41000
     82:   500:    500.0: -2.30068: -0.92299:   -461.5: -466.49329:     41500
     83:   500:    500.0: -2.69749: -1.02815:   -514.1: -519.07312:     42000
     84:   500:    500.0: -3.11573: -1.11339:   -556.7: -561.69641:     42500
     85:   500:    500.0: -2.73588: -0.98269:   -491.3: -496.34393:     43000
     86:   500:    500.0: -2.25229: -0.93227:   -466.1: -471.13544:     43500
     87:   500:    500.0: -2.62884: -1.01070:   -505.4: -510.35187:     44000
     88:   500:    500.0: -3.26771: -1.20618:   -603.1: -608.09216:     44500
     89:   500:    500.0: -2.46992: -0.94307:   -471.5: -476.53622:     45000
     90:   500:    500.0: -3.65296: -1.25272:   -626.4: -631.36023:     45500
     91:   500:    500.0: -2.27109: -0.96463:   -482.3: -487.31512:     46000
     92:   500:    500.0: -3.00501: -1.19326:   -596.6: -601.63055:     46500
     93:   500:    500.0: -3.41096: -1.31461:   -657.3: -662.30505:     47000
     94:   500:    500.0: -2.96414: -1.09225:   -546.1: -551.12573:     47500
     95:   500:    500.0: -3.21237: -1.22870:   -614.3: -619.34900:     48000
     96:   500:    500.0: -2.78484: -1.12541:   -562.7: -567.70654:     48500
     97:   500:    500.0: -2.51887: -0.83628:   -418.1: -423.13992:     49000
     98:   500:    500.0: -2.75549: -1.05664:   -528.3: -533.32153:     49500
     99:   500:    500.0: -3.05385: -1.19097:   -595.5: -600.48676:     50000
    100:   500:    500.0: -2.76844: -1.12649:   -563.2: -568.24622:     50500
    101:   500:    500.0: -3.35159: -1.23867:   -619.3: -624.33606:     51000
    102:   500:    500.0: -2.04894: -0.83081:   -415.4: -420.40591:     51500
    103:   500:    500.0: -2.77018: -1.07326:   -536.6: -541.63019:     52000
    104:   500:    500.0: -3.22306: -1.06659:   -533.3: -538.29730:     52500
    105:   500:    500.0: -2.73693: -1.13231:   -566.2: -571.15521:     53000
    106:   500:    500.0: -2.70233: -1.01197:   -506.0: -510.98355:     53500
    107:   500:    500.0: -2.84671: -1.10503:   -552.5: -557.51550:     54000
    108:   500:    500.0: -2.27705: -0.95835:   -479.2: -484.17639:     54500
    109:   500:    500.0: -1.95280: -0.83996:   -420.0: -424.97919:     55000
    110:   500:    500.0: -2.61262: -0.88290:   -441.4: -446.44955:     55500
    111:   500:    500.0: -3.04614: -1.14299:   -571.5: -576.49377:     56000
    112:   500:    500.0: -3.08210: -1.27468:   -637.3: -642.34241:     56500
    113:   500:    500.0: -3.00673: -1.15553:   -577.8: -582.76587:     57000
    114:   500:    500.0: -3.52185: -1.33973:   -669.9: -674.86322:     57500
    115:   500:    500.0: -2.92555: -1.07520:   -537.6: -542.60083:     58000
    116:   500:    500.0: -2.53580: -1.06700:   -533.5: -538.50098:     58500
    117:   500:    500.0: -3.11387: -1.29495:   -647.5: -652.47321:     59000
    118:   500:    500.0: -3.32587: -1.18674:   -593.4: -598.36993:     59500
    119:   500:    500.0: -2.73776: -1.03009:   -515.0: -520.04706:     60000
    120:   500:    500.0: -2.88173: -1.05724:   -528.6: -533.61810:     60500
    121:   500:    500.0: -3.28459: -1.16385:   -581.9: -586.92255:     61000
    122:   500:    500.0: -2.91859: -1.19229:   -596.1: -601.14716:     61500
    123:   500:    500.0: -2.74696: -1.02257:   -511.3: -516.28467:     62000
    124:   500:    500.0: -2.57550: -0.98795:   -494.0: -498.97479:     62500
    125:   500:    500.0: -2.27090: -0.82345:   -411.7: -416.72275:     63000
    126:   500:    500.0: -3.88189: -1.47081:   -735.4: -740.40448:     63500
    127:   500:    500.0: -2.73898: -1.14229:   -571.1: -576.14642:     64000
    128:   500:    500.0: -2.89892: -1.11814:   -559.1: -564.06812:     64500
    129:   500:    500.0: -2.40749: -0.92590:   -463.0: -467.95160:     65000
    130:   500:    500.0: -3.09151: -1.11366:   -556.8: -561.82880:     65500
    131:   500:    500.0: -3.15017: -1.11508:   -557.5: -562.54163:     66000
    132:   500:    500.0: -2.97494: -1.15524:   -577.6: -582.62170:     66500
    133:   500:    500.0: -3.24971: -1.21238:   -606.2: -611.18872:     67000
    134:   500:    500.0: -2.77951: -1.00832:   -504.2: -509.15961:     67500
    135:   500:    500.0: -3.10505: -1.22560:   -612.8: -617.79779:     68000
    136:   500:    500.0: -3.00692: -1.16500:   -582.5: -587.50055:     68500
    137:   500:    500.0: -3.32392: -1.13927:   -569.6: -574.63641:     69000
    138:   500:    500.0: -2.42783: -0.90391:   -452.0: -456.95581:     69500
    139:   500:    500.0: -3.17777: -1.12104:   -560.5: -565.51886:     70000
    140:   500:    500.0: -2.62876: -0.98928:   -494.6: -499.64090:     70500
    141:   500:    500.0: -3.19511: -1.16402:   -582.0: -587.01196:     71000
    142:   500:    500.0: -3.67497: -1.32894:   -664.5: -669.47156:     71500
    143:   500:    500.0: -3.62130: -1.22854:   -614.3: -619.26959:     72000
    144:   500:    500.0: -2.59090: -1.06253:   -531.3: -536.26440:     72500
    145:   500:    500.0: -3.03037: -1.11377:   -556.9: -561.88586:     73000
    146:   500:    500.0: -3.18801: -1.21856:   -609.3: -614.28156:     73500
    147:   500:    500.0: -3.33126: -1.13460:   -567.3: -572.30066:     74000
    148:   500:    500.0: -3.69728: -1.38633:   -693.2: -698.16620:     74500
    149:   500:    500.0: -2.89798: -1.07525:   -537.6: -542.62598:     75000
    150:   500:    500.0: -3.01035: -1.09090:   -545.5: -550.45013:     75500
    151:   500:    500.0: -2.79922: -1.18002:   -590.0: -595.00854:     76000
    152:   500:    500.0: -2.92711: -1.10515:   -552.6: -557.57599:     76500
    153:   500:    500.0: -3.57022: -1.37147:   -685.7: -690.73596:     77000
    154:   500:    500.0: -2.70630: -1.18569:   -592.8: -597.84625:     77500
    155:   500:    500.0: -2.71004: -1.05090:   -525.5: -530.45117:     78000
    156:   500:    500.0: -3.41675: -1.20712:   -603.6: -608.56128:     78500
    157:   500:    500.0: -3.75987: -1.42264:   -711.3: -716.31940:     79000
    158:   500:    500.0: -3.63816: -1.35731:   -678.7: -683.65479:     79500
    159:   500:    500.0: -2.67118: -0.99989:   -499.9: -504.94363:     80000
    160:   500:    500.0: -2.80958: -1.12868:   -564.3: -569.33972:     80500
    161:   500:    500.0: -2.83766: -0.98151:   -490.8: -495.75726:     81000
    162:   500:    500.0: -2.73176: -1.00180:   -500.9: -505.89871:     81500
    163:   500:    500.0: -2.90668: -1.18833:   -594.2: -599.16510:     82000
    164:   500:    500.0: -3.30777: -1.22720:   -613.6: -618.59985:     82500
    165:   500:    500.0: -2.97810: -1.04712:   -523.6: -528.56226:     83000
    166:   500:    500.0: -3.07782: -1.16546:   -582.7: -587.72772:     83500
    167:   500:    500.0: -2.83031: -1.09495:   -547.5: -552.47510:     84000
    168:   500:    500.0: -3.23378: -1.29170:   -645.9: -650.85217:     84500
    169:   500:    500.0: -3.47777: -1.37508:   -687.5: -692.54059:     85000
    170:   500:    500.0: -2.66964: -1.04635:   -523.2: -528.17694:     85500
    171:   500:    500.0: -3.46815: -1.26965:   -634.8: -639.82739:     86000
    172:   500:    500.0: -3.38276: -1.21674:   -608.4: -613.36804:     86500
    173:   500:    500.0: -2.88014: -0.97111:   -485.6: -490.55734:     87000
    174:   500:    500.0: -2.88982: -1.04665:   -523.3: -528.32288:     87500
    175:   500:    500.0: -2.44335: -0.98786:   -493.9: -498.93243:     88000
    176:   500:    500.0: -3.30035: -1.24302:   -621.5: -626.51166:     88500
    177:   500:    500.0: -2.17417: -0.88442:   -442.2: -447.20932:     89000
    178:   500:    500.0: -1.92778: -0.80542:   -402.7: -407.70905:     89500
    179:   500:    500.0: -3.37454: -1.28142:   -640.7: -645.71198:     90000
    180:   500:    500.0: -2.93047: -1.20532:   -602.7: -607.66193:     90500
    181:   500:    500.0: -2.44134: -1.09612:   -548.1: -553.05884:     91000
    182:   500:    500.0: -2.78203: -1.02187:   -510.9: -515.93274:     91500
    183:   500:    500.0: -3.20496: -1.05017:   -525.1: -530.08264:     92000
    184:   500:    500.0: -2.83718: -1.04835:   -524.2: -529.17365:     92500
    185:   500:    500.0: -3.05666: -1.08898:   -544.5: -549.49121:     93000
    186:   500:    500.0: -3.17097: -1.24129:   -620.6: -625.64258:     93500
    187:   500:    500.0: -3.12811: -1.14721:   -573.6: -578.60730:     94000
    188:   500:    500.0: -3.07689: -1.09719:   -548.6: -553.59393:     94500
    189:   500:    500.0: -2.23056: -0.99856:   -499.3: -504.28113:     95000
    190:   500:    500.0: -2.72057: -1.09448:   -547.2: -552.24225:     95500
    191:   500:    500.0: -2.94582: -1.12383:   -561.9: -566.91736:     96000
    192:   500:    500.0: -3.12914: -1.19743:   -598.7: -603.71594:     96500
    193:   500:    500.0: -2.80322: -1.13183:   -565.9: -570.91583:     97000
    194:   500:    500.0: -2.53931: -1.01589:   -507.9: -512.94568:     97500
    195:   500:    500.0: -3.23865: -1.21860:   -609.3: -614.29889:     98000
    196:   500:    500.0: -3.01075: -1.16223:   -581.1: -586.11621:     98500
    197:   500:    500.0: -3.10460: -1.14315:   -571.6: -576.57507:     99000
    198:   500:    500.0: -2.59704: -1.04886:   -524.4: -529.42975:     99500
    199:   500:    500.0: -3.10085: -1.11000:   -555.0: -559.99829:    100000
    200:   500:    500.0: -2.71959: -1.05598:   -528.0: -532.99127:    100500
    201:   500:    500.0: -2.60979: -1.02465:   -512.3: -517.32697:    101000
    202:   500:    500.0: -2.30650: -0.96076:   -480.4: -485.37927:    101500
    203:   500:    500.0: -2.59002: -1.17565:   -587.8: -592.82336:    102000
    204:   500:    500.0: -3.00032: -1.12986:   -564.9: -569.92938:    102500
    205:   500:    500.0: -2.97964: -1.04601:   -523.0: -528.00549:    103000
    206:   500:    500.0: -3.47697: -1.24654:   -623.3: -628.26917:    103500
    207:   500:    500.0: -3.08208: -1.13372:   -566.9: -571.85773:    104000
    208:   500:    500.0: -3.21905: -1.09857:   -549.3: -554.28351:    104500
    209:   500:    500.0: -3.57886: -1.40143:   -700.7: -705.71277:    105000
    210:   500:    500.0: -3.11628: -1.12542:   -562.7: -567.70935:    105500
    211:   500:    500.0: -3.23015: -1.14809:   -574.0: -579.04712:    106000
    212:   500:    500.0: -2.21249: -0.96125:   -480.6: -485.62573:    106500
    213:   500:    500.0: -3.24178: -1.16836:   -584.2: -589.18054:    107000
    214:   500:    500.0: -2.71856: -1.04391:   -522.0: -526.95544:    107500
    215:   500:    500.0: -3.68320: -1.29382:   -646.9: -651.91077:    108000
    216:   500:    500.0: -2.83880: -1.06216:   -531.1: -536.08203:    108500
    217:   500:    500.0: -3.11026: -1.12427:   -562.1: -567.13422:    109000
    218:   500:    500.0: -2.86965: -1.17836:   -589.2: -594.18127:    109500
    219:   500:    500.0: -2.74104: -0.99328:   -496.6: -501.64084:    110000
    220:   500:    500.0: -2.42972: -1.03995:   -520.0: -524.97675:    110500
