episodes:steps:mean_steps(10):rwd:mean_rwd:rwd_sum:rwd_sum-?*step:iter
      0:  2000:    200.0:  0.02219: -0.02075:    -41.5:  -61.50356:      2000
      1:  2000:    400.0: -0.04363: -0.02929:    -58.6:  -78.57007:      4000
      2:  2000:    600.0: -0.03279: -0.02654:    -53.1:  -73.08030:      6000
      3:  2000:    800.0: -0.03091: -0.02759:    -55.2:  -75.17509:      8000
      4:  2000:   1000.0: -0.03176: -0.02271:    -45.4:  -65.41024:     10000
      5:  2000:   1200.0: -0.07498: -0.01475:    -29.5:  -49.49083:     12000
      6:  2000:   1400.0: -0.03910: -0.01755:    -35.1:  -55.10588:     14000
      7:  2000:   1600.0:  0.03162: -0.01852:    -37.0:  -57.03683:     16000
      8:  2000:   1800.0: -0.03789: -0.02139:    -42.8:  -62.78319:     18000
      9:  2000:   2000.0: -0.03233: -0.02123:    -42.5:  -62.45478:     20000
     10:  2000:   2000.0: -0.02391: -0.01350:    -27.0:  -46.99046:     22000
     11:  2000:   2000.0: -0.14158:  0.00121:      2.4:  -17.58027:     24000
     12:  2000:   2000.0:  0.01312: -0.02236:    -44.7:  -64.71605:     26000
     13:  2000:   2000.0: -0.21270:  0.00232:      4.6:  -15.36958:     28000
     14:  2000:   2000.0: -0.06193: -0.00782:    -15.6:  -35.64418:     30000
     15:  2000:   2000.0:  0.06719: -0.00773:    -15.5:  -35.45627:     32000
     16:  2000:   2000.0: -0.03337: -0.01449:    -29.0:  -48.98465:     34000
     17:  2000:   2000.0: -0.01663:  0.00216:      4.3:  -15.68957:     36000
     18:  2000:   2000.0: -0.01545:  0.00157:      3.1:  -16.85314:     38000
     19:  2000:   2000.0: -0.05435: -0.00927:    -18.5:  -38.53076:     40000
     20:  2000:   2000.0: -0.02869: -0.01572:    -31.4:  -51.44322:     42000
     21:  2000:   2000.0: -0.04388:  0.00491:      9.8:  -10.17227:     44000
     22:  2000:   2000.0: -0.15532:  0.00541:     10.8:   -9.18754:     46000
     23:  2000:   2000.0: -0.02491:  0.00655:     13.1:   -6.90185:     48000
     24:  2000:   2000.0: -0.00759:  0.00925:     18.5:   -1.49809:     50000
     25:  2000:   2000.0: -0.05731: -0.00116:     -2.3:  -22.32946:     52000
     26:  2000:   2000.0: -0.04959:  0.00712:     14.2:   -5.76126:     54000
     27:  2000:   2000.0:  0.00098:  0.00790:     15.8:   -4.19949:     56000
     28:  2000:   2000.0: -0.02656:  0.00897:     17.9:   -2.06175:     58000
     29:  2000:   2000.0: -0.03163:  0.00913:     18.3:   -1.73133:     60000
     30:  2000:   2000.0: -0.15262:  0.00694:     13.9:   -6.11725:     62000
     31:  2000:   2000.0: -0.02590:  0.00440:      8.8:  -11.20050:     64000
     32:  2000:   2000.0:  0.05660: -0.00831:    -16.6:  -36.62075:     66000
     33:  2000:   2000.0:  0.05951: -0.01206:    -24.1:  -44.11255:     68000
     34:  2000:   2000.0: -0.02404: -0.00338:     -6.8:  -26.75019:     70000
     35:  2000:   2000.0:  0.06999:  0.00615:     12.3:   -7.70231:     72000
     36:  2000:   2000.0: -0.02651:  0.00107:      2.1:  -17.85569:     74000
     37:  2000:   2000.0:  0.03827:  0.00786:     15.7:   -4.28881:     76000
     38:  2000:   2000.0: -0.26305: -0.00468:     -9.4:  -29.36768:     78000
     39:  2000:   2000.0:  0.03492: -0.01035:    -20.7:  -40.69547:     80000
     40:  2000:   2000.0: -0.09831: -0.01323:    -26.5:  -46.45864:     82000
     41:  2000:   2000.0: -0.11816: -0.01120:    -22.4:  -42.40833:     84000
     42:  2000:   2000.0: -0.03708:  0.00080:      1.6:  -18.39457:     86000
     43:  2000:   2000.0: -0.02729: -0.01927:    -38.5:  -58.53734:     88000
     44:  2000:   2000.0: -0.02324:  0.00178:      3.6:  -16.44857:     90000
     45:  2000:   2000.0: -0.15385:  0.00053:      1.1:  -18.94054:     92000
     46:  2000:   2000.0: -0.08830: -0.01806:    -36.1:  -56.12592:     94000
     47:  2000:   2000.0:  0.10196: -0.00840:    -16.8:  -36.79510:     96000
     48:  2000:   2000.0: -0.02150:  0.00713:     14.3:   -5.74304:     98000
     49:  2000:   2000.0: -0.13522: -0.01536:    -30.7:  -50.71677:    100000
     50:  2000:   2000.0: -0.06280: -0.01735:    -34.7:  -54.70476:    102000
     51:  2000:   2000.0: -0.06120:  0.00189:      3.8:  -16.21064:    104000
     52:  2000:   2000.0:  0.01738: -0.01241:    -24.8:  -44.82775:    106000
     53:  2000:   2000.0: -0.00074: -0.01577:    -31.5:  -51.53423:    108000
     54:  2000:   2000.0: -0.03004: -0.01789:    -35.8:  -55.77223:    110000
     55:  2000:   2000.0: -0.03121: -0.01544:    -30.9:  -50.87555:    112000
     56:  2000:   2000.0:  0.02605: -0.01811:    -36.2:  -56.21445:    114000
     57:  2000:   2000.0: -0.05261: -0.01858:    -37.2:  -57.16513:    116000
     58:  2000:   2000.0:  0.02409: -0.01275:    -25.5:  -45.50743:    118000
     59:  2000:   2000.0: -0.03496: -0.01207:    -24.1:  -44.13493:    120000
