episodes:steps:(deprecated):rwd:mean_rwd:rwd_sum:epsilon:iter
      0:   500:      0.0: -3.46004: -1.30117:   -650.6:0.9993071:       500
      1:   500:      0.0: -3.62565: -1.54927:   -774.6:0.9986147:      1000
      2:   500:      0.0: -3.43831: -1.47428:   -737.1:0.9979227:      1500
      3:   500:      0.0: -3.95344: -1.72208:   -861.0:0.9972313:      2000
      4:   500:      0.0: -3.10930: -1.17347:   -586.7:0.9965403:      2500
      5:   500:      0.0: -3.70403: -1.46226:   -731.1:0.9958498:      3000
      6:   500:      0.0: -3.54692: -1.42839:   -714.2:0.9951597:      3500
      7:   500:      0.0: -3.15722: -1.08489:   -542.4:0.9944702:      4000
      8:   500:      0.0: -3.53767: -1.36092:   -680.5:0.9937811:      4500
      9:   500:      0.0: -3.53623: -1.38334:   -691.7:0.9930925:      5000
     10:   500:      0.0: -3.68460: -1.33237:   -666.2:0.9924044:      5500
     11:   500:      0.0: -3.42290: -1.40492:   -702.5:0.9917167:      6000
     12:   500:      0.0: -3.46885: -1.24385:   -621.9:0.9910296:      6500
     13:   500:      0.0: -3.50645: -1.37542:   -687.7:0.9903429:      7000
     14:   500:      0.0: -3.82661: -1.43139:   -715.7:0.9896567:      7500
     15:   500:      0.0: -3.25282: -1.31633:   -658.2:0.9889709:      8000
     16:   500:      0.0: -3.45652: -1.39539:   -697.7:0.9882857:      8500
     17:   500:      0.0: -3.58336: -1.41507:   -707.5:0.9876009:      9000
     18:   500:      0.0: -3.40659: -1.38227:   -691.1:0.9869165:      9500
     19:   500:      0.0: -3.46123: -1.29324:   -646.6:0.9862327:     10000
     20:   500:      0.0: -3.56791: -1.45327:   -726.6:0.9855493:     10500
     21:   500:      0.0: -3.61946: -1.48236:   -741.2:0.9848664:     11000
     22:   500:      0.0: -3.70348: -1.52909:   -764.5:0.9841840:     11500
     23:   500:      0.0: -3.57498: -1.44340:   -721.7:0.9835021:     12000
     24:   500:      0.0: -3.37668: -1.26657:   -633.3:0.9828206:     12500
     25:   500:      0.0: -3.57298: -1.52723:   -763.6:0.9821396:     13000
     26:   500:      0.0: -3.63168: -1.39900:   -699.5:0.9814591:     13500
     27:   500:      0.0: -3.39452: -1.27709:   -638.5:0.9807790:     14000
     28:   500:      0.0: -3.82519: -1.59609:   -798.0:0.9800994:     14500
     29:   500:      0.0: -3.58368: -1.44806:   -724.0:0.9794203:     15000
     30:   500:      0.0: -3.29324: -1.25348:   -626.7:0.9787417:     15500
     31:   500:      0.0: -3.52372: -1.45195:   -726.0:0.9780635:     16000
     32:   500:      0.0: -3.81551: -1.48761:   -743.8:0.9773858:     16500
     33:   500:      0.0: -3.53967: -1.44763:   -723.8:0.9767085:     17000
     34:   500:      0.0: -3.15661: -1.18285:   -591.4:0.9760318:     17500
     35:   500:      0.0: -3.72629: -1.51154:   -755.8:0.9753555:     18000
     36:   500:      0.0: -3.11993: -1.21051:   -605.3:0.9746796:     18500
     37:   500:      0.0: -3.60448: -1.40650:   -703.3:0.9740043:     19000
     38:   500:      0.0: -3.00424: -1.16988:   -584.9:0.9733294:     19500
     39:   500:      0.0: -3.72054: -1.53315:   -766.6:0.9726549:     20000
     40:   500:      0.0: -3.71381: -1.46714:   -733.6:0.9719810:     20500
     41:   500:      0.0: -3.83126: -1.52593:   -763.0:0.9713075:     21000
     42:   500:      0.0: -3.29587: -1.22789:   -613.9:0.9706345:     21500
     43:   500:      0.0: -3.71299: -1.53227:   -766.1:0.9699619:     22000
     44:   500:      0.0: -3.31975: -1.25583:   -627.9:0.9692898:     22500
     45:   500:      0.0: -3.61325: -1.35003:   -675.0:0.9686182:     23000
     46:   500:      0.0: -3.46876: -1.40963:   -704.8:0.9679470:     23500
     47:   500:      0.0: -3.67164: -1.39576:   -697.9:0.9672763:     24000
     48:   500:      0.0: -3.66784: -1.43500:   -717.5:0.9666061:     24500
     49:   500:      0.0: -3.01569: -1.15399:   -577.0:0.9659363:     25000
     50:   500:      0.0: -3.28420: -1.27802:   -639.0:0.9652670:     25500
     51:   500:      0.0: -3.72192: -1.53857:   -769.3:0.9645982:     26000
     52:   500:      0.0: -3.77395: -1.52880:   -764.4:0.9639298:     26500
     53:   500:      0.0: -3.86843: -1.58383:   -791.9:0.9632619:     27000
     54:   500:      0.0: -3.51162: -1.40497:   -702.5:0.9625944:     27500
     55:   500:      0.0: -3.71863: -1.55731:   -778.7:0.9619275:     28000
     56:   500:      0.0: -3.65460: -1.42545:   -712.7:0.9612609:     28500
     57:   500:      0.0: -3.73560: -1.42750:   -713.7:0.9605949:     29000
     58:   500:      0.0: -3.78339: -1.48683:   -743.4:0.9599293:     29500
     59:   500:      0.0: -3.12074: -1.29285:   -646.4:0.9592641:     30000
     60:   500:      0.0: -3.67486: -1.37124:   -685.6:0.9585994:     30500
     61:   500:      0.0: -3.52410: -1.38084:   -690.4:0.9579352:     31000
     62:   500:      0.0: -3.60341: -1.30877:   -654.4:0.9572715:     31500
     63:   500:      0.0: -3.26342: -1.15632:   -578.2:0.9566082:     32000
     64:   500:      0.0: -3.49835: -1.48513:   -742.6:0.9559453:     32500
     65:   500:      0.0: -3.26479: -1.24601:   -623.0:0.9552829:     33000
     66:   500:      0.0: -3.23182: -1.25493:   -627.5:0.9546210:     33500
     67:   500:      0.0: -3.61848: -1.43681:   -718.4:0.9539596:     34000
     68:   500:      0.0: -3.30732: -1.38064:   -690.3:0.9532985:     34500
     69:   500:      0.0: -3.21177: -1.25110:   -625.5:0.9526380:     35000
     70:   500:      0.0: -3.84389: -1.66206:   -831.0:0.9519779:     35500
     71:   500:      0.0: -3.69323: -1.45844:   -729.2:0.9513183:     36000
     72:   500:      0.0: -3.46468: -1.37109:   -685.5:0.9506591:     36500
     73:   500:      0.0: -3.36047: -1.24085:   -620.4:0.9500004:     37000
     74:   500:      0.0: -3.46860: -1.43296:   -716.5:0.9493421:     37500
     75:   500:      0.0: -3.73734: -1.57945:   -789.7:0.9486843:     38000
     76:   500:      0.0: -3.75628: -1.44675:   -723.4:0.9480270:     38500
     77:   500:      0.0: -3.70972: -1.42710:   -713.6:0.9473701:     39000
     78:   500:      0.0: -3.89410: -1.65797:   -829.0:0.9467136:     39500
     79:   500:      0.0: -3.35551: -1.30608:   -653.0:0.9460576:     40000
     80:   500:      0.0: -3.47188: -1.38197:   -691.0:0.9454021:     40500
     81:   500:      0.0: -3.59607: -1.52500:   -762.5:0.9447470:     41000
     82:   500:      0.0: -3.63892: -1.45511:   -727.6:0.9440924:     41500
     83:   500:      0.0: -3.61837: -1.35159:   -675.8:0.9434383:     42000
     84:   500:      0.0: -3.77960: -1.46191:   -731.0:0.9427845:     42500
     85:   500:      0.0: -2.83374: -1.04798:   -524.0:0.9421313:     43000
     86:   500:      0.0: -3.34792: -1.39699:   -698.5:0.9414785:     43500
     87:   500:      0.0: -3.68127: -1.58153:   -790.8:0.9408261:     44000
     88:   500:      0.0: -2.97718: -1.07640:   -538.2:0.9401742:     44500
     89:   500:      0.0: -3.62329: -1.50846:   -754.2:0.9395227:     45000
     90:   500:      0.0: -3.47069: -1.26763:   -633.8:0.9388717:     45500
     91:   500:      0.0: -3.61161: -1.49392:   -747.0:0.9382212:     46000
     92:   500:      0.0: -3.51706: -1.42206:   -711.0:0.9375711:     46500
     93:   500:      0.0: -3.46504: -1.27607:   -638.0:0.9369214:     47000
     94:   500:      0.0: -3.55656: -1.35074:   -675.4:0.9362722:     47500
     95:   500:      0.0: -3.29609: -1.37451:   -687.3:0.9356235:     48000
     96:   500:      0.0: -3.83311: -1.46444:   -732.2:0.9349752:     48500
     97:   500:      0.0: -3.53017: -1.40983:   -704.9:0.9343273:     49000
     98:   500:      0.0: -3.18718: -1.12396:   -562.0:0.9336799:     49500
     99:   500:      0.0: -3.52040: -1.35450:   -677.2:0.9330330:     50000
    100:   500:      0.0: -2.81656: -1.04512:   -522.6:0.9323865:     50500
    101:   500:      0.0: -3.19527: -1.19745:   -598.7:0.9317404:     51000
    102:   500:      0.0: -3.67326: -1.43977:   -719.9:0.9310948:     51500
    103:   500:      0.0: -3.24162: -1.21352:   -606.8:0.9304497:     52000
    104:   500:      0.0: -3.69069: -1.43316:   -716.6:0.9298049:     52500
    105:   500:      0.0: -3.31545: -1.24411:   -622.1:0.9291607:     53000
    106:   500:      0.0: -3.47979: -1.45725:   -728.6:0.9285169:     53500
    107:   500:      0.0: -3.48756: -1.42835:   -714.2:0.9278735:     54000
    108:   500:      0.0: -3.07684: -1.18531:   -592.7:0.9272305:     54500
    109:   500:      0.0: -3.44059: -1.30562:   -652.8:0.9265881:     55000
    110:   500:      0.0: -3.71960: -1.56669:   -783.3:0.9259460:     55500
    111:   500:      0.0: -3.31579: -1.23854:   -619.3:0.9253044:     56000
    112:   500:      0.0: -3.13394: -1.18875:   -594.4:0.9246633:     56500
    113:   500:      0.0: -3.83827: -1.46432:   -732.2:0.9240226:     57000
    114:   500:      0.0: -3.49092: -1.37158:   -685.8:0.9233823:     57500
    115:   500:      0.0: -3.49214: -1.35730:   -678.7:0.9227425:     58000
    116:   500:      0.0: -3.54404: -1.39359:   -696.8:0.9221031:     58500
    117:   500:      0.0: -3.20885: -1.16597:   -583.0:0.9214642:     59000
    118:   500:      0.0: -3.28434: -1.24830:   -624.1:0.9208257:     59500
